[ff.run] (0.002s) Waiting to acquire file lock at /var/tmp/fastfreeze/run/lock
[ff.run] (0.002s) + criu check
[ff.run] (0.029s) Preparing image store
[ff.run] (0.029s) Fetching image manifest for file:///tmp/ff-test
[ff.run] (0.029s) + pv -q "/tmp/ff-test/manifest.json"
[ff.run] (0.033s) Image manifest found: version=2021-03-22, num_shards=4 compression=lz4 encryption=none prefix=z7aExC
[ff.run] (0.033s) Restoring application
[ff.run] (0.034s) + criu-image-streamer --progress-fd 8 --ext-file-fds fs.tar:10 --shard-fds 11,13,15,17 --images-dir /var/tmp/fastfreeze/run serve
[ff.run] (0.034s) + pv -q "/tmp/ff-test/z7aExC-1.ffs" | lz4 -d - -
[ff.run] (0.036s) + pv -q "/tmp/ff-test/z7aExC-2.ffs" | lz4 -d - -
[ff.run] (0.037s) + pv -q "/tmp/ff-test/z7aExC-3.ffs" | lz4 -d - -
[ff.run] (0.039s) + pv -q "/tmp/ff-test/z7aExC-4.ffs" | lz4 -d - -
[ff.run] (0.039s) Restoring filesystem
[ff.run] (0.043s) + tar --verbose --directory / --extract --preserve-permissions --no-overwrite-dir --file -
var/tmp/fastfreeze/
var/tmp/fastfreeze/ld-inject.env
var/tmp/fastfreeze/virttime-conf.bin
var/tmp/fastfreeze/app-config.json
var/tmp/fastfreeze/logs/
var/tmp/fastfreeze/logs/ff-20230821-180207-run-iUr5c6.log
var/tmp/fastfreeze/logs/ff-20230821-180218-checkpoint-z7aExC.log
[ff.run] (0.072s) Filesystem restored
[ff.run] (0.073s) + set_ns_last_pid 900
set_ns_last_pid: WARN: /proc/sys/kernel/pid_max is high. This might take a while
[ff.run] (0.160s) Application inherits tty[8800:3d] via fd:[0, 1, 2]
[ff.run] (0.162s) Duration between restore and checkpoint: 87.8s
[ff.run] (0.162s) Application clock: 11.5s
[ff.run] (0.165s) Starting set_ns_last_pid server
[ff.run] (0.168s) + set_ns_last_pid /var/tmp/fastfreeze/run/set_ns_last_pid.sock
set_ns_last_pid: WARN: /proc/sys/kernel/pid_max is high. This might take a while
[ff.run] (0.271s) Continuing reading image in memory...
[ff.run] (0.573s) Uncompressed image size is 257 MiB, rate: 478 MiB/s
[ff.run] (0.574s)   Shard 1: 64 MiB, rate: 120 MiB/s
[ff.run] (0.574s)   Shard 2: 64 MiB, rate: 120 MiB/s
[ff.run] (0.574s)   Shard 3: 64 MiB, rate: 120 MiB/s
[ff.run] (0.575s)   Shard 4: 64 MiB, rate: 119 MiB/s
[ff.run] (0.575s) Restoring processes
[ff.run] (0.576s) + criu restore --restore-sibling --restore-detached --tcp-close --ext-unix-sk --images-dir /var/tmp/fastfreeze/run --cpu-cap --shell-job --file-locks --file-validation filesize --stream -v --display-stats --inherit-fd fd[0]:tty[8800:3d]
[ff.run] (0.578s) criu> (00.000000) Will drop all TCP connections on restore
[ff.run] (0.578s) criu> (00.000029) Version: 3.15 (gitid 0)
[ff.run] (0.578s) criu> (00.000049) Running on 5ce90b83b89b Linux 5.19.0-50-generic #50-Ubuntu SMP PREEMPT_DYNAMIC Mon Jul 10 18:24:29 UTC 2023 x86_64
[ff.run] (0.579s) criu> (00.000070) sockets: Probing sock diag modules
[ff.run] (0.579s) criu> (00.000278) sockets: Done probing
[ff.run] (0.579s) criu> (00.000426) Pagemap provides flags only
[ff.run] (0.580s) criu> (00.000880) Found anon-shmem device at 1
[ff.run] (0.580s) criu> (00.001164) Reset 906's dirty tracking
[ff.run] (0.580s) criu> (00.001181) Dirty tracking support is OFF
[ff.run] (0.580s) criu> (00.001183) Zero page detection failed, optimization turns off.
[ff.run] (0.584s) criu> (00.005907) uffd: Lazy pages are not available: Operation not permitted
[ff.run] (0.584s) criu> (00.005936) Lazy pages are not permited
[ff.run] (0.587s) criu> (00.008941) File tty[8800:3d] will be restored from inherit fd 0
[ff.run] (0.588s) criu> (00.009857) Reading image tree
[ff.run] (0.589s) criu> (00.010512) Add mnt ns 6 pid 1000
[ff.run] (0.589s) criu> (00.010546) Add net ns 2 pid 1000
[ff.run] (0.590s) criu> (00.010557) Add pid ns 1 pid 1000
[ff.run] (0.590s) criu> (00.011366) Will restore in 0 namespaces
[ff.run] (0.590s) criu> (00.011468) Collecting 51/56 (flags 3)
[ff.run] (0.590s) criu> (00.011507) No memfd.img image
[ff.run] (0.591s) criu> (00.011515) Collecting 40/54 (flags 2)
[ff.run] (0.591s) criu> (00.011981) Collected [usr/bin/dash] ID 0x1
[ff.run] (0.591s) criu> (00.011988) Collected [var/tmp/fastfreeze/virttime-conf.bin] ID 0x2
[ff.run] (0.592s) criu> (00.011991) Collected [usr/lib/x86_64-linux-gnu/libpthread-2.31.so] ID 0x3
[ff.run] (0.592s) criu> (00.011992) Collected [usr/lib/x86_64-linux-gnu/libdl-2.31.so] ID 0x4
[ff.run] (0.592s) criu> (00.011994) Collected [usr/lib/x86_64-linux-gnu/libc-2.31.so] ID 0x5
[ff.run] (0.592s) criu> (00.012106) Collected [var/tmp/fastfreeze/run/libvirttime.so] ID 0x6
[ff.run] (0.592s) criu> (00.012112) Collected [var/tmp/fastfreeze/run/ld-linux-x86-64.so.2] ID 0x7
[ff.run] (0.592s) criu> (00.012114) Collected [var/tmp/fastfreeze/run/ld-virtcpuid.so] ID 0x8
[ff.run] (0.592s) criu> (00.012116) Collected [dev/pts/0] ID 0xa
[ff.run] (0.592s) criu> (00.012122) Collected [opt/memoryhog/entrypoint.sh] ID 0xb
[ff.run] (0.592s) criu> (00.012124) Collected [.] ID 0xc
[ff.run] (0.592s) criu> (00.012126) Collected [opt/memoryhog/memoryhog] ID 0xd
[ff.run] (0.592s) criu> (00.012303) Collected [dev/null] ID 0xe
[ff.run] (0.592s) criu> (00.012320) Collected [dev/null] ID 0xf
[ff.run] (0.593s) criu> (00.012332) Collecting 46/68 (flags 0)
[ff.run] (0.593s) criu> (00.012498) No remap-fpath.img image
[ff.run] (0.593s) criu> (00.012503) tty: Standard stream is not a terminal, may fail later
[ff.run] (0.593s) criu> (00.012594) No apparmor.img image
[ff.run] (0.593s) criu> (00.012634) No cgroup.img image
[ff.run] (0.593s) criu> (00.013154) No pidns-1.img image
[ff.run] (0.593s) criu> (00.013905) Forking task with 1000 pid (flags 0x8000)
[ff.run] (0.601s) criu> (00.022899)   1000: Calling restore_sid() for init
[ff.run] (0.602s) criu> (00.023598)   1000: Collecting 44/37 (flags 2)
[ff.run] (0.603s) criu> (00.024839)   1000: tty: Collected tty ID 0x9 (ext)
[ff.run] (0.603s) criu> (00.025048)   1000: Collecting 45/51 (flags 0)
[ff.run] (0.604s) criu> (00.026183)   1000: No tty-data.img image
[ff.run] (0.605s) criu> (00.026262)   1000: Restoring namespaces 1000 flags 0x8000
[ff.run] (0.605s) criu> (00.026691)   1000: Preparing info about shared resources
[ff.run] (0.605s) criu> (00.027268)   1000: No seccomp.img image
[ff.run] (0.605s) criu> (00.027356)   1000: Collecting 48/38 (flags 0)
[ff.run] (0.606s) criu> (00.028069)   1000: No filelocks.img image
[ff.run] (0.608s) criu> (00.030019)   1000: Collecting 42/27 (flags 0)
[ff.run] (0.612s) criu> (00.033420)   1000: No pipes-data.img image
[ff.run] (0.612s) criu> (00.034124)   1000: Collecting 43/27 (flags 0)
[ff.run] (0.613s) criu> (00.034545)   1000: No fifo-data.img image
[ff.run] (0.613s) criu> (00.034549)   1000: Collecting 41/69 (flags 0)
[ff.run] (0.614s) criu> (00.034744)   1000: No sk-queues.img image
[ff.run] (0.614s) criu> (00.036266)   1000: vma 0x5653c1129000 0x5653c112e000
[ff.run] (0.614s) criu> (00.036466)   1000: vma 0x5653c112e000 0x5653c1141000
[ff.run] (0.615s) criu> (00.036470)   1000: vma 0x5653c1141000 0x5653c1147000
[ff.run] (0.615s) criu> (00.036471)   1000: vma 0x5653c1147000 0x5653c1149000
[ff.run] (0.615s) criu> (00.036472)   1000: vma 0x5653c1149000 0x5653c114a000
[ff.run] (0.615s) criu> (00.036473)   1000: vma 0x5653c114a000 0x5653c114c000
[ff.run] (0.615s) criu> (00.036474)   1000: vma 0x5653c2447000 0x5653c2468000
[ff.run] (0.615s) criu> (00.036474)   1000: vma 0x7fda9e6df000 0x7fdaa26e0000
[ff.run] (0.617s) criu> (00.036475)   1000: vma 0x7fdaa26e0000 0x7fdaa26e2000
[ff.run] (0.617s) criu> (00.036476)   1000: vma 0x7fdaa26e2000 0x7fdaa26e8000
[ff.run] (0.617s) criu> (00.036477)   1000: vma 0x7fdaa26e8000 0x7fdaa26f9000
[ff.run] (0.617s) criu> (00.036478)   1000: vma 0x7fdaa26f9000 0x7fdaa26ff000
[ff.run] (0.617s) criu> (00.036479)   1000: vma 0x7fdaa26ff000 0x7fdaa2700000
[ff.run] (0.617s) criu> (00.036480)   1000: vma 0x7fdaa2700000 0x7fdaa2701000
[ff.run] (0.617s) criu> (00.036481)   1000: vma 0x7fdaa2701000 0x7fdaa2705000
[ff.run] (0.617s) criu> (00.036482)   1000: vma 0x7fdaa2705000 0x7fdaa2706000
[ff.run] (0.617s) criu> (00.036483)   1000: vma 0x7fdaa2706000 0x7fdaa2708000
[ff.run] (0.617s) criu> (00.036484)   1000: vma 0x7fdaa2708000 0x7fdaa2709000
[ff.run] (0.617s) criu> (00.036485)   1000: vma 0x7fdaa2709000 0x7fdaa270a000
[ff.run] (0.617s) criu> (00.036486)   1000: vma 0x7fdaa270a000 0x7fdaa270b000
[ff.run] (0.617s) criu> (00.036487)   1000: vma 0x7fdaa270b000 0x7fdaa272d000
[ff.run] (0.617s) criu> (00.036573)   1000: vma 0x7fdaa272d000 0x7fdaa28a5000
[ff.run] (0.617s) criu> (00.036574)   1000: vma 0x7fdaa28a5000 0x7fdaa28f3000
[ff.run] (0.617s) criu> (00.036575)   1000: vma 0x7fdaa28f3000 0x7fdaa28f7000
[ff.run] (0.617s) criu> (00.036576)   1000: vma 0x7fdaa28f7000 0x7fdaa28f9000
[ff.run] (0.617s) criu> (00.036577)   1000: vma 0x7fdaa28f9000 0x7fdaa28fd000
[ff.run] (0.617s) criu> (00.036578)   1000: vma 0x7fdaa2901000 0x7fdaa2902000
[ff.run] (0.617s) criu> (00.036583)   1000: vma 0x7fdaa2902000 0x7fdaa2903000
[ff.run] (0.617s) criu> (00.036584)   1000: vma 0x7fdaa2903000 0x7fdaa2904000
[ff.run] (0.617s) criu> (00.036585)   1000: vma 0x7fdaa2904000 0x7fdaa2905000
[ff.run] (0.617s) criu> (00.036585)   1000: vma 0x7fdaa2905000 0x7fdaa2906000
[ff.run] (0.617s) criu> (00.036587)   1000: vma 0x7fdaa2906000 0x7fdaa2907000
[ff.run] (0.617s) criu> (00.036587)   1000: vma 0x7fdaa2907000 0x7fdaa2909000
[ff.run] (0.617s) criu> (00.036588)   1000: vma 0x7fdaa2909000 0x7fdaa290a000
[ff.run] (0.617s) criu> (00.036589)   1000: vma 0x7fdaa290a000 0x7fdaa292d000
[ff.run] (0.617s) criu> (00.036590)   1000: vma 0x7fdaa292d000 0x7fdaa2935000
[ff.run] (0.617s) criu> (00.036591)   1000: vma 0x7fdaa2935000 0x7fdaa2936000
[ff.run] (0.617s) criu> (00.036592)   1000: vma 0x7fdaa2936000 0x7fdaa2937000
[ff.run] (0.617s) criu> (00.036593)   1000: vma 0x7fdaa2937000 0x7fdaa2938000
[ff.run] (0.617s) criu> (00.036837)   1000: vma 0x7fdaa2938000 0x7fdaa2939000
[ff.run] (0.617s) criu> (00.036841)   1000: vma 0x7fdaa2939000 0x7fdaa293b000
[ff.run] (0.617s) criu> (00.036842)   1000: vma 0x7fdaa293b000 0x7fdaa2948000
[ff.run] (0.617s) criu> (00.036843)   1000: vma 0x7fdaa2948000 0x7fdaa294b000
[ff.run] (0.617s) criu> (00.036844)   1000: vma 0x7fdaa294b000 0x7fdaa294e000
[ff.run] (0.617s) criu> (00.036845)   1000: vma 0x7fdaa294e000 0x7fdaa294f000
[ff.run] (0.617s) criu> (00.036846)   1000: vma 0x7ffdfe2c3000 0x7ffdfe2e4000
[ff.run] (0.617s) criu> (00.036846)   1000: vma 0x7ffdfe2e9000 0x7ffdfe2ed000
[ff.run] (0.617s) criu> (00.036847)   1000: vma 0x7ffdfe2ed000 0x7ffdfe2ef000
[ff.run] (0.617s) criu> (00.036848)   1000: vma 0xffffffffff600000 0xffffffffff601000
[ff.run] (0.617s) criu> (00.037236)   1000: Collect fdinfo pid=1000 fd=0 id=0x9
[ff.run] (0.617s) criu> (00.037240)   1000: Collect fdinfo pid=1000 fd=1 id=0x9
[ff.run] (0.617s) criu> (00.037241)   1000: Collect fdinfo pid=1000 fd=2 id=0x9
[ff.run] (0.617s) criu> (00.037242)   1000: Collect fdinfo pid=1000 fd=10 id=0xb
[ff.run] (0.617s) criu> (00.037339)   1000: vma 0x55da60966000 0x55da60967000
[ff.run] (0.617s) criu> (00.037340)   1000: vma 0x55da60967000 0x55da60968000
[ff.run] (0.617s) criu> (00.037341)   1000: vma 0x55da60968000 0x55da60969000
[ff.run] (0.617s) criu> (00.037342)   1000: vma 0x55da60969000 0x55da6096a000
[ff.run] (0.617s) criu> (00.037343)   1000: vma 0x55da6096a000 0x55da6096b000
[ff.run] (0.617s) criu> (00.037344)   1000: vma 0x55da62597000 0x55da625b8000
[ff.run] (0.617s) criu> (00.037345)   1000: vma 0x7f34795cb000 0x7f34815cc000
[ff.run] (0.617s) criu> (00.037346)   1000: vma 0x7f34815cc000 0x7f34855cd000
[ff.run] (0.617s) criu> (00.037347)   1000: vma 0x7f34855cd000 0x7f34855cf000
[ff.run] (0.617s) criu> (00.037348)   1000: vma 0x7f34855cf000 0x7f34855d5000
[ff.run] (0.617s) criu> (00.037349)   1000: vma 0x7f34855d5000 0x7f34855e6000
[ff.run] (0.617s) criu> (00.037350)   1000: vma 0x7f34855e6000 0x7f34855ec000
[ff.run] (0.617s) criu> (00.037351)   1000: vma 0x7f34855ec000 0x7f34855ed000
[ff.run] (0.617s) criu> (00.037352)   1000: vma 0x7f34855ed000 0x7f34855ee000
[ff.run] (0.617s) criu> (00.037353)   1000: vma 0x7f34855ee000 0x7f34855f2000
[ff.run] (0.617s) criu> (00.037354)   1000: vma 0x7f34855f2000 0x7f34855f3000
[ff.run] (0.617s) criu> (00.037354)   1000: vma 0x7f34855f3000 0x7f34855f5000
[ff.run] (0.617s) criu> (00.037355)   1000: vma 0x7f34855f5000 0x7f34855f6000
[ff.run] (0.617s) criu> (00.037356)   1000: vma 0x7f34855f6000 0x7f34855f7000
[ff.run] (0.617s) criu> (00.037357)   1000: vma 0x7f34855f7000 0x7f34855f8000
[ff.run] (0.617s) criu> (00.037358)   1000: vma 0x7f34855f8000 0x7f348561a000
[ff.run] (0.617s) criu> (00.037359)   1000: vma 0x7f348561a000 0x7f3485792000
[ff.run] (0.617s) criu> (00.037360)   1000: vma 0x7f3485792000 0x7f34857e0000
[ff.run] (0.617s) criu> (00.037361)   1000: vma 0x7f34857e0000 0x7f34857e4000
[ff.run] (0.617s) criu> (00.037362)   1000: vma 0x7f34857e4000 0x7f34857e6000
[ff.run] (0.617s) criu> (00.037363)   1000: vma 0x7f34857e6000 0x7f34857ea000
[ff.run] (0.617s) criu> (00.037364)   1000: vma 0x7f34857ee000 0x7f34857ef000
[ff.run] (0.617s) criu> (00.037364)   1000: vma 0x7f34857ef000 0x7f34857f0000
[ff.run] (0.617s) criu> (00.037365)   1000: vma 0x7f34857f0000 0x7f34857f1000
[ff.run] (0.617s) criu> (00.037368)   1000: vma 0x7f34857f1000 0x7f34857f2000
[ff.run] (0.617s) criu> (00.037369)   1000: vma 0x7f34857f2000 0x7f34857f3000
[ff.run] (0.617s) criu> (00.037370)   1000: vma 0x7f34857f3000 0x7f34857f4000
[ff.run] (0.617s) criu> (00.037371)   1000: vma 0x7f34857f4000 0x7f34857f6000
[ff.run] (0.617s) criu> (00.037371)   1000: vma 0x7f34857f6000 0x7f34857f7000
[ff.run] (0.617s) criu> (00.037372)   1000: vma 0x7f34857f7000 0x7f348581a000
[ff.run] (0.617s) criu> (00.037373)   1000: vma 0x7f348581a000 0x7f3485822000
[ff.run] (0.617s) criu> (00.037374)   1000: vma 0x7f3485822000 0x7f3485823000
[ff.run] (0.617s) criu> (00.037375)   1000: vma 0x7f3485823000 0x7f3485824000
[ff.run] (0.617s) criu> (00.037376)   1000: vma 0x7f3485824000 0x7f3485825000
[ff.run] (0.617s) criu> (00.037377)   1000: vma 0x7f3485825000 0x7f3485826000
[ff.run] (0.617s) criu> (00.037378)   1000: vma 0x7f3485826000 0x7f3485828000
[ff.run] (0.617s) criu> (00.037379)   1000: vma 0x7f3485828000 0x7f3485835000
[ff.run] (0.617s) criu> (00.037380)   1000: vma 0x7f3485835000 0x7f3485838000
[ff.run] (0.617s) criu> (00.037381)   1000: vma 0x7f3485838000 0x7f348583b000
[ff.run] (0.617s) criu> (00.037381)   1000: vma 0x7f348583b000 0x7f348583c000
[ff.run] (0.617s) criu> (00.037382)   1000: vma 0x7ffdc26a7000 0x7ffdc26c8000
[ff.run] (0.617s) criu> (00.037383)   1000: vma 0x7ffdc27af000 0x7ffdc27b3000
[ff.run] (0.617s) criu> (00.037384)   1000: vma 0x7ffdc27b3000 0x7ffdc27b5000
[ff.run] (0.617s) criu> (00.037385)   1000: vma 0xffffffffff600000 0xffffffffff601000
[ff.run] (0.617s) criu> (00.037416)   1000: Collect fdinfo pid=1002 fd=0 id=0xf
[ff.run] (0.617s) criu> (00.037418)   1000: Collect fdinfo pid=1002 fd=1 id=0x9
[ff.run] (0.617s) criu> (00.037419)   1000: Collect fdinfo pid=1002 fd=2 id=0x9
[ff.run] (0.617s) criu> (00.037528)   1000: vma 0x562307295000 0x562307296000
[ff.run] (0.617s) criu> (00.037530)   1000: vma 0x562307296000 0x562307297000
[ff.run] (0.617s) criu> (00.037531)   1000: vma 0x562307297000 0x562307298000
[ff.run] (0.617s) criu> (00.037532)   1000: vma 0x562307298000 0x562307299000
[ff.run] (0.617s) criu> (00.037532)   1000: vma 0x562307299000 0x56230729a000
[ff.run] (0.617s) criu> (00.037533)   1000: vma 0x5623090fb000 0x56230911c000
[ff.run] (0.617s) criu> (00.037534)   1000: vma 0x7fb4ce124000 0x7fb4d6125000
[ff.run] (0.617s) criu> (00.037535)   1000: vma 0x7fb4d6125000 0x7fb4da126000
[ff.run] (0.617s) criu> (00.037536)   1000: vma 0x7fb4da126000 0x7fb4da128000
[ff.run] (0.617s) criu> (00.037537)   1000: vma 0x7fb4da128000 0x7fb4da12e000
[ff.run] (0.617s) criu> (00.037538)   1000: vma 0x7fb4da12e000 0x7fb4da13f000
[ff.run] (0.617s) criu> (00.037539)   1000: vma 0x7fb4da13f000 0x7fb4da145000
[ff.run] (0.617s) criu> (00.037540)   1000: vma 0x7fb4da145000 0x7fb4da146000
[ff.run] (0.617s) criu> (00.037541)   1000: vma 0x7fb4da146000 0x7fb4da147000
[ff.run] (0.617s) criu> (00.037542)   1000: vma 0x7fb4da147000 0x7fb4da14b000
[ff.run] (0.617s) criu> (00.037543)   1000: vma 0x7fb4da14b000 0x7fb4da14c000
[ff.run] (0.617s) criu> (00.037544)   1000: vma 0x7fb4da14c000 0x7fb4da14e000
[ff.run] (0.617s) criu> (00.037545)   1000: vma 0x7fb4da14e000 0x7fb4da14f000
[ff.run] (0.617s) criu> (00.037546)   1000: vma 0x7fb4da14f000 0x7fb4da150000
[ff.run] (0.617s) criu> (00.037547)   1000: vma 0x7fb4da150000 0x7fb4da151000
[ff.run] (0.617s) criu> (00.037548)   1000: vma 0x7fb4da151000 0x7fb4da173000
[ff.run] (0.617s) criu> (00.037549)   1000: vma 0x7fb4da173000 0x7fb4da2eb000
[ff.run] (0.617s) criu> (00.037550)   1000: vma 0x7fb4da2eb000 0x7fb4da339000
[ff.run] (0.617s) criu> (00.037551)   1000: vma 0x7fb4da339000 0x7fb4da33d000
[ff.run] (0.617s) criu> (00.037552)   1000: vma 0x7fb4da33d000 0x7fb4da33f000
[ff.run] (0.617s) criu> (00.037553)   1000: vma 0x7fb4da33f000 0x7fb4da343000
[ff.run] (0.617s) criu> (00.037554)   1000: vma 0x7fb4da347000 0x7fb4da348000
[ff.run] (0.617s) criu> (00.037555)   1000: vma 0x7fb4da348000 0x7fb4da349000
[ff.run] (0.617s) criu> (00.037556)   1000: vma 0x7fb4da349000 0x7fb4da34a000
[ff.run] (0.617s) criu> (00.037557)   1000: vma 0x7fb4da34a000 0x7fb4da34b000
[ff.run] (0.617s) criu> (00.037558)   1000: vma 0x7fb4da34b000 0x7fb4da34c000
[ff.run] (0.617s) criu> (00.037560)   1000: vma 0x7fb4da34c000 0x7fb4da34d000
[ff.run] (0.617s) criu> (00.037561)   1000: vma 0x7fb4da34d000 0x7fb4da34f000
[ff.run] (0.617s) criu> (00.037562)   1000: vma 0x7fb4da34f000 0x7fb4da350000
[ff.run] (0.617s) criu> (00.037563)   1000: vma 0x7fb4da350000 0x7fb4da373000
[ff.run] (0.617s) criu> (00.037564)   1000: vma 0x7fb4da373000 0x7fb4da37b000
[ff.run] (0.617s) criu> (00.037565)   1000: vma 0x7fb4da37b000 0x7fb4da37c000
[ff.run] (0.617s) criu> (00.037566)   1000: vma 0x7fb4da37c000 0x7fb4da37d000
[ff.run] (0.617s) criu> (00.037566)   1000: vma 0x7fb4da37d000 0x7fb4da37e000
[ff.run] (0.617s) criu> (00.037567)   1000: vma 0x7fb4da37e000 0x7fb4da37f000
[ff.run] (0.617s) criu> (00.037568)   1000: vma 0x7fb4da37f000 0x7fb4da381000
[ff.run] (0.617s) criu> (00.037569)   1000: vma 0x7fb4da381000 0x7fb4da38e000
[ff.run] (0.617s) criu> (00.037570)   1000: vma 0x7fb4da38e000 0x7fb4da391000
[ff.run] (0.617s) criu> (00.037571)   1000: vma 0x7fb4da391000 0x7fb4da394000
[ff.run] (0.617s) criu> (00.037572)   1000: vma 0x7fb4da394000 0x7fb4da395000
[ff.run] (0.617s) criu> (00.037573)   1000: vma 0x7ffcc334a000 0x7ffcc336b000
[ff.run] (0.617s) criu> (00.037574)   1000: vma 0x7ffcc33ce000 0x7ffcc33d2000
[ff.run] (0.617s) criu> (00.037575)   1000: vma 0x7ffcc33d2000 0x7ffcc33d4000
[ff.run] (0.617s) criu> (00.037575)   1000: vma 0xffffffffff600000 0xffffffffff601000
[ff.run] (0.617s) criu> (00.037613)   1000: Collect fdinfo pid=1001 fd=0 id=0xe
[ff.run] (0.617s) criu> (00.037615)   1000: Collect fdinfo pid=1001 fd=1 id=0x9
[ff.run] (0.617s) criu> (00.037616)   1000: Collect fdinfo pid=1001 fd=2 id=0x9
[ff.run] (0.617s) criu> (00.037688)   1000: skqueue: Preparing SCMs
[ff.run] (0.617s) criu> (00.037691)   1000: tty: Inherit terminal for id 0x9
[ff.run] (0.617s) criu> (00.037692)   1000: tty: head driver ext id 0x9 index 1012 (master 0 sid 1 pgrp 1 inherit 1)
[ff.run] (0.617s) criu> (00.037695)   1000: File descs:
[ff.run] (0.617s) criu> (00.037695)   1000:  `- type 1 ID 0x1
[ff.run] (0.617s) criu> (00.037696)   1000:  `- type 1 ID 0x2
[ff.run] (0.617s) criu> (00.037697)   1000:  `- type 1 ID 0x3
[ff.run] (0.617s) criu> (00.037698)   1000:  `- type 1 ID 0x4
[ff.run] (0.617s) criu> (00.037699)   1000:  `- type 1 ID 0x5
[ff.run] (0.617s) criu> (00.037700)   1000:  `- type 1 ID 0x6
[ff.run] (0.617s) criu> (00.037700)   1000:  `- type 1 ID 0x7
[ff.run] (0.617s) criu> (00.037701)   1000:  `- type 1 ID 0x8
[ff.run] (0.617s) criu> (00.037702)   1000:  `- type 11 ID 0x9
[ff.run] (0.617s) criu> (00.037703)   1000:    `- FD 0 pid 1000
[ff.run] (0.617s) criu> (00.037704)   1000:    `- FD 1 pid 1000
[ff.run] (0.617s) criu> (00.037705)   1000:    `- FD 2 pid 1000
[ff.run] (0.617s) criu> (00.037705)   1000:    `- FD 1 pid 1001
[ff.run] (0.617s) criu> (00.037706)   1000:    `- FD 2 pid 1001
[ff.run] (0.617s) criu> (00.037707)   1000:    `- FD 1 pid 1002
[ff.run] (0.617s) criu> (00.037708)   1000:    `- FD 2 pid 1002
[ff.run] (0.617s) criu> (00.037709)   1000:  `- type 1 ID 0xa
[ff.run] (0.617s) criu> (00.037710)   1000:  `- type 1 ID 0xb
[ff.run] (0.617s) criu> (00.037710)   1000:    `- FD 10 pid 1000
[ff.run] (0.617s) criu> (00.037711)   1000:  `- type 1 ID 0xc
[ff.run] (0.617s) criu> (00.037712)   1000:  `- type 1 ID 0xd
[ff.run] (0.617s) criu> (00.037713)   1000:  `- type 1 ID 0xe
[ff.run] (0.617s) criu> (00.037714)   1000:    `- FD 0 pid 1001
[ff.run] (0.617s) criu> (00.037715)   1000:  `- type 1 ID 0xf
[ff.run] (0.617s) criu> (00.037715)   1000:    `- FD 0 pid 1002
[ff.run] (0.617s) criu> (00.038050)   1000: pr1000-1 Read 5653c112e000 1 pages
[ff.run] (0.617s) criu> (00.038060)   1000: pr1000-1 Read 5653c1147000 2 pages
[ff.run] (0.617s) criu> (00.038067)   1000: pr1000-1 Read 5653c1149000 1 pages
[ff.run] (0.617s) criu> (00.038071)   1000: pr1000-1 Read 5653c114b000 1 pages
[ff.run] (0.617s) criu> (00.038075)   1000: pr1000-1 Read 5653c2447000 2 pages
[ff.run] (0.617s) criu> (00.038079)   1000: pr1000-1 Read 7fdaa26e0000 2 pages
[ff.run] (0.617s) criu> (00.038084)   1000: pr1000-1 Read 7fdaa26ff000 1 pages
[ff.run] (0.617s) criu> (00.038088)   1000: pr1000-1 Read 7fdaa2700000 1 pages
[ff.run] (0.621s) criu> (00.038091)   1000: pr1000-1 Read 7fdaa2704000 1 pages
[ff.run] (0.621s) criu> (00.038095)   1000: pr1000-1 Read 7fdaa2709000 1 pages
[ff.run] (0.621s) criu> (00.038098)   1000: pr1000-1 Read 7fdaa270a000 1 pages
[ff.run] (0.621s) criu> (00.038102)   1000: pr1000-1 Read 7fdaa28f3000 4 pages
[ff.run] (0.621s) criu> (00.038113)   1000: pr1000-1 Read 7fdaa28f7000 2 pages
[ff.run] (0.621s) criu> (00.038119)   1000: pr1000-1 Read 7fdaa28f9000 2 pages
[ff.run] (0.621s) criu> (00.038124)   1000: pr1000-1 Read 7fdaa28fc000 1 pages
[ff.run] (0.621s) criu> (00.038127)   1000: pr1000-1 Read 7fdaa2904000 1 pages
[ff.run] (0.621s) criu> (00.038131)   1000: pr1000-1 Read 7fdaa2905000 1 pages
[ff.run] (0.621s) criu> (00.038135)   1000: pr1000-1 Read 7fdaa2906000 1 pages
[ff.run] (0.621s) criu> (00.038139)   1000: pr1000-1 Read 7fdaa2907000 2 pages
[ff.run] (0.621s) criu> (00.038144)   1000: pr1000-1 Read 7fdaa2936000 1 pages
[ff.run] (0.621s) criu> (00.038148)   1000: pr1000-1 Read 7fdaa2937000 1 pages
[ff.run] (0.621s) criu> (00.038153)   1000: pr1000-1 Read 7fdaa2938000 1 pages
[ff.run] (0.621s) criu> (00.038156)   1000: pr1000-1 Read 7fdaa294b000 3 pages
[ff.run] (0.621s) criu> (00.038165)   1000: pr1000-1 Read 7fdaa294e000 1 pages
[ff.run] (0.621s) criu> (00.038168)   1000: pr1000-1 Read 7ffdfe2df000 5 pages
[ff.run] (0.621s) criu> (00.038176)   1000: pr1000-1 Read 7ffdfe2ed000 2 pages
[ff.run] (0.621s) criu> (00.038185)   1000: nr_restored_pages: 42
[ff.run] (0.621s) criu> (00.038186)   1000: nr_shared_pages:   0
[ff.run] (0.621s) criu> (00.038187)   1000: nr_dropped_pages:   0
[ff.run] (0.621s) criu> (00.038188)   1000: nr_lazy:           0
[ff.run] (0.621s) criu> (00.038189)   1000: Restore on-core sigactions for 1000
[ff.run] (0.621s) criu> (00.038230)   1000: Restoring children in alien sessions:
[ff.run] (0.621s) criu> (00.038231)   1000: Restoring children in our session:
[ff.run] (0.621s) criu> (00.038312)   1000: Forking task with 1002 pid (flags 0x0)
[ff.run] (0.621s) criu> (00.039660)   1000: Forking task with 1001 pid (flags 0x0)
[ff.run] (0.622s) criu> (00.044418)   1002: pr1002-2 Read 55da60967000 1 pages
[ff.run] (0.622s) criu> (00.044477)   1002: pr1002-2 Read 55da60969000 1 pages
[ff.run] (0.622s) criu> (00.044491)   1002: pr1002-2 Read 55da6096a000 1 pages
[ff.run] (0.622s) criu> (00.044499)   1002: pr1002-2 Read 55da62597000 1 pages
[ff.run] (0.623s) criu> (00.044579)   1002: pr1002-2 Read 7f34795cb000 255 pages
[ff.run] (0.623s) criu> (00.045017)   1002: pr1002-2 Read 7f34796ca000 256 pages
[ff.run] (0.623s) criu> (00.045440)   1002: pr1002-2 Read 7f34797ca000 256 pages
[ff.run] (0.624s) criu> (00.045860)   1002: pr1002-2 Read 7f34798ca000 256 pages
[ff.run] (0.624s) criu> (00.046289)   1002: pr1002-2 Read 7f34799ca000 256 pages
[ff.run] (0.625s) criu> (00.046719)   1002: pr1002-2 Read 7f3479aca000 256 pages
[ff.run] (0.625s) criu> (00.047149)   1002: pr1002-2 Read 7f3479bca000 256 pages
[ff.run] (0.626s) criu> (00.047606)   1002: pr1002-2 Read 7f3479cca000 256 pages
[ff.run] (0.635s) criu> (00.053629)   1002: pr1002-2 Read 7f3479dca000 256 pages
[ff.run] (0.635s) criu> (00.054311)   1002: pr1002-2 Read 7f3479eca000 256 pages
[ff.run] (0.635s) criu> (00.054642)   1002: pr1002-2 Read 7f3479fca000 256 pages
[ff.run] (0.635s) criu> (00.054972)   1002: pr1002-2 Read 7f347a0ca000 256 pages
[ff.run] (0.635s) criu> (00.055316)   1002: pr1002-2 Read 7f347a1ca000 256 pages
[ff.run] (0.635s) criu> (00.055651)   1002: pr1002-2 Read 7f347a2ca000 256 pages
[ff.run] (0.635s) criu> (00.055981)   1002: pr1002-2 Read 7f347a3ca000 256 pages
[ff.run] (0.635s) criu> (00.056313)   1002: pr1002-2 Read 7f347a4ca000 256 pages
[ff.run] (0.635s) criu> (00.057002)   1002: pr1002-2 Read 7f347a5ca000 256 pages
[ff.run] (0.651s) criu> (00.072480)   1002: pr1002-2 Read 7f347a6ca000 256 pages
[ff.run] (0.651s) criu> (00.072882)   1002: pr1002-2 Read 7f347a7ca000 256 pages
[ff.run] (0.654s) criu> (00.075779)   1002: pr1002-2 Read 7f347a8ca000 256 pages
[ff.run] (0.661s) criu> (00.082905)   1002: pr1002-2 Read 7f347a9ca000 256 pages
[ff.run] (0.663s) criu> (00.084884)   1002: pr1002-2 Read 7f347aaca000 256 pages
[ff.run] (0.668s) criu> (00.089798)   1002: pr1002-2 Read 7f347abca000 256 pages
[ff.run] (0.671s) criu> (00.092830)   1002: pr1002-2 Read 7f347acca000 256 pages
[ff.run] (0.674s) criu> (00.095955)   1002: pr1002-2 Read 7f347adca000 256 pages
[ff.run] (0.676s) criu> (00.098149)   1002: pr1002-2 Read 7f347aeca000 256 pages
[ff.run] (0.679s) criu> (00.100736)   1002: pr1002-2 Read 7f347afca000 256 pages
[ff.run] (0.681s) criu> (00.102939)   1002: pr1002-2 Read 7f347b0ca000 256 pages
[ff.run] (0.682s) criu> (00.103920)   1002: pr1002-2 Read 7f347b1ca000 256 pages
[ff.run] (0.684s) criu> (00.106127)   1002: pr1002-2 Read 7f347b2ca000 256 pages
[ff.run] (0.687s) criu> (00.109441)   1002: pr1002-2 Read 7f347b3ca000 256 pages
[ff.run] (0.689s) criu> (00.111490)   1002: pr1002-2 Read 7f347b4ca000 256 pages
[ff.run] (0.692s) criu> (00.114163)   1002: pr1002-2 Read 7f347b5ca000 256 pages
[ff.run] (0.694s) criu> (00.116286)   1002: pr1002-2 Read 7f347b6ca000 256 pages
[ff.run] (0.695s) criu> (00.116955)   1002: pr1002-2 Read 7f347b7ca000 256 pages
[ff.run] (0.698s) criu> (00.119697)   1002: pr1002-2 Read 7f347b8ca000 256 pages
[ff.run] (0.700s) criu> (00.121737)   1002: pr1002-2 Read 7f347b9ca000 256 pages
[ff.run] (0.702s) criu> (00.122814)   1002: pr1002-2 Read 7f347baca000 256 pages
[ff.run] (0.702s) criu> (00.123182)   1002: pr1002-2 Read 7f347bbca000 256 pages
[ff.run] (0.703s) criu> (00.124663)   1002: pr1002-2 Read 7f347bcca000 256 pages
[ff.run] (0.705s) criu> (00.127127)   1002: pr1002-2 Read 7f347bdca000 256 pages
[ff.run] (0.708s) criu> (00.129869)   1002: pr1002-2 Read 7f347beca000 256 pages
[ff.run] (0.710s) criu> (00.131152)   1002: pr1002-2 Read 7f347bfca000 256 pages
[ff.run] (0.710s) criu> (00.131520)   1002: pr1002-2 Read 7f347c0ca000 256 pages
[ff.run] (0.710s) criu> (00.131848)   1002: pr1002-2 Read 7f347c1ca000 256 pages
[ff.run] (0.710s) criu> (00.132169)   1002: pr1002-2 Read 7f347c2ca000 256 pages
[ff.run] (0.711s) criu> (00.133178)   1002: pr1002-2 Read 7f347c3ca000 256 pages
[ff.run] (0.712s) criu> (00.133590)   1002: pr1002-2 Read 7f347c4ca000 256 pages
[ff.run] (0.712s) criu> (00.134026)   1002: pr1002-2 Read 7f347c5ca000 256 pages
[ff.run] (0.713s) criu> (00.134775)   1002: pr1002-2 Read 7f347c6ca000 256 pages
[ff.run] (0.713s) criu> (00.135252)   1002: pr1002-2 Read 7f347c7ca000 256 pages
[ff.run] (0.714s) criu> (00.135795)   1002: pr1002-2 Read 7f347c8ca000 256 pages
[ff.run] (0.716s) criu> (00.137879)   1002: pr1002-2 Read 7f347c9ca000 256 pages
[ff.run] (0.717s) criu> (00.138460)   1002: pr1002-2 Read 7f347caca000 256 pages
[ff.run] (0.717s) criu> (00.138927)   1002: pr1002-2 Read 7f347cbca000 256 pages
[ff.run] (0.717s) criu> (00.139416)   1002: pr1002-2 Read 7f347ccca000 256 pages
[ff.run] (0.718s) criu> (00.140024)   1002: pr1002-2 Read 7f347cdca000 256 pages
[ff.run] (0.719s) criu> (00.140615)   1002: pr1002-2 Read 7f347ceca000 256 pages
[ff.run] (0.722s) criu> (00.143943)   1002: pr1002-2 Read 7f347cfca000 256 pages
[ff.run] (0.725s) criu> (00.146744)   1002: pr1002-2 Read 7f347d0ca000 256 pages
[ff.run] (0.726s) criu> (00.147516)   1002: pr1002-2 Read 7f347d1ca000 256 pages
[ff.run] (0.728s) criu> (00.149486)   1002: pr1002-2 Read 7f347d2ca000 256 pages
[ff.run] (0.730s) criu> (00.152045)   1002: pr1002-2 Read 7f347d3ca000 256 pages
[ff.run] (0.732s) criu> (00.153044)   1002: pr1002-2 Read 7f347d4ca000 256 pages
[ff.run] (0.732s) criu> (00.153691)   1002: pr1002-2 Read 7f347d5ca000 256 pages
[ff.run] (0.733s) criu> (00.154818)   1002: pr1002-2 Read 7f347d6ca000 256 pages
[ff.run] (0.734s) criu> (00.156459)   1002: pr1002-2 Read 7f347d7ca000 256 pages
[ff.run] (0.735s) criu> (00.156947)   1002: pr1002-2 Read 7f347d8ca000 256 pages
[ff.run] (0.736s) criu> (00.157436)   1002: pr1002-2 Read 7f347d9ca000 256 pages
[ff.run] (0.738s) criu> (00.159827)   1002: pr1002-2 Read 7f347daca000 256 pages
[ff.run] (0.738s) criu> (00.160436)   1002: pr1002-2 Read 7f347dbca000 256 pages
[ff.run] (0.739s) criu> (00.160936)   1002: pr1002-2 Read 7f347dcca000 256 pages
[ff.run] (0.739s) criu> (00.161447)   1002: pr1002-2 Read 7f347ddca000 256 pages
[ff.run] (0.740s) criu> (00.162016)   1002: pr1002-2 Read 7f347deca000 256 pages
[ff.run] (0.741s) criu> (00.162821)   1002: pr1002-2 Read 7f347dfca000 256 pages
[ff.run] (0.742s) criu> (00.163811)   1002: pr1002-2 Read 7f347e0ca000 256 pages
[ff.run] (0.742s) criu> (00.164308)   1002: pr1002-2 Read 7f347e1ca000 256 pages
[ff.run] (0.743s) criu> (00.164904)   1002: pr1002-2 Read 7f347e2ca000 256 pages
[ff.run] (0.744s) criu> (00.165528)   1002: pr1002-2 Read 7f347e3ca000 256 pages
[ff.run] (0.744s) criu> (00.166355)   1002: pr1002-2 Read 7f347e4ca000 256 pages
[ff.run] (0.746s) criu> (00.167620)   1002: pr1002-2 Read 7f347e5ca000 256 pages
[ff.run] (0.746s) criu> (00.168140)   1002: pr1002-2 Read 7f347e6ca000 256 pages
[ff.run] (0.747s) criu> (00.168645)   1002: pr1002-2 Read 7f347e7ca000 256 pages
[ff.run] (0.748s) criu> (00.169424)   1002: pr1002-2 Read 7f347e8ca000 256 pages
[ff.run] (0.748s) criu> (00.170052)   1002: pr1002-2 Read 7f347e9ca000 256 pages
[ff.run] (0.749s) criu> (00.171033)   1002: pr1002-2 Read 7f347eaca000 256 pages
[ff.run] (0.750s) criu> (00.171574)   1002: pr1002-2 Read 7f347ebca000 256 pages
[ff.run] (0.750s) criu> (00.172131)   1002: pr1002-2 Read 7f347ecca000 256 pages
[ff.run] (0.751s) criu> (00.172664)   1002: pr1002-2 Read 7f347edca000 256 pages
[ff.run] (0.753s) criu> (00.173824)   1002: pr1002-2 Read 7f347eeca000 256 pages
[ff.run] (0.753s) criu> (00.174276)   1002: pr1002-2 Read 7f347efca000 256 pages
[ff.run] (0.753s) criu> (00.175379)   1002: pr1002-2 Read 7f347f0ca000 256 pages
[ff.run] (0.754s) criu> (00.175939)   1002: pr1002-2 Read 7f347f1ca000 256 pages
[ff.run] (0.755s) criu> (00.176484)   1002: pr1002-2 Read 7f347f2ca000 256 pages
[ff.run] (0.755s) criu> (00.177147)   1002: pr1002-2 Read 7f347f3ca000 256 pages
[ff.run] (0.756s) criu> (00.177794)   1002: pr1002-2 Read 7f347f4ca000 256 pages
[ff.run] (0.757s) criu> (00.178522)   1002: pr1002-2 Read 7f347f5ca000 256 pages
[ff.run] (0.757s) criu> (00.179077)   1002: pr1002-2 Read 7f347f6ca000 256 pages
[ff.run] (0.758s) criu> (00.179664)   1002: pr1002-2 Read 7f347f7ca000 256 pages
[ff.run] (0.759s) criu> (00.180687)   1002: pr1002-2 Read 7f347f8ca000 256 pages
[ff.run] (0.759s) criu> (00.181259)   1002: pr1002-2 Read 7f347f9ca000 256 pages
[ff.run] (0.760s) criu> (00.181837)   1002: pr1002-2 Read 7f347faca000 256 pages
[ff.run] (0.760s) criu> (00.182388)   1002: pr1002-2 Read 7f347fbca000 256 pages
[ff.run] (0.762s) criu> (00.183669)   1002: pr1002-2 Read 7f347fcca000 256 pages
[ff.run] (0.762s) criu> (00.184252)   1002: pr1002-2 Read 7f347fdca000 256 pages
[ff.run] (0.763s) criu> (00.184786)   1002: pr1002-2 Read 7f347feca000 256 pages
[ff.run] (0.763s) criu> (00.185468)   1002: pr1002-2 Read 7f347ffca000 256 pages
[ff.run] (0.764s) criu> (00.186097)   1002: pr1002-2 Read 7f34800ca000 256 pages
[ff.run] (0.765s) criu> (00.186694)   1002: pr1002-2 Read 7f34801ca000 256 pages
[ff.run] (0.766s) criu> (00.187544)   1002: pr1002-2 Read 7f34802ca000 256 pages
[ff.run] (0.766s) criu> (00.188164)   1002: pr1002-2 Read 7f34803ca000 256 pages
[ff.run] (0.767s) criu> (00.188736)   1002: pr1002-2 Read 7f34804ca000 256 pages
[ff.run] (0.767s) criu> (00.189225)   1002: pr1002-2 Read 7f34805ca000 256 pages
[ff.run] (0.768s) criu> (00.189876)   1002: pr1002-2 Read 7f34806ca000 256 pages
[ff.run] (0.768s) criu> (00.190387)   1002: pr1002-2 Read 7f34807ca000 256 pages
[ff.run] (0.769s) criu> (00.190921)   1002: pr1002-2 Read 7f34808ca000 256 pages
[ff.run] (0.770s) criu> (00.191755)   1002: pr1002-2 Read 7f34809ca000 256 pages
[ff.run] (0.770s) criu> (00.192361)   1002: pr1002-2 Read 7f3480aca000 256 pages
[ff.run] (0.771s) criu> (00.192932)   1002: pr1002-2 Read 7f3480bca000 256 pages
[ff.run] (0.773s) criu> (00.194301)   1002: pr1002-2 Read 7f3480cca000 256 pages
[ff.run] (0.773s) criu> (00.195318)   1002: pr1002-2 Read 7f3480dca000 256 pages
[ff.run] (0.774s) criu> (00.195933)   1002: pr1002-2 Read 7f3480eca000 256 pages
[ff.run] (0.775s) criu> (00.196585)   1002: pr1002-2 Read 7f3480fca000 256 pages
[ff.run] (0.775s) criu> (00.197104)   1002: pr1002-2 Read 7f34810ca000 256 pages
[ff.run] (0.776s) criu> (00.197676)   1002: pr1002-2 Read 7f34811ca000 256 pages
[ff.run] (0.776s) criu> (00.198202)   1002: pr1002-2 Read 7f34812ca000 256 pages
[ff.run] (0.779s) criu> (00.200595)   1002: pr1002-2 Read 7f34813ca000 256 pages
[ff.run] (0.779s) criu> (00.201146)   1002: pr1002-2 Read 7f34814ca000 256 pages
[ff.run] (0.781s) criu> (00.202701)   1002: pr1002-2 Read 7f34815ca000 2 pages
[ff.run] (0.781s) criu> (00.202750)   1002: pr1002-2 Read 7f34855cd000 2 pages
[ff.run] (0.781s) criu> (00.202768)   1002: pr1002-2 Read 7f34855ec000 1 pages
[ff.run] (0.781s) criu> (00.202787)   1002: pr1002-2 Read 7f34855ed000 1 pages
[ff.run] (0.781s) criu> (00.202793)   1002: pr1002-2 Read 7f34855f1000 1 pages
[ff.run] (0.781s) criu> (00.202798)   1002: pr1002-2 Read 7f34855f6000 1 pages
[ff.run] (0.781s) criu> (00.202805)   1002: pr1002-2 Read 7f34855f7000 1 pages
[ff.run] (0.781s) criu> (00.202809)   1002: pr1002-2 Read 7f34857e0000 4 pages
[ff.run] (0.781s) criu> (00.203101)   1002: pr1002-2 Read 7f34857e4000 2 pages
[ff.run] (0.781s) criu> (00.203282)   1002: pr1002-2 Read 7f34857e6000 2 pages
[ff.run] (0.781s) criu> (00.203368)   1002: pr1002-2 Read 7f34857e9000 1 pages
[ff.run] (0.782s) criu> (00.203488)   1002: pr1002-2 Read 7f34857f1000 1 pages
[ff.run] (0.782s) criu> (00.203555)   1002: pr1002-2 Read 7f34857f2000 1 pages
[ff.run] (0.782s) criu> (00.203692)   1002: pr1002-2 Read 7f34857f3000 1 pages
[ff.run] (0.782s) criu> (00.203737)   1002: pr1002-2 Read 7f34857f4000 2 pages
[ff.run] (0.782s) criu> (00.203761)   1002: pr1002-2 Read 7f3485823000 1 pages
[ff.run] (0.782s) criu> (00.203770)   1002: pr1002-2 Read 7f3485824000 1 pages
[ff.run] (0.782s) criu> (00.203775)   1002: pr1002-2 Read 7f3485825000 1 pages
[ff.run] (0.782s) criu> (00.203780)   1002: pr1002-2 Read 7f3485838000 3 pages
[ff.run] (0.782s) criu> (00.203790)   1002: pr1002-2 Read 7f348583b000 1 pages
[ff.run] (0.782s) criu> (00.203796)   1002: pr1002-2 Read 7ffdc26c2000 6 pages
[ff.run] (0.782s) criu> (00.204193)   1002: pr1002-2 Read 7ffdc27b3000 2 pages
[ff.run] (0.782s) criu> (00.204432)   1002: nr_restored_pages: 32809
[ff.run] (0.783s) criu> (00.204460)   1002: nr_shared_pages:   0
[ff.run] (0.783s) criu> (00.204471)   1002: nr_dropped_pages:   0
[ff.run] (0.783s) criu> (00.204473)   1002: nr_lazy:           0
[ff.run] (0.783s) criu> (00.204475)   1002: Restore on-core sigactions for 1002
[ff.run] (0.783s) criu> (00.204536)   1002: Restoring children in alien sessions:
[ff.run] (0.783s) criu> (00.204541)   1002: Restoring children in our session:
[ff.run] (0.783s) criu> (00.204691)   1002: Restoring 1002 to 1 pgid
[ff.run] (0.783s) criu> (00.204766)   1002: MYCOMMENT: finish getpgrp() with pgid 1
[ff.run] (0.783s) criu> (00.204771)   1002: MYCOMMENT: Finish  restore_pgid() for pid 1002
[ff.run] (0.783s) criu> (00.204772)   1002: MYCOMMENT: Enter restore_finish_stage for pid 1002
[ff.run] (48.066s) criu> (47.488379)   1000: Restoring 1000 to 1 pgid
[ff.run] (48.067s) criu> (47.488455)   1000: MYCOMMENT: finish getpgrp() with pgid 1
[ff.run] (48.067s) criu> (47.488458)   1000: MYCOMMENT: Finish  restore_pgid() for pid 1000
[ff.run] (48.067s) criu> (47.488460)   1000: MYCOMMENT: current->parent = NULL for pid 1000
[ff.run] (48.069s) criu> (47.490597)   1001: pr1001-2 Read 562307296000 1 pages
[ff.run] (48.069s) criu> (47.491057)   1001: pr1001-2 Read 562307298000 1 pages
[ff.run] (48.069s) criu> (47.491283)   1001: pr1001-2 Read 562307299000 1 pages
[ff.run] (48.069s) criu> (47.491460)   1001: pr1001-2 Read 5623090fb000 1 pages
[ff.run] (48.070s) criu> (47.491755)   1001: pr1001-2 Read 7fb4ce124000 255 pages
[ff.run] (48.075s) criu> (47.496878)   1001: pr1001-2 Read 7fb4ce223000 256 pages
[ff.run] (48.076s) criu> (47.498045)   1001: pr1001-2 Read 7fb4ce323000 256 pages
[ff.run] (48.077s) criu> (47.499226)   1001: pr1001-2 Read 7fb4ce423000 256 pages
[ff.run] (48.079s) criu> (47.500750)   1001: pr1001-2 Read 7fb4ce523000 256 pages
[ff.run] (48.080s) criu> (47.502324)   1001: pr1001-2 Read 7fb4ce623000 256 pages
[ff.run] (48.082s) criu> (47.503616)   1001: pr1001-2 Read 7fb4ce723000 256 pages
[ff.run] (48.083s) criu> (47.504999)   1001: pr1001-2 Read 7fb4ce823000 256 pages
[ff.run] (48.084s) criu> (47.506273)   1001: pr1001-2 Read 7fb4ce923000 256 pages
[ff.run] (48.086s) criu> (47.508005)   1001: pr1001-2 Read 7fb4cea23000 256 pages
[ff.run] (48.087s) criu> (47.509302)   1001: pr1001-2 Read 7fb4ceb23000 256 pages
[ff.run] (48.089s) criu> (47.511080)   1001: pr1001-2 Read 7fb4cec23000 256 pages
[ff.run] (48.091s) criu> (47.512744)   1001: pr1001-2 Read 7fb4ced23000 256 pages
[ff.run] (48.092s) criu> (47.514014)   1001: pr1001-2 Read 7fb4cee23000 256 pages
[ff.run] (48.093s) criu> (47.514784)   1001: pr1001-2 Read 7fb4cef23000 256 pages
[ff.run] (48.093s) criu> (47.515501)   1001: pr1001-2 Read 7fb4cf023000 256 pages
[ff.run] (48.094s) criu> (47.516213)   1001: pr1001-2 Read 7fb4cf123000 256 pages
[ff.run] (48.095s) criu> (47.516932)   1001: pr1001-2 Read 7fb4cf223000 256 pages
[ff.run] (48.096s) criu> (47.517792)   1001: pr1001-2 Read 7fb4cf323000 256 pages
[ff.run] (48.097s) criu> (47.519033)   1001: pr1001-2 Read 7fb4cf423000 256 pages
[ff.run] (48.098s) criu> (47.519986)   1001: pr1001-2 Read 7fb4cf523000 256 pages
[ff.run] (48.099s) criu> (47.520713)   1001: pr1001-2 Read 7fb4cf623000 256 pages
[ff.run] (48.100s) criu> (47.521618)   1001: pr1001-2 Read 7fb4cf723000 256 pages
[ff.run] (48.100s) criu> (47.522340)   1001: pr1001-2 Read 7fb4cf823000 256 pages
[ff.run] (48.101s) criu> (47.523050)   1001: pr1001-2 Read 7fb4cf923000 256 pages
[ff.run] (48.102s) criu> (47.523757)   1001: pr1001-2 Read 7fb4cfa23000 256 pages
[ff.run] (48.102s) criu> (47.524506)   1001: pr1001-2 Read 7fb4cfb23000 256 pages
[ff.run] (48.103s) criu> (47.525287)   1001: pr1001-2 Read 7fb4cfc23000 256 pages
[ff.run] (48.105s) criu> (47.526642)   1001: pr1001-2 Read 7fb4cfd23000 256 pages
[ff.run] (48.106s) criu> (47.528287)   1001: pr1001-2 Read 7fb4cfe23000 256 pages
[ff.run] (48.107s) criu> (47.529258)   1001: pr1001-2 Read 7fb4cff23000 256 pages
[ff.run] (48.108s) criu> (47.530181)   1001: pr1001-2 Read 7fb4d0023000 256 pages
[ff.run] (48.109s) criu> (47.530951)   1001: pr1001-2 Read 7fb4d0123000 256 pages
[ff.run] (48.110s) criu> (47.531858)   1001: pr1001-2 Read 7fb4d0223000 256 pages
[ff.run] (48.111s) criu> (47.532777)   1001: pr1001-2 Read 7fb4d0323000 256 pages
[ff.run] (48.112s) criu> (47.533898)   1001: pr1001-2 Read 7fb4d0423000 256 pages
[ff.run] (48.113s) criu> (47.534785)   1001: pr1001-2 Read 7fb4d0523000 256 pages
[ff.run] (48.114s) criu> (47.535682)   1001: pr1001-2 Read 7fb4d0623000 256 pages
[ff.run] (48.115s) criu> (47.536547)   1001: pr1001-2 Read 7fb4d0723000 256 pages
[ff.run] (48.116s) criu> (47.538401)   1001: pr1001-2 Read 7fb4d0823000 256 pages
[ff.run] (48.117s) criu> (47.539269)   1001: pr1001-2 Read 7fb4d0923000 256 pages
[ff.run] (48.118s) criu> (47.540066)   1001: pr1001-2 Read 7fb4d0a23000 256 pages
[ff.run] (48.119s) criu> (47.540825)   1001: pr1001-2 Read 7fb4d0b23000 256 pages
[ff.run] (48.120s) criu> (47.541708)   1001: pr1001-2 Read 7fb4d0c23000 256 pages
[ff.run] (48.120s) criu> (47.542518)   1001: pr1001-2 Read 7fb4d0d23000 256 pages
[ff.run] (48.121s) criu> (47.543501)   1001: pr1001-2 Read 7fb4d0e23000 256 pages
[ff.run] (48.122s) criu> (47.544279)   1001: pr1001-2 Read 7fb4d0f23000 256 pages
[ff.run] (48.123s) criu> (47.545221)   1001: pr1001-2 Read 7fb4d1023000 256 pages
[ff.run] (48.124s) criu> (47.546142)   1001: pr1001-2 Read 7fb4d1123000 256 pages
[ff.run] (48.125s) criu> (47.547305)   1001: pr1001-2 Read 7fb4d1223000 256 pages
[ff.run] (48.126s) criu> (47.548079)   1001: pr1001-2 Read 7fb4d1323000 256 pages
[ff.run] (48.127s) criu> (47.548793)   1001: pr1001-2 Read 7fb4d1423000 256 pages
[ff.run] (48.128s) criu> (47.549916)   1001: pr1001-2 Read 7fb4d1523000 256 pages
[ff.run] (48.129s) criu> (47.551243)   1001: pr1001-2 Read 7fb4d1623000 256 pages
[ff.run] (48.130s) criu> (47.552100)   1001: pr1001-2 Read 7fb4d1723000 256 pages
[ff.run] (48.131s) criu> (47.553194)   1001: pr1001-2 Read 7fb4d1823000 256 pages
[ff.run] (48.133s) criu> (47.555411)   1001: pr1001-2 Read 7fb4d1923000 256 pages
[ff.run] (48.134s) criu> (47.556463)   1001: pr1001-2 Read 7fb4d1a23000 256 pages
[ff.run] (48.136s) criu> (47.557643)   1001: pr1001-2 Read 7fb4d1b23000 256 pages
[ff.run] (48.137s) criu> (47.559188)   1001: pr1001-2 Read 7fb4d1c23000 256 pages
[ff.run] (48.138s) criu> (47.560338)   1001: pr1001-2 Read 7fb4d1d23000 256 pages
[ff.run] (48.140s) criu> (47.561566)   1001: pr1001-2 Read 7fb4d1e23000 256 pages
[ff.run] (48.140s) criu> (47.562503)   1001: pr1001-2 Read 7fb4d1f23000 256 pages
[ff.run] (48.141s) criu> (47.563358)   1001: pr1001-2 Read 7fb4d2023000 256 pages
[ff.run] (48.142s) criu> (47.564114)   1001: pr1001-2 Read 7fb4d2123000 256 pages
[ff.run] (48.143s) criu> (47.564899)   1001: pr1001-2 Read 7fb4d2223000 256 pages
[ff.run] (48.144s) criu> (47.565871)   1001: pr1001-2 Read 7fb4d2323000 256 pages
[ff.run] (48.145s) criu> (47.566751)   1001: pr1001-2 Read 7fb4d2423000 256 pages
[ff.run] (48.146s) criu> (47.567750)   1001: pr1001-2 Read 7fb4d2523000 256 pages
[ff.run] (48.147s) criu> (47.568858)   1001: pr1001-2 Read 7fb4d2623000 256 pages
[ff.run] (48.148s) criu> (47.569716)   1001: pr1001-2 Read 7fb4d2723000 256 pages
[ff.run] (48.148s) criu> (47.570466)   1001: pr1001-2 Read 7fb4d2823000 256 pages
[ff.run] (48.149s) criu> (47.571247)   1001: pr1001-2 Read 7fb4d2923000 256 pages
[ff.run] (48.150s) criu> (47.572258)   1001: pr1001-2 Read 7fb4d2a23000 256 pages
[ff.run] (48.151s) criu> (47.572977)   1001: pr1001-2 Read 7fb4d2b23000 256 pages
[ff.run] (48.152s) criu> (47.573813)   1001: pr1001-2 Read 7fb4d2c23000 256 pages
[ff.run] (48.153s) criu> (47.574585)   1001: pr1001-2 Read 7fb4d2d23000 256 pages
[ff.run] (48.153s) criu> (47.575404)   1001: pr1001-2 Read 7fb4d2e23000 256 pages
[ff.run] (48.154s) criu> (47.576146)   1001: pr1001-2 Read 7fb4d2f23000 256 pages
[ff.run] (48.155s) criu> (47.577251)   1001: pr1001-2 Read 7fb4d3023000 256 pages
[ff.run] (48.156s) criu> (47.578107)   1001: pr1001-2 Read 7fb4d3123000 256 pages
[ff.run] (48.157s) criu> (47.578874)   1001: pr1001-2 Read 7fb4d3223000 256 pages
[ff.run] (48.158s) criu> (47.579643)   1001: pr1001-2 Read 7fb4d3323000 256 pages
[ff.run] (48.158s) criu> (47.580402)   1001: pr1001-2 Read 7fb4d3423000 256 pages
[ff.run] (48.159s) criu> (47.581234)   1001: pr1001-2 Read 7fb4d3523000 256 pages
[ff.run] (48.160s) criu> (47.582199)   1001: pr1001-2 Read 7fb4d3623000 256 pages
[ff.run] (48.161s) criu> (47.582907)   1001: pr1001-2 Read 7fb4d3723000 256 pages
[ff.run] (48.162s) criu> (47.583613)   1001: pr1001-2 Read 7fb4d3823000 256 pages
[ff.run] (48.162s) criu> (47.584313)   1001: pr1001-2 Read 7fb4d3923000 256 pages
[ff.run] (48.164s) criu> (47.585758)   1001: pr1001-2 Read 7fb4d3a23000 256 pages
[ff.run] (48.164s) criu> (47.586399)   1001: pr1001-2 Read 7fb4d3b23000 256 pages
[ff.run] (48.165s) criu> (47.587169)   1001: pr1001-2 Read 7fb4d3c23000 256 pages
[ff.run] (48.166s) criu> (47.587907)   1001: pr1001-2 Read 7fb4d3d23000 256 pages
[ff.run] (48.167s) criu> (47.588677)   1001: pr1001-2 Read 7fb4d3e23000 256 pages
[ff.run] (48.168s) criu> (47.589711)   1001: pr1001-2 Read 7fb4d3f23000 256 pages
[ff.run] (48.169s) criu> (47.590567)   1001: pr1001-2 Read 7fb4d4023000 256 pages
[ff.run] (48.169s) criu> (47.591391)   1001: pr1001-2 Read 7fb4d4123000 256 pages
[ff.run] (48.170s) criu> (47.592222)   1001: pr1001-2 Read 7fb4d4223000 256 pages
[ff.run] (48.171s) criu> (47.593250)   1001: pr1001-2 Read 7fb4d4323000 256 pages
[ff.run] (48.172s) criu> (47.594538)   1001: pr1001-2 Read 7fb4d4423000 256 pages
[ff.run] (48.173s) criu> (47.595365)   1001: pr1001-2 Read 7fb4d4523000 256 pages
[ff.run] (48.174s) criu> (47.596143)   1001: pr1001-2 Read 7fb4d4623000 256 pages
[ff.run] (48.175s) criu> (47.596970)   1001: pr1001-2 Read 7fb4d4723000 256 pages
[ff.run] (48.176s) criu> (47.597756)   1001: pr1001-2 Read 7fb4d4823000 256 pages
[ff.run] (48.177s) criu> (47.598581)   1001: pr1001-2 Read 7fb4d4923000 256 pages
[ff.run] (48.177s) criu> (47.599361)   1001: pr1001-2 Read 7fb4d4a23000 256 pages
[ff.run] (48.178s) criu> (47.600192)   1001: pr1001-2 Read 7fb4d4b23000 256 pages
[ff.run] (48.179s) criu> (47.600886)   1001: pr1001-2 Read 7fb4d4c23000 256 pages
[ff.run] (48.180s) criu> (47.601785)   1001: pr1001-2 Read 7fb4d4d23000 256 pages
[ff.run] (48.181s) criu> (47.602790)   1001: pr1001-2 Read 7fb4d4e23000 256 pages
[ff.run] (48.181s) criu> (47.603444)   1001: pr1001-2 Read 7fb4d4f23000 256 pages
[ff.run] (48.182s) criu> (47.604346)   1001: pr1001-2 Read 7fb4d5023000 256 pages
[ff.run] (48.183s) criu> (47.605264)   1001: pr1001-2 Read 7fb4d5123000 256 pages
[ff.run] (48.184s) criu> (47.606238)   1001: pr1001-2 Read 7fb4d5223000 256 pages
[ff.run] (48.185s) criu> (47.607218)   1001: pr1001-2 Read 7fb4d5323000 256 pages
[ff.run] (48.186s) criu> (47.608041)   1001: pr1001-2 Read 7fb4d5423000 256 pages
[ff.run] (48.187s) criu> (47.608949)   1001: pr1001-2 Read 7fb4d5523000 256 pages
[ff.run] (48.188s) criu> (47.610231)   1001: pr1001-2 Read 7fb4d5623000 256 pages
[ff.run] (48.189s) criu> (47.611247)   1001: pr1001-2 Read 7fb4d5723000 256 pages
[ff.run] (48.190s) criu> (47.612442)   1001: pr1001-2 Read 7fb4d5823000 256 pages
[ff.run] (48.191s) criu> (47.613117)   1001: pr1001-2 Read 7fb4d5923000 256 pages
[ff.run] (48.192s) criu> (47.613793)   1001: pr1001-2 Read 7fb4d5a23000 256 pages
[ff.run] (48.193s) criu> (47.614583)   1001: pr1001-2 Read 7fb4d5b23000 256 pages
[ff.run] (48.193s) criu> (47.615229)   1001: pr1001-2 Read 7fb4d5c23000 256 pages
[ff.run] (48.194s) criu> (47.615968)   1001: pr1001-2 Read 7fb4d5d23000 256 pages
[ff.run] (48.195s) criu> (47.616679)   1001: pr1001-2 Read 7fb4d5e23000 256 pages
[ff.run] (48.196s) criu> (47.617686)   1001: pr1001-2 Read 7fb4d5f23000 256 pages
[ff.run] (48.196s) criu> (47.618427)   1001: pr1001-2 Read 7fb4d6023000 256 pages
[ff.run] (48.197s) criu> (47.619370)   1001: pr1001-2 Read 7fb4d6123000 2 pages
[ff.run] (48.198s) criu> (47.619455)   1001: pr1001-2 Read 7fb4da126000 2 pages
[ff.run] (48.198s) criu> (47.619700)   1001: pr1001-2 Read 7fb4da145000 1 pages
[ff.run] (48.198s) criu> (47.619821)   1001: pr1001-2 Read 7fb4da146000 1 pages
[ff.run] (48.198s) criu> (47.620246)   1001: pr1001-2 Read 7fb4da14a000 1 pages
[ff.run] (48.198s) criu> (47.620544)   1001: pr1001-2 Read 7fb4da14f000 1 pages
[ff.run] (48.199s) criu> (47.620707)   1001: pr1001-2 Read 7fb4da150000 1 pages
[ff.run] (48.199s) criu> (47.621037)   1001: pr1001-2 Read 7fb4da339000 4 pages
[ff.run] (48.201s) criu> (47.622656)   1001: pr1001-2 Read 7fb4da33d000 2 pages
[ff.run] (48.201s) criu> (47.623002)   1001: pr1001-2 Read 7fb4da33f000 2 pages
[ff.run] (48.201s) criu> (47.623076)   1001: pr1001-2 Read 7fb4da342000 1 pages
[ff.run] (48.201s) criu> (47.623358)   1001: pr1001-2 Read 7fb4da34a000 1 pages
[ff.run] (48.202s) criu> (47.623446)   1001: pr1001-2 Read 7fb4da34b000 1 pages
[ff.run] (48.202s) criu> (47.623691)   1001: pr1001-2 Read 7fb4da34c000 1 pages
[ff.run] (48.202s) criu> (47.624209)   1001: pr1001-2 Read 7fb4da34d000 2 pages
[ff.run] (48.202s) criu> (47.624302)   1001: pr1001-2 Read 7fb4da37c000 1 pages
[ff.run] (48.203s) criu> (47.624547)   1001: pr1001-2 Read 7fb4da37d000 1 pages
[ff.run] (48.203s) criu> (47.624929)   1001: pr1001-2 Read 7fb4da37e000 1 pages
[ff.run] (48.203s) criu> (47.625029)   1001: pr1001-2 Read 7fb4da391000 3 pages
[ff.run] (48.203s) criu> (47.625094)   1001: pr1001-2 Read 7fb4da394000 1 pages
[ff.run] (48.203s) criu> (47.625339)   1001: pr1001-2 Read 7ffcc3366000 5 pages
[ff.run] (48.203s) criu> (47.625468)   1001: pr1001-2 Read 7ffcc33d2000 2 pages
[ff.run] (48.204s) criu> (47.625951)   1001: nr_restored_pages: 32808
[ff.run] (48.204s) criu> (47.626217)   1001: nr_shared_pages:   0
[ff.run] (48.204s) criu> (47.626295)   1001: nr_dropped_pages:   0
[ff.run] (48.204s) criu> (47.626409)   1001: nr_lazy:           0
[ff.run] (48.204s) criu> (47.626437)   1001: Restore on-core sigactions for 1001
[ff.run] (48.204s) criu> (47.626537)   1001: Restoring children in alien sessions:
[ff.run] (48.205s) criu> (47.626610)   1001: Restoring children in our session:
[ff.run] (48.205s) criu> (47.626657)   1001: Restoring 1001 to 1 pgid
[ff.run] (48.205s) criu> (47.626722)   1001: MYCOMMENT: finish getpgrp() with pgid 1
[ff.run] (48.205s) criu> (47.626750)   1001: MYCOMMENT: Finish  restore_pgid() for pid 1001
[ff.run] (48.205s) criu> (47.626818)   1001: MYCOMMENT: Enter restore_finish_stage for pid 1001
[ff.run] (48.205s) criu> (47.627009)   1002: MYCOMMENT: rfs >=0 for pid 1002
[ff.run] (48.205s) criu> (47.627030)   1001: MYCOMMENT: rfs >=0 for pid 1001
[ff.run] (48.205s) criu> (47.627049)   1002: Restoring resources
[ff.run] (48.205s) criu> (47.627085)   1002: Opening fdinfo-s
[ff.run] (48.205s) criu> (47.627113)   1002: 		Create fd for 0
[ff.run] (48.205s) criu> (47.627115)   1002: 	Receive fd for 1
[ff.run] (48.205s) criu> (47.627119)   1002: 	Receive fd for 2
[ff.run] (48.205s) criu> (47.627121)   1002: 	Receive fd for 1
[ff.run] (48.205s) criu> (47.627122)   1002: 	Receive fd for 2
[ff.run] (48.205s) criu> (47.627130)   1000: Restoring resources
[ff.run] (48.205s) criu> (47.627145)   1000: Opening fdinfo-s
[ff.run] (48.205s) criu> (47.627148)   1000: tty: open driver ext id 0x9 index 1012 (master 0 sid 1 pgrp 1 inherit 1)
[ff.run] (48.205s) criu> (47.627161)   1000: File tty[8800:3d] will be restored from fd 0 dumped from inherit fd 0
[ff.run] (48.205s) criu> (47.627175)   1000: 		Create fd for 0
[ff.run] (48.205s) criu> (47.627176)   1000: 			Going to dup 0 into 1
[ff.run] (48.205s) criu> (47.627178)   1000: 			Going to dup 0 into 2
[ff.run] (48.205s) criu> (47.627180)   1000: 		Send fd 0 to /crtools-fd-1001
[ff.run] (48.205s) criu> (47.627189)   1000: 		Send fd 0 to /crtools-fd-1001
[ff.run] (48.205s) criu> (47.627192)   1000: 		Send fd 0 to /crtools-fd-1002
[ff.run] (48.205s) criu> (47.627199)   1000: 		Send fd 0 to /crtools-fd-1002
[ff.run] (48.205s) criu> (47.627202)   1000: 	Receive fd for 1
[ff.run] (48.205s) criu> (47.627203)   1000: 	Receive fd for 2
[ff.run] (48.205s) criu> (47.627232)   1000: 		Create fd for 10
[ff.run] (48.205s) criu> (47.627236)   1000: Opening 0x007fda9e6df000-0x007fdaa26e0000 0000000000000000 (81) vma
[ff.run] (48.205s) criu> (47.627276)   1000: Restore via sigreturn
[ff.run] (48.205s) criu> (47.627286)   1002: 	Receive fd for 1
[ff.run] (48.205s) criu> (47.627291)   1002: Further fle=0x7f4f0faaad80, pid=1002
[ff.run] (48.205s) criu> (47.627293)   1002: 	Receive fd for 2
[ff.run] (48.205s) criu> (47.627295)   1002: Further fle=0x7f4f0faaadc0, pid=1002
[ff.run] (48.205s) criu> (47.627297)   1002: Opening 0x007f34815cc000-0x007f34855cd000 0000000000000000 (81) vma
[ff.run] (48.205s) criu> (47.627327)   1002: Restore via sigreturn
[ff.run] (48.205s) criu> (47.627404)   1001: Restoring resources
[ff.run] (48.205s) criu> (47.627437)   1001: Opening fdinfo-s
[ff.run] (48.205s) criu> (47.627440)   1002: 1 threads require 104K of memory
[ff.run] (48.205s) criu> (47.627442)   1002: Found bootstrap VMA hint at: 0x10000 (needs ~128K)
[ff.run] (48.205s) criu> (47.627485)   1001: 		Create fd for 0
[ff.run] (48.205s) criu> (47.627505)   1002: Thread    0 stack  0x1b080 rt_sigframe  0x23080
[ff.run] (48.205s) criu> (47.627521)   1001: 	Receive fd for 1
[ff.run] (48.205s) criu> (47.627530)   1002: Restoring umask to 22
[ff.run] (48.205s) criu> (47.627535)   1002: Dismissing the image streamer
[ff.run] (48.205s) criu> (47.627547)   1002: task_args: 0x25000
[ff.run] (48.205s) criu> task_args->pid: 1002
[ff.run] (48.205s) criu> task_args->nr_threads: 1
[ff.run] (48.206s) criu> task_args->clone_restore_fn: 0x119f0
[ff.run] (48.206s) criu> task_args->thread_args: 0x25540
[ff.run] (48.206s) criu> (47.627552) pie: 1002: Switched to the restorer 1002
[ff.run] (48.206s) criu> (47.627615)   1001: Further fle=0x7f4f0faaae40, pid=1001
[ff.run] (48.206s) criu> (47.627637)   1001: 	Receive fd for 2
[ff.run] (48.206s) criu> (47.627661)   1001: Further fle=0x7f4f0faaae80, pid=1001
[ff.run] (48.206s) criu> (47.627681)   1001: Opening 0x007fb4d6125000-0x007fb4da126000 0000000000000000 (81) vma
[ff.run] (48.206s) criu> (47.627718) pie: 1002: vdso: Using gettimeofday() on vdso at 0x2ec50
[ff.run] (48.206s) criu> (47.627726)   1001: Restore via sigreturn
[ff.run] (48.206s) criu> (47.627779) pie: 1002: Remap 0x7f4f07299000->0x55da60966000 len 0x1000
[ff.run] (48.206s) criu> (47.627792) pie: 1002: Remap 0x7f4f0729a000->0x55da60967000 len 0x1000
[ff.run] (48.206s) criu> (47.627799) pie: 1002: Remap 0x7f4f0729b000->0x55da60968000 len 0x1000
[ff.run] (48.206s) criu> (47.627803) pie: 1002: Remap 0x7f4f0729c000->0x55da60969000 len 0x1000
[ff.run] (48.206s) criu> (47.627808) pie: 1002: Remap 0x7f4f0729d000->0x55da6096a000 len 0x1000
[ff.run] (48.206s) criu> (47.627813) pie: 1002: Remap 0x7f4f0729e000->0x55da62597000 len 0x21000
[ff.run] (48.206s) criu> (47.627826) pie: 1002: Remap 0x7f4f072bf000->0x7f34795cb000 len 0x8001000
[ff.run] (48.206s) criu> (47.627983)   1001: 1 threads require 104K of memory
[ff.run] (48.206s) criu> (47.628009)   1001: Found bootstrap VMA hint at: 0x10000 (needs ~128K)
[ff.run] (48.206s) criu> (47.628085)   1001: Thread    0 stack  0x1b080 rt_sigframe  0x23080
[ff.run] (48.206s) criu> (47.628129)   1001: Restoring umask to 22
[ff.run] (48.206s) criu> (47.628153)   1001: Dismissing the image streamer
[ff.run] (48.206s) criu> (47.628164) pie: 1002: Remap 0x7f4f0f2c0000->0x7f34855cd000 len 0x2000
[ff.run] (48.206s) criu> (47.628171) pie: 1002: Remap 0x7f4f0f2c2000->0x7f34855cf000 len 0x6000
[ff.run] (48.206s) criu> (47.628175) pie: 1002: Remap 0x7f4f0f2c8000->0x7f34855d5000 len 0x11000
[ff.run] (48.206s) criu> (47.628178) pie: 1002: Remap 0x7f4f0f2d9000->0x7f34855e6000 len 0x6000
[ff.run] (48.206s) criu> (47.628181) pie: 1002: Remap 0x7f4f0f2df000->0x7f34855ec000 len 0x1000
[ff.run] (48.206s) criu> (47.628186) pie: 1002: Remap 0x7f4f0f2e0000->0x7f34855ed000 len 0x1000
[ff.run] (48.206s) criu> (47.628190) pie: 1002: Remap 0x7f4f0f2e1000->0x7f34855ee000 len 0x4000
[ff.run] (48.206s) criu> (47.628196) pie: 1002: Remap 0x7f4f0f2e5000->0x7f34855f2000 len 0x1000
[ff.run] (48.206s) criu> (47.628200) pie: 1002: Remap 0x7f4f0f2e6000->0x7f34855f3000 len 0x2000
[ff.run] (48.206s) criu> (47.628202) pie: 1002: Remap 0x7f4f0f2e8000->0x7f34855f5000 len 0x1000
[ff.run] (48.206s) criu> (47.628205) pie: 1002: Remap 0x7f4f0f2e9000->0x7f34855f6000 len 0x1000
[ff.run] (48.206s) criu> (47.628210) pie: 1002: Remap 0x7f4f0f2ea000->0x7f34855f7000 len 0x1000
[ff.run] (48.206s) criu> (47.628214) pie: 1002: Remap 0x7f4f0f2eb000->0x7f34855f8000 len 0x22000
[ff.run] (48.206s) criu> (47.628219) pie: 1002: Remap 0x7f4f0f30d000->0x7f348561a000 len 0x178000
[ff.run] (48.206s) criu> (47.628224) pie: 1002: Remap 0x7f4f0f485000->0x7f3485792000 len 0x4e000
[ff.run] (48.206s) criu> (47.628228) pie: 1002: Remap 0x7f4f0f4d3000->0x7f34857e0000 len 0x4000
[ff.run] (48.206s) criu> (47.628233) pie: 1002: Remap 0x7f4f0f4d7000->0x7f34857e4000 len 0x2000
[ff.run] (48.206s) criu> (47.628238) pie: 1002: Remap 0x7f4f0f4d9000->0x7f34857e6000 len 0x4000
[ff.run] (48.206s) criu> (47.628243) pie: 1002: Remap 0x7f4f0f4dd000->0x7f34857ee000 len 0x1000
[ff.run] (48.206s) criu> (47.628247) pie: 1002: Remap 0x7f4f0f4de000->0x7f34857ef000 len 0x1000
[ff.run] (48.206s) criu> (47.628249) pie: 1002: Remap 0x7f4f0f4df000->0x7f34857f0000 len 0x1000
[ff.run] (48.206s) criu> (47.628252) pie: 1002: Remap 0x7f4f0f4e0000->0x7f34857f1000 len 0x1000
[ff.run] (48.206s) criu> (47.628256) pie: 1002: Remap 0x7f4f0f4e1000->0x7f34857f2000 len 0x1000
[ff.run] (48.206s) criu> (47.628260) pie: 1002: Remap 0x7f4f0f4e2000->0x7f34857f3000 len 0x1000
[ff.run] (48.206s) criu> (47.628265) pie: 1002: Remap 0x7f4f0f4e3000->0x7f34857f4000 len 0x2000
[ff.run] (48.206s) criu> (47.628270) pie: 1002: Remap 0x7f4f0f4e5000->0x7f34857f6000 len 0x1000
[ff.run] (48.206s) criu> (47.628274) pie: 1002: Remap 0x7f4f0f4e6000->0x7f34857f7000 len 0x23000
[ff.run] (48.206s) criu> (47.628277) pie: 1002: Remap 0x7f4f0f509000->0x7f348581a000 len 0x8000
[ff.run] (48.206s) criu> (47.628280) pie: 1002: Remap 0x7f4f0f511000->0x7f3485822000 len 0x1000
[ff.run] (48.206s) criu> (47.628283) pie: 1002: Remap 0x7f4f0f512000->0x7f3485823000 len 0x1000
[ff.run] (48.206s) criu> (47.628287) pie: 1002: Remap 0x7f4f0f513000->0x7f3485824000 len 0x1000
[ff.run] (48.206s) criu> (47.628291) pie: 1002: Remap 0x7f4f0f514000->0x7f3485825000 len 0x1000
[ff.run] (48.206s) criu> (47.628296) pie: 1002: Remap 0x7f4f0f515000->0x7f3485826000 len 0x2000
[ff.run] (48.206s) criu> (47.628300) pie: 1002: Remap 0x7f4f0f517000->0x7f3485828000 len 0xd000
[ff.run] (48.206s) criu> (47.628303) pie: 1002: Remap 0x7f4f0f524000->0x7f3485835000 len 0x3000
[ff.run] (48.206s) criu> (47.628305) pie: 1002: Remap 0x7f4f0f527000->0x7f3485838000 len 0x3000
[ff.run] (48.206s) criu> (47.628309) pie: 1002: Remap 0x7f4f0f52a000->0x7f348583b000 len 0x1000
[ff.run] (48.206s) criu> (47.628314) pie: 1002: Remap 0x7f4f0f550000->0x7ffdc27b3000 len 0x2000
[ff.run] (48.206s) criu> (47.628320) pie: 1002: Remap 0x7f4f0f54c000->0x7ffdc27af000 len 0x4000
[ff.run] (48.206s) criu> (47.628324) pie: 1002: Remap 0x7f4f0f52b000->0x7ffdc26a7000 len 0x21000
[ff.run] (48.206s) criu> (47.628343) pie: 1002: vdso: Runtime vdso/vvar matches dumpee, remap inplace
[ff.run] (48.206s) criu> (47.628357) pie: 1002: vdso: Using gettimeofday() on vdso at 0x7ffdc27b3c50
[ff.run] (48.206s) criu> (47.628401) pie: 1002: Failed to set /proc/self/exe link (ret=-1), proceeding anyways
[ff.run] (48.206s) criu> (47.628406) pie: 1002: Restoring scheduler params 0.0.0
[ff.run] (48.207s) criu> (47.628419) pie: 1002: 1002: Restored
[ff.run] (48.207s) criu> (47.628943)   1001: task_args: 0x25000
[ff.run] (48.207s) criu> task_args->pid: 1001
[ff.run] (48.207s) criu> task_args->nr_threads: 1
[ff.run] (48.207s) criu> task_args->clone_restore_fn: 0x119f0
[ff.run] (48.207s) criu> task_args->thread_args: 0x25540
[ff.run] (48.207s) criu> (47.629006) pie: 1001: Switched to the restorer 1001
[ff.run] (48.208s) criu> (47.629775) pie: 1001: vdso: Using gettimeofday() on vdso at 0x2ec50
[ff.run] (48.208s) criu> (47.629884) pie: 1001: Remap 0x7f4f07299000->0x562307295000 len 0x1000
[ff.run] (48.208s) criu> (47.629972) pie: 1001: Remap 0x7f4f0729a000->0x562307296000 len 0x1000
[ff.run] (48.208s) criu> (47.630260) pie: 1001: Remap 0x7f4f0729b000->0x562307297000 len 0x1000
[ff.run] (48.208s) criu> (47.630550) pie: 1001: Remap 0x7f4f0729c000->0x562307298000 len 0x1000
[ff.run] (48.209s) criu> (47.630595) pie: 1001: Remap 0x7f4f0729d000->0x562307299000 len 0x1000
[ff.run] (48.209s) criu> (47.630811) pie: 1001: Remap 0x7f4f0729e000->0x5623090fb000 len 0x21000
[ff.run] (48.209s) criu> (47.630984) pie: 1001: Remap 0x7f4f0f550000->0x7ffcc33d2000 len 0x2000
[ff.run] (48.209s) criu> (47.631081) pie: 1001: Remap 0x7f4f0f54c000->0x7ffcc33ce000 len 0x4000
[ff.run] (48.209s) criu> (47.631364) pie: 1001: Remap 0x7f4f0f52b000->0x7ffcc334a000 len 0x21000
[ff.run] (48.210s) criu> (47.631454) pie: 1001: Remap 0x7f4f0f52a000->0x7fb4da394000 len 0x1000
[ff.run] (48.210s) criu> (47.631708) pie: 1001: Remap 0x7f4f0f527000->0x7fb4da391000 len 0x3000
[ff.run] (48.210s) criu> (47.631751) pie: 1001: Remap 0x7f4f0f524000->0x7fb4da38e000 len 0x3000
[ff.run] (48.210s) criu> (47.631950) pie: 1001: Remap 0x7f4f0f517000->0x7fb4da381000 len 0xd000
[ff.run] (48.210s) criu> (47.631993) pie: 1001: Remap 0x7f4f0f515000->0x7fb4da37f000 len 0x2000
[ff.run] (48.210s) criu> (47.632021) pie: 1001: Remap 0x7f4f0f514000->0x7fb4da37e000 len 0x1000
[ff.run] (48.210s) criu> (47.632238) pie: 1001: Remap 0x7f4f0f513000->0x7fb4da37d000 len 0x1000
[ff.run] (48.210s) criu> (47.632280) pie: 1001: Remap 0x7f4f0f512000->0x7fb4da37c000 len 0x1000
[ff.run] (48.211s) criu> (47.632571) pie: 1001: Remap 0x7f4f0f511000->0x7fb4da37b000 len 0x1000
[ff.run] (48.211s) criu> (47.632615) pie: 1001: Remap 0x7f4f0f509000->0x7fb4da373000 len 0x8000
[ff.run] (48.211s) criu> (47.632898) pie: 1001: Remap 0x7f4f0f4e6000->0x7fb4da350000 len 0x23000
[ff.run] (48.211s) criu> (47.632941) pie: 1001: Remap 0x7f4f0f4e5000->0x7fb4da34f000 len 0x1000
[ff.run] (48.211s) criu> (47.633183) pie: 1001: Remap 0x7f4f0f4e3000->0x7fb4da34d000 len 0x2000
[ff.run] (48.211s) criu> (47.633303) pie: 1001: Remap 0x7f4f0f4e2000->0x7fb4da34c000 len 0x1000
[ff.run] (48.212s) criu> (47.633571) pie: 1001: Remap 0x7f4f0f4e1000->0x7fb4da34b000 len 0x1000
[ff.run] (48.212s) criu> (47.633786) pie: 1001: Remap 0x7f4f0f4e0000->0x7fb4da34a000 len 0x1000
[ff.run] (48.212s) criu> (47.633868) pie: 1001: Remap 0x7f4f0f4df000->0x7fb4da349000 len 0x1000
[ff.run] (48.212s) criu> (47.634037) pie: 1001: Remap 0x7f4f0f4de000->0x7fb4da348000 len 0x1000
[ff.run] (48.212s) criu> (47.634069) pie: 1001: Remap 0x7f4f0f4dd000->0x7fb4da347000 len 0x1000
[ff.run] (48.212s) criu> (47.634229) pie: 1001: Remap 0x7f4f0f4d9000->0x7fb4da33f000 len 0x4000
[ff.run] (48.212s) criu> (47.634264) pie: 1001: Remap 0x7f4f0f4d7000->0x7fb4da33d000 len 0x2000
[ff.run] (48.212s) criu> (47.634412) pie: 1001: Remap 0x7f4f0f4d3000->0x7fb4da339000 len 0x4000
[ff.run] (48.212s) criu> (47.634496) pie: 1001: Remap 0x7f4f0f485000->0x7fb4da2eb000 len 0x4e000
[ff.run] (48.213s) criu> (47.634656) pie: 1001: Remap 0x7f4f0f30d000->0x7fb4da173000 len 0x178000
[ff.run] (48.213s) criu> (47.634742) pie: 1001: Remap 0x7f4f0f2eb000->0x7fb4da151000 len 0x22000
[ff.run] (48.213s) criu> (47.634926) pie: 1001: Remap 0x7f4f0f2ea000->0x7fb4da150000 len 0x1000
[ff.run] (48.213s) criu> (47.635396) pie: 1001: Remap 0x7f4f0f2e9000->0x7fb4da14f000 len 0x1000
[ff.run] (48.214s) criu> (47.635708) pie: 1001: Remap 0x7f4f0f2e8000->0x7fb4da14e000 len 0x1000
[ff.run] (48.214s) criu> (47.635857) pie: 1001: Remap 0x7f4f0f2e6000->0x7fb4da14c000 len 0x2000
[ff.run] (48.214s) criu> (47.636167) pie: 1001: Remap 0x7f4f0f2e5000->0x7fb4da14b000 len 0x1000
[ff.run] (48.215s) criu> (47.636580) pie: 1001: Remap 0x7f4f0f2e1000->0x7fb4da147000 len 0x4000
[ff.run] (48.215s) criu> (47.636891) pie: 1001: Remap 0x7f4f0f2e0000->0x7fb4da146000 len 0x1000
[ff.run] (48.215s) criu> (47.637186) pie: 1001: Remap 0x7f4f0f2df000->0x7fb4da145000 len 0x1000
[ff.run] (48.215s) criu> (47.637268) pie: 1001: Remap 0x7f4f0f2d9000->0x7fb4da13f000 len 0x6000
[ff.run] (48.215s) criu> (47.637414) pie: 1001: Remap 0x7f4f0f2c8000->0x7fb4da12e000 len 0x11000
[ff.run] (48.215s) criu> (47.637495) pie: 1001: Remap 0x7f4f0f2c2000->0x7fb4da128000 len 0x6000
[ff.run] (48.216s) criu> (47.637636) pie: 1001: Remap 0x7f4f0f2c0000->0x7fb4da126000 len 0x2000
[ff.run] (48.216s) criu> (47.637875) pie: 1001: Remap 0x7f4f072bf000->0x7fb4ce124000 len 0x8001000
[ff.run] (48.217s) criu> (47.638611) pie: 1001: vdso: Runtime vdso/vvar matches dumpee, remap inplace
[ff.run] (48.217s) criu> (47.638731) pie: 1001: vdso: Using gettimeofday() on vdso at 0x7ffcc33d2c50
[ff.run] (48.217s) criu> (47.639196) pie: 1001: Failed to set /proc/self/exe link (ret=-1), proceeding anyways
[ff.run] (48.217s) criu> (47.639285) pie: 1001: Restoring scheduler params 0.0.0
[ff.run] (48.217s) criu> (47.639343) pie: 1001: 1001: Restored
[ff.run] (48.218s) criu> (47.639774)   1000: 1 threads require 104K of memory
[ff.run] (48.218s) criu> (47.639798)   1000: Found bootstrap VMA hint at: 0x10000 (needs ~128K)
[ff.run] (48.218s) criu> (47.639861)   1000: Thread    0 stack  0x1b080 rt_sigframe  0x23080
[ff.run] (48.218s) criu> (47.639922)   1000: Restoring umask to 22
[ff.run] (48.218s) criu> (47.639928)   1000: Dismissing the image streamer
[ff.run] (48.218s) criu> (47.639940)   1000: task_args: 0x25000
[ff.run] (48.218s) criu> task_args->pid: 1000
[ff.run] (48.218s) criu> task_args->nr_threads: 1
[ff.run] (48.218s) criu> task_args->clone_restore_fn: 0x119f0
[ff.run] (48.218s) criu> task_args->thread_args: 0x25540
[ff.run] (48.218s) criu> (47.639945) pie: 1000: Switched to the restorer 1000
[ff.run] (48.218s) criu> (47.640062) pie: 1000: vdso: Using gettimeofday() on vdso at 0x2ec50
[ff.run] (48.218s) criu> (47.640069) pie: 1000: Remap 0x7f4f0f552000->0x5653c1129000 len 0x5000
[ff.run] (48.218s) criu> (47.640075) pie: 1000: Remap 0x7f4f0f557000->0x5653c112e000 len 0x13000
[ff.run] (48.218s) criu> (47.640085) pie: 1000: Remap 0x7f4f0f56a000->0x5653c1141000 len 0x6000
[ff.run] (48.218s) criu> (47.640088) pie: 1000: Remap 0x7f4f0f570000->0x5653c1147000 len 0x2000
[ff.run] (48.218s) criu> (47.640093) pie: 1000: Remap 0x7f4f0f572000->0x5653c1149000 len 0x1000
[ff.run] (48.218s) criu> (47.640097) pie: 1000: Remap 0x7f4f0f573000->0x5653c114a000 len 0x2000
[ff.run] (48.218s) criu> (47.640103) pie: 1000: Remap 0x7f4f0f575000->0x5653c2447000 len 0x21000
[ff.run] (48.218s) criu> (47.640116) pie: 1000: Remap 0x7f4f0f826000->0x7ffdfe2ed000 len 0x2000
[ff.run] (48.218s) criu> (47.640123) pie: 1000: Remap 0x7f4f0f822000->0x7ffdfe2e9000 len 0x4000
[ff.run] (48.218s) criu> (47.640127) pie: 1000: Remap 0x7f4f0f801000->0x7ffdfe2c3000 len 0x21000
[ff.run] (48.218s) criu> (47.640138) pie: 1000: Remap 0x7f4f0f800000->0x7fdaa294e000 len 0x1000
[ff.run] (48.218s) criu> (47.640145) pie: 1000: Remap 0x7f4f0f7fd000->0x7fdaa294b000 len 0x3000
[ff.run] (48.218s) criu> (47.640151) pie: 1000: Remap 0x7f4f0f7fa000->0x7fdaa2948000 len 0x3000
[ff.run] (48.218s) criu> (47.640155) pie: 1000: Remap 0x7f4f0f7ed000->0x7fdaa293b000 len 0xd000
[ff.run] (48.218s) criu> (47.640158) pie: 1000: Remap 0x7f4f0f7eb000->0x7fdaa2939000 len 0x2000
[ff.run] (48.218s) criu> (47.640161) pie: 1000: Remap 0x7f4f0f7ea000->0x7fdaa2938000 len 0x1000
[ff.run] (48.218s) criu> (47.640165) pie: 1000: Remap 0x7f4f0f7e9000->0x7fdaa2937000 len 0x1000
[ff.run] (48.218s) criu> (47.640171) pie: 1000: Remap 0x7f4f0f7e8000->0x7fdaa2936000 len 0x1000
[ff.run] (48.218s) criu> (47.640176) pie: 1000: Remap 0x7f4f0f7e7000->0x7fdaa2935000 len 0x1000
[ff.run] (48.218s) criu> (47.640180) pie: 1000: Remap 0x7f4f0f7df000->0x7fdaa292d000 len 0x8000
[ff.run] (48.218s) criu> (47.640183) pie: 1000: Remap 0x7f4f0f7bc000->0x7fdaa290a000 len 0x23000
[ff.run] (48.218s) criu> (47.640186) pie: 1000: Remap 0x7f4f0f7bb000->0x7fdaa2909000 len 0x1000
[ff.run] (48.218s) criu> (47.640188) pie: 1000: Remap 0x7f4f0f7b9000->0x7fdaa2907000 len 0x2000
[ff.run] (48.218s) criu> (47.640192) pie: 1000: Remap 0x7f4f0f7b8000->0x7fdaa2906000 len 0x1000
[ff.run] (48.218s) criu> (47.640197) pie: 1000: Remap 0x7f4f0f7b7000->0x7fdaa2905000 len 0x1000
[ff.run] (48.218s) criu> (47.640202) pie: 1000: Remap 0x7f4f0f7b6000->0x7fdaa2904000 len 0x1000
[ff.run] (48.219s) criu> (47.640206) pie: 1000: Remap 0x7f4f0f7b5000->0x7fdaa2903000 len 0x1000
[ff.run] (48.219s) criu> (47.640210) pie: 1000: Remap 0x7f4f0f7b4000->0x7fdaa2902000 len 0x1000
[ff.run] (48.219s) criu> (47.640212) pie: 1000: Remap 0x7f4f0f7b3000->0x7fdaa2901000 len 0x1000
[ff.run] (48.219s) criu> (47.640215) pie: 1000: Remap 0x7f4f0f7af000->0x7fdaa28f9000 len 0x4000
[ff.run] (48.219s) criu> (47.640219) pie: 1000: Remap 0x7f4f0f7ad000->0x7fdaa28f7000 len 0x2000
[ff.run] (48.219s) criu> (47.640224) pie: 1000: Remap 0x7f4f0f7a9000->0x7fdaa28f3000 len 0x4000
[ff.run] (48.219s) criu> (47.640229) pie: 1000: Remap 0x7f4f0f75b000->0x7fdaa28a5000 len 0x4e000
[ff.run] (48.219s) criu> (47.640233) pie: 1000: Remap 0x7f4f0f5e3000->0x7fdaa272d000 len 0x178000
[ff.run] (48.219s) criu> (47.640238) pie: 1000: Remap 0x7f4f0f5c1000->0x7fdaa270b000 len 0x22000
[ff.run] (48.219s) criu> (47.640242) pie: 1000: Remap 0x7f4f0f5c0000->0x7fdaa270a000 len 0x1000
[ff.run] (48.219s) criu> (47.640247) pie: 1000: Remap 0x7f4f0f5bf000->0x7fdaa2709000 len 0x1000
[ff.run] (48.219s) criu> (47.640251) pie: 1000: Remap 0x7f4f0f5be000->0x7fdaa2708000 len 0x1000
[ff.run] (48.219s) criu> (47.640255) pie: 1000: Remap 0x7f4f0f5bc000->0x7fdaa2706000 len 0x2000
[ff.run] (48.220s) criu> (47.640258) pie: 1000: Remap 0x7f4f0f5bb000->0x7fdaa2705000 len 0x1000
[ff.run] (48.220s) criu> (47.640260) pie: 1000: Remap 0x7f4f0f5b7000->0x7fdaa2701000 len 0x4000
[ff.run] (48.220s) criu> (47.640265) pie: 1000: Remap 0x7f4f0f5b6000->0x7fdaa2700000 len 0x1000
[ff.run] (48.220s) criu> (47.640270) pie: 1000: Remap 0x7f4f0f5b5000->0x7fdaa26ff000 len 0x1000
[ff.run] (48.220s) criu> (47.640274) pie: 1000: Remap 0x7f4f0f5af000->0x7fdaa26f9000 len 0x6000
[ff.run] (48.220s) criu> (47.640278) pie: 1000: Remap 0x7f4f0f59e000->0x7fdaa26e8000 len 0x11000
[ff.run] (48.221s) criu> (47.640280) pie: 1000: Remap 0x7f4f0f598000->0x7fdaa26e2000 len 0x6000
[ff.run] (48.221s) criu> (47.640283) pie: 1000: Remap 0x7f4f0f596000->0x7fdaa26e0000 len 0x2000
[ff.run] (48.221s) criu> (47.640294) pie: 1000: vdso: Runtime vdso/vvar matches dumpee, remap inplace
[ff.run] (48.221s) criu> (47.640309) pie: 1000: vdso: Using gettimeofday() on vdso at 0x7ffdfe2edc50
[ff.run] (48.221s) criu> (47.640341) pie: 1000: Failed to set /proc/self/exe link (ret=-1), proceeding anyways
[ff.run] (48.221s) criu> (47.640346) pie: 1000: Restoring scheduler params 0.0.0
[ff.run] (48.221s) criu> (47.640357) pie: 1000: 1000: Restored
[ff.run] (48.223s) criu> (47.644736) Restore finished successfully. Tasks resumed.
[ff.run] (48.223s) criu> (47.644779) Writing stats
Displaying restore stats:
Pages compared: 0 (0x0)
Pages skipped COW: 0 (0x0)
Pages restored: 65659 (0x1007b)
Restore time: 47633858 us
Forking time: 47283918 us
[ff.run] (48.223s) criu> (47.644946) Dismissing the image streamer
1692641074832106 Counter: 11
[ff.run] (48.223s) Application is ready, restore took 48.2s
1692641074831732 Counter: 11
1692641075832420 Counter: 12
1692641075832992 Counter: 12
1692641076832557 Counter: 13
1692641076833206 Counter: 13
1692641077832797 Counter: 14
1692641077833459 Counter: 14
^C[ff.run] (52.054s) Exiting with exit_code=130: Application caught fatal signal SIGINT
