[ff.run] (0.001s) Waiting to acquire file lock at /var/tmp/fastfreeze/run/lock
[ff.run] (0.002s) + criu check
[ff.run] (0.010s) Preparing image store
[ff.run] (0.010s) Fetching image manifest for file:///tmp/ff-test
[ff.run] (0.011s) + pv -q "/tmp/ff-test/manifest.json"
[ff.run] (0.014s) Image manifest found: version=2021-03-22, num_shards=4 compression=lz4 encryption=none prefix=vZGFdG
[ff.run] (0.014s) Restoring application
[ff.run] (0.015s) + criu-image-streamer --progress-fd 8 --ext-file-fds fs.tar:10 --shard-fds 11,13,15,17 --images-dir /var/tmp/fastfreeze/run serve
[ff.run] (0.016s) + pv -q "/tmp/ff-test/vZGFdG-1.ffs" | lz4 -d - -
[ff.run] (0.018s) + pv -q "/tmp/ff-test/vZGFdG-2.ffs" | lz4 -d - -
[ff.run] (0.018s) + pv -q "/tmp/ff-test/vZGFdG-3.ffs" | lz4 -d - -
[ff.run] (0.020s) + pv -q "/tmp/ff-test/vZGFdG-4.ffs" | lz4 -d - -
[ff.run] (0.020s) Restoring filesystem
[ff.run] (0.025s) + tar --verbose --directory / --extract --preserve-permissions --no-overwrite-dir --file -
var/tmp/fastfreeze/
var/tmp/fastfreeze/ld-inject.env
var/tmp/fastfreeze/virttime-conf.bin
var/tmp/fastfreeze/app-config.json
var/tmp/fastfreeze/logs/
var/tmp/fastfreeze/logs/ff-20230827-144712-run-yULGKN.log
var/tmp/fastfreeze/logs/ff-20230827-144732-checkpoint-TX7cHT.log
var/tmp/fastfreeze/logs/ff-20230827-144738-checkpoint-vZGFdG.log
[ff.run] (0.057s) Filesystem restored
[ff.run] (0.058s) + set_ns_last_pid 900
set_ns_last_pid: WARN: /proc/sys/kernel/pid_max is high. This might take a while
[ff.run] (0.153s) Application inherits tty[8800:44] via fd:[0, 1, 2]
[ff.run] (0.153s) Duration between restore and checkpoint: 47.3s
[ff.run] (0.153s) Application clock: 26.1s
[ff.run] (0.154s) Starting set_ns_last_pid server
[ff.run] (0.158s) + set_ns_last_pid /var/tmp/fastfreeze/run/set_ns_last_pid.sock
set_ns_last_pid: WARN: /proc/sys/kernel/pid_max is high. This might take a while
[ff.run] (0.260s) Continuing reading image in memory...
[ff.run] (0.430s) Uncompressed image size is 257 MiB, rate: 623 MiB/s
[ff.run] (0.430s)   Shard 1: 63 MiB, rate: 154 MiB/s
[ff.run] (0.430s)   Shard 2: 66 MiB, rate: 161 MiB/s
[ff.run] (0.430s)   Shard 3: 65 MiB, rate: 159 MiB/s
[ff.run] (0.430s)   Shard 4: 61 MiB, rate: 149 MiB/s
[ff.run] (0.431s) Restoring processes
[ff.run] (0.432s) + criu restore --restore-sibling --restore-detached --tcp-close --ext-unix-sk --images-dir /var/tmp/fastfreeze/run --cpu-cap --shell-job --file-locks --file-validation filesize --stream -v --display-stats --inherit-fd fd[0]:tty[8800:44]
[ff.run] (0.434s) criu> (00.000000) Will drop all TCP connections on restore
[ff.run] (0.434s) criu> (00.000080) Version: 3.15 (gitid 0)
[ff.run] (0.434s) criu> (00.000173) Running on 1155457d6cc2 Linux 6.2.0-26-generic #26~22.04.1-Ubuntu SMP PREEMPT_DYNAMIC Thu Jul 13 16:27:29 UTC 2 x86_64
[ff.run] (0.434s) criu> (00.000285) sockets: Probing sock diag modules
[ff.run] (0.435s) criu> (00.000418) sockets: Done probing
[ff.run] (0.435s) criu> (00.000533) Pagemap provides flags only
[ff.run] (0.435s) criu> (00.001025) Found anon-shmem device at 1
[ff.run] (0.435s) criu> (00.001139) Reset 906's dirty tracking
[ff.run] (0.435s) criu> (00.001232) Dirty tracking support is OFF
[ff.run] (0.436s) criu> (00.001311) Zero page detection failed, optimization turns off.
[ff.run] (0.443s) criu> (00.009052) uffd: Lazy pages are not available: Operation not permitted
[ff.run] (0.443s) criu> (00.009125) Lazy pages are not permited
[ff.run] (0.446s) criu> (00.011726) File tty[8800:44] will be restored from inherit fd 0
[ff.run] (0.446s) criu> (00.012195) Reading image tree
[ff.run] (0.447s) criu> (00.012605) Add mnt ns 6 pid 1000
[ff.run] (0.447s) criu> (00.012694) Add net ns 2 pid 1000
[ff.run] (0.447s) criu> (00.012721) Add pid ns 1 pid 1000
[ff.run] (0.447s) criu> (00.013047) Will restore in 0 namespaces
[ff.run] (0.447s) criu> (00.013115) Collecting 51/56 (flags 3)
[ff.run] (0.447s) criu> (00.013198) No memfd.img image
[ff.run] (0.447s) criu> (00.013272) Collecting 40/54 (flags 2)
[ff.run] (0.448s) criu> (00.013398) Collected [usr/bin/dash] ID 0x1
[ff.run] (0.448s) criu> (00.013465) Collected [var/tmp/fastfreeze/virttime-conf.bin] ID 0x2
[ff.run] (0.448s) criu> (00.013532) Collected [usr/lib/x86_64-linux-gnu/libpthread-2.31.so] ID 0x3
[ff.run] (0.448s) criu> (00.013604) Collected [usr/lib/x86_64-linux-gnu/libdl-2.31.so] ID 0x4
[ff.run] (0.448s) criu> (00.013674) Collected [usr/lib/x86_64-linux-gnu/libc-2.31.so] ID 0x5
[ff.run] (0.448s) criu> (00.013933) Collected [var/tmp/fastfreeze/run/libvirttime.so] ID 0x6
[ff.run] (0.448s) criu> (00.014014) Collected [var/tmp/fastfreeze/run/ld-linux-x86-64.so.2] ID 0x7
[ff.run] (0.448s) criu> (00.014083) Collected [var/tmp/fastfreeze/run/ld-virtcpuid.so] ID 0x8
[ff.run] (0.448s) criu> (00.014150) Collected [dev/pts/0] ID 0xa
[ff.run] (0.449s) criu> (00.014378) Collected [opt/memoryhog/entrypoint.sh] ID 0xb
[ff.run] (0.449s) criu> (00.014632) Collected [.] ID 0xc
[ff.run] (0.449s) criu> (00.014704) Collected [opt/memoryhog/memoryhog] ID 0xd
[ff.run] (0.449s) criu> (00.014769) Collected [dev/null] ID 0xe
[ff.run] (0.449s) criu> (00.014845) Collected [dev/null] ID 0xf
[ff.run] (0.449s) criu> (00.014923) Collecting 46/68 (flags 0)
[ff.run] (0.449s) criu> (00.015018) No remap-fpath.img image
[ff.run] (0.449s) criu> (00.015082) tty: Standard stream is not a terminal, may fail later
[ff.run] (0.450s) criu> (00.015173) No apparmor.img image
[ff.run] (0.450s) criu> (00.015411) No cgroup.img image
[ff.run] (0.450s) criu> (00.015684) No pidns-1.img image
[ff.run] (0.450s) criu> (00.015921) MYCOMMENT: Start fork_with_pid for pid 1000
[ff.run] (0.450s) criu> (00.016032) Forking task with 1000 pid (flags 0x8000)
[ff.run] (0.453s) criu> (00.019227) MYCOMMENT: From fork with pid call clone_n.., 1000
[ff.run] (0.454s) criu> (00.019742) MYCOMMENT: From fork with pid finish clone_n., 1000 with ret=1000
[ff.run] (0.454s) criu> (00.019781) MYCOMMENT: From fork_with_pid Enter case !(ca.clone_flags & CLONE_NEWPID) for 1000
[ff.run] (0.454s) criu> (00.019793) MYCOMMENT: From fork_with_pid Enter case ca.core=True, for 1000
[ff.run] (0.454s) criu> (00.019825) MYCOMMENT: End fork_with_pid for 1000
[ff.run] (0.454s) criu> (00.019737) MYCOMMENT: Enter rtwc
[ff.run] (0.454s) criu> (00.020033)   1000: Calling restore_sid() for init
[ff.run] (0.454s) criu> (00.020293)   1000: Collecting 44/37 (flags 2)
[ff.run] (0.455s) criu> (00.020641)   1000: tty: Collected tty ID 0x9 (ext)
[ff.run] (0.455s) criu> (00.020748)   1000: Collecting 45/51 (flags 0)
[ff.run] (0.455s) criu> (00.020844)   1000: No tty-data.img image
[ff.run] (0.455s) criu> (00.020908)   1000: Restoring namespaces 1000 flags 0x8000
[ff.run] (0.455s) criu> (00.021161)   1000: Preparing info about shared resources
[ff.run] (0.456s) criu> (00.021258)   1000: No seccomp.img image
[ff.run] (0.456s) criu> (00.021486)   1000: Collecting 48/38 (flags 0)
[ff.run] (0.456s) criu> (00.021581)   1000: No filelocks.img image
[ff.run] (0.456s) criu> (00.021644)   1000: Collecting 42/27 (flags 0)
[ff.run] (0.456s) criu> (00.021915)   1000: No pipes-data.img image
[ff.run] (0.456s) criu> (00.022006)   1000: Collecting 43/27 (flags 0)
[ff.run] (0.456s) criu> (00.022092)   1000: No fifo-data.img image
[ff.run] (0.457s) criu> (00.022332)   1000: Collecting 41/69 (flags 0)
[ff.run] (0.457s) criu> (00.022435)   1000: No sk-queues.img image
[ff.run] (0.457s) criu> (00.022754)   1000: vma 0x55ef7517b000 0x55ef75180000
[ff.run] (0.457s) criu> (00.022836)   1000: vma 0x55ef75180000 0x55ef75193000
[ff.run] (0.457s) criu> (00.022899)   1000: vma 0x55ef75193000 0x55ef75199000
[ff.run] (0.457s) criu> (00.022969)   1000: vma 0x55ef75199000 0x55ef7519b000
[ff.run] (0.457s) criu> (00.023040)   1000: vma 0x55ef7519b000 0x55ef7519c000
[ff.run] (0.457s) criu> (00.023103)   1000: vma 0x55ef7519c000 0x55ef7519e000
[ff.run] (0.457s) criu> (00.023174)   1000: vma 0x55ef757fa000 0x55ef7581b000
[ff.run] (0.457s) criu> (00.023244)   1000: vma 0x7fb1c0445000 0x7fb1c4446000
[ff.run] (0.458s) criu> (00.023315)   1000: vma 0x7fb1c4446000 0x7fb1c4448000
[ff.run] (0.458s) criu> (00.023394)   1000: vma 0x7fb1c4448000 0x7fb1c444e000
[ff.run] (0.458s) criu> (00.023466)   1000: vma 0x7fb1c444e000 0x7fb1c445f000
[ff.run] (0.458s) criu> (00.023534)   1000: vma 0x7fb1c445f000 0x7fb1c4465000
[ff.run] (0.458s) criu> (00.023605)   1000: vma 0x7fb1c4465000 0x7fb1c4466000
[ff.run] (0.458s) criu> (00.023676)   1000: vma 0x7fb1c4466000 0x7fb1c4467000
[ff.run] (0.458s) criu> (00.023747)   1000: vma 0x7fb1c4467000 0x7fb1c446b000
[ff.run] (0.458s) criu> (00.023810)   1000: vma 0x7fb1c446b000 0x7fb1c446c000
[ff.run] (0.458s) criu> (00.024100)   1000: vma 0x7fb1c446c000 0x7fb1c446e000
[ff.run] (0.458s) criu> (00.024163)   1000: vma 0x7fb1c446e000 0x7fb1c446f000
[ff.run] (0.458s) criu> (00.024234)   1000: vma 0x7fb1c446f000 0x7fb1c4470000
[ff.run] (0.458s) criu> (00.024298)   1000: vma 0x7fb1c4470000 0x7fb1c4471000
[ff.run] (0.459s) criu> (00.024550)   1000: vma 0x7fb1c4471000 0x7fb1c4493000
[ff.run] (0.459s) criu> (00.024629)   1000: vma 0x7fb1c4493000 0x7fb1c460b000
[ff.run] (0.459s) criu> (00.024696)   1000: vma 0x7fb1c460b000 0x7fb1c4659000
[ff.run] (0.459s) criu> (00.024744)   1000: vma 0x7fb1c4659000 0x7fb1c465d000
[ff.run] (0.459s) criu> (00.024803)   1000: vma 0x7fb1c465d000 0x7fb1c465f000
[ff.run] (0.459s) criu> (00.024873)   1000: vma 0x7fb1c465f000 0x7fb1c4663000
[ff.run] (0.459s) criu> (00.024938)   1000: vma 0x7fb1c4667000 0x7fb1c4668000
[ff.run] (0.459s) criu> (00.025208)   1000: vma 0x7fb1c4668000 0x7fb1c4669000
[ff.run] (0.459s) criu> (00.025273)   1000: vma 0x7fb1c4669000 0x7fb1c466a000
[ff.run] (0.460s) criu> (00.025344)   1000: vma 0x7fb1c466a000 0x7fb1c466b000
[ff.run] (0.460s) criu> (00.025416)   1000: vma 0x7fb1c466b000 0x7fb1c466c000
[ff.run] (0.460s) criu> (00.025487)   1000: vma 0x7fb1c466c000 0x7fb1c466d000
[ff.run] (0.460s) criu> (00.025558)   1000: vma 0x7fb1c466d000 0x7fb1c466f000
[ff.run] (0.460s) criu> (00.025629)   1000: vma 0x7fb1c466f000 0x7fb1c4670000
[ff.run] (0.460s) criu> (00.025706)   1000: vma 0x7fb1c4670000 0x7fb1c4693000
[ff.run] (0.460s) criu> (00.025771)   1000: vma 0x7fb1c4693000 0x7fb1c469b000
[ff.run] (0.460s) criu> (00.025932)   1000: vma 0x7fb1c469b000 0x7fb1c469c000
[ff.run] (0.460s) criu> (00.026010)   1000: vma 0x7fb1c469c000 0x7fb1c469d000
[ff.run] (0.460s) criu> (00.026079)   1000: vma 0x7fb1c469d000 0x7fb1c469e000
[ff.run] (0.460s) criu> (00.026146)   1000: vma 0x7fb1c469e000 0x7fb1c469f000
[ff.run] (0.461s) criu> (00.026209)   1000: vma 0x7fb1c469f000 0x7fb1c46a1000
[ff.run] (0.461s) criu> (00.026432)   1000: vma 0x7fb1c46a1000 0x7fb1c46ae000
[ff.run] (0.461s) criu> (00.026628)   1000: vma 0x7fb1c46ae000 0x7fb1c46b1000
[ff.run] (0.461s) criu> (00.026693)   1000: vma 0x7fb1c46b1000 0x7fb1c46b4000
[ff.run] (0.461s) criu> (00.026764)   1000: vma 0x7fb1c46b4000 0x7fb1c46b5000
[ff.run] (0.461s) criu> (00.026834)   1000: vma 0x7ffdbf4ea000 0x7ffdbf50b000
[ff.run] (0.461s) criu> (00.026905)   1000: vma 0x7ffdbf57c000 0x7ffdbf580000
[ff.run] (0.461s) criu> (00.026976)   1000: vma 0x7ffdbf580000 0x7ffdbf582000
[ff.run] (0.461s) criu> (00.027053)   1000: vma 0xffffffffff600000 0xffffffffff601000
[ff.run] (0.461s) criu> (00.027173)   1000: Collect fdinfo pid=1000 fd=0 id=0x9
[ff.run] (0.461s) criu> (00.027237)   1000: Collect fdinfo pid=1000 fd=1 id=0x9
[ff.run] (0.462s) criu> (00.027308)   1000: Collect fdinfo pid=1000 fd=2 id=0x9
[ff.run] (0.462s) criu> (00.027566)   1000: Collect fdinfo pid=1000 fd=10 id=0xb
[ff.run] (0.462s) criu> (00.027929)   1000: vma 0x55f3aa7e1000 0x55f3aa7e2000
[ff.run] (0.462s) criu> (00.027990)   1000: vma 0x55f3aa7e2000 0x55f3aa7e3000
[ff.run] (0.462s) criu> (00.028055)   1000: vma 0x55f3aa7e3000 0x55f3aa7e4000
[ff.run] (0.462s) criu> (00.028128)   1000: vma 0x55f3aa7e4000 0x55f3aa7e5000
[ff.run] (0.462s) criu> (00.028177)   1000: vma 0x55f3aa7e5000 0x55f3aa7e6000
[ff.run] (0.462s) criu> (00.028236)   1000: vma 0x55f3abb60000 0x55f3abb81000
[ff.run] (0.463s) criu> (00.028308)   1000: vma 0x7f079b680000 0x7f07a3681000
[ff.run] (0.463s) criu> (00.028379)   1000: vma 0x7f07a3681000 0x7f07a7682000
[ff.run] (0.463s) criu> (00.028442)   1000: vma 0x7f07a7682000 0x7f07a7684000
[ff.run] (0.463s) criu> (00.028512)   1000: vma 0x7f07a7684000 0x7f07a768a000
[ff.run] (0.463s) criu> (00.028575)   1000: vma 0x7f07a768a000 0x7f07a769b000
[ff.run] (0.463s) criu> (00.028796)   1000: vma 0x7f07a769b000 0x7f07a76a1000
[ff.run] (0.463s) criu> (00.028860)   1000: vma 0x7f07a76a1000 0x7f07a76a2000
[ff.run] (0.463s) criu> (00.028871)   1000: vma 0x7f07a76a2000 0x7f07a76a3000
[ff.run] (0.463s) criu> (00.028874)   1000: vma 0x7f07a76a3000 0x7f07a76a7000
[ff.run] (0.463s) criu> (00.028875)   1000: vma 0x7f07a76a7000 0x7f07a76a8000
[ff.run] (0.463s) criu> (00.028876)   1000: vma 0x7f07a76a8000 0x7f07a76aa000
[ff.run] (0.463s) criu> (00.028877)   1000: vma 0x7f07a76aa000 0x7f07a76ab000
[ff.run] (0.463s) criu> (00.028878)   1000: vma 0x7f07a76ab000 0x7f07a76ac000
[ff.run] (0.463s) criu> (00.028879)   1000: vma 0x7f07a76ac000 0x7f07a76ad000
[ff.run] (0.463s) criu> (00.028880)   1000: vma 0x7f07a76ad000 0x7f07a76cf000
[ff.run] (0.463s) criu> (00.028880)   1000: vma 0x7f07a76cf000 0x7f07a7847000
[ff.run] (0.463s) criu> (00.028881)   1000: vma 0x7f07a7847000 0x7f07a7895000
[ff.run] (0.463s) criu> (00.028883)   1000: vma 0x7f07a7895000 0x7f07a7899000
[ff.run] (0.463s) criu> (00.028883)   1000: vma 0x7f07a7899000 0x7f07a789b000
[ff.run] (0.463s) criu> (00.028884)   1000: vma 0x7f07a789b000 0x7f07a789f000
[ff.run] (0.463s) criu> (00.028885)   1000: vma 0x7f07a78a3000 0x7f07a78a4000
[ff.run] (0.463s) criu> (00.028886)   1000: vma 0x7f07a78a4000 0x7f07a78a5000
[ff.run] (0.463s) criu> (00.028887)   1000: vma 0x7f07a78a5000 0x7f07a78a6000
[ff.run] (0.464s) criu> (00.028892)   1000: vma 0x7f07a78a6000 0x7f07a78a7000
[ff.run] (0.464s) criu> (00.028893)   1000: vma 0x7f07a78a7000 0x7f07a78a8000
[ff.run] (0.464s) criu> (00.028894)   1000: vma 0x7f07a78a8000 0x7f07a78a9000
[ff.run] (0.464s) criu> (00.028895)   1000: vma 0x7f07a78a9000 0x7f07a78ab000
[ff.run] (0.464s) criu> (00.028896)   1000: vma 0x7f07a78ab000 0x7f07a78ac000
[ff.run] (0.464s) criu> (00.028897)   1000: vma 0x7f07a78ac000 0x7f07a78cf000
[ff.run] (0.464s) criu> (00.028898)   1000: vma 0x7f07a78cf000 0x7f07a78d7000
[ff.run] (0.464s) criu> (00.028899)   1000: vma 0x7f07a78d7000 0x7f07a78d8000
[ff.run] (0.464s) criu> (00.028900)   1000: vma 0x7f07a78d8000 0x7f07a78d9000
[ff.run] (0.464s) criu> (00.028901)   1000: vma 0x7f07a78d9000 0x7f07a78da000
[ff.run] (0.464s) criu> (00.028902)   1000: vma 0x7f07a78da000 0x7f07a78db000
[ff.run] (0.464s) criu> (00.028903)   1000: vma 0x7f07a78db000 0x7f07a78dd000
[ff.run] (0.464s) criu> (00.028904)   1000: vma 0x7f07a78dd000 0x7f07a78ea000
[ff.run] (0.464s) criu> (00.028905)   1000: vma 0x7f07a78ea000 0x7f07a78ed000
[ff.run] (0.464s) criu> (00.028906)   1000: vma 0x7f07a78ed000 0x7f07a78f0000
[ff.run] (0.464s) criu> (00.028907)   1000: vma 0x7f07a78f0000 0x7f07a78f1000
[ff.run] (0.464s) criu> (00.028907)   1000: vma 0x7ffc20c50000 0x7ffc20c71000
[ff.run] (0.464s) criu> (00.028908)   1000: vma 0x7ffc20ce3000 0x7ffc20ce7000
[ff.run] (0.464s) criu> (00.028909)   1000: vma 0x7ffc20ce7000 0x7ffc20ce9000
[ff.run] (0.464s) criu> (00.028910)   1000: vma 0xffffffffff600000 0xffffffffff601000
[ff.run] (0.464s) criu> (00.029494)   1000: Collect fdinfo pid=1002 fd=0 id=0xf
[ff.run] (0.464s) criu> (00.029506)   1000: Collect fdinfo pid=1002 fd=1 id=0x9
[ff.run] (0.464s) criu> (00.029508)   1000: Collect fdinfo pid=1002 fd=2 id=0x9
[ff.run] (0.464s) criu> (00.029753)   1000: vma 0x56151f68c000 0x56151f68d000
[ff.run] (0.464s) criu> (00.029757)   1000: vma 0x56151f68d000 0x56151f68e000
[ff.run] (0.464s) criu> (00.029758)   1000: vma 0x56151f68e000 0x56151f68f000
[ff.run] (0.464s) criu> (00.029759)   1000: vma 0x56151f68f000 0x56151f690000
[ff.run] (0.464s) criu> (00.029760)   1000: vma 0x56151f690000 0x56151f691000
[ff.run] (0.464s) criu> (00.029761)   1000: vma 0x56151fbe1000 0x56151fc02000
[ff.run] (0.464s) criu> (00.029761)   1000: vma 0x7f9915639000 0x7f991d63a000
[ff.run] (0.464s) criu> (00.029762)   1000: vma 0x7f991d63a000 0x7f992163b000
[ff.run] (0.464s) criu> (00.029763)   1000: vma 0x7f992163b000 0x7f992163d000
[ff.run] (0.464s) criu> (00.029764)   1000: vma 0x7f992163d000 0x7f9921643000
[ff.run] (0.464s) criu> (00.029765)   1000: vma 0x7f9921643000 0x7f9921654000
[ff.run] (0.464s) criu> (00.029766)   1000: vma 0x7f9921654000 0x7f992165a000
[ff.run] (0.464s) criu> (00.029767)   1000: vma 0x7f992165a000 0x7f992165b000
[ff.run] (0.464s) criu> (00.029768)   1000: vma 0x7f992165b000 0x7f992165c000
[ff.run] (0.464s) criu> (00.029769)   1000: vma 0x7f992165c000 0x7f9921660000
[ff.run] (0.464s) criu> (00.029770)   1000: vma 0x7f9921660000 0x7f9921661000
[ff.run] (0.464s) criu> (00.029771)   1000: vma 0x7f9921661000 0x7f9921663000
[ff.run] (0.464s) criu> (00.029772)   1000: vma 0x7f9921663000 0x7f9921664000
[ff.run] (0.464s) criu> (00.029773)   1000: vma 0x7f9921664000 0x7f9921665000
[ff.run] (0.464s) criu> (00.029774)   1000: vma 0x7f9921665000 0x7f9921666000
[ff.run] (0.464s) criu> (00.029775)   1000: vma 0x7f9921666000 0x7f9921688000
[ff.run] (0.464s) criu> (00.029775)   1000: vma 0x7f9921688000 0x7f9921800000
[ff.run] (0.465s) criu> (00.029776)   1000: vma 0x7f9921800000 0x7f992184e000
[ff.run] (0.465s) criu> (00.029777)   1000: vma 0x7f992184e000 0x7f9921852000
[ff.run] (0.465s) criu> (00.029778)   1000: vma 0x7f9921852000 0x7f9921854000
[ff.run] (0.465s) criu> (00.029779)   1000: vma 0x7f9921854000 0x7f9921858000
[ff.run] (0.465s) criu> (00.029780)   1000: vma 0x7f992185c000 0x7f992185d000
[ff.run] (0.465s) criu> (00.029781)   1000: vma 0x7f992185d000 0x7f992185e000
[ff.run] (0.465s) criu> (00.029782)   1000: vma 0x7f992185e000 0x7f992185f000
[ff.run] (0.465s) criu> (00.029783)   1000: vma 0x7f992185f000 0x7f9921860000
[ff.run] (0.465s) criu> (00.029784)   1000: vma 0x7f9921860000 0x7f9921861000
[ff.run] (0.465s) criu> (00.029786)   1000: vma 0x7f9921861000 0x7f9921862000
[ff.run] (0.465s) criu> (00.029787)   1000: vma 0x7f9921862000 0x7f9921864000
[ff.run] (0.465s) criu> (00.029788)   1000: vma 0x7f9921864000 0x7f9921865000
[ff.run] (0.465s) criu> (00.029789)   1000: vma 0x7f9921865000 0x7f9921888000
[ff.run] (0.465s) criu> (00.029790)   1000: vma 0x7f9921888000 0x7f9921890000
[ff.run] (0.465s) criu> (00.029791)   1000: vma 0x7f9921890000 0x7f9921891000
[ff.run] (0.465s) criu> (00.029792)   1000: vma 0x7f9921891000 0x7f9921892000
[ff.run] (0.465s) criu> (00.029793)   1000: vma 0x7f9921892000 0x7f9921893000
[ff.run] (0.465s) criu> (00.029794)   1000: vma 0x7f9921893000 0x7f9921894000
[ff.run] (0.465s) criu> (00.029795)   1000: vma 0x7f9921894000 0x7f9921896000
[ff.run] (0.465s) criu> (00.029795)   1000: vma 0x7f9921896000 0x7f99218a3000
[ff.run] (0.465s) criu> (00.029796)   1000: vma 0x7f99218a3000 0x7f99218a6000
[ff.run] (0.465s) criu> (00.029797)   1000: vma 0x7f99218a6000 0x7f99218a9000
[ff.run] (0.465s) criu> (00.029798)   1000: vma 0x7f99218a9000 0x7f99218aa000
[ff.run] (0.465s) criu> (00.029799)   1000: vma 0x7ffc7b770000 0x7ffc7b791000
[ff.run] (0.465s) criu> (00.029800)   1000: vma 0x7ffc7b7f7000 0x7ffc7b7fb000
[ff.run] (0.465s) criu> (00.029801)   1000: vma 0x7ffc7b7fb000 0x7ffc7b7fd000
[ff.run] (0.465s) criu> (00.029802)   1000: vma 0xffffffffff600000 0xffffffffff601000
[ff.run] (0.465s) criu> (00.031120)   1000: Collect fdinfo pid=1001 fd=0 id=0xe
[ff.run] (0.465s) criu> (00.031125)   1000: Collect fdinfo pid=1001 fd=1 id=0x9
[ff.run] (0.465s) criu> (00.031127)   1000: Collect fdinfo pid=1001 fd=2 id=0x9
[ff.run] (0.466s) criu> (00.031352)   1000: skqueue: Preparing SCMs
[ff.run] (0.466s) criu> (00.031358)   1000: tty: Inherit terminal for id 0x9
[ff.run] (0.466s) criu> (00.031359)   1000: tty: head driver ext id 0x9 index 1012 (master 0 sid 1 pgrp 1 inherit 1)
[ff.run] (0.466s) criu> (00.031361)   1000: File descs:
[ff.run] (0.466s) criu> (00.031362)   1000:  `- type 1 ID 0x1
[ff.run] (0.466s) criu> (00.031363)   1000:  `- type 1 ID 0x2
[ff.run] (0.466s) criu> (00.031364)   1000:  `- type 1 ID 0x3
[ff.run] (0.466s) criu> (00.031365)   1000:  `- type 1 ID 0x4
[ff.run] (0.466s) criu> (00.031366)   1000:  `- type 1 ID 0x5
[ff.run] (0.466s) criu> (00.031367)   1000:  `- type 1 ID 0x6
[ff.run] (0.466s) criu> (00.031368)   1000:  `- type 1 ID 0x7
[ff.run] (0.466s) criu> (00.031368)   1000:  `- type 1 ID 0x8
[ff.run] (0.466s) criu> (00.031369)   1000:  `- type 11 ID 0x9
[ff.run] (0.466s) criu> (00.031370)   1000:    `- FD 0 pid 1000
[ff.run] (0.466s) criu> (00.031371)   1000:    `- FD 1 pid 1000
[ff.run] (0.466s) criu> (00.031372)   1000:    `- FD 2 pid 1000
[ff.run] (0.466s) criu> (00.031373)   1000:    `- FD 1 pid 1001
[ff.run] (0.466s) criu> (00.031374)   1000:    `- FD 2 pid 1001
[ff.run] (0.466s) criu> (00.031374)   1000:    `- FD 1 pid 1002
[ff.run] (0.466s) criu> (00.031375)   1000:    `- FD 2 pid 1002
[ff.run] (0.466s) criu> (00.031376)   1000:  `- type 1 ID 0xa
[ff.run] (0.466s) criu> (00.031377)   1000:  `- type 1 ID 0xb
[ff.run] (0.466s) criu> (00.031378)   1000:    `- FD 10 pid 1000
[ff.run] (0.466s) criu> (00.031379)   1000:  `- type 1 ID 0xc
[ff.run] (0.466s) criu> (00.031380)   1000:  `- type 1 ID 0xd
[ff.run] (0.466s) criu> (00.031381)   1000:  `- type 1 ID 0xe
[ff.run] (0.466s) criu> (00.031381)   1000:    `- FD 0 pid 1001
[ff.run] (0.467s) criu> (00.031382)   1000:  `- type 1 ID 0xf
[ff.run] (0.467s) criu> (00.031383)   1000:    `- FD 0 pid 1002
[ff.run] (0.468s) criu> (00.033528)   1000: pr1000-1 Read 55ef75180000 1 pages
[ff.run] (0.468s) criu> (00.033543)   1000: pr1000-1 Read 55ef75199000 2 pages
[ff.run] (0.468s) criu> (00.033551)   1000: pr1000-1 Read 55ef7519b000 1 pages
[ff.run] (0.468s) criu> (00.033555)   1000: pr1000-1 Read 55ef7519d000 1 pages
[ff.run] (0.468s) criu> (00.033558)   1000: pr1000-1 Read 55ef757fa000 2 pages
[ff.run] (0.468s) criu> (00.033563)   1000: pr1000-1 Read 7fb1c4446000 2 pages
[ff.run] (0.468s) criu> (00.033567)   1000: pr1000-1 Read 7fb1c4465000 1 pages
[ff.run] (0.468s) criu> (00.033571)   1000: pr1000-1 Read 7fb1c4466000 1 pages
[ff.run] (0.468s) criu> (00.033575)   1000: pr1000-1 Read 7fb1c446a000 1 pages
[ff.run] (0.468s) criu> (00.033579)   1000: pr1000-1 Read 7fb1c446f000 1 pages
[ff.run] (0.468s) criu> (00.033583)   1000: pr1000-1 Read 7fb1c4470000 1 pages
[ff.run] (0.468s) criu> (00.033587)   1000: pr1000-1 Read 7fb1c4659000 4 pages
[ff.run] (0.468s) criu> (00.033598)   1000: pr1000-1 Read 7fb1c465d000 2 pages
[ff.run] (0.468s) criu> (00.033604)   1000: pr1000-1 Read 7fb1c465f000 2 pages
[ff.run] (0.468s) criu> (00.033608)   1000: pr1000-1 Read 7fb1c4662000 1 pages
[ff.run] (0.468s) criu> (00.033611)   1000: pr1000-1 Read 7fb1c466a000 1 pages
[ff.run] (0.468s) criu> (00.033615)   1000: pr1000-1 Read 7fb1c466b000 1 pages
[ff.run] (0.468s) criu> (00.033619)   1000: pr1000-1 Read 7fb1c466c000 1 pages
[ff.run] (0.468s) criu> (00.033623)   1000: pr1000-1 Read 7fb1c466d000 2 pages
[ff.run] (0.468s) criu> (00.033628)   1000: pr1000-1 Read 7fb1c469c000 1 pages
[ff.run] (0.468s) criu> (00.033632)   1000: pr1000-1 Read 7fb1c469d000 1 pages
[ff.run] (0.468s) criu> (00.033637)   1000: pr1000-1 Read 7fb1c469e000 1 pages
[ff.run] (0.468s) criu> (00.033640)   1000: pr1000-1 Read 7fb1c46b1000 3 pages
[ff.run] (0.468s) criu> (00.033648)   1000: pr1000-1 Read 7fb1c46b4000 1 pages
[ff.run] (0.468s) criu> (00.033652)   1000: pr1000-1 Read 7ffdbf507000 4 pages
[ff.run] (0.468s) criu> (00.033659)   1000: pr1000-1 Read 7ffdbf580000 2 pages
[ff.run] (0.468s) criu> (00.033670)   1000: nr_restored_pages: 41
[ff.run] (0.469s) criu> (00.033671)   1000: nr_shared_pages:   0
[ff.run] (0.469s) criu> (00.033672)   1000: nr_dropped_pages:   0
[ff.run] (0.469s) criu> (00.033673)   1000: nr_lazy:           0
[ff.run] (0.469s) criu> (00.033674)   1000: Restore on-core sigactions for 1000
[ff.run] (0.470s) criu> (00.033713)   1000: Restoring children in alien sessions:
[ff.run] (0.470s) criu> (00.033714)   1000: Restoring children in our session:
[ff.run] (0.470s) criu> (00.033715)   1000: MYCOMMENT: Start fork_with_pid for pid 1002
[ff.run] (0.471s) criu> (00.034673)   1000: Forking task with 1002 pid (flags 0x0)
[ff.run] (0.471s) criu> (00.035622)   1000: MYCOMMENT: From fork with pid call clone_n.., 1002
[ff.run] (0.472s) criu> (00.036125)   1000: MYCOMMENT: From fork with pid finish clone_n., 1002 with ret=1002
[ff.run] (0.472s) criu> (00.036138)   1000: MYCOMMENT: From fork_with_pid Enter case !(ca.clone_flags & CLONE_NEWPID) for 1002
[ff.run] (0.472s) criu> (00.036141)   1000: MYCOMMENT: From fork_with_pid Enter case ca.core=True, for 1002
[ff.run] (0.472s) criu> (00.036172)   1000: MYCOMMENT: End fork_with_pid for 1002
[ff.run] (0.472s) criu> (00.036174)   1000: MYCOMMENT: Start fork_with_pid for pid 1001
[ff.run] (0.472s) criu> (00.036764)   1000: Forking task with 1001 pid (flags 0x0)
[ff.run] (0.473s) criu> (00.038353)   1000: MYCOMMENT: Enter rtwc
[ff.run] (0.473s) criu> (00.039099)   1002: pr1002-2 Read 55f3aa7e2000 1 pages
[ff.run] (0.473s) criu> (00.039168)   1002: pr1002-2 Read 55f3aa7e4000 1 pages
[ff.run] (0.473s) criu> (00.039222)   1002: pr1002-2 Read 55f3aa7e5000 1 pages
[ff.run] (0.473s) criu> (00.039273)   1002: pr1002-2 Read 55f3abb60000 1 pages
[ff.run] (0.474s) criu> (00.039322)   1002: pr1002-2 Read 7f079b680000 255 pages
[ff.run] (0.474s) criu> (00.039719)   1002: pr1002-2 Read 7f079b77f000 256 pages
[ff.run] (0.474s) criu> (00.040129)   1002: pr1002-2 Read 7f079b87f000 256 pages
[ff.run] (0.475s) criu> (00.040529)   1002: pr1002-2 Read 7f079b97f000 256 pages
[ff.run] (0.475s) criu> (00.040947)   1002: pr1002-2 Read 7f079ba7f000 256 pages
[ff.run] (0.476s) criu> (00.041372)   1002: pr1002-2 Read 7f079bb7f000 256 pages
[ff.run] (0.476s) criu> (00.041778)   1002: pr1002-2 Read 7f079bc7f000 256 pages
[ff.run] (0.476s) criu> (00.042184)   1002: pr1002-2 Read 7f079bd7f000 256 pages
[ff.run] (0.477s) criu> (00.042583)   1002: pr1002-2 Read 7f079be7f000 256 pages
[ff.run] (0.478s) criu> (00.043360)   1002: pr1002-2 Read 7f079bf7f000 256 pages
[ff.run] (0.478s) criu> (00.043745)   1002: pr1002-2 Read 7f079c07f000 256 pages
[ff.run] (0.478s) criu> (00.044142)   1002: pr1002-2 Read 7f079c17f000 256 pages
[ff.run] (0.483s) criu> (00.048367)   1002: pr1002-2 Read 7f079c27f000 256 pages
[ff.run] (0.500s) criu> (00.065834)   1002: pr1002-2 Read 7f079c37f000 256 pages
[ff.run] (0.512s) criu> (00.077471)   1002: pr1002-2 Read 7f079c47f000 256 pages
[ff.run] (0.520s) criu> (00.085762)   1002: pr1002-2 Read 7f079c57f000 256 pages
[ff.run] (0.524s) criu> (00.089290)   1002: pr1002-2 Read 7f079c67f000 256 pages
[ff.run] (0.531s) criu> (00.096449)   1002: pr1002-2 Read 7f079c77f000 256 pages
[ff.run] (0.532s) criu> (00.097304)   1002: pr1002-2 Read 7f079c87f000 256 pages
[ff.run] (0.533s) criu> (00.099110)   1002: pr1002-2 Read 7f079c97f000 256 pages
[ff.run] (0.534s) criu> (00.099909)   1002: pr1002-2 Read 7f079ca7f000 256 pages
[ff.run] (0.535s) criu> (00.100725)   1002: pr1002-2 Read 7f079cb7f000 256 pages
[ff.run] (0.536s) criu> (00.101619)   1002: pr1002-2 Read 7f079cc7f000 256 pages
[ff.run] (0.537s) criu> (00.102739)   1002: pr1002-2 Read 7f079cd7f000 256 pages
[ff.run] (0.538s) criu> (00.103972)   1002: pr1002-2 Read 7f079ce7f000 256 pages
[ff.run] (0.539s) criu> (00.105197)   1002: pr1002-2 Read 7f079cf7f000 256 pages
[ff.run] (0.541s) criu> (00.106772)   1002: pr1002-2 Read 7f079d07f000 256 pages
[ff.run] (0.542s) criu> (00.107711)   1002: pr1002-2 Read 7f079d17f000 256 pages
[ff.run] (0.543s) criu> (00.108661)   1002: pr1002-2 Read 7f079d27f000 256 pages
[ff.run] (0.544s) criu> (00.109864)   1002: pr1002-2 Read 7f079d37f000 256 pages
[ff.run] (0.545s) criu> (00.110668)   1002: pr1002-2 Read 7f079d47f000 256 pages
[ff.run] (0.546s) criu> (00.111488)   1002: pr1002-2 Read 7f079d57f000 256 pages
[ff.run] (0.547s) criu> (00.112346)   1002: pr1002-2 Read 7f079d67f000 256 pages
[ff.run] (0.548s) criu> (00.113529)   1002: pr1002-2 Read 7f079d77f000 256 pages
[ff.run] (0.549s) criu> (00.114340)   1002: pr1002-2 Read 7f079d87f000 256 pages
[ff.run] (0.549s) criu> (00.115139)   1002: pr1002-2 Read 7f079d97f000 256 pages
[ff.run] (0.550s) criu> (00.116125)   1002: pr1002-2 Read 7f079da7f000 256 pages
[ff.run] (0.551s) criu> (00.116872)   1002: pr1002-2 Read 7f079db7f000 256 pages
[ff.run] (0.552s) criu> (00.117971)   1002: pr1002-2 Read 7f079dc7f000 256 pages
[ff.run] (0.553s) criu> (00.119234)   1002: pr1002-2 Read 7f079dd7f000 256 pages
[ff.run] (0.554s) criu> (00.120090)   1002: pr1002-2 Read 7f079de7f000 256 pages
[ff.run] (0.555s) criu> (00.120937)   1002: pr1002-2 Read 7f079df7f000 256 pages
[ff.run] (0.556s) criu> (00.121774)   1002: pr1002-2 Read 7f079e07f000 256 pages
[ff.run] (0.557s) criu> (00.122650)   1002: pr1002-2 Read 7f079e17f000 256 pages
[ff.run] (0.558s) criu> (00.123486)   1002: pr1002-2 Read 7f079e27f000 256 pages
[ff.run] (0.558s) criu> (00.124211)   1002: pr1002-2 Read 7f079e37f000 256 pages
[ff.run] (0.559s) criu> (00.125217)   1002: pr1002-2 Read 7f079e47f000 256 pages
[ff.run] (0.560s) criu> (00.126184)   1002: pr1002-2 Read 7f079e57f000 256 pages
[ff.run] (0.561s) criu> (00.127007)   1002: pr1002-2 Read 7f079e67f000 256 pages
[ff.run] (0.562s) criu> (00.128217)   1002: pr1002-2 Read 7f079e77f000 256 pages
[ff.run] (0.563s) criu> (00.129116)   1002: pr1002-2 Read 7f079e87f000 256 pages
[ff.run] (0.564s) criu> (00.129915)   1002: pr1002-2 Read 7f079e97f000 256 pages
[ff.run] (0.565s) criu> (00.130708)   1002: pr1002-2 Read 7f079ea7f000 256 pages
[ff.run] (0.566s) criu> (00.131537)   1002: pr1002-2 Read 7f079eb7f000 256 pages
[ff.run] (0.567s) criu> (00.132348)   1002: pr1002-2 Read 7f079ec7f000 256 pages
[ff.run] (0.567s) criu> (00.133220)   1002: pr1002-2 Read 7f079ed7f000 256 pages
[ff.run] (0.568s) criu> (00.134073)   1002: pr1002-2 Read 7f079ee7f000 256 pages
[ff.run] (0.569s) criu> (00.134885)   1002: pr1002-2 Read 7f079ef7f000 256 pages
[ff.run] (0.573s) criu> (00.139016)   1002: pr1002-2 Read 7f079f07f000 256 pages
[ff.run] (0.575s) criu> (00.140315)   1002: pr1002-2 Read 7f079f17f000 256 pages
[ff.run] (0.575s) criu> (00.141163)   1002: pr1002-2 Read 7f079f27f000 256 pages
[ff.run] (0.576s) criu> (00.141985)   1002: pr1002-2 Read 7f079f37f000 256 pages
[ff.run] (0.577s) criu> (00.142874)   1002: pr1002-2 Read 7f079f47f000 256 pages
[ff.run] (0.578s) criu> (00.143789)   1002: pr1002-2 Read 7f079f57f000 256 pages
[ff.run] (0.579s) criu> (00.144618)   1002: pr1002-2 Read 7f079f67f000 256 pages
[ff.run] (0.580s) criu> (00.145717)   1002: pr1002-2 Read 7f079f77f000 256 pages
[ff.run] (0.581s) criu> (00.146718)   1002: pr1002-2 Read 7f079f87f000 256 pages
[ff.run] (0.582s) criu> (00.147594)   1002: pr1002-2 Read 7f079f97f000 256 pages
[ff.run] (0.583s) criu> (00.148433)   1002: pr1002-2 Read 7f079fa7f000 256 pages
[ff.run] (0.584s) criu> (00.149647)   1002: pr1002-2 Read 7f079fb7f000 256 pages
[ff.run] (0.585s) criu> (00.150519)   1002: pr1002-2 Read 7f079fc7f000 256 pages
[ff.run] (0.586s) criu> (00.151309)   1002: pr1002-2 Read 7f079fd7f000 256 pages
[ff.run] (0.586s) criu> (00.152149)   1002: pr1002-2 Read 7f079fe7f000 256 pages
[ff.run] (0.587s) criu> (00.152965)   1002: pr1002-2 Read 7f079ff7f000 256 pages
[ff.run] (0.588s) criu> (00.153800)   1002: pr1002-2 Read 7f07a007f000 256 pages
[ff.run] (0.589s) criu> (00.154628)   1002: pr1002-2 Read 7f07a017f000 256 pages
[ff.run] (0.590s) criu> (00.155467)   1002: pr1002-2 Read 7f07a027f000 256 pages
[ff.run] (0.591s) criu> (00.156549)   1002: pr1002-2 Read 7f07a037f000 256 pages
[ff.run] (0.592s) criu> (00.157420)   1002: pr1002-2 Read 7f07a047f000 256 pages
[ff.run] (0.593s) criu> (00.158604)   1002: pr1002-2 Read 7f07a057f000 256 pages
[ff.run] (0.594s) criu> (00.159414)   1002: pr1002-2 Read 7f07a067f000 256 pages
[ff.run] (0.595s) criu> (00.160314)   1002: pr1002-2 Read 7f07a077f000 256 pages
[ff.run] (0.595s) criu> (00.161110)   1002: pr1002-2 Read 7f07a087f000 256 pages
[ff.run] (0.596s) criu> (00.161950)   1002: pr1002-2 Read 7f07a097f000 256 pages
[ff.run] (0.597s) criu> (00.162996)   1002: pr1002-2 Read 7f07a0a7f000 256 pages
[ff.run] (0.598s) criu> (00.163846)   1002: pr1002-2 Read 7f07a0b7f000 256 pages
[ff.run] (0.599s) criu> (00.164679)   1002: pr1002-2 Read 7f07a0c7f000 256 pages
[ff.run] (0.600s) criu> (00.165615)   1002: pr1002-2 Read 7f07a0d7f000 256 pages
[ff.run] (0.601s) criu> (00.166458)   1002: pr1002-2 Read 7f07a0e7f000 256 pages
[ff.run] (0.602s) criu> (00.167663)   1002: pr1002-2 Read 7f07a0f7f000 256 pages
[ff.run] (0.603s) criu> (00.168460)   1002: pr1002-2 Read 7f07a107f000 256 pages
[ff.run] (0.603s) criu> (00.169238)   1002: pr1002-2 Read 7f07a117f000 256 pages
[ff.run] (0.604s) criu> (00.170048)   1002: pr1002-2 Read 7f07a127f000 256 pages
[ff.run] (0.605s) criu> (00.170895)   1002: pr1002-2 Read 7f07a137f000 256 pages
[ff.run] (0.606s) criu> (00.171769)   1002: pr1002-2 Read 7f07a147f000 256 pages
[ff.run] (0.607s) criu> (00.172582)   1002: pr1002-2 Read 7f07a157f000 256 pages
[ff.run] (0.608s) criu> (00.173440)   1002: pr1002-2 Read 7f07a167f000 256 pages
[ff.run] (0.608s) criu> (00.174231)   1002: pr1002-2 Read 7f07a177f000 256 pages
[ff.run] (0.609s) criu> (00.175188)   1002: pr1002-2 Read 7f07a187f000 256 pages
[ff.run] (0.611s) criu> (00.176458)   1002: pr1002-2 Read 7f07a197f000 256 pages
[ff.run] (0.611s) criu> (00.177268)   1002: pr1002-2 Read 7f07a1a7f000 256 pages
[ff.run] (0.612s) criu> (00.178087)   1002: pr1002-2 Read 7f07a1b7f000 256 pages
[ff.run] (0.613s) criu> (00.178917)   1002: pr1002-2 Read 7f07a1c7f000 256 pages
[ff.run] (0.614s) criu> (00.179682)   1002: pr1002-2 Read 7f07a1d7f000 256 pages
[ff.run] (0.615s) criu> (00.180438)   1002: pr1002-2 Read 7f07a1e7f000 256 pages
[ff.run] (0.616s) criu> (00.181330)   1002: pr1002-2 Read 7f07a1f7f000 256 pages
[ff.run] (0.616s) criu> (00.182140)   1002: pr1002-2 Read 7f07a207f000 256 pages
[ff.run] (0.617s) criu> (00.182981)   1002: pr1002-2 Read 7f07a217f000 256 pages
[ff.run] (0.618s) criu> (00.183826)   1002: pr1002-2 Read 7f07a227f000 256 pages
[ff.run] (0.619s) criu> (00.185015)   1002: pr1002-2 Read 7f07a237f000 256 pages
[ff.run] (0.620s) criu> (00.186069)   1002: pr1002-2 Read 7f07a247f000 256 pages
[ff.run] (0.621s) criu> (00.186910)   1002: pr1002-2 Read 7f07a257f000 256 pages
[ff.run] (0.622s) criu> (00.187729)   1002: pr1002-2 Read 7f07a267f000 256 pages
[ff.run] (0.623s) criu> (00.188497)   1002: pr1002-2 Read 7f07a277f000 256 pages
[ff.run] (0.623s) criu> (00.189254)   1002: pr1002-2 Read 7f07a287f000 256 pages
[ff.run] (0.624s) criu> (00.190035)   1002: pr1002-2 Read 7f07a297f000 256 pages
[ff.run] (0.625s) criu> (00.190857)   1002: pr1002-2 Read 7f07a2a7f000 256 pages
[ff.run] (0.626s) criu> (00.191629)   1002: pr1002-2 Read 7f07a2b7f000 256 pages
[ff.run] (0.627s) criu> (00.192431)   1002: pr1002-2 Read 7f07a2c7f000 256 pages
[ff.run] (0.628s) criu> (00.193566)   1002: pr1002-2 Read 7f07a2d7f000 256 pages
[ff.run] (0.629s) criu> (00.194379)   1002: pr1002-2 Read 7f07a2e7f000 256 pages
[ff.run] (0.630s) criu> (00.195306)   1002: pr1002-2 Read 7f07a2f7f000 256 pages
[ff.run] (0.630s) criu> (00.196212)   1002: pr1002-2 Read 7f07a307f000 256 pages
[ff.run] (0.631s) criu> (00.197027)   1002: pr1002-2 Read 7f07a317f000 256 pages
[ff.run] (0.632s) criu> (00.197868)   1002: pr1002-2 Read 7f07a327f000 256 pages
[ff.run] (0.633s) criu> (00.198700)   1002: pr1002-2 Read 7f07a337f000 256 pages
[ff.run] (0.634s) criu> (00.199471)   1002: pr1002-2 Read 7f07a347f000 256 pages
[ff.run] (0.634s) criu> (00.200294)   1002: pr1002-2 Read 7f07a357f000 256 pages
[ff.run] (0.636s) criu> (00.201409)   1002: pr1002-2 Read 7f07a367f000 2 pages
[ff.run] (0.636s) criu> (00.201891)   1002: pr1002-2 Read 7f07a7682000 2 pages
[ff.run] (0.636s) criu> (00.202254)   1002: pr1002-2 Read 7f07a76a1000 1 pages
[ff.run] (0.637s) criu> (00.202989)   1002: pr1002-2 Read 7f07a76a2000 1 pages
[ff.run] (0.638s) criu> (00.203497)   1002: pr1002-2 Read 7f07a76a6000 1 pages
[ff.run] (0.638s) criu> (00.203995)   1002: pr1002-2 Read 7f07a76ab000 1 pages
[ff.run] (0.639s) criu> (00.204460)   1002: pr1002-2 Read 7f07a76ac000 1 pages
[ff.run] (0.639s) criu> (00.205141)   1002: pr1002-2 Read 7f07a7895000 4 pages
[ff.run] (0.640s) criu> (00.205641)   1002: pr1002-2 Read 7f07a7899000 2 pages
[ff.run] (0.640s) criu> (00.206153)   1002: pr1002-2 Read 7f07a789b000 2 pages
[ff.run] (0.641s) criu> (00.206499)   1002: pr1002-2 Read 7f07a789e000 1 pages
[ff.run] (0.641s) criu> (00.206928)   1002: pr1002-2 Read 7f07a78a6000 1 pages
[ff.run] (0.642s) criu> (00.207381)   1002: pr1002-2 Read 7f07a78a7000 1 pages
[ff.run] (0.642s) criu> (00.207845)   1002: pr1002-2 Read 7f07a78a8000 1 pages
[ff.run] (0.643s) criu> (00.208332)   1002: pr1002-2 Read 7f07a78a9000 2 pages
[ff.run] (0.643s) criu> (00.208807)   1002: pr1002-2 Read 7f07a78d8000 1 pages
[ff.run] (0.643s) criu> (00.209266)   1002: pr1002-2 Read 7f07a78d9000 1 pages
[ff.run] (0.644s) criu> (00.209754)   1002: pr1002-2 Read 7f07a78da000 1 pages
[ff.run] (0.644s) criu> (00.210113)   1002: pr1002-2 Read 7f07a78ed000 3 pages
[ff.run] (0.645s) criu> (00.210760)   1002: pr1002-2 Read 7f07a78f0000 1 pages
[ff.run] (0.645s) criu> (00.211257)   1002: pr1002-2 Read 7ffc20c6b000 6 pages
[ff.run] (0.646s) criu> (00.211739)   1002: pr1002-2 Read 7ffc20ce7000 2 pages
[ff.run] (0.646s) criu> (00.212276)   1002: nr_restored_pages: 32809
[ff.run] (0.647s) criu> (00.212638)   1002: nr_shared_pages:   0
[ff.run] (0.647s) criu> (00.213106)   1002: nr_dropped_pages:   0
[ff.run] (0.648s) criu> (00.213718)   1002: nr_lazy:           0
[ff.run] (0.648s) criu> (00.214110)   1002: Restore on-core sigactions for 1002
[ff.run] (0.649s) criu> (00.214725)   1002: Restoring children in alien sessions:
[ff.run] (0.650s) criu> (00.215145)   1002: Restoring children in our session:
[ff.run] (0.650s) criu> (00.216003)   1002: Restoring 1002 to 1 pgid
[ff.run] (0.651s) criu> (00.216364)   1002: MYCOMMENT: finish getpgrp() with pgid 1
[ff.run] (0.651s) criu> (00.216809)   1002: MYCOMMENT:From rstwc Finish  restore_pgid() for pid 1002
[ff.run] (0.652s) criu> (00.217269)   1002: MYCOMMENT: From rstwc Enter restore_finish_stage for pid 1002
[ff.run] (0.652s) criu> (00.217762)   1002: MYCOMMENT: Start restore_finish_stage->futex_dec_and_wake
[ff.run] (0.653s) criu> (00.218315)   1002: MYCOMMENT: Finished futex_dec_and_wake -> futex_wait_while
[ff.run] (48.163s) criu> (47.728116)   1000: MYCOMMENT: From fork with pid call clone_n.., 1001
[ff.run] (48.163s) criu> (47.728701)   1000: MYCOMMENT: From fork with pid finish clone_n., 1001 with ret=1001
[ff.run] (48.163s) criu> (47.728755)   1000: MYCOMMENT: From fork_with_pid Enter case !(ca.clone_flags & CLONE_NEWPID) for 1001
[ff.run] (48.163s) criu> (47.728766)   1000: MYCOMMENT: From fork_with_pid Enter case ca.core=True, for 1001
[ff.run] (48.163s) criu> (47.728993)   1000: MYCOMMENT: End fork_with_pid for 1001
[ff.run] (48.164s) criu> (47.729492)   1000: Restoring 1000 to 1 pgid
[ff.run] (48.166s) criu> (47.729499)   1000: MYCOMMENT: finish getpgrp() with pgid 1
[ff.run] (48.166s) criu> (47.729500)   1000: MYCOMMENT:From rstwc Finish  restore_pgid() for pid 1000
[ff.run] (48.166s) criu> (47.729501)   1000: MYCOMMENT: From rstwc current->parent = NULL for pid 1000
[ff.run] (48.166s) criu> (47.729388)   1000: MYCOMMENT: Enter rtwc
[ff.run] (48.168s) criu> (47.733288)   1001: pr1001-2 Read 56151f68d000 1 pages
[ff.run] (48.168s) criu> (47.733366)   1001: pr1001-2 Read 56151f68f000 1 pages
[ff.run] (48.168s) criu> (47.733404)   1001: pr1001-2 Read 56151f690000 1 pages
[ff.run] (48.168s) criu> (47.733434)   1001: pr1001-2 Read 56151fbe1000 1 pages
[ff.run] (48.168s) criu> (47.733461)   1001: pr1001-2 Read 7f9915639000 255 pages
[ff.run] (48.169s) criu> (47.734756)   1001: pr1001-2 Read 7f9915738000 256 pages
[ff.run] (48.170s) criu> (47.736098)   1001: pr1001-2 Read 7f9915838000 256 pages
[ff.run] (48.172s) criu> (47.737244)   1001: pr1001-2 Read 7f9915938000 256 pages
[ff.run] (48.173s) criu> (47.738689)   1001: pr1001-2 Read 7f9915a38000 256 pages
[ff.run] (48.175s) criu> (47.740544)   1001: pr1001-2 Read 7f9915b38000 256 pages
[ff.run] (48.178s) criu> (47.743494)   1001: pr1001-2 Read 7f9915c38000 256 pages
[ff.run] (48.179s) criu> (47.744407)   1001: pr1001-2 Read 7f9915d38000 256 pages
[ff.run] (48.181s) criu> (47.746196)   1001: pr1001-2 Read 7f9915e38000 256 pages
[ff.run] (48.183s) criu> (47.748594)   1001: pr1001-2 Read 7f9915f38000 256 pages
[ff.run] (48.187s) criu> (47.750075)   1001: pr1001-2 Read 7f9916038000 256 pages
[ff.run] (48.190s) criu> (47.755258)   1001: pr1001-2 Read 7f9916138000 256 pages
[ff.run] (48.191s) criu> (47.756467)   1001: pr1001-2 Read 7f9916238000 256 pages
[ff.run] (48.194s) criu> (47.758764)   1001: pr1001-2 Read 7f9916338000 256 pages
[ff.run] (48.195s) criu> (47.760902)   1001: pr1001-2 Read 7f9916438000 256 pages
[ff.run] (48.197s) criu> (47.762029)   1001: pr1001-2 Read 7f9916538000 256 pages
[ff.run] (48.198s) criu> (47.763188)   1001: pr1001-2 Read 7f9916638000 256 pages
[ff.run] (48.199s) criu> (47.764182)   1001: pr1001-2 Read 7f9916738000 256 pages
[ff.run] (48.200s) criu> (47.765257)   1001: pr1001-2 Read 7f9916838000 256 pages
[ff.run] (48.201s) criu> (47.766712)   1001: pr1001-2 Read 7f9916938000 256 pages
[ff.run] (48.202s) criu> (47.767804)   1001: pr1001-2 Read 7f9916a38000 256 pages
[ff.run] (48.203s) criu> (47.768773)   1001: pr1001-2 Read 7f9916b38000 256 pages
[ff.run] (48.204s) criu> (47.769821)   1001: pr1001-2 Read 7f9916c38000 256 pages
[ff.run] (48.205s) criu> (47.770988)   1001: pr1001-2 Read 7f9916d38000 256 pages
[ff.run] (48.206s) criu> (47.772039)   1001: pr1001-2 Read 7f9916e38000 256 pages
[ff.run] (48.208s) criu> (47.772916)   1001: pr1001-2 Read 7f9916f38000 256 pages
[ff.run] (48.209s) criu> (47.774753)   1001: pr1001-2 Read 7f9917038000 256 pages
[ff.run] (48.210s) criu> (47.775941)   1001: pr1001-2 Read 7f9917138000 256 pages
[ff.run] (48.211s) criu> (47.776997)   1001: pr1001-2 Read 7f9917238000 256 pages
[ff.run] (48.214s) criu> (47.779016)   1001: pr1001-2 Read 7f9917338000 256 pages
[ff.run] (48.216s) criu> (47.781571)   1001: pr1001-2 Read 7f9917438000 256 pages
[ff.run] (48.217s) criu> (47.782758)   1001: pr1001-2 Read 7f9917538000 256 pages
[ff.run] (48.218s) criu> (47.784110)   1001: pr1001-2 Read 7f9917638000 256 pages
[ff.run] (48.220s) criu> (47.785376)   1001: pr1001-2 Read 7f9917738000 256 pages
[ff.run] (48.221s) criu> (47.786521)   1001: pr1001-2 Read 7f9917838000 256 pages
[ff.run] (48.222s) criu> (47.787383)   1001: pr1001-2 Read 7f9917938000 256 pages
[ff.run] (48.223s) criu> (47.788718)   1001: pr1001-2 Read 7f9917a38000 256 pages
[ff.run] (48.225s) criu> (47.790555)   1001: pr1001-2 Read 7f9917b38000 256 pages
[ff.run] (48.227s) criu> (47.792348)   1001: pr1001-2 Read 7f9917c38000 256 pages
[ff.run] (48.229s) criu> (47.794191)   1001: pr1001-2 Read 7f9917d38000 256 pages
[ff.run] (48.229s) criu> (47.794995)   1001: pr1001-2 Read 7f9917e38000 256 pages
[ff.run] (48.230s) criu> (47.795983)   1001: pr1001-2 Read 7f9917f38000 256 pages
[ff.run] (48.232s) criu> (47.797126)   1001: pr1001-2 Read 7f9918038000 256 pages
[ff.run] (48.233s) criu> (47.798595)   1001: pr1001-2 Read 7f9918138000 256 pages
[ff.run] (48.234s) criu> (47.799715)   1001: pr1001-2 Read 7f9918238000 256 pages
[ff.run] (48.235s) criu> (47.800879)   1001: pr1001-2 Read 7f9918338000 256 pages
[ff.run] (48.237s) criu> (47.802083)   1001: pr1001-2 Read 7f9918438000 256 pages
[ff.run] (48.237s) criu> (47.803015)   1001: pr1001-2 Read 7f9918538000 256 pages
[ff.run] (48.239s) criu> (47.804699)   1001: pr1001-2 Read 7f9918638000 256 pages
[ff.run] (48.242s) criu> (47.806524)   1001: pr1001-2 Read 7f9918738000 256 pages
[ff.run] (48.250s) criu> (47.815470)   1001: pr1001-2 Read 7f9918838000 256 pages
[ff.run] (48.251s) criu> (47.816111)   1001: pr1001-2 Read 7f9918938000 256 pages
[ff.run] (48.251s) criu> (47.816569)   1001: pr1001-2 Read 7f9918a38000 256 pages
[ff.run] (48.252s) criu> (47.817007)   1001: pr1001-2 Read 7f9918b38000 256 pages
[ff.run] (48.252s) criu> (47.817444)   1001: pr1001-2 Read 7f9918c38000 256 pages
[ff.run] (48.253s) criu> (47.817879)   1001: pr1001-2 Read 7f9918d38000 256 pages
[ff.run] (48.253s) criu> (47.818323)   1001: pr1001-2 Read 7f9918e38000 256 pages
[ff.run] (48.255s) criu> (47.820371)   1001: pr1001-2 Read 7f9918f38000 256 pages
[ff.run] (48.257s) criu> (47.821247)   1001: pr1001-2 Read 7f9919038000 256 pages
[ff.run] (48.258s) criu> (47.822388)   1001: pr1001-2 Read 7f9919138000 256 pages
[ff.run] (48.260s) criu> (47.825959)   1001: pr1001-2 Read 7f9919238000 256 pages
[ff.run] (48.261s) criu> (47.826539)   1001: pr1001-2 Read 7f9919338000 256 pages
[ff.run] (48.262s) criu> (47.827172)   1001: pr1001-2 Read 7f9919438000 256 pages
[ff.run] (48.263s) criu> (47.827831)   1001: pr1001-2 Read 7f9919538000 256 pages
[ff.run] (48.263s) criu> (47.828415)   1001: pr1001-2 Read 7f9919638000 256 pages
[ff.run] (48.263s) criu> (47.829039)   1001: pr1001-2 Read 7f9919738000 256 pages
[ff.run] (48.264s) criu> (47.829590)   1001: pr1001-2 Read 7f9919838000 256 pages
[ff.run] (48.264s) criu> (47.830187)   1001: pr1001-2 Read 7f9919938000 256 pages
[ff.run] (48.265s) criu> (47.830947)   1001: pr1001-2 Read 7f9919a38000 256 pages
[ff.run] (48.266s) criu> (47.832061)   1001: pr1001-2 Read 7f9919b38000 256 pages
[ff.run] (48.267s) criu> (47.832634)   1001: pr1001-2 Read 7f9919c38000 256 pages
[ff.run] (48.267s) criu> (47.833208)   1001: pr1001-2 Read 7f9919d38000 256 pages
[ff.run] (48.268s) criu> (47.833790)   1001: pr1001-2 Read 7f9919e38000 256 pages
[ff.run] (48.269s) criu> (47.834368)   1001: pr1001-2 Read 7f9919f38000 256 pages
[ff.run] (48.269s) criu> (47.835062)   1001: pr1001-2 Read 7f991a038000 256 pages
[ff.run] (48.270s) criu> (47.835754)   1001: pr1001-2 Read 7f991a138000 256 pages
[ff.run] (48.271s) criu> (47.836325)   1001: pr1001-2 Read 7f991a238000 256 pages
[ff.run] (48.271s) criu> (47.836954)   1001: pr1001-2 Read 7f991a338000 256 pages
[ff.run] (48.272s) criu> (47.837551)   1001: pr1001-2 Read 7f991a438000 256 pages
[ff.run] (48.273s) criu> (47.838711)   1001: pr1001-2 Read 7f991a538000 256 pages
[ff.run] (48.274s) criu> (47.839431)   1001: pr1001-2 Read 7f991a638000 256 pages
[ff.run] (48.274s) criu> (47.840178)   1001: pr1001-2 Read 7f991a738000 256 pages
[ff.run] (48.275s) criu> (47.841073)   1001: pr1001-2 Read 7f991a838000 256 pages
[ff.run] (48.276s) criu> (47.841859)   1001: pr1001-2 Read 7f991a938000 256 pages
[ff.run] (48.277s) criu> (47.842551)   1001: pr1001-2 Read 7f991aa38000 256 pages
[ff.run] (48.278s) criu> (47.843603)   1001: pr1001-2 Read 7f991ab38000 256 pages
[ff.run] (48.278s) criu> (47.844261)   1001: pr1001-2 Read 7f991ac38000 256 pages
[ff.run] (48.279s) criu> (47.844855)   1001: pr1001-2 Read 7f991ad38000 256 pages
[ff.run] (48.280s) criu> (47.845476)   1001: pr1001-2 Read 7f991ae38000 256 pages
[ff.run] (48.282s) criu> (47.847370)   1001: pr1001-2 Read 7f991af38000 256 pages
[ff.run] (48.283s) criu> (47.848529)   1001: pr1001-2 Read 7f991b038000 256 pages
[ff.run] (48.283s) criu> (47.849121)   1001: pr1001-2 Read 7f991b138000 256 pages
[ff.run] (48.284s) criu> (47.849711)   1001: pr1001-2 Read 7f991b238000 256 pages
[ff.run] (48.284s) criu> (47.850277)   1001: pr1001-2 Read 7f991b338000 256 pages
[ff.run] (48.285s) criu> (47.850859)   1001: pr1001-2 Read 7f991b438000 256 pages
[ff.run] (48.286s) criu> (47.851664)   1001: pr1001-2 Read 7f991b538000 256 pages
[ff.run] (48.287s) criu> (47.852413)   1001: pr1001-2 Read 7f991b638000 256 pages
[ff.run] (48.287s) criu> (47.853279)   1001: pr1001-2 Read 7f991b738000 256 pages
[ff.run] (48.288s) criu> (47.854158)   1001: pr1001-2 Read 7f991b838000 256 pages
[ff.run] (48.289s) criu> (47.855266)   1001: pr1001-2 Read 7f991b938000 256 pages
[ff.run] (48.292s) criu> (47.857455)   1001: pr1001-2 Read 7f991ba38000 256 pages
[ff.run] (48.293s) criu> (47.859083)   1001: pr1001-2 Read 7f991bb38000 256 pages
[ff.run] (48.295s) criu> (47.860587)   1001: pr1001-2 Read 7f991bc38000 256 pages
[ff.run] (48.295s) criu> (47.861146)   1001: pr1001-2 Read 7f991bd38000 256 pages
[ff.run] (48.296s) criu> (47.862066)   1001: pr1001-2 Read 7f991be38000 256 pages
[ff.run] (48.297s) criu> (47.862742)   1001: pr1001-2 Read 7f991bf38000 256 pages
[ff.run] (48.298s) criu> (47.863838)   1001: pr1001-2 Read 7f991c038000 256 pages
[ff.run] (48.299s) criu> (47.864856)   1001: pr1001-2 Read 7f991c138000 256 pages
[ff.run] (48.300s) criu> (47.865752)   1001: pr1001-2 Read 7f991c238000 256 pages
[ff.run] (48.301s) criu> (47.866978)   1001: pr1001-2 Read 7f991c338000 256 pages
[ff.run] (48.302s) criu> (47.867949)   1001: pr1001-2 Read 7f991c438000 256 pages
[ff.run] (48.303s) criu> (47.868825)   1001: pr1001-2 Read 7f991c538000 256 pages
[ff.run] (48.304s) criu> (47.869714)   1001: pr1001-2 Read 7f991c638000 256 pages
[ff.run] (48.305s) criu> (47.870474)   1001: pr1001-2 Read 7f991c738000 256 pages
[ff.run] (48.306s) criu> (47.871639)   1001: pr1001-2 Read 7f991c838000 256 pages
[ff.run] (48.307s) criu> (47.872833)   1001: pr1001-2 Read 7f991c938000 256 pages
[ff.run] (48.308s) criu> (47.874116)   1001: pr1001-2 Read 7f991ca38000 256 pages
[ff.run] (48.309s) criu> (47.874813)   1001: pr1001-2 Read 7f991cb38000 256 pages
[ff.run] (48.310s) criu> (47.875739)   1001: pr1001-2 Read 7f991cc38000 256 pages
[ff.run] (48.311s) criu> (47.877043)   1001: pr1001-2 Read 7f991cd38000 256 pages
[ff.run] (48.312s) criu> (47.878141)   1001: pr1001-2 Read 7f991ce38000 256 pages
[ff.run] (48.313s) criu> (47.879089)   1001: pr1001-2 Read 7f991cf38000 256 pages
[ff.run] (48.314s) criu> (47.880050)   1001: pr1001-2 Read 7f991d038000 256 pages
[ff.run] (48.315s) criu> (47.881101)   1001: pr1001-2 Read 7f991d138000 256 pages
[ff.run] (48.316s) criu> (47.882125)   1001: pr1001-2 Read 7f991d238000 256 pages
[ff.run] (48.317s) criu> (47.882946)   1001: pr1001-2 Read 7f991d338000 256 pages
[ff.run] (48.318s) criu> (47.883598)   1001: pr1001-2 Read 7f991d438000 256 pages
[ff.run] (48.318s) criu> (47.884218)   1001: pr1001-2 Read 7f991d538000 256 pages
[ff.run] (48.319s) criu> (47.885183)   1001: pr1001-2 Read 7f991d638000 2 pages
[ff.run] (48.320s) criu> (47.885324)   1001: pr1001-2 Read 7f992163b000 2 pages
[ff.run] (48.320s) criu> (47.885453)   1001: pr1001-2 Read 7f992165a000 1 pages
[ff.run] (48.320s) criu> (47.885564)   1001: pr1001-2 Read 7f992165b000 1 pages
[ff.run] (48.320s) criu> (47.885609)   1001: pr1001-2 Read 7f992165f000 1 pages
[ff.run] (48.320s) criu> (47.885667)   1001: pr1001-2 Read 7f9921664000 1 pages
[ff.run] (48.320s) criu> (47.885705)   1001: pr1001-2 Read 7f9921665000 1 pages
[ff.run] (48.320s) criu> (47.885740)   1001: pr1001-2 Read 7f992184e000 4 pages
[ff.run] (48.320s) criu> (47.885783)   1001: pr1001-2 Read 7f9921852000 2 pages
[ff.run] (48.320s) criu> (47.885894)   1001: pr1001-2 Read 7f9921854000 2 pages
[ff.run] (48.320s) criu> (47.886003)   1001: pr1001-2 Read 7f9921857000 1 pages
[ff.run] (48.320s) criu> (47.886048)   1001: pr1001-2 Read 7f992185f000 1 pages
[ff.run] (48.320s) criu> (47.886083)   1001: pr1001-2 Read 7f9921860000 1 pages
[ff.run] (48.320s) criu> (47.886118)   1001: pr1001-2 Read 7f9921861000 1 pages
[ff.run] (48.320s) criu> (47.886152)   1001: pr1001-2 Read 7f9921862000 2 pages
[ff.run] (48.320s) criu> (47.886187)   1001: pr1001-2 Read 7f9921891000 1 pages
[ff.run] (48.320s) criu> (47.886294)   1001: pr1001-2 Read 7f9921892000 1 pages
[ff.run] (48.321s) criu> (47.886403)   1001: pr1001-2 Read 7f9921893000 1 pages
[ff.run] (48.321s) criu> (47.886449)   1001: pr1001-2 Read 7f99218a6000 3 pages
[ff.run] (48.321s) criu> (47.886488)   1001: pr1001-2 Read 7f99218a9000 1 pages
[ff.run] (48.321s) criu> (47.886557)   1001: pr1001-2 Read 7ffc7b78d000 4 pages
[ff.run] (48.321s) criu> (47.886604)   1001: pr1001-2 Read 7ffc7b7fb000 2 pages
[ff.run] (48.321s) criu> (47.886741)   1001: nr_restored_pages: 32807
[ff.run] (48.321s) criu> (47.886828)   1001: nr_shared_pages:   0
[ff.run] (48.321s) criu> (47.886891)   1001: nr_dropped_pages:   0
[ff.run] (48.321s) criu> (47.886921)   1001: nr_lazy:           0
[ff.run] (48.321s) criu> (47.886949)   1001: Restore on-core sigactions for 1001
[ff.run] (48.321s) criu> (47.887036)   1001: Restoring children in alien sessions:
[ff.run] (48.321s) criu> (47.887082)   1001: Restoring children in our session:
[ff.run] (48.321s) criu> (47.887205)   1001: Restoring 1001 to 1 pgid
[ff.run] (48.322s) criu> (47.887310)   1001: MYCOMMENT: finish getpgrp() with pgid 1
[ff.run] (48.322s) criu> (47.887352)   1001: MYCOMMENT:From rstwc Finish  restore_pgid() for pid 1001
[ff.run] (48.322s) criu> (47.887381)   1001: MYCOMMENT: From rstwc Enter restore_finish_stage for pid 1001
[ff.run] (48.322s) criu> (47.887407)   1001: MYCOMMENT: Start restore_finish_stage->futex_dec_and_wake
[ff.run] (48.324s) criu> (47.887464)   1000: Restoring resources
[ff.run] (48.325s) criu> (47.887490)   1000: Opening fdinfo-s
[ff.run] (48.325s) criu> (47.887494)   1000: tty: open driver ext id 0x9 index 1012 (master 0 sid 1 pgrp 1 inherit 1)
[ff.run] (48.325s) criu> (47.887513)   1000: File tty[8800:44] will be restored from fd 0 dumped from inherit fd 0
[ff.run] (48.325s) criu> (47.887529)   1000: 		Create fd for 0
[ff.run] (48.325s) criu> (47.887531)   1000: 			Going to dup 0 into 1
[ff.run] (48.325s) criu> (47.887533)   1000: 			Going to dup 0 into 2
[ff.run] (48.325s) criu> (47.887536)   1000: 		Send fd 0 to /crtools-fd-1001
[ff.run] (48.325s) criu> (47.887548)   1000: 		Send fd 0 to /crtools-fd-1001
[ff.run] (48.325s) criu> (47.887553)   1000: 		Send fd 0 to /crtools-fd-1002
[ff.run] (48.325s) criu> (47.887559)   1000: 		Send fd 0 to /crtools-fd-1002
[ff.run] (48.325s) criu> (47.887563)   1000: 	Receive fd for 1
[ff.run] (48.325s) criu> (47.887565)   1000: 	Receive fd for 2
[ff.run] (48.325s) criu> (47.887606)   1000: 		Create fd for 10
[ff.run] (48.325s) criu> (47.887611)   1000: Opening 0x007fb1c0445000-0x007fb1c4446000 0000000000000000 (81) vma
[ff.run] (48.325s) criu> (47.887666)   1000: Restore via sigreturn
[ff.run] (48.325s) criu> (47.887681)   1002: MYCOMMENT: from futex_wait_while, 0
[ff.run] (48.325s) criu> (47.887685)   1002: MYCOMMENT: Finished futex_wait_while -> futex_get
[ff.run] (48.325s) criu> (47.887686)   1002: MYCOMMENT: From rstwc rfs >=0 for pid 1002
[ff.run] (48.325s) criu> (47.887688)   1002: Restoring resources
[ff.run] (48.325s) criu> (47.887706)   1002: Opening fdinfo-s
[ff.run] (48.325s) criu> (47.887723)   1002: 		Create fd for 0
[ff.run] (48.325s) criu> (47.887725)   1002: 	Receive fd for 1
[ff.run] (48.325s) criu> (47.887732)   1002: Further fle=0x7f32fbc44d80, pid=1002
[ff.run] (48.325s) criu> (47.887734)   1002: 	Receive fd for 2
[ff.run] (48.325s) criu> (47.887737)   1002: Further fle=0x7f32fbc44dc0, pid=1002
[ff.run] (48.325s) criu> (47.887739)   1002: Opening 0x007f07a3681000-0x007f07a7682000 0000000000000000 (81) vma
[ff.run] (48.325s) criu> (47.887802)   1002: Restore via sigreturn
[ff.run] (48.325s) criu> (47.887960)   1002: 1 threads require 104K of memory
[ff.run] (48.325s) criu> (47.887963)   1002: Found bootstrap VMA hint at: 0x10000 (needs ~128K)
[ff.run] (48.325s) criu> (47.888074)   1002: Thread    0 stack  0x1b080 rt_sigframe  0x23080
[ff.run] (48.325s) criu> (47.888106)   1002: Restoring umask to 22
[ff.run] (48.325s) criu> (47.888113)   1002: Dismissing the image streamer
[ff.run] (48.325s) criu> (47.888129)   1002: task_args: 0x25000
[ff.run] (48.325s) criu> task_args->pid: 1002
[ff.run] (48.325s) criu> task_args->nr_threads: 1
[ff.run] (48.325s) criu> task_args->clone_restore_fn: 0x11a30
[ff.run] (48.325s) criu> task_args->thread_args: 0x25540
[ff.run] (48.325s) criu> (47.888135) pie: 1002: Switched to the restorer 1002
[ff.run] (48.325s) criu> (47.888428) pie: 1002: vdso: Using gettimeofday() on vdso at 0x2ec50
[ff.run] (48.325s) criu> (47.888438) pie: 1002: Remap 0x7f32f3433000->0x55f3aa7e1000 len 0x1000
[ff.run] (48.325s) criu> (47.888450) pie: 1002: Remap 0x7f32f3434000->0x55f3aa7e2000 len 0x1000
[ff.run] (48.326s) criu> (47.888462) pie: 1002: Remap 0x7f32f3435000->0x55f3aa7e3000 len 0x1000
[ff.run] (48.326s) criu> (47.888470) pie: 1002: Remap 0x7f32f3436000->0x55f3aa7e4000 len 0x1000
[ff.run] (48.326s) criu> (47.888480) pie: 1002: Remap 0x7f32f3437000->0x55f3aa7e5000 len 0x1000
[ff.run] (48.326s) criu> (47.888492) pie: 1002: Remap 0x7f32f3438000->0x55f3abb60000 len 0x21000
[ff.run] (48.326s) criu> (47.888520) pie: 1002: Remap 0x7f32f3459000->0x7f079b680000 len 0x8001000
[ff.run] (48.326s) criu> (47.889158) pie: 1002: Remap 0x7f32fb45a000->0x7f07a7682000 len 0x2000
[ff.run] (48.326s) criu> (47.889191) pie: 1002: Remap 0x7f32fb45c000->0x7f07a7684000 len 0x6000
[ff.run] (48.326s) criu> (47.889205) pie: 1002: Remap 0x7f32fb462000->0x7f07a768a000 len 0x11000
[ff.run] (48.326s) criu> (47.889213) pie: 1002: Remap 0x7f32fb473000->0x7f07a769b000 len 0x6000
[ff.run] (48.326s) criu> (47.889227) pie: 1002: Remap 0x7f32fb479000->0x7f07a76a1000 len 0x1000
[ff.run] (48.326s) criu> (47.889242) pie: 1002: Remap 0x7f32fb47a000->0x7f07a76a2000 len 0x1000
[ff.run] (48.326s) criu> (47.889254) pie: 1002: Remap 0x7f32fb47b000->0x7f07a76a3000 len 0x4000
[ff.run] (48.326s) criu> (47.889270) pie: 1002: Remap 0x7f32fb47f000->0x7f07a76a7000 len 0x1000
[ff.run] (48.326s) criu> (47.889281) pie: 1002: Remap 0x7f32fb480000->0x7f07a76a8000 len 0x2000
[ff.run] (48.326s) criu> (47.889289) pie: 1002: Remap 0x7f32fb482000->0x7f07a76aa000 len 0x1000
[ff.run] (48.326s) criu> (47.889296) pie: 1002: Remap 0x7f32fb483000->0x7f07a76ab000 len 0x1000
[ff.run] (48.327s) criu> (47.889306) pie: 1002: Remap 0x7f32fb484000->0x7f07a76ac000 len 0x1000
[ff.run] (48.327s) criu> (47.889320) pie: 1002: Remap 0x7f32fb485000->0x7f07a76ad000 len 0x22000
[ff.run] (48.327s) criu> (47.889331) pie: 1002: Remap 0x7f32fb4a7000->0x7f07a76cf000 len 0x178000
[ff.run] (48.327s) criu> (47.889349) pie: 1002: Remap 0x7f32fb61f000->0x7f07a7847000 len 0x4e000
[ff.run] (48.327s) criu> (47.889359) pie: 1002: Remap 0x7f32fb66d000->0x7f07a7895000 len 0x4000
[ff.run] (48.327s) criu> (47.889372) pie: 1002: Remap 0x7f32fb671000->0x7f07a7899000 len 0x2000
[ff.run] (48.327s) criu> (47.889382) pie: 1002: Remap 0x7f32fb673000->0x7f07a789b000 len 0x4000
[ff.run] (48.327s) criu> (47.889393) pie: 1002: Remap 0x7f32fb677000->0x7f07a78a3000 len 0x1000
[ff.run] (48.327s) criu> (47.889404) pie: 1002: Remap 0x7f32fb678000->0x7f07a78a4000 len 0x1000
[ff.run] (48.327s) criu> (47.889411) pie: 1002: Remap 0x7f32fb679000->0x7f07a78a5000 len 0x1000
[ff.run] (48.327s) criu> (47.889418) pie: 1002: Remap 0x7f32fb67a000->0x7f07a78a6000 len 0x1000
[ff.run] (48.327s) criu> (47.889427) pie: 1002: Remap 0x7f32fb67b000->0x7f07a78a7000 len 0x1000
[ff.run] (48.327s) criu> (47.889439) pie: 1002: Remap 0x7f32fb67c000->0x7f07a78a8000 len 0x1000
[ff.run] (48.327s) criu> (47.889448) pie: 1002: Remap 0x7f32fb67d000->0x7f07a78a9000 len 0x2000
[ff.run] (48.327s) criu> (47.889457) pie: 1002: Remap 0x7f32fb67f000->0x7f07a78ab000 len 0x1000
[ff.run] (48.327s) criu> (47.889465) pie: 1002: Remap 0x7f32fb680000->0x7f07a78ac000 len 0x23000
[ff.run] (48.327s) criu> (47.889474) pie: 1002: Remap 0x7f32fb6a3000->0x7f07a78cf000 len 0x8000
[ff.run] (48.327s) criu> (47.889482) pie: 1002: Remap 0x7f32fb6ab000->0x7f07a78d7000 len 0x1000
[ff.run] (48.327s) criu> (47.889491) pie: 1002: Remap 0x7f32fb6ac000->0x7f07a78d8000 len 0x1000
[ff.run] (48.327s) criu> (47.889501) pie: 1002: Remap 0x7f32fb6ad000->0x7f07a78d9000 len 0x1000
[ff.run] (48.327s) criu> (47.889511) pie: 1002: Remap 0x7f32fb6ae000->0x7f07a78da000 len 0x1000
[ff.run] (48.327s) criu> (47.889522) pie: 1002: Remap 0x7f32fb6af000->0x7f07a78db000 len 0x2000
[ff.run] (48.327s) criu> (47.889530) pie: 1002: Remap 0x7f32fb6b1000->0x7f07a78dd000 len 0xd000
[ff.run] (48.327s) criu> (47.889537) pie: 1002: Remap 0x7f32fb6be000->0x7f07a78ea000 len 0x3000
[ff.run] (48.327s) criu> (47.889544) pie: 1002: Remap 0x7f32fb6c1000->0x7f07a78ed000 len 0x3000
[ff.run] (48.327s) criu> (47.889555) pie: 1002: Remap 0x7f32fb6c4000->0x7f07a78f0000 len 0x1000
[ff.run] (48.327s) criu> (47.889565) pie: 1002: Remap 0x7f32fb6ea000->0x7ffc20ce7000 len 0x2000
[ff.run] (48.327s) criu> (47.889580) pie: 1002: Remap 0x7f32fb6e6000->0x7ffc20ce3000 len 0x4000
[ff.run] (48.327s) criu> (47.889589) pie: 1002: Remap 0x7f32fb6c5000->0x7ffc20c50000 len 0x21000
[ff.run] (48.327s) criu> (47.889632) pie: 1002: vdso: Runtime vdso/vvar matches dumpee, remap inplace
[ff.run] (48.327s) criu> (47.889881) pie: 1002: vdso: Using gettimeofday() on vdso at 0x7ffc20ce7c50
[ff.run] (48.327s) criu> (47.890057) pie: 1002: Failed to set /proc/self/exe link (ret=-1), proceeding anyways
[ff.run] (48.327s) criu> (47.890079) pie: 1002: Restoring scheduler params 0.0.0
[ff.run] (48.327s) criu> (47.890104) pie: 1002: 1002: Restored
[ff.run] (48.327s) criu> (47.890106) pie: 1002: MYCOMMENT: Start restore_finish_stage->futex_dec_and_wake
[ff.run] (48.327s) criu> (47.891696) pie: 1002: MYCOMMENT: Finished futex_dec_and_wake -> futex_wait_while
[ff.run] (48.327s) criu> (47.892920)   1001: MYCOMMENT: Finished futex_dec_and_wake -> futex_wait_while
[ff.run] (48.327s) criu> (47.892985)   1001: MYCOMMENT: Finished futex_wait_while -> futex_get
[ff.run] (48.327s) criu> (47.893016)   1001: MYCOMMENT: From rstwc rfs >=0 for pid 1001
[ff.run] (48.327s) criu> (47.893043)   1001: Restoring resources
[ff.run] (48.327s) criu> (47.893097)   1001: Opening fdinfo-s
[ff.run] (48.327s) criu> (47.893154)   1001: 		Create fd for 0
[ff.run] (48.327s) criu> (47.893192)   1001: 	Receive fd for 1
[ff.run] (48.328s) criu> (47.893335)   1001: Further fle=0x7f32fbc44e40, pid=1001
[ff.run] (48.328s) criu> (47.893435)   1001: 	Receive fd for 2
[ff.run] (48.328s) criu> (47.893487)   1001: Further fle=0x7f32fbc44e80, pid=1001
[ff.run] (48.328s) criu> (47.893517)   1001: Opening 0x007f991d63a000-0x007f992163b000 0000000000000000 (81) vma
[ff.run] (48.328s) criu> (47.893601)   1001: Restore via sigreturn
[ff.run] (48.328s) criu> (47.893816)   1001: 1 threads require 104K of memory
[ff.run] (48.328s) criu> (47.893931)   1001: Found bootstrap VMA hint at: 0x10000 (needs ~128K)
[ff.run] (48.328s) criu> (47.894087)   1001: Thread    0 stack  0x1b080 rt_sigframe  0x23080
[ff.run] (48.328s) criu> (47.894152)   1001: Restoring umask to 22
[ff.run] (48.328s) criu> (47.894267)   1001: Dismissing the image streamer
[ff.run] (48.329s) criu> (47.894338)   1001: task_args: 0x25000
[ff.run] (48.329s) criu> task_args->pid: 1001
[ff.run] (48.329s) criu> task_args->nr_threads: 1
[ff.run] (48.329s) criu> task_args->clone_restore_fn: 0x11a30
[ff.run] (48.329s) criu> task_args->thread_args: 0x25540
[ff.run] (48.329s) criu> (47.894417) pie: 1001: Switched to the restorer 1001
[ff.run] (48.329s) criu> (47.894734) pie: 1001: vdso: Using gettimeofday() on vdso at 0x2ec50
[ff.run] (48.329s) criu> (47.894921) pie: 1001: Remap 0x7f32f3433000->0x56151f68c000 len 0x1000
[ff.run] (48.329s) criu> (47.894999) pie: 1001: Remap 0x7f32f3434000->0x56151f68d000 len 0x1000
[ff.run] (48.329s) criu> (47.895053) pie: 1001: Remap 0x7f32f3435000->0x56151f68e000 len 0x1000
[ff.run] (48.329s) criu> (47.895093) pie: 1001: Remap 0x7f32f3436000->0x56151f68f000 len 0x1000
[ff.run] (48.329s) criu> (47.895208) pie: 1001: Remap 0x7f32f3437000->0x56151f690000 len 0x1000
[ff.run] (48.329s) criu> (47.895265) pie: 1001: Remap 0x7f32f3438000->0x56151fbe1000 len 0x21000
[ff.run] (48.330s) criu> (47.895325) pie: 1001: Remap 0x7f32fb6ea000->0x7ffc7b7fb000 len 0x2000
[ff.run] (48.330s) criu> (47.895370) pie: 1001: Remap 0x7f32fb6e6000->0x7ffc7b7f7000 len 0x4000
[ff.run] (48.330s) criu> (47.895410) pie: 1001: Remap 0x7f32fb6c5000->0x7ffc7b770000 len 0x21000
[ff.run] (48.330s) criu> (47.895459) pie: 1001: Remap 0x7f32fb6c4000->0x7f99218a9000 len 0x1000
[ff.run] (48.330s) criu> (47.895571) pie: 1001: Remap 0x7f32fb6c1000->0x7f99218a6000 len 0x3000
[ff.run] (48.330s) criu> (47.895689) pie: 1001: Remap 0x7f32fb6be000->0x7f99218a3000 len 0x3000
[ff.run] (48.330s) criu> (47.895798) pie: 1001: Remap 0x7f32fb6b1000->0x7f9921896000 len 0xd000
[ff.run] (48.330s) criu> (47.895906) pie: 1001: Remap 0x7f32fb6af000->0x7f9921894000 len 0x2000
[ff.run] (48.330s) criu> (47.895955) pie: 1001: Remap 0x7f32fb6ae000->0x7f9921893000 len 0x1000
[ff.run] (48.330s) criu> (47.895994) pie: 1001: Remap 0x7f32fb6ad000->0x7f9921892000 len 0x1000
[ff.run] (48.330s) criu> (47.896036) pie: 1001: Remap 0x7f32fb6ac000->0x7f9921891000 len 0x1000
[ff.run] (48.330s) criu> (47.896078) pie: 1001: Remap 0x7f32fb6ab000->0x7f9921890000 len 0x1000
[ff.run] (48.330s) criu> (47.896187) pie: 1001: Remap 0x7f32fb6a3000->0x7f9921888000 len 0x8000
[ff.run] (48.330s) criu> (47.896239) pie: 1001: Remap 0x7f32fb680000->0x7f9921865000 len 0x23000
[ff.run] (48.330s) criu> (47.896279) pie: 1001: Remap 0x7f32fb67f000->0x7f9921864000 len 0x1000
[ff.run] (48.331s) criu> (47.896314) pie: 1001: Remap 0x7f32fb67d000->0x7f9921862000 len 0x2000
[ff.run] (48.331s) criu> (47.896353) pie: 1001: Remap 0x7f32fb67c000->0x7f9921861000 len 0x1000
[ff.run] (48.331s) criu> (47.896459) pie: 1001: Remap 0x7f32fb67b000->0x7f9921860000 len 0x1000
[ff.run] (48.331s) criu> (47.896578) pie: 1001: Remap 0x7f32fb67a000->0x7f992185f000 len 0x1000
[ff.run] (48.331s) criu> (47.896689) pie: 1001: Remap 0x7f32fb679000->0x7f992185e000 len 0x1000
[ff.run] (48.331s) criu> (47.896805) pie: 1001: Remap 0x7f32fb678000->0x7f992185d000 len 0x1000
[ff.run] (48.331s) criu> (47.896913) pie: 1001: Remap 0x7f32fb677000->0x7f992185c000 len 0x1000
[ff.run] (48.331s) criu> (47.896958) pie: 1001: Remap 0x7f32fb673000->0x7f9921854000 len 0x4000
[ff.run] (48.331s) criu> (47.896997) pie: 1001: Remap 0x7f32fb671000->0x7f9921852000 len 0x2000
[ff.run] (48.331s) criu> (47.897047) pie: 1001: Remap 0x7f32fb66d000->0x7f992184e000 len 0x4000
[ff.run] (48.331s) criu> (47.897091) pie: 1001: Remap 0x7f32fb61f000->0x7f9921800000 len 0x4e000
[ff.run] (48.331s) criu> (47.897191) pie: 1001: Remap 0x7f32fb4a7000->0x7f9921688000 len 0x178000
[ff.run] (48.332s) criu> (47.897302) pie: 1001: Remap 0x7f32fb485000->0x7f9921666000 len 0x22000
[ff.run] (48.332s) criu> (47.897418) pie: 1001: Remap 0x7f32fb484000->0x7f9921665000 len 0x1000
[ff.run] (48.332s) criu> (47.897474) pie: 1001: Remap 0x7f32fb483000->0x7f9921664000 len 0x1000
[ff.run] (48.332s) criu> (47.897518) pie: 1001: Remap 0x7f32fb482000->0x7f9921663000 len 0x1000
[ff.run] (48.332s) criu> (47.897560) pie: 1001: Remap 0x7f32fb480000->0x7f9921661000 len 0x2000
[ff.run] (48.332s) criu> (47.897668) pie: 1001: Remap 0x7f32fb47f000->0x7f9921660000 len 0x1000
[ff.run] (48.332s) criu> (47.897786) pie: 1001: Remap 0x7f32fb47b000->0x7f992165c000 len 0x4000
[ff.run] (48.332s) criu> (47.897842) pie: 1001: Remap 0x7f32fb47a000->0x7f992165b000 len 0x1000
[ff.run] (48.332s) criu> (47.897884) pie: 1001: Remap 0x7f32fb479000->0x7f992165a000 len 0x1000
[ff.run] (48.332s) criu> (47.897926) pie: 1001: Remap 0x7f32fb473000->0x7f9921654000 len 0x6000
[ff.run] (48.332s) criu> (47.897964) pie: 1001: Remap 0x7f32fb462000->0x7f9921643000 len 0x11000
[ff.run] (48.332s) criu> (47.898061) pie: 1001: Remap 0x7f32fb45c000->0x7f992163d000 len 0x6000
[ff.run] (48.332s) criu> (47.898167) pie: 1001: Remap 0x7f32fb45a000->0x7f992163b000 len 0x2000
[ff.run] (48.332s) criu> (47.898220) pie: 1001: Remap 0x7f32f3459000->0x7f9915639000 len 0x8001000
[ff.run] (48.333s) criu> (47.899251) pie: 1001: vdso: Runtime vdso/vvar matches dumpee, remap inplace
[ff.run] (48.334s) criu> (47.899421) pie: 1001: vdso: Using gettimeofday() on vdso at 0x7ffc7b7fbc50
[ff.run] (48.334s) criu> (47.899845) pie: 1001: Failed to set /proc/self/exe link (ret=-1), proceeding anyways
[ff.run] (48.334s) criu> (47.899955) pie: 1001: Restoring scheduler params 0.0.0
[ff.run] (48.334s) criu> (47.900007) pie: 1001: 1001: Restored
[ff.run] (48.334s) criu> (47.900034) pie: 1001: MYCOMMENT: Start restore_finish_stage->futex_dec_and_wake
[ff.run] (48.335s) criu> (47.900212)   1000: 1 threads require 104K of memory
[ff.run] (48.336s) criu> (47.900219)   1000: Found bootstrap VMA hint at: 0x10000 (needs ~128K)
[ff.run] (48.336s) criu> (47.900307)   1000: Thread    0 stack  0x1b080 rt_sigframe  0x23080
[ff.run] (48.336s) criu> (47.900337)   1000: Restoring umask to 22
[ff.run] (48.336s) criu> (47.900344)   1000: Dismissing the image streamer
[ff.run] (48.336s) criu> (47.900360)   1000: task_args: 0x25000
[ff.run] (48.336s) criu> task_args->pid: 1000
[ff.run] (48.336s) criu> task_args->nr_threads: 1
[ff.run] (48.336s) criu> task_args->clone_restore_fn: 0x11a30
[ff.run] (48.336s) criu> task_args->thread_args: 0x25540
[ff.run] (48.336s) criu> (47.900365) pie: 1000: Switched to the restorer 1000
[ff.run] (48.336s) criu> (47.900581) pie: 1000: vdso: Using gettimeofday() on vdso at 0x2ec50
[ff.run] (48.336s) criu> (47.900591) pie: 1000: Remap 0x7f32fb6ec000->0x55ef7517b000 len 0x5000
[ff.run] (48.336s) criu> (47.900601) pie: 1000: Remap 0x7f32fb6f1000->0x55ef75180000 len 0x13000
[ff.run] (48.336s) criu> (47.900617) pie: 1000: Remap 0x7f32fb704000->0x55ef75193000 len 0x6000
[ff.run] (48.336s) criu> (47.900625) pie: 1000: Remap 0x7f32fb70a000->0x55ef75199000 len 0x2000
[ff.run] (48.336s) criu> (47.900636) pie: 1000: Remap 0x7f32fb70c000->0x55ef7519b000 len 0x1000
[ff.run] (48.336s) criu> (47.900647) pie: 1000: Remap 0x7f32fb70d000->0x55ef7519c000 len 0x2000
[ff.run] (48.336s) criu> (47.900661) pie: 1000: Remap 0x7f32fb70f000->0x55ef757fa000 len 0x21000
[ff.run] (48.336s) criu> (47.900678) pie: 1000: Remap 0x7f32fb9c0000->0x7ffdbf580000 len 0x2000
[ff.run] (48.336s) criu> (47.900691) pie: 1000: Remap 0x7f32fb9bc000->0x7ffdbf57c000 len 0x4000
[ff.run] (48.336s) criu> (47.900699) pie: 1000: Remap 0x7f32fb99b000->0x7ffdbf4ea000 len 0x21000
[ff.run] (48.336s) criu> (47.900720) pie: 1000: Remap 0x7f32fb99a000->0x7fb1c46b4000 len 0x1000
[ff.run] (48.336s) criu> (47.900732) pie: 1000: Remap 0x7f32fb997000->0x7fb1c46b1000 len 0x3000
[ff.run] (48.336s) criu> (47.900745) pie: 1000: Remap 0x7f32fb994000->0x7fb1c46ae000 len 0x3000
[ff.run] (48.336s) criu> (47.900754) pie: 1000: Remap 0x7f32fb987000->0x7fb1c46a1000 len 0xd000
[ff.run] (48.336s) criu> (47.900760) pie: 1000: Remap 0x7f32fb985000->0x7fb1c469f000 len 0x2000
[ff.run] (48.336s) criu> (47.900766) pie: 1000: Remap 0x7f32fb984000->0x7fb1c469e000 len 0x1000
[ff.run] (48.336s) criu> (47.900774) pie: 1000: Remap 0x7f32fb983000->0x7fb1c469d000 len 0x1000
[ff.run] (48.336s) criu> (47.900784) pie: 1000: Remap 0x7f32fb982000->0x7fb1c469c000 len 0x1000
[ff.run] (48.336s) criu> (47.900793) pie: 1000: Remap 0x7f32fb981000->0x7fb1c469b000 len 0x1000
[ff.run] (48.336s) criu> (47.900802) pie: 1000: Remap 0x7f32fb979000->0x7fb1c4693000 len 0x8000
[ff.run] (48.336s) criu> (47.900808) pie: 1000: Remap 0x7f32fb956000->0x7fb1c4670000 len 0x23000
[ff.run] (48.336s) criu> (47.900816) pie: 1000: Remap 0x7f32fb955000->0x7fb1c466f000 len 0x1000
[ff.run] (48.336s) criu> (47.900823) pie: 1000: Remap 0x7f32fb953000->0x7fb1c466d000 len 0x2000
[ff.run] (48.336s) criu> (47.900831) pie: 1000: Remap 0x7f32fb952000->0x7fb1c466c000 len 0x1000
[ff.run] (48.336s) criu> (47.900842) pie: 1000: Remap 0x7f32fb951000->0x7fb1c466b000 len 0x1000
[ff.run] (48.337s) criu> (47.900853) pie: 1000: Remap 0x7f32fb950000->0x7fb1c466a000 len 0x1000
[ff.run] (48.337s) criu> (47.900862) pie: 1000: Remap 0x7f32fb94f000->0x7fb1c4669000 len 0x1000
[ff.run] (48.337s) criu> (47.900870) pie: 1000: Remap 0x7f32fb94e000->0x7fb1c4668000 len 0x1000
[ff.run] (48.337s) criu> (47.900876) pie: 1000: Remap 0x7f32fb94d000->0x7fb1c4667000 len 0x1000
[ff.run] (48.337s) criu> (47.900883) pie: 1000: Remap 0x7f32fb949000->0x7fb1c465f000 len 0x4000
[ff.run] (48.337s) criu> (47.900894) pie: 1000: Remap 0x7f32fb947000->0x7fb1c465d000 len 0x2000
[ff.run] (48.337s) criu> (47.900905) pie: 1000: Remap 0x7f32fb943000->0x7fb1c4659000 len 0x4000
[ff.run] (48.337s) criu> (47.900915) pie: 1000: Remap 0x7f32fb8f5000->0x7fb1c460b000 len 0x4e000
[ff.run] (48.337s) criu> (47.900922) pie: 1000: Remap 0x7f32fb77d000->0x7fb1c4493000 len 0x178000
[ff.run] (48.337s) criu> (47.900934) pie: 1000: Remap 0x7f32fb75b000->0x7fb1c4471000 len 0x22000
[ff.run] (48.337s) criu> (47.900943) pie: 1000: Remap 0x7f32fb75a000->0x7fb1c4470000 len 0x1000
[ff.run] (48.337s) criu> (47.900953) pie: 1000: Remap 0x7f32fb759000->0x7fb1c446f000 len 0x1000
[ff.run] (48.337s) criu> (47.900963) pie: 1000: Remap 0x7f32fb758000->0x7fb1c446e000 len 0x1000
[ff.run] (48.337s) criu> (47.900970) pie: 1000: Remap 0x7f32fb756000->0x7fb1c446c000 len 0x2000
[ff.run] (48.337s) criu> (47.900976) pie: 1000: Remap 0x7f32fb755000->0x7fb1c446b000 len 0x1000
[ff.run] (48.337s) criu> (47.900982) pie: 1000: Remap 0x7f32fb751000->0x7fb1c4467000 len 0x4000
[ff.run] (48.337s) criu> (47.900991) pie: 1000: Remap 0x7f32fb750000->0x7fb1c4466000 len 0x1000
[ff.run] (48.337s) criu> (47.901000) pie: 1000: Remap 0x7f32fb74f000->0x7fb1c4465000 len 0x1000
[ff.run] (48.337s) criu> (47.901009) pie: 1000: Remap 0x7f32fb749000->0x7fb1c445f000 len 0x6000
[ff.run] (48.337s) criu> (47.901016) pie: 1000: Remap 0x7f32fb738000->0x7fb1c444e000 len 0x11000
[ff.run] (48.337s) criu> (47.901022) pie: 1000: Remap 0x7f32fb732000->0x7fb1c4448000 len 0x6000
[ff.run] (48.337s) criu> (47.901028) pie: 1000: Remap 0x7f32fb730000->0x7fb1c4446000 len 0x2000
[ff.run] (48.337s) criu> (47.901048) pie: 1000: vdso: Runtime vdso/vvar matches dumpee, remap inplace
[ff.run] (48.337s) criu> (47.901080) pie: 1000: vdso: Using gettimeofday() on vdso at 0x7ffdbf580c50
[ff.run] (48.337s) criu> (47.901135) pie: 1000: Failed to set /proc/self/exe link (ret=-1), proceeding anyways
[ff.run] (48.337s) criu> (47.901143) pie: 1000: Restoring scheduler params 0.0.0
[ff.run] (48.337s) criu> (47.901158) pie: 1000: 1000: Restored
[ff.run] (48.337s) criu> (47.901160) pie: 1000: MYCOMMENT: Start restore_finish_stage->futex_dec_and_wake
[ff.run] (48.337s) criu> (47.901166) pie: 1000: MYCOMMENT: Finished futex_dec_and_wake -> futex_wait_while
[ff.run] (48.337s) criu> (47.901228) pie: 1000: MYCOMMENT: from futex_wait_while, 0
[ff.run] (48.337s) criu> (47.901232) pie: 1000: MYCOMMENT: Finished futex_wait_while -> futex_get
[ff.run] (48.337s) criu> (47.901244) pie: 1000: MYCOMMENT: Start restore_finish_stage->futex_dec_and_wake
[ff.run] (48.337s) criu> (47.901250) pie: 1000: MYCOMMENT: Finished futex_dec_and_wake -> futex_wait_while
[ff.run] (48.337s) criu> (47.901414) pie: 1002: MYCOMMENT: from futex_wait_while, 0
[ff.run] (48.337s) criu> (47.901419) pie: 1002: MYCOMMENT: Finished futex_wait_while -> futex_get
[ff.run] (48.337s) criu> (47.901424) pie: 1002: MYCOMMENT: Start restore_finish_stage->futex_dec_and_wake
[ff.run] (48.337s) criu> (47.901453) pie: 1002: MYCOMMENT: Finished futex_dec_and_wake -> futex_wait_while
[ff.run] (48.337s) criu> (47.903049) pie: 1001: MYCOMMENT: Finished futex_dec_and_wake -> futex_wait_while
[ff.run] (48.337s) criu> (47.903142) pie: 1001: MYCOMMENT: Finished futex_wait_while -> futex_get
[ff.run] (48.337s) criu> (47.903183) pie: 1001: MYCOMMENT: Start restore_finish_stage->futex_dec_and_wake
[ff.run] (48.338s) criu> (47.903291) pie: 1001: MYCOMMENT: Finished futex_dec_and_wake -> futex_wait_while
[ff.run] (48.338s) criu> (47.903568) pie: 1000: MYCOMMENT: from futex_wait_while, 0
[ff.run] (48.338s) criu> (47.903583) pie: 1000: MYCOMMENT: Finished futex_wait_while -> futex_get
[ff.run] (48.338s) criu> (47.903588) pie: 1002: MYCOMMENT: from futex_wait_while, 0
[ff.run] (48.338s) criu> (47.903593) pie: 1002: MYCOMMENT: Finished futex_wait_while -> futex_get
[ff.run] (48.338s) criu> (47.903595) pie: 1000: MYCOMMENT: Start restore_finish_stage->futex_dec_and_wake
[ff.run] (48.338s) criu> (47.903599) pie: 1000: MYCOMMENT: Finished futex_dec_and_wake -> futex_wait_while
[ff.run] (48.338s) criu> (47.903605) pie: 1002: MYCOMMENT: Start restore_finish_stage->futex_dec_and_wake
[ff.run] (48.338s) criu> (47.903632) pie: 1002: MYCOMMENT: Finished futex_dec_and_wake -> futex_wait_while
[ff.run] (48.338s) criu> (47.903839) pie: 1001: MYCOMMENT: Finished futex_wait_while -> futex_get
[ff.run] (48.338s) criu> (47.903881) pie: 1001: MYCOMMENT: Start restore_finish_stage->futex_dec_and_wake
[ff.run] (48.338s) criu> (47.903971) pie: 1001: MYCOMMENT: Finished futex_dec_and_wake -> futex_wait_while
[ff.run] (48.339s) criu> (47.904164) pie: 1000: MYCOMMENT: from futex_wait_while, 0
[ff.run] (48.339s) criu> (47.904333) pie: 1000: MYCOMMENT: Finished futex_wait_while -> futex_get
[ff.run] (48.339s) criu> (47.904733) pie: 1001: MYCOMMENT: Finished futex_wait_while -> futex_get
[ff.run] (48.340s) criu> (47.904757) pie: 1002: MYCOMMENT: from futex_wait_while, 0
[ff.run] (48.342s) criu> (47.906126) pie: 1002: MYCOMMENT: Finished futex_wait_while -> futex_get
1693147753830794 Counter: 26
[ff.run] (48.344s) criu> (47.909862) Restore finished successfully. Tasks resumed.
[ff.run] (48.344s) criu> (47.909909) Writing stats
Displaying restore stats:
Pages compared: 0 (0x0)
Pages skipped COW: 0 (0x0)
Pages restored: 65657 (0x10079)
Restore time: 47891789 us
Forking time: 47515568 us
1693147753832472 Counter: 26
[ff.run] (48.346s) criu> (47.910854) Dismissing the image streamer
[ff.run] (48.346s) Application is ready, restore took 48.3s
1693147754831181 Counter: 27
1693147754832610 Counter: 27
1693147755831410 Counter: 28
1693147755832685 Counter: 28
1693147756831655 Counter: 29
1693147756832845 Counter: 29
1693147757831845 Counter: 30
1693147757832932 Counter: 30
1693147758832018 Counter: 31
1693147758833044 Counter: 31
1693147759832147 Counter: 32
1693147759833210 Counter: 32
1693147760832365 Counter: 33
1693147760833631 Counter: 33
1693147761832629 Counter: 34
1693147761833805 Counter: 34
1693147762832821 Counter: 35
1693147762833930 Counter: 35
1693147763833062 Counter: 36
1693147763834044 Counter: 36
1693147764833298 Counter: 37
1693147764834173 Counter: 37
1693147765833634 Counter: 38
1693147765834732 Counter: 38
1693147766833860 Counter: 39
1693147766835020 Counter: 39
1693147767834080 Counter: 40
1693147767835121 Counter: 40
1693147768834203 Counter: 41
1693147768835256 Counter: 41
1693147769834487 Counter: 42
1693147769835572 Counter: 42
1693147770834770 Counter: 43
1693147770835743 Counter: 43
1693147771834985 Counter: 44
1693147771835850 Counter: 44
1693147772835174 Counter: 45
1693147772836122 Counter: 45
1693147773835340 Counter: 46
1693147773836238 Counter: 46
1693147774835562 Counter: 47
1693147774836342 Counter: 47
1693147775835645 Counter: 48
1693147775836766 Counter: 48
^C[ff.run] (71.056s) Exiting with exit_code=130: Application caught fatal signal SIGINT
