[ff.run] (0.001s) Waiting to acquire file lock at /var/tmp/fastfreeze/run/lock
[ff.run] (0.002s) + criu check
[ff.run] (0.014s) Preparing image store
[ff.run] (0.014s) Fetching image manifest for file:///tmp/ff-test
[ff.run] (0.015s) + pv -q "/tmp/ff-test/manifest.json"
[ff.run] (0.018s) Image manifest found: version=2021-03-22, num_shards=4 compression=lz4 encryption=none prefix=YEFCZt
[ff.run] (0.018s) Restoring application
[ff.run] (0.018s) + criu-image-streamer --progress-fd 8 --ext-file-fds fs.tar:10 --shard-fds 11,13,15,17 --images-dir /var/tmp/fastfreeze/run serve
[ff.run] (0.019s) + pv -q "/tmp/ff-test/YEFCZt-1.ffs" | lz4 -d - -
[ff.run] (0.020s) + pv -q "/tmp/ff-test/YEFCZt-2.ffs" | lz4 -d - -
[ff.run] (0.022s) + pv -q "/tmp/ff-test/YEFCZt-3.ffs" | lz4 -d - -
[ff.run] (0.023s) + pv -q "/tmp/ff-test/YEFCZt-4.ffs" | lz4 -d - -
[ff.run] (0.023s) Restoring filesystem
[ff.run] (0.029s) + tar --verbose --directory / --extract --preserve-permissions --no-overwrite-dir --file -
var/tmp/fastfreeze/
var/tmp/fastfreeze/ld-inject.env
var/tmp/fastfreeze/virttime-conf.bin
var/tmp/fastfreeze/app-config.json
var/tmp/fastfreeze/logs/
var/tmp/fastfreeze/logs/ff-20230827-145620-run-MKrrt7.log
var/tmp/fastfreeze/logs/ff-20230827-145648-checkpoint-YEFCZt.log
[ff.run] (0.085s) Filesystem restored
[ff.run] (0.088s) + set_ns_last_pid 900
set_ns_last_pid: WARN: /proc/sys/kernel/pid_max is high. This might take a while
[ff.run] (0.253s) Application inherits tty[8800:44] via fd:[0, 1, 2]
[ff.run] (0.254s) Duration between restore and checkpoint: 12.3s
[ff.run] (0.254s) Application clock: 28.4s
[ff.run] (0.254s) Starting set_ns_last_pid server
[ff.run] (0.255s) + set_ns_last_pid /var/tmp/fastfreeze/run/set_ns_last_pid.sock
set_ns_last_pid: WARN: /proc/sys/kernel/pid_max is high. This might take a while
[ff.run] (0.357s) Continuing reading image in memory...
[ff.run] (0.476s) Uncompressed image size is 257 MiB, rate: 563 MiB/s
[ff.run] (0.476s)   Shard 1: 61 MiB, rate: 133 MiB/s
[ff.run] (0.476s)   Shard 2: 60 MiB, rate: 131 MiB/s
[ff.run] (0.476s)   Shard 3: 75 MiB, rate: 164 MiB/s
[ff.run] (0.476s)   Shard 4: 62 MiB, rate: 135 MiB/s
[ff.run] (0.476s) Restoring processes
[ff.run] (0.477s) + criu restore --restore-sibling --restore-detached --tcp-close --ext-unix-sk --images-dir /var/tmp/fastfreeze/run --cpu-cap --shell-job --file-locks --file-validation filesize --stream -v --display-stats --inherit-fd fd[0]:tty[8800:44]
[ff.run] (0.480s) criu> (00.000000) Will drop all TCP connections on restore
[ff.run] (0.480s) criu> (00.000071) Version: 3.15 (gitid 0)
[ff.run] (0.480s) criu> (00.000291) Running on 1b710827334a Linux 6.2.0-26-generic #26~22.04.1-Ubuntu SMP PREEMPT_DYNAMIC Thu Jul 13 16:27:29 UTC 2 x86_64
[ff.run] (0.480s) criu> (00.000374) sockets: Probing sock diag modules
[ff.run] (0.480s) criu> (00.000480) sockets: Done probing
[ff.run] (0.480s) criu> (00.000776) Pagemap provides flags only
[ff.run] (0.481s) criu> (00.001108) Found anon-shmem device at 1
[ff.run] (0.481s) criu> (00.001372) Reset 906's dirty tracking
[ff.run] (0.481s) criu> (00.001533) Dirty tracking support is OFF
[ff.run] (0.481s) criu> (00.001678) Zero page detection failed, optimization turns off.
[ff.run] (0.485s) criu> (00.005768) uffd: Lazy pages are not available: Operation not permitted
[ff.run] (0.486s) criu> (00.005944) Lazy pages are not permited
[ff.run] (0.488s) criu> (00.008772) File tty[8800:44] will be restored from inherit fd 0
[ff.run] (0.489s) criu> (00.009473) Reading image tree
[ff.run] (0.490s) criu> (00.010035) Add mnt ns 6 pid 1000
[ff.run] (0.490s) criu> (00.010097) Add net ns 2 pid 1000
[ff.run] (0.490s) criu> (00.010161) Add pid ns 1 pid 1000
[ff.run] (0.490s) criu> (00.010598) Will restore in 0 namespaces
[ff.run] (0.490s) criu> (00.010685) Collecting 51/56 (flags 3)
[ff.run] (0.491s) criu> (00.011005) No memfd.img image
[ff.run] (0.491s) criu> (00.011145) Collecting 40/54 (flags 2)
[ff.run] (0.491s) criu> (00.011359) Collected [usr/bin/dash] ID 0x1
[ff.run] (0.491s) criu> (00.011425) Collected [var/tmp/fastfreeze/virttime-conf.bin] ID 0x2
[ff.run] (0.491s) criu> (00.011687) Collected [usr/lib/x86_64-linux-gnu/libpthread-2.31.so] ID 0x3
[ff.run] (0.491s) criu> (00.011767) Collected [usr/lib/x86_64-linux-gnu/libdl-2.31.so] ID 0x4
[ff.run] (0.491s) criu> (00.011841) Collected [usr/lib/x86_64-linux-gnu/libc-2.31.so] ID 0x5
[ff.run] (0.492s) criu> (00.011919) Collected [var/tmp/fastfreeze/run/libvirttime.so] ID 0x6
[ff.run] (0.492s) criu> (00.012004) Collected [var/tmp/fastfreeze/run/ld-linux-x86-64.so.2] ID 0x7
[ff.run] (0.492s) criu> (00.012076) Collected [var/tmp/fastfreeze/run/ld-virtcpuid.so] ID 0x8
[ff.run] (0.492s) criu> (00.012150) Collected [dev/pts/0] ID 0xa
[ff.run] (0.492s) criu> (00.012228) Collected [opt/memoryhog/entrypoint.sh] ID 0xb
[ff.run] (0.492s) criu> (00.012302) Collected [.] ID 0xc
[ff.run] (0.492s) criu> (00.012376) Collected [opt/memoryhog/memoryhog] ID 0xd
[ff.run] (0.492s) criu> (00.012449) Collected [dev/null] ID 0xe
[ff.run] (0.492s) criu> (00.012527) Collected [dev/null] ID 0xf
[ff.run] (0.492s) criu> (00.012600) Collecting 46/68 (flags 0)
[ff.run] (0.492s) criu> (00.012687) No remap-fpath.img image
[ff.run] (0.492s) criu> (00.012752) tty: Standard stream is not a terminal, may fail later
[ff.run] (0.493s) criu> (00.013116) No apparmor.img image
[ff.run] (0.493s) criu> (00.013378) No cgroup.img image
[ff.run] (0.493s) criu> (00.013501) No pidns-1.img image
[ff.run] (0.493s) criu> (00.013659) MYCOMMENT: Start fork_with_pid for pid 1000
[ff.run] (0.494s) criu> (00.013815) Forking task with 1000 pid (flags 0x8000)
[ff.run] (0.496s) criu> (00.016583) MYCOMMENT: From fork with pid call clone_n.., 1000
[ff.run] (0.496s) criu> (00.016706) MYCOMMENT: From fork with pid finish clone_n., 1000 with ret=1000
[ff.run] (0.496s) criu> (00.016724) MYCOMMENT: From fork_with_pid Enter case !(ca.clone_flags & CLONE_NEWPID) for 1000
[ff.run] (0.497s) criu> (00.016727) MYCOMMENT: From fork_with_pid Enter case ca.core=True, for 1000
[ff.run] (0.497s) criu> (00.016750) MYCOMMENT: End fork_with_pid for 1000
[ff.run] (0.497s) criu> (00.016743) MYCOMMENT: Enter rtwc
[ff.run] (0.497s) criu> (00.016801)   1000: Calling restore_sid() for init
[ff.run] (0.497s) criu> (00.017305)   1000: Collecting 44/37 (flags 2)
[ff.run] (0.498s) criu> (00.018157)   1000: tty: Collected tty ID 0x9 (ext)
[ff.run] (0.498s) criu> (00.018208)   1000: Collecting 45/51 (flags 0)
[ff.run] (0.498s) criu> (00.018700)   1000: No tty-data.img image
[ff.run] (0.498s) criu> (00.018727)   1000: Restoring namespaces 1000 flags 0x8000
[ff.run] (0.499s) criu> (00.018750)   1000: Preparing info about shared resources
[ff.run] (0.499s) criu> (00.019265)   1000: No seccomp.img image
[ff.run] (0.499s) criu> (00.019276)   1000: Collecting 48/38 (flags 0)
[ff.run] (0.499s) criu> (00.019367)   1000: No filelocks.img image
[ff.run] (0.499s) criu> (00.019370)   1000: Collecting 42/27 (flags 0)
[ff.run] (0.500s) criu> (00.019902)   1000: No pipes-data.img image
[ff.run] (0.500s) criu> (00.019913)   1000: Collecting 43/27 (flags 0)
[ff.run] (0.500s) criu> (00.020004)   1000: No fifo-data.img image
[ff.run] (0.500s) criu> (00.020007)   1000: Collecting 41/69 (flags 0)
[ff.run] (0.501s) criu> (00.020807)   1000: No sk-queues.img image
[ff.run] (0.501s) criu> (00.021454)   1000: vma 0x55a91abba000 0x55a91abbf000
[ff.run] (0.501s) criu> (00.021478)   1000: vma 0x55a91abbf000 0x55a91abd2000
[ff.run] (0.501s) criu> (00.021481)   1000: vma 0x55a91abd2000 0x55a91abd8000
[ff.run] (0.501s) criu> (00.021482)   1000: vma 0x55a91abd8000 0x55a91abda000
[ff.run] (0.501s) criu> (00.021483)   1000: vma 0x55a91abda000 0x55a91abdb000
[ff.run] (0.501s) criu> (00.021484)   1000: vma 0x55a91abdb000 0x55a91abdd000
[ff.run] (0.501s) criu> (00.021492)   1000: vma 0x55a91adf8000 0x55a91ae19000
[ff.run] (0.501s) criu> (00.021493)   1000: vma 0x7f6772c0a000 0x7f6776c0b000
[ff.run] (0.501s) criu> (00.021494)   1000: vma 0x7f6776c0b000 0x7f6776c0d000
[ff.run] (0.501s) criu> (00.021495)   1000: vma 0x7f6776c0d000 0x7f6776c13000
[ff.run] (0.501s) criu> (00.021496)   1000: vma 0x7f6776c13000 0x7f6776c24000
[ff.run] (0.501s) criu> (00.021497)   1000: vma 0x7f6776c24000 0x7f6776c2a000
[ff.run] (0.501s) criu> (00.021498)   1000: vma 0x7f6776c2a000 0x7f6776c2b000
[ff.run] (0.501s) criu> (00.021499)   1000: vma 0x7f6776c2b000 0x7f6776c2c000
[ff.run] (0.501s) criu> (00.021500)   1000: vma 0x7f6776c2c000 0x7f6776c30000
[ff.run] (0.501s) criu> (00.021501)   1000: vma 0x7f6776c30000 0x7f6776c31000
[ff.run] (0.501s) criu> (00.021502)   1000: vma 0x7f6776c31000 0x7f6776c33000
[ff.run] (0.502s) criu> (00.021503)   1000: vma 0x7f6776c33000 0x7f6776c34000
[ff.run] (0.502s) criu> (00.021504)   1000: vma 0x7f6776c34000 0x7f6776c35000
[ff.run] (0.502s) criu> (00.021505)   1000: vma 0x7f6776c35000 0x7f6776c36000
[ff.run] (0.502s) criu> (00.021506)   1000: vma 0x7f6776c36000 0x7f6776c58000
[ff.run] (0.502s) criu> (00.021507)   1000: vma 0x7f6776c58000 0x7f6776dd0000
[ff.run] (0.502s) criu> (00.021508)   1000: vma 0x7f6776dd0000 0x7f6776e1e000
[ff.run] (0.502s) criu> (00.021509)   1000: vma 0x7f6776e1e000 0x7f6776e22000
[ff.run] (0.502s) criu> (00.021510)   1000: vma 0x7f6776e22000 0x7f6776e24000
[ff.run] (0.502s) criu> (00.021511)   1000: vma 0x7f6776e24000 0x7f6776e28000
[ff.run] (0.502s) criu> (00.021512)   1000: vma 0x7f6776e2c000 0x7f6776e2d000
[ff.run] (0.502s) criu> (00.021517)   1000: vma 0x7f6776e2d000 0x7f6776e2e000
[ff.run] (0.502s) criu> (00.021518)   1000: vma 0x7f6776e2e000 0x7f6776e2f000
[ff.run] (0.502s) criu> (00.021519)   1000: vma 0x7f6776e2f000 0x7f6776e30000
[ff.run] (0.502s) criu> (00.021520)   1000: vma 0x7f6776e30000 0x7f6776e31000
[ff.run] (0.503s) criu> (00.023242)   1000: vma 0x7f6776e31000 0x7f6776e32000
[ff.run] (0.504s) criu> (00.023290)   1000: vma 0x7f6776e32000 0x7f6776e34000
[ff.run] (0.505s) criu> (00.023294)   1000: vma 0x7f6776e34000 0x7f6776e35000
[ff.run] (0.506s) criu> (00.023295)   1000: vma 0x7f6776e35000 0x7f6776e58000
[ff.run] (0.506s) criu> (00.023295)   1000: vma 0x7f6776e58000 0x7f6776e60000
[ff.run] (0.507s) criu> (00.023303)   1000: vma 0x7f6776e60000 0x7f6776e61000
[ff.run] (0.508s) criu> (00.023305)   1000: vma 0x7f6776e61000 0x7f6776e62000
[ff.run] (0.508s) criu> (00.023306)   1000: vma 0x7f6776e62000 0x7f6776e63000
[ff.run] (0.509s) criu> (00.023307)   1000: vma 0x7f6776e63000 0x7f6776e64000
[ff.run] (0.510s) criu> (00.023308)   1000: vma 0x7f6776e64000 0x7f6776e66000
[ff.run] (0.511s) criu> (00.023308)   1000: vma 0x7f6776e66000 0x7f6776e73000
[ff.run] (0.512s) criu> (00.023309)   1000: vma 0x7f6776e73000 0x7f6776e76000
[ff.run] (0.513s) criu> (00.023310)   1000: vma 0x7f6776e76000 0x7f6776e79000
[ff.run] (0.514s) criu> (00.023318)   1000: vma 0x7f6776e79000 0x7f6776e7a000
[ff.run] (0.515s) criu> (00.023319)   1000: vma 0x7ffdf65e1000 0x7ffdf6602000
[ff.run] (0.515s) criu> (00.023320)   1000: vma 0x7ffdf67f6000 0x7ffdf67fa000
[ff.run] (0.516s) criu> (00.023321)   1000: vma 0x7ffdf67fa000 0x7ffdf67fc000
[ff.run] (0.517s) criu> (00.023322)   1000: vma 0xffffffffff600000 0xffffffffff601000
[ff.run] (0.518s) criu> (00.038525)   1000: Collect fdinfo pid=1000 fd=0 id=0x9
[ff.run] (0.519s) criu> (00.039330)   1000: Collect fdinfo pid=1000 fd=1 id=0x9
[ff.run] (0.520s) criu> (00.040279)   1000: Collect fdinfo pid=1000 fd=2 id=0x9
[ff.run] (0.521s) criu> (00.041014)   1000: Collect fdinfo pid=1000 fd=10 id=0xb
[ff.run] (0.522s) criu> (00.041927)   1000: vma 0x55b468831000 0x55b468832000
[ff.run] (0.522s) criu> (00.042660)   1000: vma 0x55b468832000 0x55b468833000
[ff.run] (0.523s) criu> (00.043402)   1000: vma 0x55b468833000 0x55b468834000
[ff.run] (0.524s) criu> (00.044138)   1000: vma 0x55b468834000 0x55b468835000
[ff.run] (0.525s) criu> (00.044958)   1000: vma 0x55b468835000 0x55b468836000
[ff.run] (0.525s) criu> (00.045516)   1000: vma 0x55b469887000 0x55b4698a8000
[ff.run] (0.525s) criu> (00.045689)   1000: vma 0x7f963ee17000 0x7f9646e18000
[ff.run] (0.526s) criu> (00.045890)   1000: vma 0x7f9646e18000 0x7f964ae19000
[ff.run] (0.526s) criu> (00.045973)   1000: vma 0x7f964ae19000 0x7f964ae1b000
[ff.run] (0.526s) criu> (00.046092)   1000: vma 0x7f964ae1b000 0x7f964ae21000
[ff.run] (0.526s) criu> (00.046292)   1000: vma 0x7f964ae21000 0x7f964ae32000
[ff.run] (0.526s) criu> (00.046336)   1000: vma 0x7f964ae32000 0x7f964ae38000
[ff.run] (0.526s) criu> (00.046563)   1000: vma 0x7f964ae38000 0x7f964ae39000
[ff.run] (0.526s) criu> (00.046835)   1000: vma 0x7f964ae39000 0x7f964ae3a000
[ff.run] (0.527s) criu> (00.046952)   1000: vma 0x7f964ae3a000 0x7f964ae3e000
[ff.run] (0.527s) criu> (00.047197)   1000: vma 0x7f964ae3e000 0x7f964ae3f000
[ff.run] (0.527s) criu> (00.047267)   1000: vma 0x7f964ae3f000 0x7f964ae41000
[ff.run] (0.527s) criu> (00.047562)   1000: vma 0x7f964ae41000 0x7f964ae42000
[ff.run] (0.527s) criu> (00.047634)   1000: vma 0x7f964ae42000 0x7f964ae43000
[ff.run] (0.528s) criu> (00.047671)   1000: vma 0x7f964ae43000 0x7f964ae44000
[ff.run] (0.528s) criu> (00.048134)   1000: vma 0x7f964ae44000 0x7f964ae66000
[ff.run] (0.528s) criu> (00.048139)   1000: vma 0x7f964ae66000 0x7f964afde000
[ff.run] (0.528s) criu> (00.048141)   1000: vma 0x7f964afde000 0x7f964b02c000
[ff.run] (0.528s) criu> (00.048142)   1000: vma 0x7f964b02c000 0x7f964b030000
[ff.run] (0.528s) criu> (00.048143)   1000: vma 0x7f964b030000 0x7f964b032000
[ff.run] (0.528s) criu> (00.048144)   1000: vma 0x7f964b032000 0x7f964b036000
[ff.run] (0.528s) criu> (00.048144)   1000: vma 0x7f964b03a000 0x7f964b03b000
[ff.run] (0.528s) criu> (00.048145)   1000: vma 0x7f964b03b000 0x7f964b03c000
[ff.run] (0.528s) criu> (00.048146)   1000: vma 0x7f964b03c000 0x7f964b03d000
[ff.run] (0.528s) criu> (00.048154)   1000: vma 0x7f964b03d000 0x7f964b03e000
[ff.run] (0.528s) criu> (00.048155)   1000: vma 0x7f964b03e000 0x7f964b03f000
[ff.run] (0.528s) criu> (00.048156)   1000: vma 0x7f964b03f000 0x7f964b040000
[ff.run] (0.528s) criu> (00.048157)   1000: vma 0x7f964b040000 0x7f964b042000
[ff.run] (0.528s) criu> (00.048158)   1000: vma 0x7f964b042000 0x7f964b043000
[ff.run] (0.528s) criu> (00.048159)   1000: vma 0x7f964b043000 0x7f964b066000
[ff.run] (0.528s) criu> (00.048160)   1000: vma 0x7f964b066000 0x7f964b06e000
[ff.run] (0.528s) criu> (00.048161)   1000: vma 0x7f964b06e000 0x7f964b06f000
[ff.run] (0.528s) criu> (00.048161)   1000: vma 0x7f964b06f000 0x7f964b070000
[ff.run] (0.528s) criu> (00.048162)   1000: vma 0x7f964b070000 0x7f964b071000
[ff.run] (0.528s) criu> (00.048163)   1000: vma 0x7f964b071000 0x7f964b072000
[ff.run] (0.528s) criu> (00.048164)   1000: vma 0x7f964b072000 0x7f964b074000
[ff.run] (0.528s) criu> (00.048165)   1000: vma 0x7f964b074000 0x7f964b081000
[ff.run] (0.528s) criu> (00.048166)   1000: vma 0x7f964b081000 0x7f964b084000
[ff.run] (0.528s) criu> (00.048167)   1000: vma 0x7f964b084000 0x7f964b087000
[ff.run] (0.528s) criu> (00.048168)   1000: vma 0x7f964b087000 0x7f964b088000
[ff.run] (0.528s) criu> (00.048169)   1000: vma 0x7ffc32fbe000 0x7ffc32fdf000
[ff.run] (0.528s) criu> (00.048170)   1000: vma 0x7ffc32fec000 0x7ffc32ff0000
[ff.run] (0.528s) criu> (00.048171)   1000: vma 0x7ffc32ff0000 0x7ffc32ff2000
[ff.run] (0.528s) criu> (00.048172)   1000: vma 0xffffffffff600000 0xffffffffff601000
[ff.run] (0.529s) criu> (00.049427)   1000: Collect fdinfo pid=1002 fd=0 id=0xf
[ff.run] (0.529s) criu> (00.049432)   1000: Collect fdinfo pid=1002 fd=1 id=0x9
[ff.run] (0.529s) criu> (00.049434)   1000: Collect fdinfo pid=1002 fd=2 id=0x9
[ff.run] (0.530s) criu> (00.050551)   1000: vma 0x5594f2c49000 0x5594f2c4a000
[ff.run] (0.530s) criu> (00.050612)   1000: vma 0x5594f2c4a000 0x5594f2c4b000
[ff.run] (0.530s) criu> (00.050617)   1000: vma 0x5594f2c4b000 0x5594f2c4c000
[ff.run] (0.530s) criu> (00.050618)   1000: vma 0x5594f2c4c000 0x5594f2c4d000
[ff.run] (0.530s) criu> (00.050619)   1000: vma 0x5594f2c4d000 0x5594f2c4e000
[ff.run] (0.530s) criu> (00.050620)   1000: vma 0x5594f4956000 0x5594f4977000
[ff.run] (0.530s) criu> (00.050621)   1000: vma 0x7f81a5f45000 0x7f81adf46000
[ff.run] (0.530s) criu> (00.050622)   1000: vma 0x7f81adf46000 0x7f81b1f47000
[ff.run] (0.530s) criu> (00.050623)   1000: vma 0x7f81b1f47000 0x7f81b1f49000
[ff.run] (0.530s) criu> (00.050624)   1000: vma 0x7f81b1f49000 0x7f81b1f4f000
[ff.run] (0.531s) criu> (00.050625)   1000: vma 0x7f81b1f4f000 0x7f81b1f60000
[ff.run] (0.531s) criu> (00.050626)   1000: vma 0x7f81b1f60000 0x7f81b1f66000
[ff.run] (0.531s) criu> (00.050627)   1000: vma 0x7f81b1f66000 0x7f81b1f67000
[ff.run] (0.531s) criu> (00.050628)   1000: vma 0x7f81b1f67000 0x7f81b1f68000
[ff.run] (0.531s) criu> (00.050629)   1000: vma 0x7f81b1f68000 0x7f81b1f6c000
[ff.run] (0.531s) criu> (00.050629)   1000: vma 0x7f81b1f6c000 0x7f81b1f6d000
[ff.run] (0.531s) criu> (00.050630)   1000: vma 0x7f81b1f6d000 0x7f81b1f6f000
[ff.run] (0.531s) criu> (00.050631)   1000: vma 0x7f81b1f6f000 0x7f81b1f70000
[ff.run] (0.531s) criu> (00.051282)   1000: vma 0x7f81b1f70000 0x7f81b1f71000
[ff.run] (0.531s) criu> (00.051283)   1000: vma 0x7f81b1f71000 0x7f81b1f72000
[ff.run] (0.531s) criu> (00.051284)   1000: vma 0x7f81b1f72000 0x7f81b1f94000
[ff.run] (0.531s) criu> (00.051285)   1000: vma 0x7f81b1f94000 0x7f81b210c000
[ff.run] (0.531s) criu> (00.051286)   1000: vma 0x7f81b210c000 0x7f81b215a000
[ff.run] (0.531s) criu> (00.051287)   1000: vma 0x7f81b215a000 0x7f81b215e000
[ff.run] (0.531s) criu> (00.051288)   1000: vma 0x7f81b215e000 0x7f81b2160000
[ff.run] (0.531s) criu> (00.051289)   1000: vma 0x7f81b2160000 0x7f81b2164000
[ff.run] (0.531s) criu> (00.051290)   1000: vma 0x7f81b2168000 0x7f81b2169000
[ff.run] (0.531s) criu> (00.051291)   1000: vma 0x7f81b2169000 0x7f81b216a000
[ff.run] (0.531s) criu> (00.051292)   1000: vma 0x7f81b216a000 0x7f81b216b000
[ff.run] (0.531s) criu> (00.051293)   1000: vma 0x7f81b216b000 0x7f81b216c000
[ff.run] (0.531s) criu> (00.051294)   1000: vma 0x7f81b216c000 0x7f81b216d000
[ff.run] (0.531s) criu> (00.051298)   1000: vma 0x7f81b216d000 0x7f81b216e000
[ff.run] (0.531s) criu> (00.051299)   1000: vma 0x7f81b216e000 0x7f81b2170000
[ff.run] (0.531s) criu> (00.051655)   1000: vma 0x7f81b2170000 0x7f81b2171000
[ff.run] (0.532s) criu> (00.051659)   1000: vma 0x7f81b2171000 0x7f81b2194000
[ff.run] (0.532s) criu> (00.051661)   1000: vma 0x7f81b2194000 0x7f81b219c000
[ff.run] (0.532s) criu> (00.051661)   1000: vma 0x7f81b219c000 0x7f81b219d000
[ff.run] (0.532s) criu> (00.052084)   1000: vma 0x7f81b219d000 0x7f81b219e000
[ff.run] (0.532s) criu> (00.052087)   1000: vma 0x7f81b219e000 0x7f81b219f000
[ff.run] (0.532s) criu> (00.052088)   1000: vma 0x7f81b219f000 0x7f81b21a0000
[ff.run] (0.532s) criu> (00.052089)   1000: vma 0x7f81b21a0000 0x7f81b21a2000
[ff.run] (0.532s) criu> (00.052090)   1000: vma 0x7f81b21a2000 0x7f81b21af000
[ff.run] (0.532s) criu> (00.052091)   1000: vma 0x7f81b21af000 0x7f81b21b2000
[ff.run] (0.532s) criu> (00.052092)   1000: vma 0x7f81b21b2000 0x7f81b21b5000
[ff.run] (0.532s) criu> (00.052093)   1000: vma 0x7f81b21b5000 0x7f81b21b6000
[ff.run] (0.532s) criu> (00.052094)   1000: vma 0x7ffdb59c3000 0x7ffdb59e4000
[ff.run] (0.532s) criu> (00.052095)   1000: vma 0x7ffdb59e9000 0x7ffdb59ed000
[ff.run] (0.532s) criu> (00.052096)   1000: vma 0x7ffdb59ed000 0x7ffdb59ef000
[ff.run] (0.532s) criu> (00.052096)   1000: vma 0xffffffffff600000 0xffffffffff601000
[ff.run] (0.534s) criu> (00.053839)   1000: Collect fdinfo pid=1001 fd=0 id=0xe
[ff.run] (0.534s) criu> (00.053845)   1000: Collect fdinfo pid=1001 fd=1 id=0x9
[ff.run] (0.534s) criu> (00.053847)   1000: Collect fdinfo pid=1001 fd=2 id=0x9
[ff.run] (0.535s) criu> (00.054758)   1000: skqueue: Preparing SCMs
[ff.run] (0.535s) criu> (00.054765)   1000: tty: Inherit terminal for id 0x9
[ff.run] (0.535s) criu> (00.054766)   1000: tty: head driver ext id 0x9 index 1012 (master 0 sid 1 pgrp 1 inherit 1)
[ff.run] (0.535s) criu> (00.054768)   1000: File descs:
[ff.run] (0.535s) criu> (00.054770)   1000:  `- type 1 ID 0x1
[ff.run] (0.535s) criu> (00.054771)   1000:  `- type 1 ID 0x2
[ff.run] (0.535s) criu> (00.054772)   1000:  `- type 1 ID 0x3
[ff.run] (0.535s) criu> (00.054772)   1000:  `- type 1 ID 0x4
[ff.run] (0.535s) criu> (00.054773)   1000:  `- type 1 ID 0x5
[ff.run] (0.535s) criu> (00.054774)   1000:  `- type 1 ID 0x6
[ff.run] (0.535s) criu> (00.054775)   1000:  `- type 1 ID 0x7
[ff.run] (0.535s) criu> (00.054776)   1000:  `- type 1 ID 0x8
[ff.run] (0.535s) criu> (00.054777)   1000:  `- type 11 ID 0x9
[ff.run] (0.535s) criu> (00.054778)   1000:    `- FD 0 pid 1000
[ff.run] (0.535s) criu> (00.054779)   1000:    `- FD 1 pid 1000
[ff.run] (0.535s) criu> (00.054779)   1000:    `- FD 2 pid 1000
[ff.run] (0.535s) criu> (00.054780)   1000:    `- FD 1 pid 1001
[ff.run] (0.535s) criu> (00.054781)   1000:    `- FD 2 pid 1001
[ff.run] (0.535s) criu> (00.054782)   1000:    `- FD 1 pid 1002
[ff.run] (0.535s) criu> (00.054783)   1000:    `- FD 2 pid 1002
[ff.run] (0.535s) criu> (00.054784)   1000:  `- type 1 ID 0xa
[ff.run] (0.536s) criu> (00.054784)   1000:  `- type 1 ID 0xb
[ff.run] (0.536s) criu> (00.054785)   1000:    `- FD 10 pid 1000
[ff.run] (0.536s) criu> (00.054786)   1000:  `- type 1 ID 0xc
[ff.run] (0.536s) criu> (00.054787)   1000:  `- type 1 ID 0xd
[ff.run] (0.536s) criu> (00.054788)   1000:  `- type 1 ID 0xe
[ff.run] (0.536s) criu> (00.054789)   1000:    `- FD 0 pid 1001
[ff.run] (0.536s) criu> (00.054790)   1000:  `- type 1 ID 0xf
[ff.run] (0.536s) criu> (00.054791)   1000:    `- FD 0 pid 1002
[ff.run] (0.538s) criu> (00.058052)   1000: pr1000-1 Read 55a91abbf000 1 pages
[ff.run] (0.538s) criu> (00.058066)   1000: pr1000-1 Read 55a91abd8000 2 pages
[ff.run] (0.538s) criu> (00.058073)   1000: pr1000-1 Read 55a91abda000 1 pages
[ff.run] (0.538s) criu> (00.058078)   1000: pr1000-1 Read 55a91abdc000 1 pages
[ff.run] (0.538s) criu> (00.058082)   1000: pr1000-1 Read 55a91adf8000 2 pages
[ff.run] (0.538s) criu> (00.058086)   1000: pr1000-1 Read 7f6776c0b000 2 pages
[ff.run] (0.538s) criu> (00.058090)   1000: pr1000-1 Read 7f6776c2a000 1 pages
[ff.run] (0.539s) criu> (00.058095)   1000: pr1000-1 Read 7f6776c2b000 1 pages
[ff.run] (0.539s) criu> (00.058099)   1000: pr1000-1 Read 7f6776c2f000 1 pages
[ff.run] (0.539s) criu> (00.058102)   1000: pr1000-1 Read 7f6776c34000 1 pages
[ff.run] (0.539s) criu> (00.058106)   1000: pr1000-1 Read 7f6776c35000 1 pages
[ff.run] (0.539s) criu> (00.058110)   1000: pr1000-1 Read 7f6776e1e000 4 pages
[ff.run] (0.539s) criu> (00.058121)   1000: pr1000-1 Read 7f6776e22000 2 pages
[ff.run] (0.539s) criu> (00.058127)   1000: pr1000-1 Read 7f6776e24000 2 pages
[ff.run] (0.539s) criu> (00.058132)   1000: pr1000-1 Read 7f6776e27000 1 pages
[ff.run] (0.539s) criu> (00.058135)   1000: pr1000-1 Read 7f6776e2f000 1 pages
[ff.run] (0.539s) criu> (00.058139)   1000: pr1000-1 Read 7f6776e30000 1 pages
[ff.run] (0.539s) criu> (00.058143)   1000: pr1000-1 Read 7f6776e31000 1 pages
[ff.run] (0.539s) criu> (00.058147)   1000: pr1000-1 Read 7f6776e32000 2 pages
[ff.run] (0.539s) criu> (00.058152)   1000: pr1000-1 Read 7f6776e61000 1 pages
[ff.run] (0.539s) criu> (00.058156)   1000: pr1000-1 Read 7f6776e62000 1 pages
[ff.run] (0.539s) criu> (00.058161)   1000: pr1000-1 Read 7f6776e63000 1 pages
[ff.run] (0.539s) criu> (00.058165)   1000: pr1000-1 Read 7f6776e76000 3 pages
[ff.run] (0.539s) criu> (00.058172)   1000: pr1000-1 Read 7f6776e79000 1 pages
[ff.run] (0.539s) criu> (00.058176)   1000: pr1000-1 Read 7ffdf65fe000 4 pages
[ff.run] (0.539s) criu> (00.058183)   1000: pr1000-1 Read 7ffdf67fa000 2 pages
[ff.run] (0.539s) criu> (00.058192)   1000: nr_restored_pages: 41
[ff.run] (0.539s) criu> (00.058194)   1000: nr_shared_pages:   0
[ff.run] (0.539s) criu> (00.058194)   1000: nr_dropped_pages:   0
[ff.run] (0.539s) criu> (00.058195)   1000: nr_lazy:           0
[ff.run] (0.539s) criu> (00.058196)   1000: Restore on-core sigactions for 1000
[ff.run] (0.539s) criu> (00.058235)   1000: Restoring children in alien sessions:
[ff.run] (0.539s) criu> (00.058237)   1000: Restoring children in our session:
[ff.run] (0.539s) criu> (00.058237)   1000: MYCOMMENT: Start fork_with_pid for pid 1002
[ff.run] (0.541s) criu> (00.060880)   1000: Forking task with 1002 pid (flags 0x0)
[ff.run] (0.542s) criu> (00.061853)   1000: MYCOMMENT: From fork with pid call clone_n.., 1002
[ff.run] (0.542s) criu> (00.062691)   1000: MYCOMMENT: From fork with pid finish clone_n., 1002 with ret=1002
[ff.run] (0.543s) criu> (00.062819)   1000: MYCOMMENT: From fork_with_pid Enter case !(ca.clone_flags & CLONE_NEWPID) for 1002
[ff.run] (0.543s) criu> (00.062830)   1000: MYCOMMENT: From fork_with_pid Enter case ca.core=True, for 1002
[ff.run] (0.544s) criu> (00.062865)   1000: MYCOMMENT: End fork_with_pid for 1002
[ff.run] (0.544s) criu> (00.062868)   1000: MYCOMMENT: Start fork_with_pid for pid 1001
[ff.run] (0.544s) criu> (00.063011)   1000: MYCOMMENT: Enter rtwc
[ff.run] (0.544s) criu> (00.063962)   1000: Forking task with 1001 pid (flags 0x0)
[ff.run] (0.564s) criu> (00.083866)   1002: pr1002-2 Read 55b468832000 1 pages
[ff.run] (0.564s) criu> (00.084036)   1002: pr1002-2 Read 55b468834000 1 pages
[ff.run] (0.564s) criu> (00.084094)   1002: pr1002-2 Read 55b468835000 1 pages
[ff.run] (0.564s) criu> (00.084146)   1002: pr1002-2 Read 55b469887000 1 pages
[ff.run] (0.564s) criu> (00.084197)   1002: pr1002-2 Read 7f963ee17000 255 pages
[ff.run] (0.565s) criu> (00.085214)   1002: pr1002-2 Read 7f963ef16000 256 pages
[ff.run] (0.566s) criu> (00.085664)   1002: pr1002-2 Read 7f963f016000 256 pages
[ff.run] (0.566s) criu> (00.086059)   1002: pr1002-2 Read 7f963f116000 256 pages
[ff.run] (0.567s) criu> (00.087086)   1002: pr1002-2 Read 7f963f216000 256 pages
[ff.run] (0.567s) criu> (00.087760)   1002: pr1002-2 Read 7f963f316000 256 pages
[ff.run] (0.568s) criu> (00.088568)   1002: pr1002-2 Read 7f963f416000 256 pages
[ff.run] (0.569s) criu> (00.089266)   1002: pr1002-2 Read 7f963f516000 256 pages
[ff.run] (0.570s) criu> (00.089963)   1002: pr1002-2 Read 7f963f616000 256 pages
[ff.run] (0.571s) criu> (00.091108)   1002: pr1002-2 Read 7f963f716000 256 pages
[ff.run] (0.571s) criu> (00.091540)   1002: pr1002-2 Read 7f963f816000 256 pages
[ff.run] (0.572s) criu> (00.092283)   1002: pr1002-2 Read 7f963f916000 256 pages
[ff.run] (0.573s) criu> (00.092959)   1002: pr1002-2 Read 7f963fa16000 256 pages
[ff.run] (0.573s) criu> (00.093627)   1002: pr1002-2 Read 7f963fb16000 256 pages
[ff.run] (0.574s) criu> (00.094357)   1002: pr1002-2 Read 7f963fc16000 256 pages
[ff.run] (0.575s) criu> (00.095011)   1002: pr1002-2 Read 7f963fd16000 256 pages
[ff.run] (0.575s) criu> (00.095698)   1002: pr1002-2 Read 7f963fe16000 256 pages
[ff.run] (0.576s) criu> (00.096357)   1002: pr1002-2 Read 7f963ff16000 256 pages
[ff.run] (0.577s) criu> (00.097071)   1002: pr1002-2 Read 7f9640016000 256 pages
[ff.run] (0.578s) criu> (00.098392)   1002: pr1002-2 Read 7f9640116000 256 pages
[ff.run] (0.579s) criu> (00.099505)   1002: pr1002-2 Read 7f9640216000 256 pages
[ff.run] (0.580s) criu> (00.100314)   1002: pr1002-2 Read 7f9640316000 256 pages
[ff.run] (0.581s) criu> (00.100988)   1002: pr1002-2 Read 7f9640416000 256 pages
[ff.run] (0.581s) criu> (00.101669)   1002: pr1002-2 Read 7f9640516000 256 pages
[ff.run] (0.582s) criu> (00.102368)   1002: pr1002-2 Read 7f9640616000 256 pages
[ff.run] (0.583s) criu> (00.103028)   1002: pr1002-2 Read 7f9640716000 256 pages
[ff.run] (0.583s) criu> (00.103733)   1002: pr1002-2 Read 7f9640816000 256 pages
[ff.run] (0.584s) criu> (00.104290)   1002: pr1002-2 Read 7f9640916000 256 pages
[ff.run] (0.585s) criu> (00.105285)   1002: pr1002-2 Read 7f9640a16000 256 pages
[ff.run] (0.586s) criu> (00.106353)   1002: pr1002-2 Read 7f9640b16000 256 pages
[ff.run] (0.587s) criu> (00.107316)   1002: pr1002-2 Read 7f9640c16000 256 pages
[ff.run] (0.588s) criu> (00.108026)   1002: pr1002-2 Read 7f9640d16000 256 pages
[ff.run] (0.591s) criu> (00.111801)   1002: pr1002-2 Read 7f9640e16000 256 pages
[ff.run] (0.592s) criu> (00.112770)   1002: pr1002-2 Read 7f9640f16000 256 pages
[ff.run] (0.593s) criu> (00.113458)   1002: pr1002-2 Read 7f9641016000 256 pages
[ff.run] (0.594s) criu> (00.113890)   1002: pr1002-2 Read 7f9641116000 256 pages
[ff.run] (0.595s) criu> (00.114884)   1002: pr1002-2 Read 7f9641216000 256 pages
[ff.run] (0.595s) criu> (00.115788)   1002: pr1002-2 Read 7f9641316000 256 pages
[ff.run] (0.596s) criu> (00.116621)   1002: pr1002-2 Read 7f9641416000 256 pages
[ff.run] (0.597s) criu> (00.117675)   1002: pr1002-2 Read 7f9641516000 256 pages
[ff.run] (0.598s) criu> (00.118111)   1002: pr1002-2 Read 7f9641616000 256 pages
[ff.run] (0.598s) criu> (00.118706)   1002: pr1002-2 Read 7f9641716000 256 pages
[ff.run] (0.599s) criu> (00.119427)   1002: pr1002-2 Read 7f9641816000 256 pages
[ff.run] (0.600s) criu> (00.120104)   1002: pr1002-2 Read 7f9641916000 256 pages
[ff.run] (0.600s) criu> (00.120802)   1002: pr1002-2 Read 7f9641a16000 256 pages
[ff.run] (0.601s) criu> (00.121455)   1002: pr1002-2 Read 7f9641b16000 256 pages
[ff.run] (0.602s) criu> (00.122356)   1002: pr1002-2 Read 7f9641c16000 256 pages
[ff.run] (0.603s) criu> (00.122945)   1002: pr1002-2 Read 7f9641d16000 256 pages
[ff.run] (0.603s) criu> (00.123592)   1002: pr1002-2 Read 7f9641e16000 256 pages
[ff.run] (0.604s) criu> (00.124598)   1002: pr1002-2 Read 7f9641f16000 256 pages
[ff.run] (0.605s) criu> (00.125251)   1002: pr1002-2 Read 7f9642016000 256 pages
[ff.run] (0.606s) criu> (00.126174)   1002: pr1002-2 Read 7f9642116000 256 pages
[ff.run] (0.607s) criu> (00.127110)   1002: pr1002-2 Read 7f9642216000 256 pages
[ff.run] (0.608s) criu> (00.127984)   1002: pr1002-2 Read 7f9642316000 256 pages
[ff.run] (0.609s) criu> (00.129015)   1002: pr1002-2 Read 7f9642416000 256 pages
[ff.run] (0.609s) criu> (00.129752)   1002: pr1002-2 Read 7f9642516000 256 pages
[ff.run] (0.610s) criu> (00.130426)   1002: pr1002-2 Read 7f9642616000 256 pages
[ff.run] (0.611s) criu> (00.131139)   1002: pr1002-2 Read 7f9642716000 256 pages
[ff.run] (0.612s) criu> (00.131987)   1002: pr1002-2 Read 7f9642816000 256 pages
[ff.run] (0.613s) criu> (00.133140)   1002: pr1002-2 Read 7f9642916000 256 pages
[ff.run] (0.614s) criu> (00.134101)   1002: pr1002-2 Read 7f9642a16000 256 pages
[ff.run] (0.615s) criu> (00.135123)   1002: pr1002-2 Read 7f9642b16000 256 pages
[ff.run] (0.616s) criu> (00.136073)   1002: pr1002-2 Read 7f9642c16000 256 pages
[ff.run] (0.617s) criu> (00.137059)   1002: pr1002-2 Read 7f9642d16000 256 pages
[ff.run] (0.617s) criu> (00.137759)   1002: pr1002-2 Read 7f9642e16000 256 pages
[ff.run] (0.622s) criu> (00.142071)   1002: pr1002-2 Read 7f9642f16000 256 pages
[ff.run] (0.625s) criu> (00.145149)   1002: pr1002-2 Read 7f9643016000 256 pages
[ff.run] (0.626s) criu> (00.146803)   1002: pr1002-2 Read 7f9643116000 256 pages
[ff.run] (0.627s) criu> (00.147520)   1002: pr1002-2 Read 7f9643216000 256 pages
[ff.run] (0.629s) criu> (00.149345)   1002: pr1002-2 Read 7f9643316000 256 pages
[ff.run] (0.630s) criu> (00.150131)   1002: pr1002-2 Read 7f9643416000 256 pages
[ff.run] (0.631s) criu> (00.150851)   1002: pr1002-2 Read 7f9643516000 256 pages
[ff.run] (0.631s) criu> (00.151577)   1002: pr1002-2 Read 7f9643616000 256 pages
[ff.run] (0.632s) criu> (00.152281)   1002: pr1002-2 Read 7f9643716000 256 pages
[ff.run] (0.633s) criu> (00.153106)   1002: pr1002-2 Read 7f9643816000 256 pages
[ff.run] (0.633s) criu> (00.153781)   1002: pr1002-2 Read 7f9643916000 256 pages
[ff.run] (0.634s) criu> (00.154553)   1002: pr1002-2 Read 7f9643a16000 256 pages
[ff.run] (0.635s) criu> (00.155264)   1002: pr1002-2 Read 7f9643b16000 256 pages
[ff.run] (0.636s) criu> (00.156221)   1002: pr1002-2 Read 7f9643c16000 256 pages
[ff.run] (0.637s) criu> (00.157288)   1002: pr1002-2 Read 7f9643d16000 256 pages
[ff.run] (0.638s) criu> (00.158001)   1002: pr1002-2 Read 7f9643e16000 256 pages
[ff.run] (0.639s) criu> (00.159085)   1002: pr1002-2 Read 7f9643f16000 256 pages
[ff.run] (0.639s) criu> (00.159542)   1002: pr1002-2 Read 7f9644016000 256 pages
[ff.run] (0.640s) criu> (00.160427)   1002: pr1002-2 Read 7f9644116000 256 pages
[ff.run] (0.641s) criu> (00.161118)   1002: pr1002-2 Read 7f9644216000 256 pages
[ff.run] (0.641s) criu> (00.161803)   1002: pr1002-2 Read 7f9644316000 256 pages
[ff.run] (0.642s) criu> (00.162482)   1002: pr1002-2 Read 7f9644416000 256 pages
[ff.run] (0.643s) criu> (00.163216)   1002: pr1002-2 Read 7f9644516000 256 pages
[ff.run] (0.644s) criu> (00.163962)   1002: pr1002-2 Read 7f9644616000 256 pages
[ff.run] (0.645s) criu> (00.165048)   1002: pr1002-2 Read 7f9644716000 256 pages
[ff.run] (0.646s) criu> (00.166085)   1002: pr1002-2 Read 7f9644816000 256 pages
[ff.run] (0.647s) criu> (00.167071)   1002: pr1002-2 Read 7f9644916000 256 pages
[ff.run] (0.648s) criu> (00.168045)   1002: pr1002-2 Read 7f9644a16000 256 pages
[ff.run] (0.649s) criu> (00.168911)   1002: pr1002-2 Read 7f9644b16000 256 pages
[ff.run] (0.649s) criu> (00.169643)   1002: pr1002-2 Read 7f9644c16000 256 pages
[ff.run] (0.650s) criu> (00.170339)   1002: pr1002-2 Read 7f9644d16000 256 pages
[ff.run] (0.651s) criu> (00.171076)   1002: pr1002-2 Read 7f9644e16000 256 pages
[ff.run] (0.652s) criu> (00.172107)   1002: pr1002-2 Read 7f9644f16000 256 pages
[ff.run] (0.653s) criu> (00.173150)   1002: pr1002-2 Read 7f9645016000 256 pages
[ff.run] (0.654s) criu> (00.174521)   1002: pr1002-2 Read 7f9645116000 256 pages
[ff.run] (0.655s) criu> (00.175213)   1002: pr1002-2 Read 7f9645216000 256 pages
[ff.run] (0.656s) criu> (00.175915)   1002: pr1002-2 Read 7f9645316000 256 pages
[ff.run] (0.656s) criu> (00.176678)   1002: pr1002-2 Read 7f9645416000 256 pages
[ff.run] (0.657s) criu> (00.177700)   1002: pr1002-2 Read 7f9645516000 256 pages
[ff.run] (0.659s) criu> (00.178856)   1002: pr1002-2 Read 7f9645616000 256 pages
[ff.run] (0.659s) criu> (00.179681)   1002: pr1002-2 Read 7f9645716000 256 pages
[ff.run] (0.660s) criu> (00.180348)   1002: pr1002-2 Read 7f9645816000 256 pages
[ff.run] (0.660s) criu> (00.180751)   1002: pr1002-2 Read 7f9645916000 256 pages
[ff.run] (0.661s) criu> (00.181151)   1002: pr1002-2 Read 7f9645a16000 256 pages
[ff.run] (0.662s) criu> (00.182008)   1002: pr1002-2 Read 7f9645b16000 256 pages
[ff.run] (0.662s) criu> (00.182402)   1002: pr1002-2 Read 7f9645c16000 256 pages
[ff.run] (0.662s) criu> (00.182820)   1002: pr1002-2 Read 7f9645d16000 256 pages
[ff.run] (0.663s) criu> (00.183426)   1002: pr1002-2 Read 7f9645e16000 256 pages
[ff.run] (0.664s) criu> (00.183868)   1002: pr1002-2 Read 7f9645f16000 256 pages
[ff.run] (0.664s) criu> (00.184246)   1002: pr1002-2 Read 7f9646016000 256 pages
[ff.run] (0.664s) criu> (00.184621)   1002: pr1002-2 Read 7f9646116000 256 pages
[ff.run] (0.665s) criu> (00.185001)   1002: pr1002-2 Read 7f9646216000 256 pages
[ff.run] (0.665s) criu> (00.185385)   1002: pr1002-2 Read 7f9646316000 256 pages
[ff.run] (0.665s) criu> (00.185765)   1002: pr1002-2 Read 7f9646416000 256 pages
[ff.run] (0.666s) criu> (00.186521)   1002: pr1002-2 Read 7f9646516000 256 pages
[ff.run] (0.667s) criu> (00.187067)   1002: pr1002-2 Read 7f9646616000 256 pages
[ff.run] (0.667s) criu> (00.187504)   1002: pr1002-2 Read 7f9646716000 256 pages
[ff.run] (0.668s) criu> (00.187881)   1002: pr1002-2 Read 7f9646816000 256 pages
[ff.run] (0.668s) criu> (00.188253)   1002: pr1002-2 Read 7f9646916000 256 pages
[ff.run] (0.668s) criu> (00.188621)   1002: pr1002-2 Read 7f9646a16000 256 pages
[ff.run] (0.669s) criu> (00.189770)   1002: pr1002-2 Read 7f9646b16000 256 pages
[ff.run] (0.670s) criu> (00.190458)   1002: pr1002-2 Read 7f9646c16000 256 pages
[ff.run] (0.671s) criu> (00.191197)   1002: pr1002-2 Read 7f9646d16000 256 pages
[ff.run] (0.672s) criu> (00.192237)   1002: pr1002-2 Read 7f9646e16000 2 pages
[ff.run] (0.672s) criu> (00.192393)   1002: pr1002-2 Read 7f964ae19000 2 pages
[ff.run] (0.673s) criu> (00.192711)   1002: pr1002-2 Read 7f964ae38000 1 pages
[ff.run] (0.673s) criu> (00.193102)   1002: pr1002-2 Read 7f964ae39000 1 pages
[ff.run] (0.673s) criu> (00.193654)   1002: pr1002-2 Read 7f964ae3d000 1 pages
[ff.run] (0.674s) criu> (00.193812)   1002: pr1002-2 Read 7f964ae42000 1 pages
[ff.run] (0.674s) criu> (00.194112)   1002: pr1002-2 Read 7f964ae43000 1 pages
[ff.run] (0.674s) criu> (00.194155)   1002: pr1002-2 Read 7f964b02c000 4 pages
[ff.run] (0.674s) criu> (00.194203)   1002: pr1002-2 Read 7f964b030000 2 pages
[ff.run] (0.674s) criu> (00.194247)   1002: pr1002-2 Read 7f964b032000 2 pages
[ff.run] (0.674s) criu> (00.194287)   1002: pr1002-2 Read 7f964b035000 1 pages
[ff.run] (0.674s) criu> (00.194326)   1002: pr1002-2 Read 7f964b03d000 1 pages
[ff.run] (0.674s) criu> (00.194365)   1002: pr1002-2 Read 7f964b03e000 1 pages
[ff.run] (0.674s) criu> (00.194404)   1002: pr1002-2 Read 7f964b03f000 1 pages
[ff.run] (0.674s) criu> (00.194443)   1002: pr1002-2 Read 7f964b040000 2 pages
[ff.run] (0.674s) criu> (00.194482)   1002: pr1002-2 Read 7f964b06f000 1 pages
[ff.run] (0.674s) criu> (00.194522)   1002: pr1002-2 Read 7f964b070000 1 pages
[ff.run] (0.674s) criu> (00.194561)   1002: pr1002-2 Read 7f964b071000 1 pages
[ff.run] (0.674s) criu> (00.194600)   1002: pr1002-2 Read 7f964b084000 3 pages
[ff.run] (0.674s) criu> (00.194645)   1002: pr1002-2 Read 7f964b087000 1 pages
[ff.run] (0.674s) criu> (00.194690)   1002: pr1002-2 Read 7ffc32fda000 5 pages
[ff.run] (0.674s) criu> (00.194734)   1002: pr1002-2 Read 7ffc32ff0000 2 pages
[ff.run] (0.674s) criu> (00.194798)   1002: nr_restored_pages: 32808
[ff.run] (0.674s) criu> (00.194835)   1002: nr_shared_pages:   0
[ff.run] (0.675s) criu> (00.194868)   1002: nr_dropped_pages:   0
[ff.run] (0.675s) criu> (00.194899)   1002: nr_lazy:           0
[ff.run] (0.675s) criu> (00.194932)   1002: Restore on-core sigactions for 1002
[ff.run] (0.675s) criu> (00.195004)   1002: Restoring children in alien sessions:
[ff.run] (0.675s) criu> (00.195040)   1002: Restoring children in our session:
[ff.run] (0.675s) criu> (00.195090)   1002: Restoring 1002 to 1 pgid
[ff.run] (0.675s) criu> (00.195124)   1002: MYCOMMENT: finish getpgrp() with pgid 1
[ff.run] (0.675s) criu> (00.195155)   1002: MYCOMMENT:From rstwc Finish  restore_pgid() for pid 1002
[ff.run] (0.675s) criu> (00.195187)   1002: MYCOMMENT: From rstwc Enter restore_finish_stage for pid 1002
[ff.run] (0.675s) criu> (00.195218)   1002: MYCOMMENT: Start restore_finish_stage->futex_dec_and_wake
[ff.run] (0.675s) criu> (00.195303)   1002: MYCOMMENT: Finished futex_dec_and_wake -> futex_wait_while
[ff.run] (42.975s) criu> (42.495555)   1000: MYCOMMENT: From fork with pid call clone_n.., 1001
[ff.run] (42.977s) criu> (42.496907)   1000: MYCOMMENT: From fork with pid finish clone_n., 1001 with ret=1001
[ff.run] (42.977s) criu> (42.497061)   1000: MYCOMMENT: From fork_with_pid Enter case !(ca.clone_flags & CLONE_NEWPID) for 1001
[ff.run] (42.977s) criu> (42.497076)   1000: MYCOMMENT: From fork_with_pid Enter case ca.core=True, for 1001
[ff.run] (42.977s) criu> (42.497132)   1000: MYCOMMENT: End fork_with_pid for 1001
[ff.run] (42.977s) criu> (42.497302)   1000: Restoring 1000 to 1 pgid
[ff.run] (42.977s) criu> (42.497308)   1000: MYCOMMENT: finish getpgrp() with pgid 1
[ff.run] (42.978s) criu> (42.497309)   1000: MYCOMMENT:From rstwc Finish  restore_pgid() for pid 1000
[ff.run] (42.978s) criu> (42.497311)   1000: MYCOMMENT: From rstwc current->parent = NULL for pid 1000
[ff.run] (42.979s) criu> (42.499517)   1000: MYCOMMENT: Enter rtwc
[ff.run] (42.982s) criu> (42.502190)   1001: pr1001-2 Read 5594f2c4a000 1 pages
[ff.run] (42.983s) criu> (42.502416)   1001: pr1001-2 Read 5594f2c4c000 1 pages
[ff.run] (42.983s) criu> (42.503106)   1001: pr1001-2 Read 5594f2c4d000 1 pages
[ff.run] (42.983s) criu> (42.503211)   1001: pr1001-2 Read 5594f4956000 1 pages
[ff.run] (42.983s) criu> (42.503242)   1001: pr1001-2 Read 7f81a5f45000 255 pages
[ff.run] (42.985s) criu> (42.504962)   1001: pr1001-2 Read 7f81a6044000 256 pages
[ff.run] (42.986s) criu> (42.506360)   1001: pr1001-2 Read 7f81a6144000 256 pages
[ff.run] (42.988s) criu> (42.507736)   1001: pr1001-2 Read 7f81a6244000 256 pages
[ff.run] (42.989s) criu> (42.508916)   1001: pr1001-2 Read 7f81a6344000 256 pages
[ff.run] (42.991s) criu> (42.510486)   1001: pr1001-2 Read 7f81a6444000 256 pages
[ff.run] (42.992s) criu> (42.512160)   1001: pr1001-2 Read 7f81a6544000 256 pages
[ff.run] (42.993s) criu> (42.513468)   1001: pr1001-2 Read 7f81a6644000 256 pages
[ff.run] (42.995s) criu> (42.514851)   1001: pr1001-2 Read 7f81a6744000 256 pages
[ff.run] (42.997s) criu> (42.517321)   1001: pr1001-2 Read 7f81a6844000 256 pages
[ff.run] (42.999s) criu> (42.518604)   1001: pr1001-2 Read 7f81a6944000 256 pages
[ff.run] (42.999s) criu> (42.519103)   1001: pr1001-2 Read 7f81a6a44000 256 pages
[ff.run] (43.000s) criu> (42.520275)   1001: pr1001-2 Read 7f81a6b44000 256 pages
[ff.run] (43.001s) criu> (42.521585)   1001: pr1001-2 Read 7f81a6c44000 256 pages
[ff.run] (43.003s) criu> (42.523059)   1001: pr1001-2 Read 7f81a6d44000 256 pages
[ff.run] (43.004s) criu> (42.524334)   1001: pr1001-2 Read 7f81a6e44000 256 pages
[ff.run] (43.006s) criu> (42.526132)   1001: pr1001-2 Read 7f81a6f44000 256 pages
[ff.run] (43.007s) criu> (42.527735)   1001: pr1001-2 Read 7f81a7044000 256 pages
[ff.run] (43.009s) criu> (42.529503)   1001: pr1001-2 Read 7f81a7144000 256 pages
[ff.run] (43.011s) criu> (42.531019)   1001: pr1001-2 Read 7f81a7244000 256 pages
[ff.run] (43.012s) criu> (42.532500)   1001: pr1001-2 Read 7f81a7344000 256 pages
[ff.run] (43.014s) criu> (42.533963)   1001: pr1001-2 Read 7f81a7444000 256 pages
[ff.run] (43.015s) criu> (42.535453)   1001: pr1001-2 Read 7f81a7544000 256 pages
[ff.run] (43.016s) criu> (42.536532)   1001: pr1001-2 Read 7f81a7644000 256 pages
[ff.run] (43.018s) criu> (42.537845)   1001: pr1001-2 Read 7f81a7744000 256 pages
[ff.run] (43.019s) criu> (42.538868)   1001: pr1001-2 Read 7f81a7844000 256 pages
[ff.run] (43.020s) criu> (42.539954)   1001: pr1001-2 Read 7f81a7944000 256 pages
[ff.run] (43.021s) criu> (42.541071)   1001: pr1001-2 Read 7f81a7a44000 256 pages
[ff.run] (43.022s) criu> (42.542422)   1001: pr1001-2 Read 7f81a7b44000 256 pages
[ff.run] (43.023s) criu> (42.543567)   1001: pr1001-2 Read 7f81a7c44000 256 pages
[ff.run] (43.025s) criu> (42.545340)   1001: pr1001-2 Read 7f81a7d44000 256 pages
[ff.run] (43.026s) criu> (42.546798)   1001: pr1001-2 Read 7f81a7e44000 256 pages
[ff.run] (43.028s) criu> (42.548017)   1001: pr1001-2 Read 7f81a7f44000 256 pages
[ff.run] (43.029s) criu> (42.549169)   1001: pr1001-2 Read 7f81a8044000 256 pages
[ff.run] (43.031s) criu> (42.551204)   1001: pr1001-2 Read 7f81a8144000 256 pages
[ff.run] (43.033s) criu> (42.552869)   1001: pr1001-2 Read 7f81a8244000 256 pages
[ff.run] (43.034s) criu> (42.554245)   1001: pr1001-2 Read 7f81a8344000 256 pages
[ff.run] (43.035s) criu> (42.555541)   1001: pr1001-2 Read 7f81a8444000 256 pages
[ff.run] (43.036s) criu> (42.556809)   1001: pr1001-2 Read 7f81a8544000 256 pages
[ff.run] (43.038s) criu> (42.558160)   1001: pr1001-2 Read 7f81a8644000 256 pages
[ff.run] (43.039s) criu> (42.559590)   1001: pr1001-2 Read 7f81a8744000 256 pages
[ff.run] (43.040s) criu> (42.560682)   1001: pr1001-2 Read 7f81a8844000 256 pages
[ff.run] (43.041s) criu> (42.561808)   1001: pr1001-2 Read 7f81a8944000 256 pages
[ff.run] (43.042s) criu> (42.562768)   1001: pr1001-2 Read 7f81a8a44000 256 pages
[ff.run] (43.043s) criu> (42.563677)   1001: pr1001-2 Read 7f81a8b44000 256 pages
[ff.run] (43.044s) criu> (42.564585)   1001: pr1001-2 Read 7f81a8c44000 256 pages
[ff.run] (43.045s) criu> (42.565645)   1001: pr1001-2 Read 7f81a8d44000 256 pages
[ff.run] (43.046s) criu> (42.566695)   1001: pr1001-2 Read 7f81a8e44000 256 pages
[ff.run] (43.047s) criu> (42.567795)   1001: pr1001-2 Read 7f81a8f44000 256 pages
[ff.run] (43.048s) criu> (42.568687)   1001: pr1001-2 Read 7f81a9044000 256 pages
[ff.run] (43.050s) criu> (42.570112)   1001: pr1001-2 Read 7f81a9144000 256 pages
[ff.run] (43.051s) criu> (42.571203)   1001: pr1001-2 Read 7f81a9244000 256 pages
[ff.run] (43.059s) criu> (42.578906)   1001: pr1001-2 Read 7f81a9344000 256 pages
[ff.run] (43.060s) criu> (42.580059)   1001: pr1001-2 Read 7f81a9444000 256 pages
[ff.run] (43.061s) criu> (42.581038)   1001: pr1001-2 Read 7f81a9544000 256 pages
[ff.run] (43.062s) criu> (42.581881)   1001: pr1001-2 Read 7f81a9644000 256 pages
[ff.run] (43.062s) criu> (42.582611)   1001: pr1001-2 Read 7f81a9744000 256 pages
[ff.run] (43.063s) criu> (42.583441)   1001: pr1001-2 Read 7f81a9844000 256 pages
[ff.run] (43.064s) criu> (42.584193)   1001: pr1001-2 Read 7f81a9944000 256 pages
[ff.run] (43.065s) criu> (42.584965)   1001: pr1001-2 Read 7f81a9a44000 256 pages
[ff.run] (43.066s) criu> (42.586428)   1001: pr1001-2 Read 7f81a9b44000 256 pages
[ff.run] (43.067s) criu> (42.587251)   1001: pr1001-2 Read 7f81a9c44000 256 pages
[ff.run] (43.068s) criu> (42.587866)   1001: pr1001-2 Read 7f81a9d44000 256 pages
[ff.run] (43.068s) criu> (42.588579)   1001: pr1001-2 Read 7f81a9e44000 256 pages
[ff.run] (43.070s) criu> (42.590290)   1001: pr1001-2 Read 7f81a9f44000 256 pages
[ff.run] (43.071s) criu> (42.591061)   1001: pr1001-2 Read 7f81aa044000 256 pages
[ff.run] (43.071s) criu> (42.591812)   1001: pr1001-2 Read 7f81aa144000 256 pages
[ff.run] (43.072s) criu> (42.592568)   1001: pr1001-2 Read 7f81aa244000 256 pages
[ff.run] (43.073s) criu> (42.593648)   1001: pr1001-2 Read 7f81aa344000 256 pages
[ff.run] (43.074s) criu> (42.594517)   1001: pr1001-2 Read 7f81aa444000 256 pages
[ff.run] (43.076s) criu> (42.595970)   1001: pr1001-2 Read 7f81aa544000 256 pages
[ff.run] (43.076s) criu> (42.596731)   1001: pr1001-2 Read 7f81aa644000 256 pages
[ff.run] (43.077s) criu> (42.597473)   1001: pr1001-2 Read 7f81aa744000 256 pages
[ff.run] (43.078s) criu> (42.598479)   1001: pr1001-2 Read 7f81aa844000 256 pages
[ff.run] (43.080s) criu> (42.600225)   1001: pr1001-2 Read 7f81aa944000 256 pages
[ff.run] (43.086s) criu> (42.606324)   1001: pr1001-2 Read 7f81aaa44000 256 pages
[ff.run] (43.087s) criu> (42.607067)   1001: pr1001-2 Read 7f81aab44000 256 pages
[ff.run] (43.088s) criu> (42.607908)   1001: pr1001-2 Read 7f81aac44000 256 pages
[ff.run] (43.088s) criu> (42.608681)   1001: pr1001-2 Read 7f81aad44000 256 pages
[ff.run] (43.089s) criu> (42.609551)   1001: pr1001-2 Read 7f81aae44000 256 pages
[ff.run] (43.090s) criu> (42.610597)   1001: pr1001-2 Read 7f81aaf44000 256 pages
[ff.run] (43.091s) criu> (42.611326)   1001: pr1001-2 Read 7f81ab044000 256 pages
[ff.run] (43.092s) criu> (42.612352)   1001: pr1001-2 Read 7f81ab144000 256 pages
[ff.run] (43.093s) criu> (42.613121)   1001: pr1001-2 Read 7f81ab244000 256 pages
[ff.run] (43.094s) criu> (42.613968)   1001: pr1001-2 Read 7f81ab344000 256 pages
[ff.run] (43.094s) criu> (42.614641)   1001: pr1001-2 Read 7f81ab444000 256 pages
[ff.run] (43.095s) criu> (42.615383)   1001: pr1001-2 Read 7f81ab544000 256 pages
[ff.run] (43.096s) criu> (42.616095)   1001: pr1001-2 Read 7f81ab644000 256 pages
[ff.run] (43.097s) criu> (42.617346)   1001: pr1001-2 Read 7f81ab744000 256 pages
[ff.run] (43.098s) criu> (42.618086)   1001: pr1001-2 Read 7f81ab844000 256 pages
[ff.run] (43.099s) criu> (42.619195)   1001: pr1001-2 Read 7f81ab944000 256 pages
[ff.run] (43.100s) criu> (42.619966)   1001: pr1001-2 Read 7f81aba44000 256 pages
[ff.run] (43.100s) criu> (42.620617)   1001: pr1001-2 Read 7f81abb44000 256 pages
[ff.run] (43.101s) criu> (42.621517)   1001: pr1001-2 Read 7f81abc44000 256 pages
[ff.run] (43.102s) criu> (42.622552)   1001: pr1001-2 Read 7f81abd44000 256 pages
[ff.run] (43.103s) criu> (42.623339)   1001: pr1001-2 Read 7f81abe44000 256 pages
[ff.run] (43.104s) criu> (42.624317)   1001: pr1001-2 Read 7f81abf44000 256 pages
[ff.run] (43.105s) criu> (42.625226)   1001: pr1001-2 Read 7f81ac044000 256 pages
[ff.run] (43.106s) criu> (42.625950)   1001: pr1001-2 Read 7f81ac144000 256 pages
[ff.run] (43.106s) criu> (42.626595)   1001: pr1001-2 Read 7f81ac244000 256 pages
[ff.run] (43.108s) criu> (42.627966)   1001: pr1001-2 Read 7f81ac344000 256 pages
[ff.run] (43.109s) criu> (42.628851)   1001: pr1001-2 Read 7f81ac444000 256 pages
[ff.run] (43.114s) criu> (42.634325)   1001: pr1001-2 Read 7f81ac544000 256 pages
[ff.run] (43.115s) criu> (42.635193)   1001: pr1001-2 Read 7f81ac644000 256 pages
[ff.run] (43.116s) criu> (42.635881)   1001: pr1001-2 Read 7f81ac744000 256 pages
[ff.run] (43.116s) criu> (42.636548)   1001: pr1001-2 Read 7f81ac844000 256 pages
[ff.run] (43.117s) criu> (42.637138)   1001: pr1001-2 Read 7f81ac944000 256 pages
[ff.run] (43.117s) criu> (42.637767)   1001: pr1001-2 Read 7f81aca44000 256 pages
[ff.run] (43.118s) criu> (42.638419)   1001: pr1001-2 Read 7f81acb44000 256 pages
[ff.run] (43.119s) criu> (42.639111)   1001: pr1001-2 Read 7f81acc44000 256 pages
[ff.run] (43.120s) criu> (42.639993)   1001: pr1001-2 Read 7f81acd44000 256 pages
[ff.run] (43.120s) criu> (42.640708)   1001: pr1001-2 Read 7f81ace44000 256 pages
[ff.run] (43.121s) criu> (42.641566)   1001: pr1001-2 Read 7f81acf44000 256 pages
[ff.run] (43.122s) criu> (42.642233)   1001: pr1001-2 Read 7f81ad044000 256 pages
[ff.run] (43.123s) criu> (42.642928)   1001: pr1001-2 Read 7f81ad144000 256 pages
[ff.run] (43.123s) criu> (42.643668)   1001: pr1001-2 Read 7f81ad244000 256 pages
[ff.run] (43.124s) criu> (42.644308)   1001: pr1001-2 Read 7f81ad344000 256 pages
[ff.run] (43.125s) criu> (42.645141)   1001: pr1001-2 Read 7f81ad444000 256 pages
[ff.run] (43.126s) criu> (42.645982)   1001: pr1001-2 Read 7f81ad544000 256 pages
[ff.run] (43.126s) criu> (42.646460)   1001: pr1001-2 Read 7f81ad644000 256 pages
[ff.run] (43.127s) criu> (42.647670)   1001: pr1001-2 Read 7f81ad744000 256 pages
[ff.run] (43.128s) criu> (42.648313)   1001: pr1001-2 Read 7f81ad844000 256 pages
[ff.run] (43.129s) criu> (42.648951)   1001: pr1001-2 Read 7f81ad944000 256 pages
[ff.run] (43.130s) criu> (42.650067)   1001: pr1001-2 Read 7f81ada44000 256 pages
[ff.run] (43.131s) criu> (42.650858)   1001: pr1001-2 Read 7f81adb44000 256 pages
[ff.run] (43.131s) criu> (42.651421)   1001: pr1001-2 Read 7f81adc44000 256 pages
[ff.run] (43.132s) criu> (42.652005)   1001: pr1001-2 Read 7f81add44000 256 pages
[ff.run] (43.132s) criu> (42.652586)   1001: pr1001-2 Read 7f81ade44000 256 pages
[ff.run] (43.133s) criu> (42.653196)   1001: pr1001-2 Read 7f81adf44000 2 pages
[ff.run] (43.133s) criu> (42.653240)   1001: pr1001-2 Read 7f81b1f47000 2 pages
[ff.run] (43.133s) criu> (42.653256)   1001: pr1001-2 Read 7f81b1f66000 1 pages
[ff.run] (43.134s) criu> (42.653268)   1001: pr1001-2 Read 7f81b1f67000 1 pages
[ff.run] (43.134s) criu> (42.653273)   1001: pr1001-2 Read 7f81b1f6b000 1 pages
[ff.run] (43.135s) criu> (42.653278)   1001: pr1001-2 Read 7f81b1f70000 1 pages
[ff.run] (43.135s) criu> (42.653284)   1001: pr1001-2 Read 7f81b1f71000 1 pages
[ff.run] (43.136s) criu> (42.653374)   1001: pr1001-2 Read 7f81b215a000 4 pages
[ff.run] (43.136s) criu> (42.653399)   1001: pr1001-2 Read 7f81b215e000 2 pages
[ff.run] (43.137s) criu> (42.653408)   1001: pr1001-2 Read 7f81b2160000 2 pages
[ff.run] (43.137s) criu> (42.653413)   1001: pr1001-2 Read 7f81b2163000 1 pages
[ff.run] (43.138s) criu> (42.653417)   1001: pr1001-2 Read 7f81b216b000 1 pages
[ff.run] (43.138s) criu> (42.653422)   1001: pr1001-2 Read 7f81b216c000 1 pages
[ff.run] (43.139s) criu> (42.653428)   1001: pr1001-2 Read 7f81b216d000 1 pages
[ff.run] (43.139s) criu> (42.653433)   1001: pr1001-2 Read 7f81b216e000 2 pages
[ff.run] (43.140s) criu> (42.653438)   1001: pr1001-2 Read 7f81b219d000 1 pages
[ff.run] (43.140s) criu> (42.653443)   1001: pr1001-2 Read 7f81b219e000 1 pages
[ff.run] (43.141s) criu> (42.653448)   1001: pr1001-2 Read 7f81b219f000 1 pages
[ff.run] (43.141s) criu> (42.653452)   1001: pr1001-2 Read 7f81b21b2000 3 pages
[ff.run] (43.141s) criu> (42.653465)   1001: pr1001-2 Read 7f81b21b5000 1 pages
[ff.run] (43.142s) criu> (42.653469)   1001: pr1001-2 Read 7ffdb59e0000 4 pages
[ff.run] (43.142s) criu> (42.653477)   1001: pr1001-2 Read 7ffdb59ed000 2 pages
[ff.run] (43.143s) criu> (42.653501)   1001: nr_restored_pages: 32807
[ff.run] (43.143s) criu> (42.653503)   1001: nr_shared_pages:   0
Displaying restore stats:
Pages compared: 0 (0x0)
Pages skipped COW: 0 (0x0)
Pages restored: 65656 (0x10078)
Restore time: 42653877 us
Forking time: 42302202 us
(1002) 1693148264509827 Counter: 28
(1001) 1693148264509871 Counter: 28
[ff.run] (43.145s) criu> (42.653504)   1001: nr_dropped_pages:   0
[ff.run] (43.145s) criu> (42.653505)   1001: nr_lazy:           0
[ff.run] (43.146s) criu> (42.653507)   1001: Restore on-core sigactions for 1001
[ff.run] (43.146s) criu> (42.653546)   1001: Restoring children in alien sessions:
[ff.run] (43.146s) criu> (42.653549)   1001: Restoring children in our session:
[ff.run] (43.146s) criu> (42.653570)   1001: Restoring 1001 to 1 pgid
[ff.run] (43.146s) criu> (42.653572)   1001: MYCOMMENT: finish getpgrp() with pgid 1
[ff.run] (43.146s) criu> (42.653573)   1001: MYCOMMENT:From rstwc Finish  restore_pgid() for pid 1001
[ff.run] (43.147s) criu> (42.653574)   1001: MYCOMMENT: From rstwc Enter restore_finish_stage for pid 1001
[ff.run] (43.147s) criu> (42.653575)   1001: MYCOMMENT: Start restore_finish_stage->futex_dec_and_wake
[ff.run] (43.148s) criu> (42.653604)   1001: MYCOMMENT: Finished futex_dec_and_wake -> futex_wait_while
[ff.run] (43.148s) criu> (42.653740)   1002: MYCOMMENT: from futex_wait_while, 0
[ff.run] (43.149s) criu> (42.653753)   1002: MYCOMMENT: Finished futex_wait_while -> futex_get
[ff.run] (43.150s) criu> (42.653754)   1002: MYCOMMENT: From rstwc rfs >=0 for pid 1002
[ff.run] (43.150s) criu> (42.653755)   1002: Restoring resources
[ff.run] (43.150s) criu> (42.653788)   1002: Opening fdinfo-s
[ff.run] (43.151s) criu> (42.653863)   1002: 		Create fd for 0
[ff.run] (43.152s) criu> (42.653867)   1002: 	Receive fd for 1
[ff.run] (43.153s) criu> (42.653871)   1002: 	Receive fd for 2
[ff.run] (43.154s) criu> (42.653872)   1002: 	Receive fd for 1
[ff.run] (43.155s) criu> (42.653874)   1002: 	Receive fd for 2
[ff.run] (43.156s) criu> (42.653883)   1001: MYCOMMENT: from futex_wait_while, 0
[ff.run] (43.157s) criu> (42.653886)   1001: MYCOMMENT: Finished futex_wait_while -> futex_get
[ff.run] (43.157s) criu> (42.653886)   1001: MYCOMMENT: From rstwc rfs >=0 for pid 1001
[ff.run] (43.157s) criu> (42.653888)   1001: Restoring resources
[ff.run] (43.158s) criu> (42.653905)   1001: Opening fdinfo-s
[ff.run] (43.159s) criu> (42.653918)   1001: 		Create fd for 0
[ff.run] (43.159s) criu> (42.653919)   1001: 	Receive fd for 1
[ff.run] (43.161s) criu> (42.653921)   1001: 	Receive fd for 2
[ff.run] (43.162s) criu> (42.653923)   1001: 	Receive fd for 1
[ff.run] (43.162s) criu> (42.653925)   1001: 	Receive fd for 2
[ff.run] (43.164s) criu> (42.654912)   1000: Restoring resources
[ff.run] (43.164s) criu> (42.654934)   1000: Opening fdinfo-s
[ff.run] (43.165s) criu> (42.654936)   1000: tty: open driver ext id 0x9 index 1012 (master 0 sid 1 pgrp 1 inherit 1)
[ff.run] (43.165s) criu> (42.654952)   1000: File tty[8800:44] will be restored from fd 0 dumped from inherit fd 0
[ff.run] (43.166s) criu> (42.656540)   1000: 		Create fd for 0
[ff.run] (43.167s) criu> (42.656543)   1000: 			Going to dup 0 into 1
[ff.run] (43.168s) criu> (42.656546)   1000: 			Going to dup 0 into 2
[ff.run] (43.170s) criu> (42.656548)   1000: 		Send fd 0 to /crtools-fd-1001
[ff.run] (43.171s) criu> (42.656610)   1001: 	Receive fd for 1
[ff.run] (43.172s) criu> (42.656627)   1001: Further fle=0x7f7e98685e40, pid=1001
[ff.run] (43.173s) criu> (42.656630)   1001: 	Receive fd for 2
[ff.run] (43.174s) criu> (42.656631)   1001: 	Receive fd for 2
[ff.run] (43.175s) criu> (42.659038)   1000: 		Send fd 0 to /crtools-fd-1001
[ff.run] (43.175s) criu> (42.659175)   1001: 	Receive fd for 2
[ff.run] (43.175s) criu> (42.659184)   1001: Further fle=0x7f7e98685e80, pid=1001
[ff.run] (43.175s) criu> (42.659187)   1001: Opening 0x007f81adf46000-0x007f81b1f47000 0000000000000000 (81) vma
[ff.run] (43.175s) criu> (42.659248)   1001: Restore via sigreturn
[ff.run] (43.175s) criu> (42.659536)   1001: 1 threads require 104K of memory
[ff.run] (43.176s) criu> (42.659540)   1001: Found bootstrap VMA hint at: 0x10000 (needs ~128K)
[ff.run] (43.176s) criu> (42.659637)   1001: Thread    0 stack  0x1b080 rt_sigframe  0x23080
[ff.run] (43.176s) criu> (42.659664)   1001: Restoring umask to 22
[ff.run] (43.176s) criu> (42.659669)   1001: Dismissing the image streamer
[ff.run] (43.177s) criu> (42.659681)   1001: task_args: 0x25000
[ff.run] (43.177s) criu> task_args->pid: 1001
[ff.run] (43.177s) criu> task_args->nr_threads: 1
[ff.run] (43.177s) criu> task_args->clone_restore_fn: 0x11a30
[ff.run] (43.177s) criu> task_args->thread_args: 0x25540
[ff.run] (43.177s) criu> (42.659686) pie: 1001: Switched to the restorer 1001
[ff.run] (43.177s) criu> (42.659936) pie: 1001: vdso: Using gettimeofday() on vdso at 0x2ec50
[ff.run] (43.178s) criu> (42.659944) pie: 1001: Remap 0x7f7e8fe74000->0x5594f2c49000 len 0x1000
[ff.run] (43.178s) criu> (42.659952) pie: 1001: Remap 0x7f7e8fe75000->0x5594f2c4a000 len 0x1000
[ff.run] (43.178s) criu> (42.659961) pie: 1001: Remap 0x7f7e8fe76000->0x5594f2c4b000 len 0x1000
[ff.run] (43.178s) criu> (42.659967) pie: 1001: Remap 0x7f7e8fe77000->0x5594f2c4c000 len 0x1000
[ff.run] (43.178s) criu> (42.659975) pie: 1001: Remap 0x7f7e8fe78000->0x5594f2c4d000 len 0x1000
[ff.run] (43.178s) criu> (42.659984) pie: 1001: Remap 0x7f7e8fe79000->0x5594f4956000 len 0x21000
[ff.run] (43.178s) criu> (42.660004) pie: 1001: Remap 0x7f7e9812b000->0x7ffdb59ed000 len 0x2000
[ff.run] (43.178s) criu> (42.660015) pie: 1001: Remap 0x7f7e98127000->0x7ffdb59e9000 len 0x4000
[ff.run] (43.178s) criu> (42.660021) pie: 1001: Remap 0x7f7e98106000->0x7ffdb59c3000 len 0x21000
[ff.run] (43.179s) criu> (42.660036) pie: 1001: Remap 0x7f7e98105000->0x7f81b21b5000 len 0x1000
[ff.run] (43.179s) criu> (42.660045) pie: 1001: Remap 0x7f7e98102000->0x7f81b21b2000 len 0x3000
[ff.run] (43.179s) criu> (42.660054) pie: 1001: Remap 0x7f7e980ff000->0x7f81b21af000 len 0x3000
[ff.run] (43.179s) criu> (42.660060) pie: 1001: Remap 0x7f7e980f2000->0x7f81b21a2000 len 0xd000
[ff.run] (43.179s) criu> (42.660065) pie: 1001: Remap 0x7f7e980f0000->0x7f81b21a0000 len 0x2000
[ff.run] (43.179s) criu> (42.660070) pie: 1001: Remap 0x7f7e980ef000->0x7f81b219f000 len 0x1000
[ff.run] (43.179s) criu> (42.660076) pie: 1001: Remap 0x7f7e980ee000->0x7f81b219e000 len 0x1000
[ff.run] (43.179s) criu> (42.660084) pie: 1001: Remap 0x7f7e980ed000->0x7f81b219d000 len 0x1000
[ff.run] (43.179s) criu> (42.660093) pie: 1001: Remap 0x7f7e980ec000->0x7f81b219c000 len 0x1000
[ff.run] (43.179s) criu> (42.660098) pie: 1001: Remap 0x7f7e980e4000->0x7f81b2194000 len 0x8000
[ff.run] (43.179s) criu> (42.660103) pie: 1001: Remap 0x7f7e980c1000->0x7f81b2171000 len 0x23000
[ff.run] (43.179s) criu> (42.660109) pie: 1001: Remap 0x7f7e980c0000->0x7f81b2170000 len 0x1000
[ff.run] (43.179s) criu> (42.660114) pie: 1001: Remap 0x7f7e980be000->0x7f81b216e000 len 0x2000
[ff.run] (43.179s) criu> (42.660121) pie: 1001: Remap 0x7f7e980bd000->0x7f81b216d000 len 0x1000
[ff.run] (43.179s) criu> (42.660129) pie: 1001: Remap 0x7f7e980bc000->0x7f81b216c000 len 0x1000
[ff.run] (43.179s) criu> (42.660138) pie: 1001: Remap 0x7f7e980bb000->0x7f81b216b000 len 0x1000
[ff.run] (43.179s) criu> (42.660145) pie: 1001: Remap 0x7f7e980ba000->0x7f81b216a000 len 0x1000
[ff.run] (43.179s) criu> (42.660150) pie: 1001: Remap 0x7f7e980b9000->0x7f81b2169000 len 0x1000
[ff.run] (43.179s) criu> (42.660155) pie: 1001: Remap 0x7f7e980b8000->0x7f81b2168000 len 0x1000
[ff.run] (43.179s) criu> (42.660160) pie: 1001: Remap 0x7f7e980b4000->0x7f81b2160000 len 0x4000
[ff.run] (43.179s) criu> (42.660167) pie: 1001: Remap 0x7f7e980b2000->0x7f81b215e000 len 0x2000
[ff.run] (43.179s) criu> (42.660175) pie: 1001: Remap 0x7f7e980ae000->0x7f81b215a000 len 0x4000
[ff.run] (43.179s) criu> (42.660182) pie: 1001: Remap 0x7f7e98060000->0x7f81b210c000 len 0x4e000
[ff.run] (43.179s) criu> (42.660188) pie: 1001: Remap 0x7f7e97ee8000->0x7f81b1f94000 len 0x178000
[ff.run] (43.179s) criu> (42.660195) pie: 1001: Remap 0x7f7e97ec6000->0x7f81b1f72000 len 0x22000
[ff.run] (43.180s) criu> (42.660201) pie: 1001: Remap 0x7f7e97ec5000->0x7f81b1f71000 len 0x1000
[ff.run] (43.180s) criu> (42.660209) pie: 1001: Remap 0x7f7e97ec4000->0x7f81b1f70000 len 0x1000
[ff.run] (43.180s) criu> (42.660217) pie: 1001: Remap 0x7f7e97ec3000->0x7f81b1f6f000 len 0x1000
[ff.run] (43.180s) criu> (42.660223) pie: 1001: Remap 0x7f7e97ec1000->0x7f81b1f6d000 len 0x2000
[ff.run] (43.180s) criu> (42.660229) pie: 1001: Remap 0x7f7e97ec0000->0x7f81b1f6c000 len 0x1000
[ff.run] (43.181s) criu> (42.660234) pie: 1001: Remap 0x7f7e97ebc000->0x7f81b1f68000 len 0x4000
[ff.run] (43.181s) criu> (42.660241) pie: 1001: Remap 0x7f7e97ebb000->0x7f81b1f67000 len 0x1000
[ff.run] (43.181s) criu> (42.660250) pie: 1001: Remap 0x7f7e97eba000->0x7f81b1f66000 len 0x1000
[ff.run] (43.181s) criu> (42.660256) pie: 1001: Remap 0x7f7e97eb4000->0x7f81b1f60000 len 0x6000
[ff.run] (43.181s) criu> (42.660263) pie: 1001: Remap 0x7f7e97ea3000->0x7f81b1f4f000 len 0x11000
[ff.run] (43.181s) criu> (42.660269) pie: 1001: Remap 0x7f7e97e9d000->0x7f81b1f49000 len 0x6000
[ff.run] (43.181s) criu> (42.660273) pie: 1001: Remap 0x7f7e97e9b000->0x7f81b1f47000 len 0x2000
[ff.run] (43.181s) criu> (42.660281) pie: 1001: Remap 0x7f7e8fe9a000->0x7f81a5f45000 len 0x8001000
[ff.run] (43.181s) criu> (42.660619) pie: 1001: vdso: Runtime vdso/vvar matches dumpee, remap inplace
[ff.run] (43.181s) criu> (42.660645) pie: 1001: vdso: Using gettimeofday() on vdso at 0x7ffdb59edc50
[ff.run] (43.181s) criu> (42.660703) pie: 1001: Failed to set /proc/self/exe link (ret=-1), proceeding anyways
[ff.run] (43.181s) criu> (42.660708) pie: 1001: Restoring scheduler params 0.0.0
[ff.run] (43.182s) criu> (42.660721) pie: 1001: 1001: Restored
[ff.run] (43.182s) criu> (42.660722) pie: 1001: MYCOMMENT: Start restore_finish_stage->futex_dec_and_wake
[ff.run] (43.182s) criu> (42.660745) pie: 1001: MYCOMMENT: Finished futex_dec_and_wake -> futex_wait_while
[ff.run] (43.182s) criu> (42.660775)   1000: 		Send fd 0 to /crtools-fd-1002
[ff.run] (43.182s) criu> (42.660791)   1000: 		Send fd 0 to /crtools-fd-1002
[ff.run] (43.182s) criu> (42.660796)   1000: 	Receive fd for 1
[ff.run] (43.183s) criu> (42.660797)   1000: 	Receive fd for 2
[ff.run] (43.183s) criu> (42.660825)   1000: 		Create fd for 10
[ff.run] (43.183s) criu> (42.660829)   1000: Opening 0x007f6772c0a000-0x007f6776c0b000 0000000000000000 (81) vma
[ff.run] (43.183s) criu> (42.660868)   1000: Restore via sigreturn
[ff.run] (43.183s) criu> (42.660878)   1002: 	Receive fd for 1
[ff.run] (43.183s) criu> (42.660885)   1002: Further fle=0x7f7e98685d80, pid=1002
[ff.run] (43.183s) criu> (42.660886)   1002: 	Receive fd for 2
[ff.run] (43.183s) criu> (42.660905)   1002: Further fle=0x7f7e98685dc0, pid=1002
[ff.run] (43.183s) criu> (42.660907)   1002: Opening 0x007f9646e18000-0x007f964ae19000 0000000000000000 (81) vma
[ff.run] (43.183s) criu> (42.660937)   1002: Restore via sigreturn
[ff.run] (43.184s) criu> (42.661043)   1002: 1 threads require 104K of memory
[ff.run] (43.184s) criu> (42.661045)   1002: Found bootstrap VMA hint at: 0x10000 (needs ~128K)
[ff.run] (43.184s) criu> (42.661121)   1002: Thread    0 stack  0x1b080 rt_sigframe  0x23080
[ff.run] (43.184s) criu> (42.661142)   1002: Restoring umask to 22
[ff.run] (43.184s) criu> (42.661146)   1002: Dismissing the image streamer
[ff.run] (43.184s) criu> (42.661156)   1002: task_args: 0x25000
[ff.run] (43.184s) criu> task_args->pid: 1002
[ff.run] (43.184s) criu> task_args->nr_threads: 1
[ff.run] (43.184s) criu> task_args->clone_restore_fn: 0x11a30
[ff.run] (43.184s) criu> task_args->thread_args: 0x25540
[ff.run] (43.184s) criu> (42.661160) pie: 1002: Switched to the restorer 1002
[ff.run] (43.184s) criu> (42.661354) pie: 1002: vdso: Using gettimeofday() on vdso at 0x2ec50
[ff.run] (43.185s) criu> (42.661360) pie: 1002: Remap 0x7f7e8fe74000->0x55b468831000 len 0x1000
[ff.run] (43.185s) criu> (42.661368) pie: 1002: Remap 0x7f7e8fe75000->0x55b468832000 len 0x1000
[ff.run] (43.185s) criu> (42.661378) pie: 1002: Remap 0x7f7e8fe76000->0x55b468833000 len 0x1000
[ff.run] (43.185s) criu> (42.661384) pie: 1002: Remap 0x7f7e8fe77000->0x55b468834000 len 0x1000
[ff.run] (43.185s) criu> (42.661391) pie: 1002: Remap 0x7f7e8fe78000->0x55b468835000 len 0x1000
[ff.run] (43.185s) criu> (42.661399) pie: 1002: Remap 0x7f7e8fe79000->0x55b469887000 len 0x21000
[ff.run] (43.185s) criu> (42.661417) pie: 1002: Remap 0x7f7e9812b000->0x7ffc32ff0000 len 0x2000
[ff.run] (43.185s) criu> (42.661427) pie: 1002: Remap 0x7f7e98127000->0x7ffc32fec000 len 0x4000
[ff.run] (43.186s) criu> (42.661433) pie: 1002: Remap 0x7f7e98106000->0x7ffc32fbe000 len 0x21000
[ff.run] (43.186s) criu> (42.661448) pie: 1002: Remap 0x7f7e98105000->0x7f964b087000 len 0x1000
[ff.run] (43.186s) criu> (42.661457) pie: 1002: Remap 0x7f7e98102000->0x7f964b084000 len 0x3000
[ff.run] (43.186s) criu> (42.661467) pie: 1002: Remap 0x7f7e980ff000->0x7f964b081000 len 0x3000
[ff.run] (43.186s) criu> (42.661473) pie: 1002: Remap 0x7f7e980f2000->0x7f964b074000 len 0xd000
[ff.run] (43.186s) criu> (42.661478) pie: 1002: Remap 0x7f7e980f0000->0x7f964b072000 len 0x2000
[ff.run] (43.186s) criu> (42.661483) pie: 1002: Remap 0x7f7e980ef000->0x7f964b071000 len 0x1000
[ff.run] (43.186s) criu> (42.661489) pie: 1002: Remap 0x7f7e980ee000->0x7f964b070000 len 0x1000
[ff.run] (43.187s) criu> (42.661496) pie: 1002: Remap 0x7f7e980ed000->0x7f964b06f000 len 0x1000
[ff.run] (43.187s) criu> (42.661503) pie: 1002: Remap 0x7f7e980ec000->0x7f964b06e000 len 0x1000
[ff.run] (43.187s) criu> (42.661507) pie: 1002: Remap 0x7f7e980e4000->0x7f964b066000 len 0x8000
[ff.run] (43.187s) criu> (42.661512) pie: 1002: Remap 0x7f7e980c1000->0x7f964b043000 len 0x23000
[ff.run] (43.187s) criu> (42.661517) pie: 1002: Remap 0x7f7e980c0000->0x7f964b042000 len 0x1000
[ff.run] (43.187s) criu> (42.661521) pie: 1002: Remap 0x7f7e980be000->0x7f964b040000 len 0x2000
[ff.run] (43.187s) criu> (42.661527) pie: 1002: Remap 0x7f7e980bd000->0x7f964b03f000 len 0x1000
[ff.run] (43.187s) criu> (42.661536) pie: 1002: Remap 0x7f7e980bc000->0x7f964b03e000 len 0x1000
[ff.run] (43.187s) criu> (42.661544) pie: 1002: Remap 0x7f7e980bb000->0x7f964b03d000 len 0x1000
[ff.run] (43.187s) criu> (42.661552) pie: 1002: Remap 0x7f7e980ba000->0x7f964b03c000 len 0x1000
[ff.run] (43.187s) criu> (42.661557) pie: 1002: Remap 0x7f7e980b9000->0x7f964b03b000 len 0x1000
[ff.run] (43.187s) criu> (42.661561) pie: 1002: Remap 0x7f7e980b8000->0x7f964b03a000 len 0x1000
[ff.run] (43.187s) criu> (42.661566) pie: 1002: Remap 0x7f7e980b4000->0x7f964b032000 len 0x4000
[ff.run] (43.187s) criu> (42.661573) pie: 1002: Remap 0x7f7e980b2000->0x7f964b030000 len 0x2000
[ff.run] (43.187s) criu> (42.661581) pie: 1002: Remap 0x7f7e980ae000->0x7f964b02c000 len 0x4000
[ff.run] (43.187s) criu> (42.661588) pie: 1002: Remap 0x7f7e98060000->0x7f964afde000 len 0x4e000
[ff.run] (43.187s) criu> (42.661595) pie: 1002: Remap 0x7f7e97ee8000->0x7f964ae66000 len 0x178000
[ff.run] (43.187s) criu> (42.661602) pie: 1002: Remap 0x7f7e97ec6000->0x7f964ae44000 len 0x22000
[ff.run] (43.187s) criu> (42.661608) pie: 1002: Remap 0x7f7e97ec5000->0x7f964ae43000 len 0x1000
[ff.run] (43.187s) criu> (42.661616) pie: 1002: Remap 0x7f7e97ec4000->0x7f964ae42000 len 0x1000
[ff.run] (43.187s) criu> (42.661623) pie: 1002: Remap 0x7f7e97ec3000->0x7f964ae41000 len 0x1000
[ff.run] (43.187s) criu> (42.661630) pie: 1002: Remap 0x7f7e97ec1000->0x7f964ae3f000 len 0x2000
[ff.run] (43.188s) criu> (42.661636) pie: 1002: Remap 0x7f7e97ec0000->0x7f964ae3e000 len 0x1000
[ff.run] (43.188s) criu> (42.661640) pie: 1002: Remap 0x7f7e97ebc000->0x7f964ae3a000 len 0x4000
[ff.run] (43.188s) criu> (42.661646) pie: 1002: Remap 0x7f7e97ebb000->0x7f964ae39000 len 0x1000
[ff.run] (43.188s) criu> (42.661654) pie: 1002: Remap 0x7f7e97eba000->0x7f964ae38000 len 0x1000
[ff.run] (43.188s) criu> (42.661661) pie: 1002: Remap 0x7f7e97eb4000->0x7f964ae32000 len 0x6000
[ff.run] (43.188s) criu> (42.661667) pie: 1002: Remap 0x7f7e97ea3000->0x7f964ae21000 len 0x11000
[ff.run] (43.188s) criu> (42.661672) pie: 1002: Remap 0x7f7e97e9d000->0x7f964ae1b000 len 0x6000
[ff.run] (43.189s) criu> (42.661676) pie: 1002: Remap 0x7f7e97e9b000->0x7f964ae19000 len 0x2000
[ff.run] (43.189s) criu> (42.661684) pie: 1002: Remap 0x7f7e8fe9a000->0x7f963ee17000 len 0x8001000
[ff.run] (43.189s) criu> (42.662019) pie: 1002: vdso: Runtime vdso/vvar matches dumpee, remap inplace
[ff.run] (43.189s) criu> (42.662045) pie: 1002: vdso: Using gettimeofday() on vdso at 0x7ffc32ff0c50
[ff.run] (43.189s) criu> (42.662097) pie: 1002: Failed to set /proc/self/exe link (ret=-1), proceeding anyways
[ff.run] (43.189s) criu> (42.662102) pie: 1002: Restoring scheduler params 0.0.0
[ff.run] (43.189s) criu> (42.662113) pie: 1002: 1002: Restored
[ff.run] (43.189s) criu> (42.662114) pie: 1002: MYCOMMENT: Start restore_finish_stage->futex_dec_and_wake
[ff.run] (43.189s) criu> (42.662145) pie: 1002: MYCOMMENT: Finished futex_dec_and_wake -> futex_wait_while
[ff.run] (43.189s) criu> (42.662243)   1000: 1 threads require 104K of memory
[ff.run] (43.189s) criu> (42.662245)   1000: Found bootstrap VMA hint at: 0x10000 (needs ~128K)
[ff.run] (43.190s) criu> (42.662307)   1000: Thread    0 stack  0x1b080 rt_sigframe  0x23080
[ff.run] (43.190s) criu> (42.662326)   1000: Restoring umask to 22
[ff.run] (43.190s) criu> (42.662330)   1000: Dismissing the image streamer
[ff.run] (43.190s) criu> (42.662342)   1000: task_args: 0x25000
[ff.run] (43.190s) criu> task_args->pid: 1000
[ff.run] (43.190s) criu> task_args->nr_threads: 1
[ff.run] (43.190s) criu> task_args->clone_restore_fn: 0x11a30
[ff.run] (43.190s) criu> task_args->thread_args: 0x25540
[ff.run] (43.190s) criu> (42.662346) pie: 1000: Switched to the restorer 1000
[ff.run] (43.190s) criu> (42.662474) pie: 1000: vdso: Using gettimeofday() on vdso at 0x2ec50
[ff.run] (43.190s) criu> (42.662480) pie: 1000: Remap 0x7f7e9812d000->0x55a91abba000 len 0x5000
[ff.run] (43.190s) criu> (42.662488) pie: 1000: Remap 0x7f7e98132000->0x55a91abbf000 len 0x13000
[ff.run] (43.191s) criu> (42.662500) pie: 1000: Remap 0x7f7e98145000->0x55a91abd2000 len 0x6000
[ff.run] (43.192s) criu> (42.662506) pie: 1000: Remap 0x7f7e9814b000->0x55a91abd8000 len 0x2000
[ff.run] (43.192s) criu> (42.662514) pie: 1000: Remap 0x7f7e9814d000->0x55a91abda000 len 0x1000
[ff.run] (43.192s) criu> (42.662522) pie: 1000: Remap 0x7f7e9814e000->0x55a91abdb000 len 0x2000
[ff.run] (43.192s) criu> (42.662532) pie: 1000: Remap 0x7f7e98150000->0x55a91adf8000 len 0x21000
[ff.run] (43.192s) criu> (42.662545) pie: 1000: Remap 0x7f7e98171000->0x7f6776c0b000 len 0x2000
[ff.run] (43.192s) criu> (42.662553) pie: 1000: Remap 0x7f7e98173000->0x7f6776c0d000 len 0x6000
[ff.run] (43.192s) criu> (42.662558) pie: 1000: Remap 0x7f7e98179000->0x7f6776c13000 len 0x11000
[ff.run] (43.192s) criu> (42.662563) pie: 1000: Remap 0x7f7e9818a000->0x7f6776c24000 len 0x6000
[ff.run] (43.192s) criu> (42.662569) pie: 1000: Remap 0x7f7e98190000->0x7f6776c2a000 len 0x1000
[ff.run] (43.192s) criu> (42.662576) pie: 1000: Remap 0x7f7e98191000->0x7f6776c2b000 len 0x1000
[ff.run] (43.192s) criu> (42.662583) pie: 1000: Remap 0x7f7e98192000->0x7f6776c2c000 len 0x4000
[ff.run] (43.192s) criu> (42.662591) pie: 1000: Remap 0x7f7e98196000->0x7f6776c30000 len 0x1000
[ff.run] (43.193s) criu> (42.662597) pie: 1000: Remap 0x7f7e98197000->0x7f6776c31000 len 0x2000
[ff.run] (43.193s) criu> (42.662602) pie: 1000: Remap 0x7f7e98199000->0x7f6776c33000 len 0x1000
[ff.run] (43.193s) criu> (42.662607) pie: 1000: Remap 0x7f7e9819a000->0x7f6776c34000 len 0x1000
[ff.run] (43.193s) criu> (42.662613) pie: 1000: Remap 0x7f7e9819b000->0x7f6776c35000 len 0x1000
[ff.run] (43.193s) criu> (42.662621) pie: 1000: Remap 0x7f7e9819c000->0x7f6776c36000 len 0x22000
[ff.run] (43.193s) criu> (42.662627) pie: 1000: Remap 0x7f7e981be000->0x7f6776c58000 len 0x178000
[ff.run] (43.193s) criu> (42.662635) pie: 1000: Remap 0x7f7e98336000->0x7f6776dd0000 len 0x4e000
[ff.run] (43.193s) criu> (42.662643) pie: 1000: Remap 0x7f7e98384000->0x7f6776e1e000 len 0x4000
[ff.run] (43.194s) criu> (42.662651) pie: 1000: Remap 0x7f7e98388000->0x7f6776e22000 len 0x2000
[ff.run] (43.194s) criu> (42.662657) pie: 1000: Remap 0x7f7e9838a000->0x7f6776e24000 len 0x4000
[ff.run] (43.194s) criu> (42.662664) pie: 1000: Remap 0x7f7e9838e000->0x7f6776e2c000 len 0x1000
[ff.run] (43.194s) criu> (42.662670) pie: 1000: Remap 0x7f7e9838f000->0x7f6776e2d000 len 0x1000
[ff.run] (43.194s) criu> (42.662674) pie: 1000: Remap 0x7f7e98390000->0x7f6776e2e000 len 0x1000
[ff.run] (43.194s) criu> (42.662678) pie: 1000: Remap 0x7f7e98391000->0x7f6776e2f000 len 0x1000
[ff.run] (43.194s) criu> (42.662684) pie: 1000: Remap 0x7f7e98392000->0x7f6776e30000 len 0x1000
[ff.run] (43.194s) criu> (42.662691) pie: 1000: Remap 0x7f7e98393000->0x7f6776e31000 len 0x1000
[ff.run] (43.194s) criu> (42.662697) pie: 1000: Remap 0x7f7e98394000->0x7f6776e32000 len 0x2000
[ff.run] (43.195s) criu> (42.662703) pie: 1000: Remap 0x7f7e98396000->0x7f6776e34000 len 0x1000
[ff.run] (43.195s) criu> (42.662708) pie: 1000: Remap 0x7f7e98397000->0x7f6776e35000 len 0x23000
[ff.run] (43.195s) criu> (42.662714) pie: 1000: Remap 0x7f7e983ba000->0x7f6776e58000 len 0x8000
[ff.run] (43.195s) criu> (42.662719) pie: 1000: Remap 0x7f7e983c2000->0x7f6776e60000 len 0x1000
[ff.run] (43.196s) criu> (42.662724) pie: 1000: Remap 0x7f7e983c3000->0x7f6776e61000 len 0x1000
[ff.run] (43.196s) criu> (42.662732) pie: 1000: Remap 0x7f7e983c4000->0x7f6776e62000 len 0x1000
[ff.run] (43.196s) criu> (42.662740) pie: 1000: Remap 0x7f7e983c5000->0x7f6776e63000 len 0x1000
[ff.run] (43.196s) criu> (42.662747) pie: 1000: Remap 0x7f7e983c6000->0x7f6776e64000 len 0x2000
[ff.run] (43.196s) criu> (42.662752) pie: 1000: Remap 0x7f7e983c8000->0x7f6776e66000 len 0xd000
[ff.run] (43.196s) criu> (42.662756) pie: 1000: Remap 0x7f7e983d5000->0x7f6776e73000 len 0x3000
[ff.run] (43.196s) criu> (42.662761) pie: 1000: Remap 0x7f7e983d8000->0x7f6776e76000 len 0x3000
[ff.run] (43.196s) criu> (42.662769) pie: 1000: Remap 0x7f7e983db000->0x7f6776e79000 len 0x1000
[ff.run] (43.196s) criu> (42.662775) pie: 1000: Remap 0x7f7e98401000->0x7ffdf67fa000 len 0x2000
[ff.run] (43.196s) criu> (42.662783) pie: 1000: Remap 0x7f7e983fd000->0x7ffdf67f6000 len 0x4000
[ff.run] (43.196s) criu> (42.662790) pie: 1000: Remap 0x7f7e983dc000->0x7ffdf65e1000 len 0x21000
[ff.run] (43.196s) criu> (42.662813) pie: 1000: vdso: Runtime vdso/vvar matches dumpee, remap inplace
[ff.run] (43.196s) criu> (42.662834) pie: 1000: vdso: Using gettimeofday() on vdso at 0x7ffdf67fac50
[ff.run] (43.196s) criu> (42.662879) pie: 1000: Failed to set /proc/self/exe link (ret=-1), proceeding anyways
[ff.run] (43.196s) criu> (42.662884) pie: 1000: Restoring scheduler params 0.0.0
[ff.run] (43.197s) criu> (42.662895) pie: 1000: 1000: Restored
[ff.run] (43.197s) criu> (42.662896) pie: 1000: MYCOMMENT: Start restore_finish_stage->futex_dec_and_wake
[ff.run] (43.197s) criu> (42.662918) pie: 1000: MYCOMMENT: Finished futex_dec_and_wake -> futex_wait_while
[ff.run] (43.197s) criu> (42.663053) pie: 1002: MYCOMMENT: from futex_wait_while, 0
[ff.run] (43.198s) criu> (42.663056) pie: 1002: MYCOMMENT: Finished futex_wait_while -> futex_get
[ff.run] (43.198s) criu> (42.663058) pie: 1002: MYCOMMENT: Start restore_finish_stage->futex_dec_and_wake
[ff.run] (43.198s) criu> (42.663062) pie: 1002: MYCOMMENT: Finished futex_dec_and_wake -> futex_wait_while
[ff.run] (43.198s) criu> (42.663067) pie: 1000: MYCOMMENT: from futex_wait_while, 0
[ff.run] (43.198s) criu> (42.663069) pie: 1000: MYCOMMENT: Finished futex_wait_while -> futex_get
[ff.run] (43.199s) criu> (42.663071) pie: 1000: MYCOMMENT: Start restore_finish_stage->futex_dec_and_wake
[ff.run] (43.199s) criu> (42.663074) pie: 1000: MYCOMMENT: Finished futex_dec_and_wake -> futex_wait_while
[ff.run] (43.199s) criu> (42.663080) pie: 1001: MYCOMMENT: from futex_wait_while, 0
[ff.run] (43.199s) criu> (42.663082) pie: 1001: MYCOMMENT: Finished futex_wait_while -> futex_get
[ff.run] (43.199s) criu> (42.663084) pie: 1001: MYCOMMENT: Start restore_finish_stage->futex_dec_and_wake
[ff.run] (43.199s) criu> (42.663136) pie: 1002: MYCOMMENT: from futex_wait_while, 0
[ff.run] (43.200s) criu> (42.663138) pie: 1002: MYCOMMENT: Finished futex_wait_while -> futex_get
[ff.run] (43.200s) criu> (42.663145) pie: 1002: MYCOMMENT: Start restore_finish_stage->futex_dec_and_wake
[ff.run] (43.200s) criu> (42.663148) pie: 1002: MYCOMMENT: Finished futex_dec_and_wake -> futex_wait_while
[ff.run] (43.200s) criu> (42.663153) pie: 1000: MYCOMMENT: from futex_wait_while, 0
[ff.run] (43.200s) criu> (42.663155) pie: 1000: MYCOMMENT: Finished futex_wait_while -> futex_get
[ff.run] (43.200s) criu> (42.663161) pie: 1000: MYCOMMENT: Start restore_finish_stage->futex_dec_and_wake
[ff.run] (43.200s) criu> (42.663164) pie: 1000: MYCOMMENT: Finished futex_dec_and_wake -> futex_wait_while
[ff.run] (43.201s) criu> (42.663263) pie: 1001: MYCOMMENT: Finished futex_dec_and_wake -> futex_wait_while
[ff.run] (43.201s) criu> (42.663265) pie: 1001: MYCOMMENT: Finished futex_wait_while -> futex_get
[ff.run] (43.201s) criu> (42.663273) pie: 1001: MYCOMMENT: Start restore_finish_stage->futex_dec_and_wake
[ff.run] (43.201s) criu> (42.663408) pie: 1002: MYCOMMENT: from futex_wait_while, 0
[ff.run] (43.201s) criu> (42.663524) pie: 1002: MYCOMMENT: Finished futex_wait_while -> futex_get
[ff.run] (43.201s) criu> (42.663606) pie: 1000: MYCOMMENT: from futex_wait_while, 0
[ff.run] (43.201s) criu> (42.663628) pie: 1000: MYCOMMENT: Finished futex_wait_while -> futex_get
[ff.run] (43.201s) criu> (42.663699) pie: 1001: MYCOMMENT: Finished futex_dec_and_wake -> futex_wait_while
[ff.run] (43.202s) criu> (42.663722) pie: 1001: MYCOMMENT: Finished futex_wait_while -> futex_get
[ff.run] (43.202s) criu> (42.663885) Restore finished successfully. Tasks resumed.
[ff.run] (43.202s) criu> (42.663888) Writing stats
[ff.run] (43.203s) criu> (42.664107) Dismissing the image streamer
[ff.run] (43.203s) Application is ready, restore took 43.2s
(1002) 1693148265510660 Counter: 29
(1001) 1693148265510735 Counter: 29
(1002) 1693148266511010 Counter: 30
(1001) 1693148266511042 Counter: 30
(1002) 1693148267511299 Counter: 31
(1001) 1693148267511327 Counter: 31
^C[ff.run] (46.608s) Exiting with exit_code=130: Application caught fatal signal SIGINT
