[ff.run] (0.003s) Waiting to acquire file lock at /var/tmp/fastfreeze/run/lock
[ff.run] (0.003s) + criu check
[ff.run] (0.012s) Preparing image store
[ff.run] (0.012s) Fetching image manifest for file:///tmp/ff-test
[ff.run] (0.013s) + pv -q "/tmp/ff-test/manifest.json"
[ff.run] (0.016s) Image manifest found: version=2021-03-22, num_shards=4 compression=lz4 encryption=none prefix=4Rm3b1
[ff.run] (0.016s) Restoring application
[ff.run] (0.016s) + criu-image-streamer --progress-fd 8 --ext-file-fds fs.tar:10 --shard-fds 11,13,15,17 --images-dir /var/tmp/fastfreeze/run serve
[ff.run] (0.017s) + pv -q "/tmp/ff-test/4Rm3b1-1.ffs" | lz4 -d - -
[ff.run] (0.018s) + pv -q "/tmp/ff-test/4Rm3b1-2.ffs" | lz4 -d - -
[ff.run] (0.021s) + pv -q "/tmp/ff-test/4Rm3b1-3.ffs" | lz4 -d - -
[ff.run] (0.022s) + pv -q "/tmp/ff-test/4Rm3b1-4.ffs" | lz4 -d - -
[ff.run] (0.023s) Restoring filesystem
[ff.run] (0.028s) + tar --verbose --directory / --extract --preserve-permissions --no-overwrite-dir --file -
var/tmp/fastfreeze/
var/tmp/fastfreeze/ld-inject.env
var/tmp/fastfreeze/virttime-conf.bin
var/tmp/fastfreeze/app-config.json
var/tmp/fastfreeze/logs/
var/tmp/fastfreeze/logs/ff-20230822-170604-checkpoint-4Rm3b1.log
var/tmp/fastfreeze/logs/ff-20230822-170541-run-9u5KlM.log
[ff.run] (0.086s) Filesystem restored
[ff.run] (0.088s) + set_ns_last_pid 900
set_ns_last_pid: WARN: /proc/sys/kernel/pid_max is high. This might take a while
[ff.run] (0.148s) Application inherits tty[8800:3c] via fd:[0, 1, 2]
[ff.run] (0.148s) Duration between restore and checkpoint: 37.8s
[ff.run] (0.148s) Application clock: 22.3s
[ff.run] (0.150s) Starting set_ns_last_pid server
[ff.run] (0.151s) + set_ns_last_pid /var/tmp/fastfreeze/run/set_ns_last_pid.sock
set_ns_last_pid: WARN: /proc/sys/kernel/pid_max is high. This might take a while
[ff.run] (0.252s) Continuing reading image in memory...
[ff.run] (0.510s) Uncompressed image size is 257 MiB, rate: 521 MiB/s
[ff.run] (0.510s)   Shard 1: 62 MiB, rate: 126 MiB/s
[ff.run] (0.511s)   Shard 2: 59 MiB, rate: 120 MiB/s
[ff.run] (0.511s)   Shard 3: 70 MiB, rate: 141 MiB/s
[ff.run] (0.511s)   Shard 4: 66 MiB, rate: 134 MiB/s
[ff.run] (0.514s) Restoring processes
[ff.run] (0.515s) + criu restore --restore-sibling --restore-detached --tcp-close --ext-unix-sk --images-dir /var/tmp/fastfreeze/run --cpu-cap --shell-job --file-locks --file-validation filesize --stream -v --display-stats --inherit-fd fd[0]:tty[8800:3c]
[ff.run] (0.517s) criu> (00.000000) Will drop all TCP connections on restore
[ff.run] (0.518s) criu> (00.000023) Version: 3.15 (gitid 0)
[ff.run] (0.518s) criu> (00.000039) Running on bf4f2a8edaf3 Linux 5.19.0-50-generic #50-Ubuntu SMP PREEMPT_DYNAMIC Mon Jul 10 18:24:29 UTC 2023 x86_64
[ff.run] (0.518s) criu> (00.000057) sockets: Probing sock diag modules
[ff.run] (0.518s) criu> (00.000867) sockets: Done probing
[ff.run] (0.518s) criu> (00.000952) Pagemap provides flags only
[ff.run] (0.519s) criu> (00.001282) Found anon-shmem device at 1
[ff.run] (0.519s) criu> (00.001289) Reset 906's dirty tracking
[ff.run] (0.519s) criu> (00.001299) Dirty tracking support is OFF
[ff.run] (0.519s) criu> (00.001300) Zero page detection failed, optimization turns off.
[ff.run] (0.522s) criu> (00.004198) uffd: Lazy pages are not available: Operation not permitted
[ff.run] (0.522s) criu> (00.004293) Lazy pages are not permited
[ff.run] (0.525s) criu> (00.007135) File tty[8800:3c] will be restored from inherit fd 0
[ff.run] (0.525s) criu> (00.008012) Reading image tree
[ff.run] (0.526s) criu> (00.008919) Add mnt ns 6 pid 1000
[ff.run] (0.526s) criu> (00.008991) Add net ns 2 pid 1000
[ff.run] (0.527s) criu> (00.009167) Add pid ns 1 pid 1000
[ff.run] (0.527s) criu> (00.010002) Will restore in 0 namespaces
[ff.run] (0.528s) criu> (00.010213) Collecting 51/56 (flags 3)
[ff.run] (0.528s) criu> (00.010686) No memfd.img image
[ff.run] (0.528s) criu> (00.010766) Collecting 40/54 (flags 2)
[ff.run] (0.528s) criu> (00.010992) Collected [usr/bin/dash] ID 0x1
[ff.run] (0.529s) criu> (00.011078) Collected [var/tmp/fastfreeze/virttime-conf.bin] ID 0x2
[ff.run] (0.529s) criu> (00.011113) Collected [usr/lib/x86_64-linux-gnu/libpthread-2.31.so] ID 0x3
[ff.run] (0.529s) criu> (00.011237) Collected [usr/lib/x86_64-linux-gnu/libdl-2.31.so] ID 0x4
[ff.run] (0.529s) criu> (00.011270) Collected [usr/lib/x86_64-linux-gnu/libc-2.31.so] ID 0x5
[ff.run] (0.529s) criu> (00.011441) Collected [var/tmp/fastfreeze/run/libvirttime.so] ID 0x6
[ff.run] (0.529s) criu> (00.011531) Collected [var/tmp/fastfreeze/run/ld-linux-x86-64.so.2] ID 0x7
[ff.run] (0.529s) criu> (00.011697) Collected [var/tmp/fastfreeze/run/ld-virtcpuid.so] ID 0x8
[ff.run] (0.529s) criu> (00.011771) Collected [dev/pts/0] ID 0xa
[ff.run] (0.529s) criu> (00.011856) Collected [opt/memoryhog/entrypoint.sh] ID 0xb
[ff.run] (0.529s) criu> (00.011984) Collected [.] ID 0xc
[ff.run] (0.529s) criu> (00.012019) Collected [opt/memoryhog/memoryhog] ID 0xd
[ff.run] (0.530s) criu> (00.012171) Collected [dev/null] ID 0xe
[ff.run] (0.530s) criu> (00.012249) Collected [dev/null] ID 0xf
[ff.run] (0.530s) criu> (00.012285) Collecting 46/68 (flags 0)
[ff.run] (0.530s) criu> (00.012434) No remap-fpath.img image
[ff.run] (0.530s) criu> (00.012600) tty: Standard stream is not a terminal, may fail later
[ff.run] (0.530s) criu> (00.012705) No apparmor.img image
[ff.run] (0.530s) criu> (00.012848) No cgroup.img image
[ff.run] (0.531s) criu> (00.013061) No pidns-1.img image
[ff.run] (0.531s) criu> (00.013638) Forking task with 1000 pid (flags 0x8000)
[ff.run] (0.538s) criu> (00.020406) MYCOMMENT: From fork with pid call clone_n.., 1000
[ff.run] (0.539s) criu> (00.021117) MYCOMMENT: From fork with pid finish clone_n., 1000
[ff.run] (0.539s) criu> (00.021206)   1000: Calling restore_sid() for init
[ff.run] (0.539s) criu> (00.021722)   1000: Collecting 44/37 (flags 2)
[ff.run] (0.540s) criu> (00.022548)   1000: tty: Collected tty ID 0x9 (ext)
[ff.run] (0.540s) criu> (00.022599)   1000: Collecting 45/51 (flags 0)
[ff.run] (0.541s) criu> (00.023060)   1000: No tty-data.img image
[ff.run] (0.541s) criu> (00.023071)   1000: Restoring namespaces 1000 flags 0x8000
[ff.run] (0.541s) criu> (00.023089)   1000: Preparing info about shared resources
[ff.run] (0.541s) criu> (00.023786)   1000: No seccomp.img image
[ff.run] (0.542s) criu> (00.023872)   1000: Collecting 48/38 (flags 0)
[ff.run] (0.542s) criu> (00.024471)   1000: No filelocks.img image
[ff.run] (0.542s) criu> (00.024475)   1000: Collecting 42/27 (flags 0)
[ff.run] (0.543s) criu> (00.024992)   1000: No pipes-data.img image
[ff.run] (0.543s) criu> (00.025245)   1000: Collecting 43/27 (flags 0)
[ff.run] (0.543s) criu> (00.025832)   1000: No fifo-data.img image
[ff.run] (0.544s) criu> (00.025904)   1000: Collecting 41/69 (flags 0)
[ff.run] (0.544s) criu> (00.026761)   1000: No sk-queues.img image
[ff.run] (0.545s) criu> (00.027285)   1000: vma 0x559529222000 0x559529227000
[ff.run] (0.545s) criu> (00.027359)   1000: vma 0x559529227000 0x55952923a000
[ff.run] (0.545s) criu> (00.027408)   1000: vma 0x55952923a000 0x559529240000
[ff.run] (0.545s) criu> (00.027737)   1000: vma 0x559529240000 0x559529242000
[ff.run] (0.545s) criu> (00.027788)   1000: vma 0x559529242000 0x559529243000
[ff.run] (0.546s) criu> (00.028267)   1000: vma 0x559529243000 0x559529245000
[ff.run] (0.546s) criu> (00.028495)   1000: vma 0x55952ac9a000 0x55952acbb000
[ff.run] (0.547s) criu> (00.028938)   1000: vma 0x7f707a449000 0x7f707e44a000
[ff.run] (0.547s) criu> (00.029217)   1000: vma 0x7f707e44a000 0x7f707e44c000
[ff.run] (0.547s) criu> (00.029635)   1000: vma 0x7f707e44c000 0x7f707e452000
[ff.run] (0.548s) criu> (00.030059)   1000: vma 0x7f707e452000 0x7f707e463000
[ff.run] (0.548s) criu> (00.030109)   1000: vma 0x7f707e463000 0x7f707e469000
[ff.run] (0.548s) criu> (00.030412)   1000: vma 0x7f707e469000 0x7f707e46a000
[ff.run] (0.548s) criu> (00.030462)   1000: vma 0x7f707e46a000 0x7f707e46b000
[ff.run] (0.548s) criu> (00.030792)   1000: vma 0x7f707e46b000 0x7f707e46f000
[ff.run] (0.548s) criu> (00.030844)   1000: vma 0x7f707e46f000 0x7f707e470000
[ff.run] (0.549s) criu> (00.031369)   1000: vma 0x7f707e470000 0x7f707e472000
[ff.run] (0.549s) criu> (00.031615)   1000: vma 0x7f707e472000 0x7f707e473000
[ff.run] (0.549s) criu> (00.031663)   1000: vma 0x7f707e473000 0x7f707e474000
[ff.run] (0.549s) criu> (00.031831)   1000: vma 0x7f707e474000 0x7f707e475000
[ff.run] (0.550s) criu> (00.031881)   1000: vma 0x7f707e475000 0x7f707e497000
[ff.run] (0.550s) criu> (00.032470)   1000: vma 0x7f707e497000 0x7f707e60f000
[ff.run] (0.550s) criu> (00.032906)   1000: vma 0x7f707e60f000 0x7f707e65d000
[ff.run] (0.551s) criu> (00.033599)   1000: vma 0x7f707e65d000 0x7f707e661000
[ff.run] (0.551s) criu> (00.033668)   1000: vma 0x7f707e661000 0x7f707e663000
[ff.run] (0.551s) criu> (00.033996)   1000: vma 0x7f707e663000 0x7f707e667000
[ff.run] (0.552s) criu> (00.034429)   1000: vma 0x7f707e66b000 0x7f707e66c000
[ff.run] (0.552s) criu> (00.034748)   1000: vma 0x7f707e66c000 0x7f707e66d000
[ff.run] (0.553s) criu> (00.035204)   1000: vma 0x7f707e66d000 0x7f707e66e000
[ff.run] (0.553s) criu> (00.035473)   1000: vma 0x7f707e66e000 0x7f707e66f000
[ff.run] (0.553s) criu> (00.035626)   1000: vma 0x7f707e66f000 0x7f707e670000
[ff.run] (0.553s) criu> (00.035940)   1000: vma 0x7f707e670000 0x7f707e671000
[ff.run] (0.554s) criu> (00.036480)   1000: vma 0x7f707e671000 0x7f707e673000
[ff.run] (0.555s) criu> (00.037106)   1000: vma 0x7f707e673000 0x7f707e674000
[ff.run] (0.555s) criu> (00.037257)   1000: vma 0x7f707e674000 0x7f707e697000
[ff.run] (0.555s) criu> (00.037695)   1000: vma 0x7f707e697000 0x7f707e69f000
[ff.run] (0.556s) criu> (00.038212)   1000: vma 0x7f707e69f000 0x7f707e6a0000
[ff.run] (0.556s) criu> (00.038373)   1000: vma 0x7f707e6a0000 0x7f707e6a1000
[ff.run] (0.556s) criu> (00.038611)   1000: vma 0x7f707e6a1000 0x7f707e6a2000
[ff.run] (0.556s) criu> (00.038649)   1000: vma 0x7f707e6a2000 0x7f707e6a3000
[ff.run] (0.556s) criu> (00.038682)   1000: vma 0x7f707e6a3000 0x7f707e6a5000
[ff.run] (0.556s) criu> (00.038714)   1000: vma 0x7f707e6a5000 0x7f707e6b2000
[ff.run] (0.556s) criu> (00.038746)   1000: vma 0x7f707e6b2000 0x7f707e6b5000
[ff.run] (0.556s) criu> (00.038778)   1000: vma 0x7f707e6b5000 0x7f707e6b8000
[ff.run] (0.556s) criu> (00.038810)   1000: vma 0x7f707e6b8000 0x7f707e6b9000
[ff.run] (0.556s) criu> (00.038841)   1000: vma 0x7ffc8bb34000 0x7ffc8bb55000
[ff.run] (0.556s) criu> (00.038873)   1000: vma 0x7ffc8bb57000 0x7ffc8bb5b000
[ff.run] (0.556s) criu> (00.038904)   1000: vma 0x7ffc8bb5b000 0x7ffc8bb5d000
[ff.run] (0.556s) criu> (00.038936)   1000: vma 0xffffffffff600000 0xffffffffff601000
[ff.run] (0.558s) criu> (00.040417)   1000: Collect fdinfo pid=1000 fd=0 id=0x9
[ff.run] (0.558s) criu> (00.040582)   1000: Collect fdinfo pid=1000 fd=1 id=0x9
[ff.run] (0.559s) criu> (00.041170)   1000: Collect fdinfo pid=1000 fd=2 id=0x9
[ff.run] (0.559s) criu> (00.041445)   1000: Collect fdinfo pid=1000 fd=10 id=0xb
[ff.run] (0.560s) criu> (00.042275)   1000: vma 0x55994d033000 0x55994d034000
[ff.run] (0.560s) criu> (00.042474)   1000: vma 0x55994d034000 0x55994d035000
[ff.run] (0.560s) criu> (00.042743)   1000: vma 0x55994d035000 0x55994d036000
[ff.run] (0.561s) criu> (00.043179)   1000: vma 0x55994d036000 0x55994d037000
[ff.run] (0.561s) criu> (00.043650)   1000: vma 0x55994d037000 0x55994d038000
[ff.run] (0.562s) criu> (00.044117)   1000: vma 0x55994d62e000 0x55994d64f000
[ff.run] (0.562s) criu> (00.044600)   1000: vma 0x7fc983a77000 0x7fc98ba78000
[ff.run] (0.563s) criu> (00.045325)   1000: vma 0x7fc98ba78000 0x7fc98fa79000
[ff.run] (0.563s) criu> (00.045709)   1000: vma 0x7fc98fa79000 0x7fc98fa7b000
[ff.run] (0.563s) criu> (00.045813)   1000: vma 0x7fc98fa7b000 0x7fc98fa81000
[ff.run] (0.564s) criu> (00.046140)   1000: vma 0x7fc98fa81000 0x7fc98fa92000
[ff.run] (0.564s) criu> (00.046726)   1000: vma 0x7fc98fa92000 0x7fc98fa98000
[ff.run] (0.564s) criu> (00.046820)   1000: vma 0x7fc98fa98000 0x7fc98fa99000
[ff.run] (0.565s) criu> (00.047076)   1000: vma 0x7fc98fa99000 0x7fc98fa9a000
[ff.run] (0.565s) criu> (00.047377)   1000: vma 0x7fc98fa9a000 0x7fc98fa9e000
[ff.run] (0.565s) criu> (00.047645)   1000: vma 0x7fc98fa9e000 0x7fc98fa9f000
[ff.run] (0.566s) criu> (00.048179)   1000: vma 0x7fc98fa9f000 0x7fc98faa1000
[ff.run] (0.566s) criu> (00.048184)   1000: vma 0x7fc98faa1000 0x7fc98faa2000
[ff.run] (0.566s) criu> (00.048185)   1000: vma 0x7fc98faa2000 0x7fc98faa3000
[ff.run] (0.566s) criu> (00.048186)   1000: vma 0x7fc98faa3000 0x7fc98faa4000
[ff.run] (0.566s) criu> (00.048187)   1000: vma 0x7fc98faa4000 0x7fc98fac6000
[ff.run] (0.566s) criu> (00.048188)   1000: vma 0x7fc98fac6000 0x7fc98fc3e000
[ff.run] (0.566s) criu> (00.048189)   1000: vma 0x7fc98fc3e000 0x7fc98fc8c000
[ff.run] (0.566s) criu> (00.048190)   1000: vma 0x7fc98fc8c000 0x7fc98fc90000
[ff.run] (0.567s) criu> (00.048191)   1000: vma 0x7fc98fc90000 0x7fc98fc92000
[ff.run] (0.567s) criu> (00.048192)   1000: vma 0x7fc98fc92000 0x7fc98fc96000
[ff.run] (0.567s) criu> (00.048193)   1000: vma 0x7fc98fc9a000 0x7fc98fc9b000
[ff.run] (0.567s) criu> (00.048194)   1000: vma 0x7fc98fc9b000 0x7fc98fc9c000
[ff.run] (0.567s) criu> (00.048195)   1000: vma 0x7fc98fc9c000 0x7fc98fc9d000
[ff.run] (0.568s) criu> (00.048200)   1000: vma 0x7fc98fc9d000 0x7fc98fc9e000
[ff.run] (0.568s) criu> (00.048201)   1000: vma 0x7fc98fc9e000 0x7fc98fc9f000
[ff.run] (0.568s) criu> (00.048202)   1000: vma 0x7fc98fc9f000 0x7fc98fca0000
[ff.run] (0.568s) criu> (00.048203)   1000: vma 0x7fc98fca0000 0x7fc98fca2000
[ff.run] (0.568s) criu> (00.048204)   1000: vma 0x7fc98fca2000 0x7fc98fca3000
[ff.run] (0.568s) criu> (00.048205)   1000: vma 0x7fc98fca3000 0x7fc98fcc6000
[ff.run] (0.568s) criu> (00.048205)   1000: vma 0x7fc98fcc6000 0x7fc98fcce000
[ff.run] (0.568s) criu> (00.048206)   1000: vma 0x7fc98fcce000 0x7fc98fccf000
[ff.run] (0.569s) criu> (00.048207)   1000: vma 0x7fc98fccf000 0x7fc98fcd0000
[ff.run] (0.569s) criu> (00.048208)   1000: vma 0x7fc98fcd0000 0x7fc98fcd1000
[ff.run] (0.569s) criu> (00.048209)   1000: vma 0x7fc98fcd1000 0x7fc98fcd2000
[ff.run] (0.569s) criu> (00.048210)   1000: vma 0x7fc98fcd2000 0x7fc98fcd4000
[ff.run] (0.569s) criu> (00.048211)   1000: vma 0x7fc98fcd4000 0x7fc98fce1000
[ff.run] (0.569s) criu> (00.048212)   1000: vma 0x7fc98fce1000 0x7fc98fce4000
[ff.run] (0.569s) criu> (00.048213)   1000: vma 0x7fc98fce4000 0x7fc98fce7000
[ff.run] (0.569s) criu> (00.048214)   1000: vma 0x7fc98fce7000 0x7fc98fce8000
[ff.run] (0.569s) criu> (00.048215)   1000: vma 0x7fffc36c4000 0x7fffc36e5000
[ff.run] (0.569s) criu> (00.048216)   1000: vma 0x7fffc3711000 0x7fffc3715000
[ff.run] (0.570s) criu> (00.048217)   1000: vma 0x7fffc3715000 0x7fffc3717000
[ff.run] (0.570s) criu> (00.048218)   1000: vma 0xffffffffff600000 0xffffffffff601000
[ff.run] (0.572s) criu> (00.054857)   1000: Collect fdinfo pid=1002 fd=0 id=0xf
[ff.run] (0.572s) criu> (00.054865)   1000: Collect fdinfo pid=1002 fd=1 id=0x9
[ff.run] (0.572s) criu> (00.054867)   1000: Collect fdinfo pid=1002 fd=2 id=0x9
[ff.run] (0.573s) criu> (00.055659)   1000: vma 0x55b72a7d7000 0x55b72a7d8000
[ff.run] (0.573s) criu> (00.055684)   1000: vma 0x55b72a7d8000 0x55b72a7d9000
[ff.run] (0.573s) criu> (00.055688)   1000: vma 0x55b72a7d9000 0x55b72a7da000
[ff.run] (0.573s) criu> (00.055689)   1000: vma 0x55b72a7da000 0x55b72a7db000
[ff.run] (0.573s) criu> (00.055690)   1000: vma 0x55b72a7db000 0x55b72a7dc000
[ff.run] (0.574s) criu> (00.055696)   1000: vma 0x55b72b6a0000 0x55b72b6c1000
[ff.run] (0.574s) criu> (00.055698)   1000: vma 0x7fc3030f5000 0x7fc30b0f6000
[ff.run] (0.574s) criu> (00.055699)   1000: vma 0x7fc30b0f6000 0x7fc30f0f7000
[ff.run] (0.574s) criu> (00.055700)   1000: vma 0x7fc30f0f7000 0x7fc30f0f9000
[ff.run] (0.574s) criu> (00.055701)   1000: vma 0x7fc30f0f9000 0x7fc30f0ff000
[ff.run] (0.574s) criu> (00.055702)   1000: vma 0x7fc30f0ff000 0x7fc30f110000
[ff.run] (0.574s) criu> (00.055703)   1000: vma 0x7fc30f110000 0x7fc30f116000
[ff.run] (0.574s) criu> (00.055704)   1000: vma 0x7fc30f116000 0x7fc30f117000
[ff.run] (0.574s) criu> (00.055705)   1000: vma 0x7fc30f117000 0x7fc30f118000
[ff.run] (0.574s) criu> (00.055706)   1000: vma 0x7fc30f118000 0x7fc30f11c000
[ff.run] (0.574s) criu> (00.055706)   1000: vma 0x7fc30f11c000 0x7fc30f11d000
[ff.run] (0.574s) criu> (00.055707)   1000: vma 0x7fc30f11d000 0x7fc30f11f000
[ff.run] (0.574s) criu> (00.055708)   1000: vma 0x7fc30f11f000 0x7fc30f120000
[ff.run] (0.574s) criu> (00.055709)   1000: vma 0x7fc30f120000 0x7fc30f121000
[ff.run] (0.575s) criu> (00.055710)   1000: vma 0x7fc30f121000 0x7fc30f122000
[ff.run] (0.575s) criu> (00.055711)   1000: vma 0x7fc30f122000 0x7fc30f144000
[ff.run] (0.575s) criu> (00.055712)   1000: vma 0x7fc30f144000 0x7fc30f2bc000
[ff.run] (0.575s) criu> (00.055713)   1000: vma 0x7fc30f2bc000 0x7fc30f30a000
[ff.run] (0.575s) criu> (00.055714)   1000: vma 0x7fc30f30a000 0x7fc30f30e000
[ff.run] (0.575s) criu> (00.055715)   1000: vma 0x7fc30f30e000 0x7fc30f310000
[ff.run] (0.575s) criu> (00.055716)   1000: vma 0x7fc30f310000 0x7fc30f314000
[ff.run] (0.575s) criu> (00.055716)   1000: vma 0x7fc30f318000 0x7fc30f319000
[ff.run] (0.576s) criu> (00.055717)   1000: vma 0x7fc30f319000 0x7fc30f31a000
[ff.run] (0.576s) criu> (00.055718)   1000: vma 0x7fc30f31a000 0x7fc30f31b000
[ff.run] (0.576s) criu> (00.055719)   1000: vma 0x7fc30f31b000 0x7fc30f31c000
[ff.run] (0.576s) criu> (00.055720)   1000: vma 0x7fc30f31c000 0x7fc30f31d000
[ff.run] (0.576s) criu> (00.055724)   1000: vma 0x7fc30f31d000 0x7fc30f31e000
[ff.run] (0.576s) criu> (00.055725)   1000: vma 0x7fc30f31e000 0x7fc30f320000
[ff.run] (0.576s) criu> (00.055726)   1000: vma 0x7fc30f320000 0x7fc30f321000
[ff.run] (0.576s) criu> (00.055727)   1000: vma 0x7fc30f321000 0x7fc30f344000
[ff.run] (0.576s) criu> (00.055728)   1000: vma 0x7fc30f344000 0x7fc30f34c000
[ff.run] (0.577s) criu> (00.055824)   1000: vma 0x7fc30f34c000 0x7fc30f34d000
[ff.run] (0.577s) criu> (00.055827)   1000: vma 0x7fc30f34d000 0x7fc30f34e000
[ff.run] (0.577s) criu> (00.055828)   1000: vma 0x7fc30f34e000 0x7fc30f34f000
[ff.run] (0.577s) criu> (00.055829)   1000: vma 0x7fc30f34f000 0x7fc30f350000
[ff.run] (0.577s) criu> (00.055830)   1000: vma 0x7fc30f350000 0x7fc30f352000
[ff.run] (0.578s) criu> (00.055831)   1000: vma 0x7fc30f352000 0x7fc30f35f000
[ff.run] (0.578s) criu> (00.055832)   1000: vma 0x7fc30f35f000 0x7fc30f362000
[ff.run] (0.578s) criu> (00.055833)   1000: vma 0x7fc30f362000 0x7fc30f365000
[ff.run] (0.578s) criu> (00.055834)   1000: vma 0x7fc30f365000 0x7fc30f366000
[ff.run] (0.578s) criu> (00.055834)   1000: vma 0x7ffcf3ea2000 0x7ffcf3ec3000
[ff.run] (0.578s) criu> (00.055835)   1000: vma 0x7ffcf3fd9000 0x7ffcf3fdd000
[ff.run] (0.578s) criu> (00.055836)   1000: vma 0x7ffcf3fdd000 0x7ffcf3fdf000
[ff.run] (0.579s) criu> (00.055837)   1000: vma 0xffffffffff600000 0xffffffffff601000
[ff.run] (0.579s) criu> (00.055893)   1000: Collect fdinfo pid=1001 fd=0 id=0xe
[ff.run] (0.579s) criu> (00.055896)   1000: Collect fdinfo pid=1001 fd=1 id=0x9
[ff.run] (0.579s) criu> (00.055898)   1000: Collect fdinfo pid=1001 fd=2 id=0x9
[ff.run] (0.579s) criu> (00.056111)   1000: skqueue: Preparing SCMs
[ff.run] (0.579s) criu> (00.056115)   1000: tty: Inherit terminal for id 0x9
[ff.run] (0.579s) criu> (00.056116)   1000: tty: head driver ext id 0x9 index 1012 (master 0 sid 1 pgrp 1 inherit 1)
[ff.run] (0.580s) criu> (00.056118)   1000: File descs:
[ff.run] (0.580s) criu> (00.056119)   1000:  `- type 1 ID 0x1
[ff.run] (0.580s) criu> (00.056120)   1000:  `- type 1 ID 0x2
[ff.run] (0.580s) criu> (00.056121)   1000:  `- type 1 ID 0x3
[ff.run] (0.580s) criu> (00.056122)   1000:  `- type 1 ID 0x4
[ff.run] (0.580s) criu> (00.056123)   1000:  `- type 1 ID 0x5
[ff.run] (0.580s) criu> (00.056124)   1000:  `- type 1 ID 0x6
[ff.run] (0.581s) criu> (00.056124)   1000:  `- type 1 ID 0x7
[ff.run] (0.581s) criu> (00.056125)   1000:  `- type 1 ID 0x8
[ff.run] (0.581s) criu> (00.056126)   1000:  `- type 11 ID 0x9
[ff.run] (0.581s) criu> (00.056127)   1000:    `- FD 0 pid 1000
[ff.run] (0.582s) criu> (00.056128)   1000:    `- FD 1 pid 1000
[ff.run] (0.582s) criu> (00.056129)   1000:    `- FD 2 pid 1000
[ff.run] (0.582s) criu> (00.056130)   1000:    `- FD 1 pid 1001
[ff.run] (0.582s) criu> (00.056130)   1000:    `- FD 2 pid 1001
[ff.run] (0.582s) criu> (00.056131)   1000:    `- FD 1 pid 1002
[ff.run] (0.582s) criu> (00.056132)   1000:    `- FD 2 pid 1002
[ff.run] (0.582s) criu> (00.056133)   1000:  `- type 1 ID 0xa
[ff.run] (0.582s) criu> (00.056134)   1000:  `- type 1 ID 0xb
[ff.run] (0.583s) criu> (00.056135)   1000:    `- FD 10 pid 1000
[ff.run] (0.583s) criu> (00.056135)   1000:  `- type 1 ID 0xc
[ff.run] (0.583s) criu> (00.056136)   1000:  `- type 1 ID 0xd
[ff.run] (0.583s) criu> (00.056137)   1000:  `- type 1 ID 0xe
[ff.run] (0.584s) criu> (00.056138)   1000:    `- FD 0 pid 1001
[ff.run] (0.584s) criu> (00.056139)   1000:  `- type 1 ID 0xf
[ff.run] (0.584s) criu> (00.056140)   1000:    `- FD 0 pid 1002
[ff.run] (0.584s) criu> (00.056880)   1000: pr1000-1 Read 559529227000 1 pages
[ff.run] (0.584s) criu> (00.056892)   1000: pr1000-1 Read 559529240000 2 pages
[ff.run] (0.584s) criu> (00.056899)   1000: pr1000-1 Read 559529242000 1 pages
[ff.run] (0.585s) criu> (00.056903)   1000: pr1000-1 Read 559529244000 1 pages
[ff.run] (0.585s) criu> (00.056906)   1000: pr1000-1 Read 55952ac9a000 2 pages
[ff.run] (0.585s) criu> (00.056911)   1000: pr1000-1 Read 7f707e44a000 2 pages
[ff.run] (0.585s) criu> (00.056915)   1000: pr1000-1 Read 7f707e469000 1 pages
[ff.run] (0.585s) criu> (00.056919)   1000: pr1000-1 Read 7f707e46a000 1 pages
[ff.run] (0.586s) criu> (00.056923)   1000: pr1000-1 Read 7f707e46e000 1 pages
[ff.run] (0.586s) criu> (00.056926)   1000: pr1000-1 Read 7f707e473000 1 pages
[ff.run] (0.586s) criu> (00.056930)   1000: pr1000-1 Read 7f707e474000 1 pages
[ff.run] (0.586s) criu> (00.056934)   1000: pr1000-1 Read 7f707e65d000 4 pages
[ff.run] (0.586s) criu> (00.056946)   1000: pr1000-1 Read 7f707e661000 2 pages
[ff.run] (0.586s) criu> (00.056952)   1000: pr1000-1 Read 7f707e663000 2 pages
[ff.run] (0.586s) criu> (00.056957)   1000: pr1000-1 Read 7f707e666000 1 pages
[ff.run] (0.587s) criu> (00.056959)   1000: pr1000-1 Read 7f707e66e000 1 pages
[ff.run] (0.587s) criu> (00.056963)   1000: pr1000-1 Read 7f707e66f000 1 pages
[ff.run] (0.587s) criu> (00.056967)   1000: pr1000-1 Read 7f707e670000 1 pages
[ff.run] (0.587s) criu> (00.056971)   1000: pr1000-1 Read 7f707e671000 2 pages
[ff.run] (0.587s) criu> (00.056976)   1000: pr1000-1 Read 7f707e6a0000 1 pages
[ff.run] (0.588s) criu> (00.056980)   1000: pr1000-1 Read 7f707e6a1000 1 pages
[ff.run] (0.588s) criu> (00.057076)   1000: pr1000-1 Read 7f707e6a2000 1 pages
[ff.run] (0.588s) criu> (00.057093)   1000: pr1000-1 Read 7f707e6b5000 3 pages
[ff.run] (0.588s) criu> (00.057151)   1000: pr1000-1 Read 7f707e6b8000 1 pages
[ff.run] (0.589s) criu> (00.057159)   1000: pr1000-1 Read 7ffc8bb51000 4 pages
[ff.run] (0.589s) criu> (00.057166)   1000: pr1000-1 Read 7ffc8bb5b000 2 pages
[ff.run] (0.589s) criu> (00.057177)   1000: nr_restored_pages: 41
[ff.run] (0.589s) criu> (00.057178)   1000: nr_shared_pages:   0
[ff.run] (0.589s) criu> (00.057179)   1000: nr_dropped_pages:   0
[ff.run] (0.589s) criu> (00.057180)   1000: nr_lazy:           0
[ff.run] (0.589s) criu> (00.057181)   1000: Restore on-core sigactions for 1000
[ff.run] (0.590s) criu> (00.057307)   1000: Restoring children in alien sessions:
[ff.run] (0.590s) criu> (00.057309)   1000: Restoring children in our session:
[ff.run] (0.590s) criu> (00.057542)   1000: Forking task with 1002 pid (flags 0x0)
[ff.run] (0.591s) criu> (00.073045)   1000: MYCOMMENT: From fork with pid call clone_n.., 1002
[ff.run] (0.591s) criu> (00.073574)   1000: MYCOMMENT: From fork with pid finish clone_n., 1002
[ff.run] (0.592s) criu> (00.073961)   1000: Forking task with 1001 pid (flags 0x0)
[ff.run] (0.602s) criu> (00.083863)   1002: pr1002-2 Read 55994d034000 1 pages
[ff.run] (0.603s) criu> (00.083901)   1002: pr1002-2 Read 55994d036000 1 pages
[ff.run] (0.603s) criu> (00.083918)   1002: pr1002-2 Read 55994d037000 1 pages
[ff.run] (0.603s) criu> (00.083930)   1002: pr1002-2 Read 55994d62e000 1 pages
[ff.run] (0.604s) criu> (00.083937)   1002: pr1002-2 Read 7fc983a77000 255 pages
[ff.run] (0.604s) criu> (00.084270)   1002: pr1002-2 Read 7fc983b76000 256 pages
[ff.run] (0.604s) criu> (00.084611)   1002: pr1002-2 Read 7fc983c76000 256 pages
[ff.run] (0.606s) criu> (00.088625)   1002: pr1002-2 Read 7fc983d76000 256 pages
[ff.run] (0.607s) criu> (00.089948)   1002: pr1002-2 Read 7fc983e76000 256 pages
[ff.run] (0.608s) criu> (00.090733)   1002: pr1002-2 Read 7fc983f76000 256 pages
[ff.run] (0.609s) criu> (00.091299)   1002: pr1002-2 Read 7fc984076000 256 pages
[ff.run] (0.609s) criu> (00.091807)   1002: pr1002-2 Read 7fc984176000 256 pages
[ff.run] (0.610s) criu> (00.092747)   1002: pr1002-2 Read 7fc984276000 256 pages
[ff.run] (0.612s) criu> (00.093448)   1002: pr1002-2 Read 7fc984376000 256 pages
[ff.run] (0.613s) criu> (00.095710)   1002: pr1002-2 Read 7fc984476000 256 pages
[ff.run] (0.614s) criu> (00.096659)   1002: pr1002-2 Read 7fc984576000 256 pages
[ff.run] (0.615s) criu> (00.097824)   1002: pr1002-2 Read 7fc984676000 256 pages
[ff.run] (0.616s) criu> (00.098344)   1002: pr1002-2 Read 7fc984776000 256 pages
[ff.run] (0.617s) criu> (00.099887)   1002: pr1002-2 Read 7fc984876000 256 pages
[ff.run] (0.619s) criu> (00.101122)   1002: pr1002-2 Read 7fc984976000 256 pages
[ff.run] (0.619s) criu> (00.102023)   1002: pr1002-2 Read 7fc984a76000 256 pages
[ff.run] (0.620s) criu> (00.102732)   1002: pr1002-2 Read 7fc984b76000 256 pages
[ff.run] (0.621s) criu> (00.103421)   1002: pr1002-2 Read 7fc984c76000 256 pages
[ff.run] (0.622s) criu> (00.104340)   1002: pr1002-2 Read 7fc984d76000 256 pages
[ff.run] (0.623s) criu> (00.105359)   1002: pr1002-2 Read 7fc984e76000 256 pages
[ff.run] (0.624s) criu> (00.106065)   1002: pr1002-2 Read 7fc984f76000 256 pages
[ff.run] (0.624s) criu> (00.106615)   1002: pr1002-2 Read 7fc985076000 256 pages
[ff.run] (0.625s) criu> (00.107291)   1002: pr1002-2 Read 7fc985176000 256 pages
[ff.run] (0.626s) criu> (00.108691)   1002: pr1002-2 Read 7fc985276000 256 pages
[ff.run] (0.627s) criu> (00.109245)   1002: pr1002-2 Read 7fc985376000 256 pages
[ff.run] (0.628s) criu> (00.110685)   1002: pr1002-2 Read 7fc985476000 256 pages
[ff.run] (0.629s) criu> (00.111271)   1002: pr1002-2 Read 7fc985576000 256 pages
[ff.run] (0.629s) criu> (00.111923)   1002: pr1002-2 Read 7fc985676000 256 pages
[ff.run] (0.630s) criu> (00.112911)   1002: pr1002-2 Read 7fc985776000 256 pages
[ff.run] (0.631s) criu> (00.113508)   1002: pr1002-2 Read 7fc985876000 256 pages
[ff.run] (0.632s) criu> (00.114260)   1002: pr1002-2 Read 7fc985976000 256 pages
[ff.run] (0.632s) criu> (00.114921)   1002: pr1002-2 Read 7fc985a76000 256 pages
[ff.run] (0.633s) criu> (00.115559)   1002: pr1002-2 Read 7fc985b76000 256 pages
[ff.run] (0.634s) criu> (00.116209)   1002: pr1002-2 Read 7fc985c76000 256 pages
[ff.run] (0.634s) criu> (00.116854)   1002: pr1002-2 Read 7fc985d76000 256 pages
[ff.run] (0.635s) criu> (00.117498)   1002: pr1002-2 Read 7fc985e76000 256 pages
[ff.run] (0.636s) criu> (00.118136)   1002: pr1002-2 Read 7fc985f76000 256 pages
[ff.run] (0.636s) criu> (00.118802)   1002: pr1002-2 Read 7fc986076000 256 pages
[ff.run] (0.637s) criu> (00.119967)   1002: pr1002-2 Read 7fc986176000 256 pages
[ff.run] (0.638s) criu> (00.120746)   1002: pr1002-2 Read 7fc986276000 256 pages
[ff.run] (0.639s) criu> (00.121888)   1002: pr1002-2 Read 7fc986376000 256 pages
[ff.run] (0.640s) criu> (00.122555)   1002: pr1002-2 Read 7fc986476000 256 pages
[ff.run] (0.641s) criu> (00.123094)   1002: pr1002-2 Read 7fc986576000 256 pages
[ff.run] (0.641s) criu> (00.123634)   1002: pr1002-2 Read 7fc986676000 256 pages
[ff.run] (0.642s) criu> (00.124128)   1002: pr1002-2 Read 7fc986776000 256 pages
[ff.run] (0.642s) criu> (00.124652)   1002: pr1002-2 Read 7fc986876000 256 pages
[ff.run] (0.643s) criu> (00.125382)   1002: pr1002-2 Read 7fc986976000 256 pages
[ff.run] (0.643s) criu> (00.125882)   1002: pr1002-2 Read 7fc986a76000 256 pages
[ff.run] (0.644s) criu> (00.126711)   1002: pr1002-2 Read 7fc986b76000 256 pages
[ff.run] (0.645s) criu> (00.127485)   1002: pr1002-2 Read 7fc986c76000 256 pages
[ff.run] (0.645s) criu> (00.128022)   1002: pr1002-2 Read 7fc986d76000 256 pages
[ff.run] (0.646s) criu> (00.128557)   1002: pr1002-2 Read 7fc986e76000 256 pages
[ff.run] (0.647s) criu> (00.129467)   1002: pr1002-2 Read 7fc986f76000 256 pages
[ff.run] (0.648s) criu> (00.130138)   1002: pr1002-2 Read 7fc987076000 256 pages
[ff.run] (0.648s) criu> (00.130853)   1002: pr1002-2 Read 7fc987176000 256 pages
[ff.run] (0.649s) criu> (00.131502)   1002: pr1002-2 Read 7fc987276000 256 pages
[ff.run] (0.651s) criu> (00.133652)   1002: pr1002-2 Read 7fc987376000 256 pages
[ff.run] (0.654s) criu> (00.136140)   1002: pr1002-2 Read 7fc987476000 256 pages
[ff.run] (0.655s) criu> (00.137188)   1002: pr1002-2 Read 7fc987576000 256 pages
[ff.run] (0.655s) criu> (00.137931)   1002: pr1002-2 Read 7fc987676000 256 pages
[ff.run] (0.656s) criu> (00.138699)   1002: pr1002-2 Read 7fc987776000 256 pages
[ff.run] (0.657s) criu> (00.139539)   1002: pr1002-2 Read 7fc987876000 256 pages
[ff.run] (0.658s) criu> (00.140237)   1002: pr1002-2 Read 7fc987976000 256 pages
[ff.run] (0.658s) criu> (00.140894)   1002: pr1002-2 Read 7fc987a76000 256 pages
[ff.run] (0.659s) criu> (00.141635)   1002: pr1002-2 Read 7fc987b76000 256 pages
[ff.run] (0.660s) criu> (00.142318)   1002: pr1002-2 Read 7fc987c76000 256 pages
[ff.run] (0.661s) criu> (00.143055)   1002: pr1002-2 Read 7fc987d76000 256 pages
[ff.run] (0.661s) criu> (00.143750)   1002: pr1002-2 Read 7fc987e76000 256 pages
[ff.run] (0.662s) criu> (00.144730)   1002: pr1002-2 Read 7fc987f76000 256 pages
[ff.run] (0.663s) criu> (00.145325)   1002: pr1002-2 Read 7fc988076000 256 pages
[ff.run] (0.663s) criu> (00.145917)   1002: pr1002-2 Read 7fc988176000 256 pages
[ff.run] (0.664s) criu> (00.146534)   1002: pr1002-2 Read 7fc988276000 256 pages
[ff.run] (0.665s) criu> (00.147174)   1002: pr1002-2 Read 7fc988376000 256 pages
[ff.run] (0.665s) criu> (00.147988)   1002: pr1002-2 Read 7fc988476000 256 pages
[ff.run] (0.667s) criu> (00.149162)   1002: pr1002-2 Read 7fc988576000 256 pages
[ff.run] (0.673s) criu> (00.155546)   1002: pr1002-2 Read 7fc988676000 256 pages
[ff.run] (0.673s) criu> (00.156027)   1002: pr1002-2 Read 7fc988776000 256 pages
[ff.run] (0.674s) criu> (00.156492)   1002: pr1002-2 Read 7fc988876000 256 pages
[ff.run] (0.675s) criu> (00.157328)   1002: pr1002-2 Read 7fc988976000 256 pages
[ff.run] (0.675s) criu> (00.157836)   1002: pr1002-2 Read 7fc988a76000 256 pages
[ff.run] (0.677s) criu> (00.159472)   1002: pr1002-2 Read 7fc988b76000 256 pages
[ff.run] (0.678s) criu> (00.160902)   1002: pr1002-2 Read 7fc988c76000 256 pages
[ff.run] (0.680s) criu> (00.162410)   1002: pr1002-2 Read 7fc988d76000 256 pages
[ff.run] (0.682s) criu> (00.164685)   1002: pr1002-2 Read 7fc988e76000 256 pages
[ff.run] (0.684s) criu> (00.166485)   1002: pr1002-2 Read 7fc988f76000 256 pages
[ff.run] (0.685s) criu> (00.167837)   1002: pr1002-2 Read 7fc989076000 256 pages
[ff.run] (0.687s) criu> (00.169201)   1002: pr1002-2 Read 7fc989176000 256 pages
[ff.run] (0.688s) criu> (00.170121)   1002: pr1002-2 Read 7fc989276000 256 pages
[ff.run] (0.689s) criu> (00.171055)   1002: pr1002-2 Read 7fc989376000 256 pages
[ff.run] (0.689s) criu> (00.171910)   1002: pr1002-2 Read 7fc989476000 256 pages
[ff.run] (0.690s) criu> (00.172713)   1002: pr1002-2 Read 7fc989576000 256 pages
[ff.run] (0.691s) criu> (00.173341)   1002: pr1002-2 Read 7fc989676000 256 pages
[ff.run] (0.691s) criu> (00.173927)   1002: pr1002-2 Read 7fc989776000 256 pages
[ff.run] (0.692s) criu> (00.174621)   1002: pr1002-2 Read 7fc989876000 256 pages
[ff.run] (0.693s) criu> (00.175353)   1002: pr1002-2 Read 7fc989976000 256 pages
[ff.run] (0.694s) criu> (00.176741)   1002: pr1002-2 Read 7fc989a76000 256 pages
[ff.run] (0.696s) criu> (00.178145)   1002: pr1002-2 Read 7fc989b76000 256 pages
[ff.run] (0.697s) criu> (00.179285)   1002: pr1002-2 Read 7fc989c76000 256 pages
[ff.run] (0.698s) criu> (00.180201)   1002: pr1002-2 Read 7fc989d76000 256 pages
[ff.run] (0.698s) criu> (00.180786)   1002: pr1002-2 Read 7fc989e76000 256 pages
[ff.run] (0.699s) criu> (00.181629)   1002: pr1002-2 Read 7fc989f76000 256 pages
[ff.run] (0.701s) criu> (00.183216)   1002: pr1002-2 Read 7fc98a076000 256 pages
[ff.run] (0.702s) criu> (00.184833)   1002: pr1002-2 Read 7fc98a176000 256 pages
[ff.run] (0.704s) criu> (00.186510)   1002: pr1002-2 Read 7fc98a276000 256 pages
[ff.run] (0.705s) criu> (00.187396)   1002: pr1002-2 Read 7fc98a376000 256 pages
[ff.run] (0.706s) criu> (00.188386)   1002: pr1002-2 Read 7fc98a476000 256 pages
[ff.run] (0.707s) criu> (00.189254)   1002: pr1002-2 Read 7fc98a576000 256 pages
[ff.run] (0.707s) criu> (00.189949)   1002: pr1002-2 Read 7fc98a676000 256 pages
[ff.run] (0.709s) criu> (00.191036)   1002: pr1002-2 Read 7fc98a776000 256 pages
[ff.run] (0.709s) criu> (00.191724)   1002: pr1002-2 Read 7fc98a876000 256 pages
[ff.run] (0.710s) criu> (00.192408)   1002: pr1002-2 Read 7fc98a976000 256 pages
[ff.run] (0.711s) criu> (00.193569)   1002: pr1002-2 Read 7fc98aa76000 256 pages
[ff.run] (0.712s) criu> (00.194946)   1002: pr1002-2 Read 7fc98ab76000 256 pages
[ff.run] (0.714s) criu> (00.196358)   1002: pr1002-2 Read 7fc98ac76000 256 pages
[ff.run] (0.715s) criu> (00.197707)   1002: pr1002-2 Read 7fc98ad76000 256 pages
[ff.run] (0.716s) criu> (00.198512)   1002: pr1002-2 Read 7fc98ae76000 256 pages
[ff.run] (0.717s) criu> (00.199214)   1002: pr1002-2 Read 7fc98af76000 256 pages
[ff.run] (0.717s) criu> (00.199947)   1002: pr1002-2 Read 7fc98b076000 256 pages
[ff.run] (0.719s) criu> (00.201037)   1002: pr1002-2 Read 7fc98b176000 256 pages
[ff.run] (0.719s) criu> (00.201829)   1002: pr1002-2 Read 7fc98b276000 256 pages
[ff.run] (0.720s) criu> (00.202433)   1002: pr1002-2 Read 7fc98b376000 256 pages
[ff.run] (0.720s) criu> (00.202975)   1002: pr1002-2 Read 7fc98b476000 256 pages
[ff.run] (0.721s) criu> (00.203520)   1002: pr1002-2 Read 7fc98b576000 256 pages
[ff.run] (0.722s) criu> (00.204129)   1002: pr1002-2 Read 7fc98b676000 256 pages
[ff.run] (0.722s) criu> (00.204733)   1002: pr1002-2 Read 7fc98b776000 256 pages
[ff.run] (0.723s) criu> (00.205239)   1002: pr1002-2 Read 7fc98b876000 256 pages
[ff.run] (0.724s) criu> (00.206191)   1002: pr1002-2 Read 7fc98b976000 256 pages
[ff.run] (0.725s) criu> (00.207224)   1002: pr1002-2 Read 7fc98ba76000 2 pages
[ff.run] (0.725s) criu> (00.207426)   1002: pr1002-2 Read 7fc98fa79000 2 pages
[ff.run] (0.725s) criu> (00.207560)   1002: pr1002-2 Read 7fc98fa98000 1 pages
[ff.run] (0.725s) criu> (00.207669)   1002: pr1002-2 Read 7fc98fa99000 1 pages
[ff.run] (0.726s) criu> (00.208250)   1002: pr1002-2 Read 7fc98fa9d000 1 pages
[ff.run] (0.726s) criu> (00.208483)   1002: pr1002-2 Read 7fc98faa2000 1 pages
[ff.run] (0.727s) criu> (00.209278)   1002: pr1002-2 Read 7fc98faa3000 1 pages
[ff.run] (0.727s) criu> (00.209707)   1002: pr1002-2 Read 7fc98fc8c000 4 pages
[ff.run] (0.728s) criu> (00.210131)   1002: pr1002-2 Read 7fc98fc90000 2 pages
[ff.run] (0.728s) criu> (00.210701)   1002: pr1002-2 Read 7fc98fc92000 2 pages
[ff.run] (0.729s) criu> (00.211205)   1002: pr1002-2 Read 7fc98fc95000 1 pages
[ff.run] (0.729s) criu> (00.211435)   1002: pr1002-2 Read 7fc98fc9d000 1 pages
[ff.run] (0.729s) criu> (00.211884)   1002: pr1002-2 Read 7fc98fc9e000 1 pages
[ff.run] (0.730s) criu> (00.212286)   1002: pr1002-2 Read 7fc98fc9f000 1 pages
[ff.run] (0.730s) criu> (00.212576)   1002: pr1002-2 Read 7fc98fca0000 2 pages
[ff.run] (0.730s) criu> (00.213037)   1002: pr1002-2 Read 7fc98fccf000 1 pages
[ff.run] (0.731s) criu> (00.213466)   1002: pr1002-2 Read 7fc98fcd0000 1 pages
[ff.run] (0.731s) criu> (00.213750)   1002: pr1002-2 Read 7fc98fcd1000 1 pages
[ff.run] (0.732s) criu> (00.214230)   1002: pr1002-2 Read 7fc98fce4000 3 pages
[ff.run] (0.732s) criu> (00.214495)   1002: pr1002-2 Read 7fc98fce7000 1 pages
[ff.run] (0.732s) criu> (00.214954)   1002: pr1002-2 Read 7fffc36e0000 5 pages
[ff.run] (0.733s) criu> (00.215411)   1002: pr1002-2 Read 7fffc3715000 2 pages
[ff.run] (0.733s) criu> (00.215690)   1002: nr_restored_pages: 32808
[ff.run] (0.734s) criu> (00.215952)   1002: nr_shared_pages:   0
[ff.run] (0.734s) criu> (00.216299)   1002: nr_dropped_pages:   0
[ff.run] (0.734s) criu> (00.216641)   1002: nr_lazy:           0
[ff.run] (0.735s) criu> (00.217028)   1002: Restore on-core sigactions for 1002
[ff.run] (0.735s) criu> (00.217557)   1002: Restoring children in alien sessions:
[ff.run] (0.735s) criu> (00.217818)   1002: Restoring children in our session:
[ff.run] (0.736s) criu> (00.218212)   1002: Restoring 1002 to 1 pgid
[ff.run] (0.737s) criu> (00.218553)   1002: MYCOMMENT: finish getpgrp() with pgid 1
[ff.run] (0.738s) criu> (00.219668)   1002: MYCOMMENT:From rstwc Finish  restore_pgid() for pid 1002
[ff.run] (0.739s) criu> (00.219671)   1002: MYCOMMENT: From rstwc Enter restore_finish_stage for pid 1002
[ff.run] (41.528s) criu> (41.010249)   1000: MYCOMMENT: From fork with pid call clone_n.., 1001
[ff.run] (41.529s) criu> (41.010670)   1000: MYCOMMENT: From fork with pid finish clone_n., 1001
[ff.run] (41.530s) criu> (41.011789)   1000: Restoring 1000 to 1 pgid
[ff.run] (41.530s) criu> (41.011793)   1000: MYCOMMENT: finish getpgrp() with pgid 1
[ff.run] (41.531s) criu> (41.011794)   1000: MYCOMMENT:From rstwc Finish  restore_pgid() for pid 1000
[ff.run] (41.531s) criu> (41.011795)   1000: MYCOMMENT: From rstwc current->parent = NULL for pid 1000
[ff.run] (41.531s) criu> (41.012893)   1001: pr1001-2 Read 55b72a7d8000 1 pages
[ff.run] (41.531s) criu> (41.012934)   1001: pr1001-2 Read 55b72a7da000 1 pages
[ff.run] (41.531s) criu> (41.012952)   1001: pr1001-2 Read 55b72a7db000 1 pages
[ff.run] (41.532s) criu> (41.012957)   1001: pr1001-2 Read 55b72b6a0000 1 pages
[ff.run] (41.532s) criu> (41.012960)   1001: pr1001-2 Read 7fc3030f5000 255 pages
[ff.run] (41.532s) criu> (41.013354)   1001: pr1001-2 Read 7fc3031f4000 256 pages
[ff.run] (41.532s) criu> (41.013705)   1001: pr1001-2 Read 7fc3032f4000 256 pages
[ff.run] (41.533s) criu> (41.015548)   1001: pr1001-2 Read 7fc3033f4000 256 pages
[ff.run] (41.535s) criu> (41.017074)   1001: pr1001-2 Read 7fc3034f4000 256 pages
[ff.run] (41.535s) criu> (41.017684)   1001: pr1001-2 Read 7fc3035f4000 256 pages
[ff.run] (41.536s) criu> (41.018687)   1001: pr1001-2 Read 7fc3036f4000 256 pages
[ff.run] (41.539s) criu> (41.021468)   1001: pr1001-2 Read 7fc3037f4000 256 pages
[ff.run] (41.540s) criu> (41.022232)   1001: pr1001-2 Read 7fc3038f4000 256 pages
[ff.run] (41.541s) criu> (41.023488)   1001: pr1001-2 Read 7fc3039f4000 256 pages
[ff.run] (41.542s) criu> (41.024338)   1001: pr1001-2 Read 7fc303af4000 256 pages
[ff.run] (41.543s) criu> (41.025273)   1001: pr1001-2 Read 7fc303bf4000 256 pages
[ff.run] (41.543s) criu> (41.025976)   1001: pr1001-2 Read 7fc303cf4000 256 pages
[ff.run] (41.544s) criu> (41.026740)   1001: pr1001-2 Read 7fc303df4000 256 pages
[ff.run] (41.545s) criu> (41.027533)   1001: pr1001-2 Read 7fc303ef4000 256 pages
[ff.run] (41.546s) criu> (41.028192)   1001: pr1001-2 Read 7fc303ff4000 256 pages
[ff.run] (41.546s) criu> (41.028904)   1001: pr1001-2 Read 7fc3040f4000 256 pages
[ff.run] (41.547s) criu> (41.029588)   1001: pr1001-2 Read 7fc3041f4000 256 pages
[ff.run] (41.548s) criu> (41.030255)   1001: pr1001-2 Read 7fc3042f4000 256 pages
[ff.run] (41.549s) criu> (41.031352)   1001: pr1001-2 Read 7fc3043f4000 256 pages
[ff.run] (41.550s) criu> (41.032153)   1001: pr1001-2 Read 7fc3044f4000 256 pages
[ff.run] (41.550s) criu> (41.032874)   1001: pr1001-2 Read 7fc3045f4000 256 pages
[ff.run] (41.553s) criu> (41.034962)   1001: pr1001-2 Read 7fc3046f4000 256 pages
[ff.run] (41.556s) criu> (41.038907)   1001: pr1001-2 Read 7fc3047f4000 256 pages
[ff.run] (41.557s) criu> (41.039624)   1001: pr1001-2 Read 7fc3048f4000 256 pages
[ff.run] (41.558s) criu> (41.040320)   1001: pr1001-2 Read 7fc3049f4000 256 pages
[ff.run] (41.559s) criu> (41.041063)   1001: pr1001-2 Read 7fc304af4000 256 pages
[ff.run] (41.559s) criu> (41.041739)   1001: pr1001-2 Read 7fc304bf4000 256 pages
[ff.run] (41.560s) criu> (41.042538)   1001: pr1001-2 Read 7fc304cf4000 256 pages
[ff.run] (41.561s) criu> (41.043653)   1001: pr1001-2 Read 7fc304df4000 256 pages
[ff.run] (41.562s) criu> (41.044270)   1001: pr1001-2 Read 7fc304ef4000 256 pages
[ff.run] (41.563s) criu> (41.045051)   1001: pr1001-2 Read 7fc304ff4000 256 pages
[ff.run] (41.563s) criu> (41.045871)   1001: pr1001-2 Read 7fc3050f4000 256 pages
[ff.run] (41.564s) criu> (41.046475)   1001: pr1001-2 Read 7fc3051f4000 256 pages
[ff.run] (41.565s) criu> (41.047122)   1001: pr1001-2 Read 7fc3052f4000 256 pages
[ff.run] (41.565s) criu> (41.047754)   1001: pr1001-2 Read 7fc3053f4000 256 pages
[ff.run] (41.566s) criu> (41.048398)   1001: pr1001-2 Read 7fc3054f4000 256 pages
[ff.run] (41.567s) criu> (41.049072)   1001: pr1001-2 Read 7fc3055f4000 256 pages
[ff.run] (41.567s) criu> (41.049876)   1001: pr1001-2 Read 7fc3056f4000 256 pages
[ff.run] (41.568s) criu> (41.050982)   1001: pr1001-2 Read 7fc3057f4000 256 pages
[ff.run] (41.569s) criu> (41.051658)   1001: pr1001-2 Read 7fc3058f4000 256 pages
[ff.run] (41.570s) criu> (41.052467)   1001: pr1001-2 Read 7fc3059f4000 256 pages
[ff.run] (41.571s) criu> (41.053262)   1001: pr1001-2 Read 7fc305af4000 256 pages
[ff.run] (41.572s) criu> (41.054023)   1001: pr1001-2 Read 7fc305bf4000 256 pages
[ff.run] (41.572s) criu> (41.054746)   1001: pr1001-2 Read 7fc305cf4000 256 pages
[ff.run] (41.573s) criu> (41.055433)   1001: pr1001-2 Read 7fc305df4000 256 pages
[ff.run] (41.575s) criu> (41.057360)   1001: pr1001-2 Read 7fc305ef4000 256 pages
[ff.run] (41.576s) criu> (41.058080)   1001: pr1001-2 Read 7fc305ff4000 256 pages
[ff.run] (41.577s) criu> (41.059297)   1001: pr1001-2 Read 7fc3060f4000 256 pages
[ff.run] (41.578s) criu> (41.060819)   1001: pr1001-2 Read 7fc3061f4000 256 pages
[ff.run] (41.583s) criu> (41.065543)   1001: pr1001-2 Read 7fc3062f4000 256 pages
[ff.run] (41.584s) criu> (41.066274)   1001: pr1001-2 Read 7fc3063f4000 256 pages
[ff.run] (41.584s) criu> (41.066994)   1001: pr1001-2 Read 7fc3064f4000 256 pages
[ff.run] (41.585s) criu> (41.067635)   1001: pr1001-2 Read 7fc3065f4000 256 pages
[ff.run] (41.586s) criu> (41.068325)   1001: pr1001-2 Read 7fc3066f4000 256 pages
[ff.run] (41.587s) criu> (41.069036)   1001: pr1001-2 Read 7fc3067f4000 256 pages
[ff.run] (41.587s) criu> (41.069864)   1001: pr1001-2 Read 7fc3068f4000 256 pages
[ff.run] (41.588s) criu> (41.070620)   1001: pr1001-2 Read 7fc3069f4000 256 pages
[ff.run] (41.589s) criu> (41.071388)   1001: pr1001-2 Read 7fc306af4000 256 pages
[ff.run] (41.590s) criu> (41.072453)   1001: pr1001-2 Read 7fc306bf4000 256 pages
[ff.run] (41.591s) criu> (41.073139)   1001: pr1001-2 Read 7fc306cf4000 256 pages
[ff.run] (41.591s) criu> (41.073892)   1001: pr1001-2 Read 7fc306df4000 256 pages
[ff.run] (41.592s) criu> (41.074542)   1001: pr1001-2 Read 7fc306ef4000 256 pages
[ff.run] (41.593s) criu> (41.075226)   1001: pr1001-2 Read 7fc306ff4000 256 pages
[ff.run] (41.594s) criu> (41.076047)   1001: pr1001-2 Read 7fc3070f4000 256 pages
[ff.run] (41.594s) criu> (41.076835)   1001: pr1001-2 Read 7fc3071f4000 256 pages
[ff.run] (41.595s) criu> (41.077485)   1001: pr1001-2 Read 7fc3072f4000 256 pages
[ff.run] (41.596s) criu> (41.078192)   1001: pr1001-2 Read 7fc3073f4000 256 pages
[ff.run] (41.596s) criu> (41.078958)   1001: pr1001-2 Read 7fc3074f4000 256 pages
[ff.run] (41.597s) criu> (41.079993)   1001: pr1001-2 Read 7fc3075f4000 256 pages
[ff.run] (41.598s) criu> (41.080682)   1001: pr1001-2 Read 7fc3076f4000 256 pages
[ff.run] (41.599s) criu> (41.081377)   1001: pr1001-2 Read 7fc3077f4000 256 pages
[ff.run] (41.600s) criu> (41.082019)   1001: pr1001-2 Read 7fc3078f4000 256 pages
[ff.run] (41.600s) criu> (41.082670)   1001: pr1001-2 Read 7fc3079f4000 256 pages
[ff.run] (41.601s) criu> (41.083306)   1001: pr1001-2 Read 7fc307af4000 256 pages
[ff.run] (41.602s) criu> (41.084024)   1001: pr1001-2 Read 7fc307bf4000 256 pages
[ff.run] (41.603s) criu> (41.085273)   1001: pr1001-2 Read 7fc307cf4000 256 pages
[ff.run] (41.603s) criu> (41.085730)   1001: pr1001-2 Read 7fc307df4000 256 pages
[ff.run] (41.604s) criu> (41.086687)   1001: pr1001-2 Read 7fc307ef4000 256 pages
[ff.run] (41.605s) criu> (41.087914)   1001: pr1001-2 Read 7fc307ff4000 256 pages
[ff.run] (41.606s) criu> (41.088369)   1001: pr1001-2 Read 7fc3080f4000 256 pages
[ff.run] (41.606s) criu> (41.088872)   1001: pr1001-2 Read 7fc3081f4000 256 pages
[ff.run] (41.607s) criu> (41.089279)   1001: pr1001-2 Read 7fc3082f4000 256 pages
[ff.run] (41.607s) criu> (41.089699)   1001: pr1001-2 Read 7fc3083f4000 256 pages
[ff.run] (41.608s) criu> (41.090126)   1001: pr1001-2 Read 7fc3084f4000 256 pages
[ff.run] (41.608s) criu> (41.090554)   1001: pr1001-2 Read 7fc3085f4000 256 pages
[ff.run] (41.609s) criu> (41.091008)   1001: pr1001-2 Read 7fc3086f4000 256 pages
[ff.run] (41.609s) criu> (41.091620)   1001: pr1001-2 Read 7fc3087f4000 256 pages
[ff.run] (41.611s) criu> (41.093141)   1001: pr1001-2 Read 7fc3088f4000 256 pages
[ff.run] (41.612s) criu> (41.094169)   1001: pr1001-2 Read 7fc3089f4000 256 pages
[ff.run] (41.612s) criu> (41.094571)   1001: pr1001-2 Read 7fc308af4000 256 pages
[ff.run] (41.612s) criu> (41.094972)   1001: pr1001-2 Read 7fc308bf4000 256 pages
[ff.run] (41.613s) criu> (41.095390)   1001: pr1001-2 Read 7fc308cf4000 256 pages
[ff.run] (41.613s) criu> (41.095820)   1001: pr1001-2 Read 7fc308df4000 256 pages
[ff.run] (41.614s) criu> (41.096281)   1001: pr1001-2 Read 7fc308ef4000 256 pages
[ff.run] (41.614s) criu> (41.096803)   1001: pr1001-2 Read 7fc308ff4000 256 pages
[ff.run] (41.615s) criu> (41.097251)   1001: pr1001-2 Read 7fc3090f4000 256 pages
[ff.run] (41.615s) criu> (41.097738)   1001: pr1001-2 Read 7fc3091f4000 256 pages
[ff.run] (41.616s) criu> (41.098215)   1001: pr1001-2 Read 7fc3092f4000 256 pages
[ff.run] (41.616s) criu> (41.098981)   1001: pr1001-2 Read 7fc3093f4000 256 pages
[ff.run] (41.617s) criu> (41.099394)   1001: pr1001-2 Read 7fc3094f4000 256 pages
[ff.run] (41.617s) criu> (41.099839)   1001: pr1001-2 Read 7fc3095f4000 256 pages
[ff.run] (41.618s) criu> (41.100230)   1001: pr1001-2 Read 7fc3096f4000 256 pages
[ff.run] (41.618s) criu> (41.100697)   1001: pr1001-2 Read 7fc3097f4000 256 pages
[ff.run] (41.619s) criu> (41.101220)   1001: pr1001-2 Read 7fc3098f4000 256 pages
[ff.run] (41.619s) criu> (41.101833)   1001: pr1001-2 Read 7fc3099f4000 256 pages
[ff.run] (41.620s) criu> (41.102200)   1001: pr1001-2 Read 7fc309af4000 256 pages
[ff.run] (41.620s) criu> (41.102661)   1001: pr1001-2 Read 7fc309bf4000 256 pages
[ff.run] (41.621s) criu> (41.103097)   1001: pr1001-2 Read 7fc309cf4000 256 pages
[ff.run] (41.621s) criu> (41.103955)   1001: pr1001-2 Read 7fc309df4000 256 pages
[ff.run] (41.622s) criu> (41.104350)   1001: pr1001-2 Read 7fc309ef4000 256 pages
[ff.run] (41.622s) criu> (41.104806)   1001: pr1001-2 Read 7fc309ff4000 256 pages
[ff.run] (41.623s) criu> (41.105220)   1001: pr1001-2 Read 7fc30a0f4000 256 pages
[ff.run] (41.623s) criu> (41.105628)   1001: pr1001-2 Read 7fc30a1f4000 256 pages
[ff.run] (41.624s) criu> (41.106058)   1001: pr1001-2 Read 7fc30a2f4000 256 pages
[ff.run] (41.624s) criu> (41.106477)   1001: pr1001-2 Read 7fc30a3f4000 256 pages
[ff.run] (41.624s) criu> (41.106925)   1001: pr1001-2 Read 7fc30a4f4000 256 pages
[ff.run] (41.625s) criu> (41.107401)   1001: pr1001-2 Read 7fc30a5f4000 256 pages
[ff.run] (41.625s) criu> (41.107882)   1001: pr1001-2 Read 7fc30a6f4000 256 pages
[ff.run] (41.627s) criu> (41.108999)   1001: pr1001-2 Read 7fc30a7f4000 256 pages
[ff.run] (41.627s) criu> (41.109452)   1001: pr1001-2 Read 7fc30a8f4000 256 pages
[ff.run] (41.627s) criu> (41.109959)   1001: pr1001-2 Read 7fc30a9f4000 256 pages
[ff.run] (41.628s) criu> (41.110384)   1001: pr1001-2 Read 7fc30aaf4000 256 pages
[ff.run] (41.628s) criu> (41.110951)   1001: pr1001-2 Read 7fc30abf4000 256 pages
[ff.run] (41.629s) criu> (41.111484)   1001: pr1001-2 Read 7fc30acf4000 256 pages
[ff.run] (41.630s) criu> (41.112033)   1001: pr1001-2 Read 7fc30adf4000 256 pages
[ff.run] (41.630s) criu> (41.112741)   1001: pr1001-2 Read 7fc30aef4000 256 pages
[ff.run] (41.631s) criu> (41.113313)   1001: pr1001-2 Read 7fc30aff4000 256 pages
[ff.run] (41.632s) criu> (41.114282)   1001: pr1001-2 Read 7fc30b0f4000 2 pages
[ff.run] (41.632s) criu> (41.114364)   1001: pr1001-2 Read 7fc30f0f7000 2 pages
[ff.run] (41.633s) criu> (41.114372)   1001: pr1001-2 Read 7fc30f116000 1 pages
[ff.run] (41.634s) criu> (41.114382)   1001: pr1001-2 Read 7fc30f117000 1 pages
[ff.run] (41.634s) criu> (41.114387)   1001: pr1001-2 Read 7fc30f11b000 1 pages
[ff.run] (41.634s) criu> (41.114392)   1001: pr1001-2 Read 7fc30f120000 1 pages
[ff.run] (41.634s) criu> (41.114399)   1001: pr1001-2 Read 7fc30f121000 1 pages
[ff.run] (41.634s) criu> (41.114404)   1001: pr1001-2 Read 7fc30f30a000 4 pages
[ff.run] (41.634s) criu> (41.114416)   1001: pr1001-2 Read 7fc30f30e000 2 pages
[ff.run] (41.634s) criu> (41.114426)   1001: pr1001-2 Read 7fc30f310000 2 pages
[ff.run] (41.634s) criu> (41.114440)   1001: pr1001-2 Read 7fc30f313000 1 pages
[ff.run] (41.634s) criu> (41.114447)   1001: pr1001-2 Read 7fc30f31b000 1 pages
[ff.run] (41.634s) criu> (41.114453)   1001: pr1001-2 Read 7fc30f31c000 1 pages
[ff.run] (41.634s) criu> (41.114459)   1001: pr1001-2 Read 7fc30f31d000 1 pages
[ff.run] (41.634s) criu> (41.114463)   1001: pr1001-2 Read 7fc30f31e000 2 pages
[ff.run] (41.634s) criu> (41.114470)   1001: pr1001-2 Read 7fc30f34d000 1 pages
[ff.run] (41.634s) criu> (41.114477)   1001: pr1001-2 Read 7fc30f34e000 1 pages
[ff.run] (41.634s) criu> (41.114482)   1001: pr1001-2 Read 7fc30f34f000 1 pages
[ff.run] (41.634s) criu> (41.114486)   1001: pr1001-2 Read 7fc30f362000 3 pages
[ff.run] (41.634s) criu> (41.114503)   1001: pr1001-2 Read 7fc30f365000 1 pages
[ff.run] (41.634s) criu> (41.114513)   1001: pr1001-2 Read 7ffcf3ebf000 4 pages
[ff.run] (41.634s) criu> (41.114534)   1001: pr1001-2 Read 7ffcf3fdd000 2 pages
[ff.run] (41.634s) criu> (41.114569)   1001: nr_restored_pages: 32807
[ff.run] (41.634s) criu> (41.114571)   1001: nr_shared_pages:   0
[ff.run] (41.634s) criu> (41.114572)   1001: nr_dropped_pages:   0
[ff.run] (41.635s) criu> (41.114573)   1001: nr_lazy:           0
[ff.run] (41.635s) criu> (41.114575)   1001: Restore on-core sigactions for 1001
[ff.run] (41.635s) criu> (41.114624)   1001: Restoring children in alien sessions:
[ff.run] (41.635s) criu> (41.114629)   1001: Restoring children in our session:
[ff.run] (41.635s) criu> (41.114651)   1001: Restoring 1001 to 1 pgid
[ff.run] (41.635s) criu> (41.114653)   1001: MYCOMMENT: finish getpgrp() with pgid 1
[ff.run] (41.635s) criu> (41.114654)   1001: MYCOMMENT:From rstwc Finish  restore_pgid() for pid 1001
[ff.run] (41.635s) criu> (41.114656)   1001: MYCOMMENT: From rstwc Enter restore_finish_stage for pid 1001
[ff.run] (41.635s) criu> (41.114747)   1000: Restoring resources
[ff.run] (41.635s) criu> (41.114780)   1000: Opening fdinfo-s
[ff.run] (41.635s) criu> (41.114893)   1002: MYCOMMENT: From rstwc rfs >=0 for pid 1002
[ff.run] (41.635s) criu> (41.114900)   1002: Restoring resources
[ff.run] (41.635s) criu> (41.114930)   1002: Opening fdinfo-s
[ff.run] (41.635s) criu> (41.114935)   1001: MYCOMMENT: From rstwc rfs >=0 for pid 1001
[ff.run] (41.635s) criu> (41.114941)   1001: Restoring resources
[ff.run] (41.635s) criu> (41.114954)   1001: Opening fdinfo-s
[ff.run] (41.635s) criu> (41.114959)   1002: 		Create fd for 0
[ff.run] (41.635s) criu> (41.114961)   1002: 	Receive fd for 1
[ff.run] (41.635s) criu> (41.114973)   1002: 	Receive fd for 2
[ff.run] (41.635s) criu> (41.114977)   1002: 	Receive fd for 1
[ff.run] (41.635s) criu> (41.114979)   1002: 	Receive fd for 2
[ff.run] (41.636s) criu> (41.114978)   1001: 		Create fd for 0
[ff.run] (41.636s) criu> (41.114981)   1001: 	Receive fd for 1
[ff.run] (41.636s) criu> (41.114984)   1001: 	Receive fd for 2
[ff.run] (41.636s) criu> (41.114986)   1001: 	Receive fd for 1
[ff.run] (41.636s) criu> (41.114988)   1001: 	Receive fd for 2
[ff.run] (41.636s) criu> (41.114786)   1000: tty: open driver ext id 0x9 index 1012 (master 0 sid 1 pgrp 1 inherit 1)
[ff.run] (41.636s) criu> (41.115944)   1000: File tty[8800:3c] will be restored from fd 0 dumped from inherit fd 0
[ff.run] (41.636s) criu> (41.116051)   1000: 		Create fd for 0
[ff.run] (41.636s) criu> (41.116055)   1000: 			Going to dup 0 into 1
[ff.run] (41.636s) criu> (41.116057)   1000: 			Going to dup 0 into 2
[ff.run] (41.636s) criu> (41.116061)   1000: 		Send fd 0 to /crtools-fd-1001
[ff.run] (41.636s) criu> (41.116094)   1000: 		Send fd 0 to /crtools-fd-1001
[ff.run] (41.636s) criu> (41.116111)   1000: 		Send fd 0 to /crtools-fd-1002
[ff.run] (41.636s) criu> (41.116154)   1000: 		Send fd 0 to /crtools-fd-1002
[ff.run] (41.636s) criu> (41.116174)   1000: 	Receive fd for 1
[ff.run] (41.636s) criu> (41.116178)   1000: 	Receive fd for 2
[ff.run] (41.636s) criu> (41.116223)   1000: 		Create fd for 10
[ff.run] (41.636s) criu> (41.116230)   1000: Opening 0x007f707a449000-0x007f707e44a000 0000000000000000 (81) vma
[ff.run] (41.636s) criu> (41.116297)   1000: Restore via sigreturn
[ff.run] (41.636s) criu> (41.116311)   1002: 	Receive fd for 1
[ff.run] (41.636s) criu> (41.116323)   1002: Further fle=0x7fe93aa54d80, pid=1002
[ff.run] (41.636s) criu> (41.116326)   1002: 	Receive fd for 2
[ff.run] (41.636s) criu> (41.116329)   1002: Further fle=0x7fe93aa54dc0, pid=1002
[ff.run] (41.638s) criu> (41.117617)   1001: 	Receive fd for 1
[ff.run] (41.638s) criu> (41.117629)   1001: Further fle=0x7fe93aa54e40, pid=1001
[ff.run] (41.638s) criu> (41.117632)   1001: 	Receive fd for 2
[ff.run] (41.638s) criu> (41.117635)   1001: Further fle=0x7fe93aa54e80, pid=1001
[ff.run] (41.638s) criu> (41.117637)   1001: Opening 0x007fc30b0f6000-0x007fc30f0f7000 0000000000000000 (81) vma
[ff.run] (41.638s) criu> (41.117694)   1001: Restore via sigreturn
[ff.run] (41.638s) criu> (41.117844)   1001: 1 threads require 104K of memory
[ff.run] (41.638s) criu> (41.117847)   1001: Found bootstrap VMA hint at: 0x10000 (needs ~128K)
[ff.run] (41.638s) criu> (41.116332)   1002: Opening 0x007fc98ba78000-0x007fc98fa79000 0000000000000000 (81) vma
[ff.run] (41.638s) criu> (41.117938)   1002: Restore via sigreturn
[ff.run] (41.638s) criu> (41.118195)   1002: 1 threads require 104K of memory
[ff.run] (41.638s) criu> (41.118203)   1002: Found bootstrap VMA hint at: 0x10000 (needs ~128K)
[ff.run] (41.638s) criu> (41.118910)   1001: Thread    0 stack  0x1b080 rt_sigframe  0x23080
[ff.run] (41.638s) criu> (41.118944)   1001: Restoring umask to 22
[ff.run] (41.638s) criu> (41.118951)   1001: Dismissing the image streamer
[ff.run] (41.638s) criu> (41.118966)   1001: task_args: 0x25000
[ff.run] (41.638s) criu> task_args->pid: 1001
[ff.run] (41.638s) criu> task_args->nr_threads: 1
[ff.run] (41.638s) criu> task_args->clone_restore_fn: 0x119f0
[ff.run] (41.638s) criu> task_args->thread_args: 0x25540
[ff.run] (41.638s) criu> (41.118972) pie: 1001: Switched to the restorer 1001
[ff.run] (41.638s) criu> (41.119195) pie: 1001: vdso: Using gettimeofday() on vdso at 0x2ec50
[ff.run] (41.638s) criu> (41.119205) pie: 1001: Remap 0x7fe932243000->0x55b72a7d7000 len 0x1000
[ff.run] (41.638s) criu> (41.119214) pie: 1001: Remap 0x7fe932244000->0x55b72a7d8000 len 0x1000
[ff.run] (41.638s) criu> (41.119220) pie: 1001: Remap 0x7fe932245000->0x55b72a7d9000 len 0x1000
[ff.run] (41.638s) criu> (41.119225) pie: 1001: Remap 0x7fe932246000->0x55b72a7da000 len 0x1000
[ff.run] (41.638s) criu> (41.119231) pie: 1001: Remap 0x7fe932247000->0x55b72a7db000 len 0x1000
[ff.run] (41.638s) criu> (41.119237) pie: 1001: Remap 0x7fe932248000->0x55b72b6a0000 len 0x21000
[ff.run] (41.638s) criu> (41.119255) pie: 1001: Remap 0x7fe932269000->0x7fc3030f5000 len 0x8001000
[ff.run] (41.638s) criu> (41.119295)   1002: Thread    0 stack  0x1b080 rt_sigframe  0x23080
[ff.run] (41.638s) criu> (41.119327)   1002: Restoring umask to 22
[ff.run] (41.638s) criu> (41.119334)   1002: Dismissing the image streamer
[ff.run] (41.638s) criu> (41.119348)   1002: task_args: 0x25000
[ff.run] (41.638s) criu> task_args->pid: 1002
[ff.run] (41.638s) criu> task_args->nr_threads: 1
[ff.run] (41.638s) criu> task_args->clone_restore_fn: 0x119f0
[ff.run] (41.638s) criu> task_args->thread_args: 0x25540
[ff.run] (41.638s) criu> (41.119354) pie: 1002: Switched to the restorer 1002
[ff.run] (41.638s) criu> (41.119534) pie: 1002: vdso: Using gettimeofday() on vdso at 0x2ec50
[ff.run] (41.638s) criu> (41.119543) pie: 1002: Remap 0x7fe932243000->0x55994d033000 len 0x1000
[ff.run] (41.638s) criu> (41.119551) pie: 1002: Remap 0x7fe932244000->0x55994d034000 len 0x1000
[ff.run] (41.638s) criu> (41.119557) pie: 1002: Remap 0x7fe932245000->0x55994d035000 len 0x1000
[ff.run] (41.638s) criu> (41.119562) pie: 1002: Remap 0x7fe932246000->0x55994d036000 len 0x1000
[ff.run] (41.638s) criu> (41.119568) pie: 1002: Remap 0x7fe932247000->0x55994d037000 len 0x1000
[ff.run] (41.638s) criu> (41.119574) pie: 1002: Remap 0x7fe932248000->0x55994d62e000 len 0x21000
[ff.run] (41.638s) criu> (41.119592) pie: 1002: Remap 0x7fe932269000->0x7fc983a77000 len 0x8001000
[ff.run] (41.638s) criu> (41.119694) pie: 1001: Remap 0x7fe93a26a000->0x7fc30f0f7000 len 0x2000
[ff.run] (41.638s) criu> (41.119703) pie: 1001: Remap 0x7fe93a26c000->0x7fc30f0f9000 len 0x6000
[ff.run] (41.638s) criu> (41.119709) pie: 1001: Remap 0x7fe93a272000->0x7fc30f0ff000 len 0x11000
[ff.run] (41.638s) criu> (41.119713) pie: 1001: Remap 0x7fe93a283000->0x7fc30f110000 len 0x6000
[ff.run] (41.638s) criu> (41.119716) pie: 1001: Remap 0x7fe93a289000->0x7fc30f116000 len 0x1000
[ff.run] (41.638s) criu> (41.119722) pie: 1001: Remap 0x7fe93a28a000->0x7fc30f117000 len 0x1000
[ff.run] (41.638s) criu> (41.119728) pie: 1001: Remap 0x7fe93a28b000->0x7fc30f118000 len 0x4000
[ff.run] (41.639s) criu> (41.119735) pie: 1001: Remap 0x7fe93a28f000->0x7fc30f11c000 len 0x1000
[ff.run] (41.639s) criu> (41.119740) pie: 1001: Remap 0x7fe93a290000->0x7fc30f11d000 len 0x2000
[ff.run] (41.639s) criu> (41.119743) pie: 1001: Remap 0x7fe93a292000->0x7fc30f11f000 len 0x1000
[ff.run] (41.639s) criu> (41.119746) pie: 1001: Remap 0x7fe93a293000->0x7fc30f120000 len 0x1000
[ff.run] (41.639s) criu> (41.119752) pie: 1001: Remap 0x7fe93a294000->0x7fc30f121000 len 0x1000
[ff.run] (41.639s) criu> (41.119758) pie: 1001: Remap 0x7fe93a295000->0x7fc30f122000 len 0x22000
[ff.run] (41.639s) criu> (41.119763) pie: 1001: Remap 0x7fe93a2b7000->0x7fc30f144000 len 0x178000
[ff.run] (41.639s) criu> (41.119770) pie: 1001: Remap 0x7fe93a42f000->0x7fc30f2bc000 len 0x4e000
[ff.run] (41.639s) criu> (41.119776) pie: 1001: Remap 0x7fe93a47d000->0x7fc30f30a000 len 0x4000
[ff.run] (41.639s) criu> (41.119783) pie: 1001: Remap 0x7fe93a481000->0x7fc30f30e000 len 0x2000
[ff.run] (41.639s) criu> (41.119789) pie: 1001: Remap 0x7fe93a483000->0x7fc30f310000 len 0x4000
[ff.run] (41.639s) criu> (41.119796) pie: 1001: Remap 0x7fe93a487000->0x7fc30f318000 len 0x1000
[ff.run] (41.639s) criu> (41.119800) pie: 1001: Remap 0x7fe93a488000->0x7fc30f319000 len 0x1000
[ff.run] (41.639s) criu> (41.119804) pie: 1001: Remap 0x7fe93a489000->0x7fc30f31a000 len 0x1000
[ff.run] (41.639s) criu> (41.119807) pie: 1001: Remap 0x7fe93a48a000->0x7fc30f31b000 len 0x1000
[ff.run] (41.639s) criu> (41.119812) pie: 1001: Remap 0x7fe93a48b000->0x7fc30f31c000 len 0x1000
[ff.run] (41.639s) criu> (41.119818) pie: 1001: Remap 0x7fe93a48c000->0x7fc30f31d000 len 0x1000
[ff.run] (41.639s) criu> (41.119824) pie: 1001: Remap 0x7fe93a48d000->0x7fc30f31e000 len 0x2000
[ff.run] (41.639s) criu> (41.119830) pie: 1001: Remap 0x7fe93a48f000->0x7fc30f320000 len 0x1000
[ff.run] (41.639s) criu> (41.119835) pie: 1001: Remap 0x7fe93a490000->0x7fc30f321000 len 0x23000
[ff.run] (41.639s) criu> (41.119839) pie: 1001: Remap 0x7fe93a4b3000->0x7fc30f344000 len 0x8000
[ff.run] (41.639s) criu> (41.119842) pie: 1001: Remap 0x7fe93a4bb000->0x7fc30f34c000 len 0x1000
[ff.run] (41.639s) criu> (41.119846) pie: 1001: Remap 0x7fe93a4bc000->0x7fc30f34d000 len 0x1000
[ff.run] (41.639s) criu> (41.119851) pie: 1001: Remap 0x7fe93a4bd000->0x7fc30f34e000 len 0x1000
[ff.run] (41.639s) criu> (41.119857) pie: 1001: Remap 0x7fe93a4be000->0x7fc30f34f000 len 0x1000
[ff.run] (41.639s) criu> (41.119862) pie: 1001: Remap 0x7fe93a4bf000->0x7fc30f350000 len 0x2000
[ff.run] (41.639s) criu> (41.119867) pie: 1001: Remap 0x7fe93a4c1000->0x7fc30f352000 len 0xd000
[ff.run] (41.639s) criu> (41.119871) pie: 1001: Remap 0x7fe93a4ce000->0x7fc30f35f000 len 0x3000
[ff.run] (41.639s) criu> (41.119874) pie: 1001: Remap 0x7fe93a4d1000->0x7fc30f362000 len 0x3000
[ff.run] (41.639s) criu> (41.119879) pie: 1001: Remap 0x7fe93a4d4000->0x7fc30f365000 len 0x1000
[ff.run] (41.639s) criu> (41.119886) pie: 1001: Remap 0x7fe93a4fa000->0x7ffcf3fdd000 len 0x2000
[ff.run] (41.639s) criu> (41.119893) pie: 1001: Remap 0x7fe93a4f6000->0x7ffcf3fd9000 len 0x4000
[ff.run] (41.639s) criu> (41.119898) pie: 1001: Remap 0x7fe93a4d5000->0x7ffcf3ea2000 len 0x21000
[ff.run] (41.639s) criu> (41.119922) pie: 1001: vdso: Runtime vdso/vvar matches dumpee, remap inplace
[ff.run] (41.639s) criu> (41.119940) pie: 1001: vdso: Using gettimeofday() on vdso at 0x7ffcf3fddc50
[ff.run] (41.639s) criu> (41.119994) pie: 1001: Failed to set /proc/self/exe link (ret=-1), proceeding anyways
[ff.run] (41.639s) criu> (41.120001) pie: 1001: Restoring scheduler params 0.0.0
[ff.run] (41.639s) criu> (41.120017) pie: 1001: 1001: Restored
[ff.run] (41.640s) criu> (41.122224) pie: 1002: Remap 0x7fe93a26a000->0x7fc98fa79000 len 0x2000
[ff.run] (41.640s) criu> (41.122357) pie: 1002: Remap 0x7fe93a26c000->0x7fc98fa7b000 len 0x6000
[ff.run] (41.640s) criu> (41.122374) pie: 1002: Remap 0x7fe93a272000->0x7fc98fa81000 len 0x11000
[ff.run] (41.640s) criu> (41.122378) pie: 1002: Remap 0x7fe93a283000->0x7fc98fa92000 len 0x6000
[ff.run] (41.641s) criu> (41.123078) pie: 1002: Remap 0x7fe93a289000->0x7fc98fa98000 len 0x1000
[ff.run] (41.641s) criu> (41.123459) pie: 1002: Remap 0x7fe93a28a000->0x7fc98fa99000 len 0x1000
[ff.run] (41.641s) criu> (41.123792) pie: 1002: Remap 0x7fe93a28b000->0x7fc98fa9a000 len 0x4000
[ff.run] (41.642s) criu> (41.124269) pie: 1002: Remap 0x7fe93a28f000->0x7fc98fa9e000 len 0x1000
[ff.run] (41.642s) criu> (41.124614) pie: 1002: Remap 0x7fe93a290000->0x7fc98fa9f000 len 0x2000
[ff.run] (41.642s) criu> (41.124652) pie: 1002: Remap 0x7fe93a292000->0x7fc98faa1000 len 0x1000
[ff.run] (41.642s) criu> (41.124667) pie: 1002: Remap 0x7fe93a293000->0x7fc98faa2000 len 0x1000
[ff.run] (41.642s) criu> (41.124682) pie: 1002: Remap 0x7fe93a294000->0x7fc98faa3000 len 0x1000
[ff.run] (41.643s) criu> (41.124690) pie: 1002: Remap 0x7fe93a295000->0x7fc98faa4000 len 0x22000
[ff.run] (41.643s) criu> (41.124705) pie: 1002: Remap 0x7fe93a2b7000->0x7fc98fac6000 len 0x178000
[ff.run] (41.643s) criu> (41.124723) pie: 1002: Remap 0x7fe93a42f000->0x7fc98fc3e000 len 0x4e000
[ff.run] (41.643s) criu> (41.125544) pie: 1002: Remap 0x7fe93a47d000->0x7fc98fc8c000 len 0x4000
[ff.run] (41.643s) criu> (41.125776) pie: 1002: Remap 0x7fe93a481000->0x7fc98fc90000 len 0x2000
[ff.run] (41.644s) criu> (41.126194) pie: 1002: Remap 0x7fe93a483000->0x7fc98fc92000 len 0x4000
[ff.run] (41.644s) criu> (41.126243) pie: 1002: Remap 0x7fe93a487000->0x7fc98fc9a000 len 0x1000
[ff.run] (41.644s) criu> (41.126250) pie: 1002: Remap 0x7fe93a488000->0x7fc98fc9b000 len 0x1000
[ff.run] (41.644s) criu> (41.126264) pie: 1002: Remap 0x7fe93a489000->0x7fc98fc9c000 len 0x1000
[ff.run] (41.644s) criu> (41.126268) pie: 1002: Remap 0x7fe93a48a000->0x7fc98fc9d000 len 0x1000
[ff.run] (41.644s) criu> (41.126282) pie: 1002: Remap 0x7fe93a48b000->0x7fc98fc9e000 len 0x1000
[ff.run] (41.644s) criu> (41.126297) pie: 1002: Remap 0x7fe93a48c000->0x7fc98fc9f000 len 0x1000
[ff.run] (41.644s) criu> (41.126307) pie: 1002: Remap 0x7fe93a48d000->0x7fc98fca0000 len 0x2000
[ff.run] (41.644s) criu> (41.126323) pie: 1002: Remap 0x7fe93a48f000->0x7fc98fca2000 len 0x1000
[ff.run] (41.644s) criu> (41.126331) pie: 1002: Remap 0x7fe93a490000->0x7fc98fca3000 len 0x23000
[ff.run] (41.644s) criu> (41.126335) pie: 1002: Remap 0x7fe93a4b3000->0x7fc98fcc6000 len 0x8000
[ff.run] (41.644s) criu> (41.126338) pie: 1002: Remap 0x7fe93a4bb000->0x7fc98fcce000 len 0x1000
[ff.run] (41.644s) criu> (41.126342) pie: 1002: Remap 0x7fe93a4bc000->0x7fc98fccf000 len 0x1000
[ff.run] (41.644s) criu> (41.126638) pie: 1002: Remap 0x7fe93a4bd000->0x7fc98fcd0000 len 0x1000
[ff.run] (41.644s) criu> (41.126657) pie: 1002: Remap 0x7fe93a4be000->0x7fc98fcd1000 len 0x1000
[ff.run] (41.644s) criu> (41.126674) pie: 1002: Remap 0x7fe93a4bf000->0x7fc98fcd2000 len 0x2000
[ff.run] (41.644s) criu> (41.126680) pie: 1002: Remap 0x7fe93a4c1000->0x7fc98fcd4000 len 0xd000
[ff.run] (41.645s) criu> (41.127337) pie: 1002: Remap 0x7fe93a4ce000->0x7fc98fce1000 len 0x3000
[ff.run] (41.645s) criu> (41.127565) pie: 1002: Remap 0x7fe93a4d1000->0x7fc98fce4000 len 0x3000
[ff.run] (41.646s) criu> (41.128221) pie: 1002: Remap 0x7fe93a4d4000->0x7fc98fce7000 len 0x1000
[ff.run] (41.646s) criu> (41.128357) pie: 1002: Remap 0x7fe93a4fa000->0x7fffc3715000 len 0x2000
[ff.run] (41.646s) criu> (41.128367) pie: 1002: Remap 0x7fe93a4f6000->0x7fffc3711000 len 0x4000
[ff.run] (41.646s) criu> (41.128372) pie: 1002: Remap 0x7fe93a4d5000->0x7fffc36c4000 len 0x21000
[ff.run] (41.647s) criu> (41.129144) pie: 1002: vdso: Runtime vdso/vvar matches dumpee, remap inplace
[ff.run] (41.647s) criu> (41.129646) pie: 1002: vdso: Using gettimeofday() on vdso at 0x7fffc3715c50
[ff.run] (41.648s) criu> (41.130056) pie: 1002: Failed to set /proc/self/exe link (ret=-1), proceeding anyways
[ff.run] (41.648s) criu> (41.130273) pie: 1002: Restoring scheduler params 0.0.0
[ff.run] (41.649s) criu> (41.130753) pie: 1002: 1002: Restored
[ff.run] (41.649s) criu> (41.131059)   1000: 1 threads require 104K of memory
[ff.run] (41.649s) criu> (41.131064)   1000: Found bootstrap VMA hint at: 0x10000 (needs ~128K)
[ff.run] (41.649s) criu> (41.131309)   1000: Thread    0 stack  0x1b080 rt_sigframe  0x23080
[ff.run] (41.649s) criu> (41.131377)   1000: Restoring umask to 22
[ff.run] (41.649s) criu> (41.131385)   1000: Dismissing the image streamer
[ff.run] (41.649s) criu> (41.131399)   1000: task_args: 0x25000
[ff.run] (41.649s) criu> task_args->pid: 1000
[ff.run] (41.649s) criu> task_args->nr_threads: 1
[ff.run] (41.649s) criu> task_args->clone_restore_fn: 0x119f0
[ff.run] (41.650s) criu> task_args->thread_args: 0x25540
[ff.run] (41.650s) criu> (41.131404) pie: 1000: Switched to the restorer 1000
[ff.run] (41.650s) criu> (41.131864) pie: 1000: vdso: Using gettimeofday() on vdso at 0x2ec50
[ff.run] (41.650s) criu> (41.131873) pie: 1000: Remap 0x7fe93a4fc000->0x559529222000 len 0x5000
[ff.run] (41.651s) criu> (41.131880) pie: 1000: Remap 0x7fe93a501000->0x559529227000 len 0x13000
[ff.run] (41.651s) criu> (41.131891) pie: 1000: Remap 0x7fe93a514000->0x55952923a000 len 0x6000
[ff.run] (41.651s) criu> (41.131895) pie: 1000: Remap 0x7fe93a51a000->0x559529240000 len 0x2000
[ff.run] (41.651s) criu> (41.131901) pie: 1000: Remap 0x7fe93a51c000->0x559529242000 len 0x1000
[ff.run] (41.651s) criu> (41.131907) pie: 1000: Remap 0x7fe93a51d000->0x559529243000 len 0x2000
[ff.run] (41.651s) criu> (41.131913) pie: 1000: Remap 0x7fe93a51f000->0x55952ac9a000 len 0x21000
[ff.run] (41.651s) criu> (41.132067) pie: 1000: Remap 0x7fe93a540000->0x7f707e44a000 len 0x2000
[ff.run] (41.651s) criu> (41.132078) pie: 1000: Remap 0x7fe93a542000->0x7f707e44c000 len 0x6000
[ff.run] (41.651s) criu> (41.132083) pie: 1000: Remap 0x7fe93a548000->0x7f707e452000 len 0x11000
[ff.run] (41.651s) criu> (41.132086) pie: 1000: Remap 0x7fe93a559000->0x7f707e463000 len 0x6000
[ff.run] (41.651s) criu> (41.132090) pie: 1000: Remap 0x7fe93a55f000->0x7f707e469000 len 0x1000
[ff.run] (41.651s) criu> (41.132095) pie: 1000: Remap 0x7fe93a560000->0x7f707e46a000 len 0x1000
[ff.run] (41.651s) criu> (41.132100) pie: 1000: Remap 0x7fe93a561000->0x7f707e46b000 len 0x4000
[ff.run] (41.651s) criu> (41.132106) pie: 1000: Remap 0x7fe93a565000->0x7f707e46f000 len 0x1000
[ff.run] (41.651s) criu> (41.132111) pie: 1000: Remap 0x7fe93a566000->0x7f707e470000 len 0x2000
[ff.run] (41.651s) criu> (41.132114) pie: 1000: Remap 0x7fe93a568000->0x7f707e472000 len 0x1000
[ff.run] (41.651s) criu> (41.132117) pie: 1000: Remap 0x7fe93a569000->0x7f707e473000 len 0x1000
[ff.run] (41.651s) criu> (41.132122) pie: 1000: Remap 0x7fe93a56a000->0x7f707e474000 len 0x1000
[ff.run] (41.651s) criu> (41.132127) pie: 1000: Remap 0x7fe93a56b000->0x7f707e475000 len 0x22000
[ff.run] (41.651s) criu> (41.132131) pie: 1000: Remap 0x7fe93a58d000->0x7f707e497000 len 0x178000
[ff.run] (41.651s) criu> (41.132139) pie: 1000: Remap 0x7fe93a705000->0x7f707e60f000 len 0x4e000
[ff.run] (41.651s) criu> (41.132143) pie: 1000: Remap 0x7fe93a753000->0x7f707e65d000 len 0x4000
[ff.run] (41.651s) criu> (41.132149) pie: 1000: Remap 0x7fe93a757000->0x7f707e661000 len 0x2000
[ff.run] (41.651s) criu> (41.132216) pie: 1000: Remap 0x7fe93a759000->0x7f707e663000 len 0x4000
Displaying restore stats:
Pages compared: 0 (0x0)
Pages skipped COW: 0 (0x0)
Pages restored: 65656 (0x10078)
Restore time: 41125206 us
Forking time: 40794727 us
[ff.run] (41.651s) criu> (41.132224) pie: 1000: Remap 0x7fe93a75d000->0x7f707e66b000 len 0x1000
[ff.run] (41.651s) criu> (41.132229) pie: 1000: Remap 0x7fe93a75e000->0x7f707e66c000 len 0x1000
[ff.run] (41.651s) criu> (41.132232) pie: 1000: Remap 0x7fe93a75f000->0x7f707e66d000 len 0x1000
[ff.run] (41.651s) criu> (41.132236) pie: 1000: Remap 0x7fe93a760000->0x7f707e66e000 len 0x1000
[ff.run] (41.651s) criu> (41.132240) pie: 1000: Remap 0x7fe93a761000->0x7f707e66f000 len 0x1000
[ff.run] (41.651s) criu> (41.132246) pie: 1000: Remap 0x7fe93a762000->0x7f707e670000 len 0x1000
[ff.run] (41.651s) criu> (41.132252) pie: 1000: Remap 0x7fe93a763000->0x7f707e671000 len 0x2000
[ff.run] (41.651s) criu> (41.132257) pie: 1000: Remap 0x7fe93a765000->0x7f707e673000 len 0x1000
[ff.run] (41.651s) criu> (41.132262) pie: 1000: Remap 0x7fe93a766000->0x7f707e674000 len 0x23000
[ff.run] (41.651s) criu> (41.132265) pie: 1000: Remap 0x7fe93a789000->0x7f707e697000 len 0x8000
[ff.run] (41.651s) criu> (41.132268) pie: 1000: Remap 0x7fe93a791000->0x7f707e69f000 len 0x1000
[ff.run] (41.651s) criu> (41.132271) pie: 1000: Remap 0x7fe93a792000->0x7f707e6a0000 len 0x1000
[ff.run] (41.651s) criu> (41.132276) pie: 1000: Remap 0x7fe93a793000->0x7f707e6a1000 len 0x1000
[ff.run] (41.651s) criu> (41.132282) pie: 1000: Remap 0x7fe93a794000->0x7f707e6a2000 len 0x1000
[ff.run] (41.651s) criu> (41.132287) pie: 1000: Remap 0x7fe93a795000->0x7f707e6a3000 len 0x2000
[ff.run] (41.651s) criu> (41.132292) pie: 1000: Remap 0x7fe93a797000->0x7f707e6a5000 len 0xd000
[ff.run] (41.651s) criu> (41.132295) pie: 1000: Remap 0x7fe93a7a4000->0x7f707e6b2000 len 0x3000
[ff.run] (41.651s) criu> (41.132435) pie: 1000: Remap 0x7fe93a7a7000->0x7f707e6b5000 len 0x3000
[ff.run] (41.651s) criu> (41.132441) pie: 1000: Remap 0x7fe93a7aa000->0x7f707e6b8000 len 0x1000
[ff.run] (41.652s) criu> (41.132448) pie: 1000: Remap 0x7fe93a7d0000->0x7ffc8bb5b000 len 0x2000
1692724043534365 Counter: 22
1692724043534470 Counter: 22
[ff.run] (41.652s) criu> (41.132455) pie: 1000: Remap 0x7fe93a7cc000->0x7ffc8bb57000 len 0x4000
[ff.run] (41.652s) criu> (41.132460) pie: 1000: Remap 0x7fe93a7ab000->0x7ffc8bb34000 len 0x21000
[ff.run] (41.652s) criu> (41.132483) pie: 1000: vdso: Runtime vdso/vvar matches dumpee, remap inplace
[ff.run] (41.652s) criu> (41.132500) pie: 1000: vdso: Using gettimeofday() on vdso at 0x7ffc8bb5bc50
[ff.run] (41.652s) criu> (41.132598) pie: 1000: Failed to set /proc/self/exe link (ret=-1), proceeding anyways
[ff.run] (41.652s) criu> (41.132605) pie: 1000: Restoring scheduler params 0.0.0
[ff.run] (41.652s) criu> (41.132619) pie: 1000: 1000: Restored
[ff.run] (41.652s) criu> (41.133434) Restore finished successfully. Tasks resumed.
[ff.run] (41.652s) criu> (41.133442) Writing stats
[ff.run] (41.652s) criu> (41.133577) Dismissing the image streamer
[ff.run] (41.652s) Application is ready, restore took 41.7s
